#
# A fatal error has been detected by the Java Runtime Environment:
#
#  SIGSEGV (0xb) at pc=0x0000000106518e4f, pid=15399, tid=25091
#
# JRE version: Java(TM) SE Runtime Environment (11.0.2+9) (build 11.0.2+9-LTS)
# Java VM: Java HotSpot(TM) 64-Bit Server VM (11.0.2+9-LTS, mixed mode, tiered, compressed oops, g1 gc, bsd-amd64)
# Problematic frame:
# V  [libjvm.dylib+0x311e4f]  void InstanceMirrorKlass::oop_oop_iterate<unsigned int, G1AdjustClosure>(oopDesc*, G1AdjustClosure*)+0xd7
#
# No core dump will be written. Core dumps have been disabled. To enable core dumping, try "ulimit -c unlimited" before starting Java again
#
# If you would like to submit a bug report, please visit:
#   http://bugreport.java.com/bugreport/crash.jsp
#

---------------  S U M M A R Y ------------

Command Line: -Dcom.sun.management.jmxremote -Dcom.sun.management.jmxremote.port=54642 -Dcom.sun.management.jmxremote.authenticate=false -Dcom.sun.management.jmxremote.ssl=false -Djava.rmi.server.hostname=localhost -Dspring.application.admin.enabled=true -Dfile.encoding=UTF-8 com.IsaApplication

Host: Macmini3,1 x86_64 2530 MHz, 2 cores, 4G, Darwin 15.6.0
Time: Tue Feb  5 05:29:21 2019 CET elapsed time: 2070 seconds (0d 0h 34m 30s)

---------------  T H R E A D  ---------------

Current thread (0x00007fdd43138000):  GCTaskThread "GC Thread#1" [stack: 0x000070000104a000,0x000070000114a000] [id=25091]

Stack: [0x000070000104a000,0x000070000114a000],  sp=0x0000700001149c60,  free space=1023k
Native frames: (J=compiled Java code, A=aot compiled Java code, j=interpreted, Vv=VM code, C=native code)
V  [libjvm.dylib+0x311e4f]  void InstanceMirrorKlass::oop_oop_iterate<unsigned int, G1AdjustClosure>(oopDesc*, G1AdjustClosure*)+0xd7
V  [libjvm.dylib+0x315c0b]  G1FullGCMarker::follow_object(oopDesc*)+0x8f
V  [libjvm.dylib+0x3159f0]  G1FullGCMarker::drain_stack()+0x1a0
V  [libjvm.dylib+0x315797]  G1FullGCMarker::complete_marking(GenericTaskQueueSet<OverflowTaskQueue<oopDesc*, (MemoryType)5, 131072u>, (MemoryType)5>*, GenericTaskQueueSet<OverflowTaskQueue<ObjArrayTask, (MemoryType)5, 131072u>, (MemoryType)5>*, ParallelTaskTerminator*)+0x3d
V  [libjvm.dylib+0x314f63]  G1FullGCMarkTask::work(unsigned int)+0xc3
V  [libjvm.dylib+0x7663cb]  GangWorker::loop()+0x43
V  [libjvm.dylib+0x5f0da3]  thread_native_entry(Thread*)+0x135
C  [libsystem_pthread.dylib+0x399d]  _pthread_body+0x83
C  [libsystem_pthread.dylib+0x391a]  _pthread_body+0x0
C  [libsystem_pthread.dylib+0x1351]  thread_start+0xd


siginfo: si_signo: 11 (SIGSEGV), si_code: 1 (SEGV_MAPERR), si_addr: 0x0000000000000088

Register to memory mapping:

RAX=0x0000000000000003 is an unknown value
RBX=0x00000007c22a3f68 is an oop: 
[error occurred during error reporting (printing register info), id 0xb, SIGSEGV (0xb) at pc=0x00000001067ebcb1]

Registers:
RAX=0x0000000000000003, RBX=0x00000007c22a3f68, RCX=0x0000000000000003, RDX=0x0000000000040000
RSP=0x0000700001149c60, RBP=0x0000700001149cb0, RSI=0x0000000855c8bec8, RDI=0x0000000106b2a490
R8 =0x0000000106b4df48, R9 =0x0000000106b08a9a, R10=0x0000000106b061e8, R11=0x0000000106b4df48
R12=0x00000008002811cc, R13=0x0000000106b061b8, R14=0x0000000000000000, R15=0x0000000000000088
RIP=0x0000000106518e4f, EFLAGS=0x0000000000010246, ERR=0x0000000000000004
  TRAPNO=0x000000000000000e

Top of Stack: (sp=0x0000700001149c60)
0x0000700001149c60:   00007fdd46a27340 00000008002811dc
0x0000700001149c70:   00007fdd46a27418 00000007c22a3f68
0x0000700001149c80:   0000000800001004 00000007c22a3f68
0x0000700001149c90:   00007fdd46a27358 000000000001ffff
0x0000700001149ca0:   00007fdd46a27340 0000000106b4e1f1
0x0000700001149cb0:   0000700001149ce0 000000010651cc0b
0x0000700001149cc0:   000000000000007d 00000007c22a3f68
0x0000700001149cd0:   00007fdd46a27368 00007fdd46a27340
0x0000700001149ce0:   0000700001149d60 000000010651c9f0
0x0000700001149cf0:   00007fdd42891eb0 00000007c22a3f68
0x0000700001149d00:   0000700001149d30 00007fdd46a273c8
0x0000700001149d10:   00007fdd46a273b8 0000000000000000
0x0000700001149d20:   00000007c2091418 0000000000003800
0x0000700001149d30:   0000700000000041 00007fdd46a27340
0x0000700001149d40:   0000700000728970 0000700001149d7c
0x0000700001149d50:   0000700001149d98 000000000001ffff
0x0000700001149d60:   0000700001149dd0 000000010651c797
0x0000700001149d70:   0000700000728560 0000001100000000
0x0000700001149d80:   0000700001149da0 0000700000728958
0x0000700001149d90:   0000700000728628 000000010653ed48
0x0000700001149da0:   0000000106b07f70 00007fdd46a27340
0x0000700001149db0:   0000000000000000 0000000000006203
0x0000700001149dc0:   0000000000000000 0000700000728540
0x0000700001149dd0:   0000700001149e60 000000010651bf63
0x0000700001149de0:   0000700001149df0 00000001067f0100
0x0000700001149df0:   0000000000000000 00007fdd4254ff30
0x0000700001149e00:   00007fdd4244a0e0 00007fdd4244a0f0
0x0000700001149e10:   00007fdd4244a4c8 00000000000003d8
0x0000700001149e20:   000001e201a07549 0000000000000000
0x0000700001149e30:   0000000106ae4248 00007fdd46a27418
0x0000700001149e40:   0000700001149e00 0000700000728540
0x0000700001149e50:   0000700001149e78 00007fdd43138000 

Instructions: (pc=0x0000000106518e4f)
0x0000000106518e2f:   d3 ea 49 8b 4d 18 80 3c 11 00 75 42 41 8a 4a 28
0x0000000106518e3f:   4c 89 fa 48 d3 ea 49 8b 4a 18 80 3c 11 00 75 2e
0x0000000106518e4f:   4d 8b 07 41 80 39 00 0f 95 c1 44 89 c2 83 e2 07
0x0000000106518e5f:   48 83 fa 05 41 0f 94 c7 49 83 e0 fc 74 10 44 20 

Stack slot to memory mapping:
stack at sp + 0 slots: 0x00007fdd46a27340 points into unknown readable memory: 00 00 00 00 00 00 00 50
stack at sp + 1 slots: 0x00000008002811dc is pointing into metadata
stack at sp + 2 slots: 0x00007fdd46a27418 points into unknown readable memory: 08 71 b0 06 01 00 00 00
stack at sp + 3 slots: 0x00000007c22a3f68 is an oop: 
[error occurred during error reporting (inspecting top of stack), id 0xb, SIGSEGV (0xb) at pc=0x00000001067ebcb1]


---------------  P R O C E S S  ---------------

Threads class SMR info:
_java_thread_list=0x00007fdd46c69fd0, length=20, elements={
0x00007fdd42885800, 0x00007fdd4303c000, 0x00007fdd43040000, 0x00007fdd43041000,
0x00007fdd4305a000, 0x00007fdd4305b000, 0x00007fdd4305f800, 0x00007fdd4300d000,
0x00007fdd431b7800, 0x00007fdd42a79800, 0x00007fdd429b2000, 0x00007fdd42be4000,
0x00007fdd42c10000, 0x00007fdd42c12800, 0x00007fdd430c5000, 0x00007fdd438f3000,
0x00007fdd461ff000, 0x00007fdd43539000, 0x00007fdd42816000, 0x00007fdd43cca800
}

Java Threads: ( => current thread )
  0x00007fdd42885800 JavaThread "Reference Handler" daemon [_thread_blocked, id=15107, stack(0x000070000072c000,0x000070000082c000)]
  0x00007fdd4303c000 JavaThread "Finalizer" daemon [_thread_blocked, id=15875, stack(0x000070000082f000,0x000070000092f000)]
  0x00007fdd43040000 JavaThread "Signal Dispatcher" daemon [_thread_blocked, id=20759, stack(0x0000700000a38000,0x0000700000b38000)]
  0x00007fdd43041000 JavaThread "C2 CompilerThread0" daemon [_thread_blocked, id=21507, stack(0x0000700000b3b000,0x0000700000c3b000)]
  0x00007fdd4305a000 JavaThread "C1 CompilerThread0" daemon [_thread_blocked, id=22275, stack(0x0000700000c3e000,0x0000700000d3e000)]
  0x00007fdd4305b000 JavaThread "Sweeper thread" daemon [_thread_blocked, id=23043, stack(0x0000700000d41000,0x0000700000e41000)]
  0x00007fdd4305f800 JavaThread "Common-Cleaner" daemon [_thread_blocked, id=23811, stack(0x0000700000e44000,0x0000700000f44000)]
  0x00007fdd4300d000 JavaThread "Service Thread" daemon [_thread_blocked, id=24579, stack(0x0000700000f47000,0x0000700001047000)]
  0x00007fdd431b7800 JavaThread "RMI TCP Accept-0" daemon [_thread_in_native, id=26883, stack(0x000070000114d000,0x000070000124d000)]
  0x00007fdd42a79800 JavaThread "RMI TCP Accept-54642" daemon [_thread_in_native, id=27651, stack(0x0000700001250000,0x0000700001350000)]
  0x00007fdd429b2000 JavaThread "RMI TCP Accept-0" daemon [_thread_in_native, id=28419, stack(0x0000700001353000,0x0000700001453000)]
  0x00007fdd42be4000 JavaThread "Attach Listener" daemon [_thread_blocked, id=29699, stack(0x0000700001559000,0x0000700001659000)]
  0x00007fdd42c10000 JavaThread "RMI TCP Connection(1)-127.0.0.1" daemon [_thread_in_native, id=30467, stack(0x000070000165c000,0x000070000175c000)]
  0x00007fdd42c12800 JavaThread "RMI Scheduler(0)" daemon [_thread_blocked, id=31235, stack(0x000070000175f000,0x000070000185f000)]
  0x00007fdd430c5000 JavaThread "JMX server connection timeout 17" daemon [_thread_blocked, id=32003, stack(0x0000700001862000,0x0000700001962000)]
  0x00007fdd438f3000 JavaThread "Abandoned connection cleanup thread" daemon [_thread_blocked, id=17671, stack(0x0000700000932000,0x0000700000a32000)]
  0x00007fdd461ff000 JavaThread "Live Reload Server" daemon [_thread_in_native, id=37127, stack(0x0000700001f77000,0x0000700002077000)]
  0x00007fdd43539000 JavaThread "http-nio-8080-AsyncTimeout" daemon [_thread_blocked, id=48387, stack(0x0000700002ea4000,0x0000700002fa4000)]
  0x00007fdd42816000 JavaThread "DestroyJavaVM" [_thread_blocked, id=5379, stack(0x0000000106f50000,0x0000000107050000)]
  0x00007fdd43cca800 JavaThread "Thread-5" [_thread_blocked, id=32815, stack(0x0000700001965000,0x0000700001a65000)]

Other Threads:
  0x00007fdd4287b800 VMThread "VM Thread" [stack: 0x0000700000629000,0x0000700000729000] [id=14339]
  0x00007fdd42be3000 WatcherThread [stack: 0x0000700001456000,0x0000700001556000] [id=28931]
  0x00007fdd42822000 GCTaskThread "GC Thread#0" [stack: 0x000070000011a000,0x000070000021a000] [id=11267]
=>0x00007fdd43138000 GCTaskThread "GC Thread#1" [stack: 0x000070000104a000,0x000070000114a000] [id=25091]
  0x00007fdd4283b000 ConcurrentGCThread "G1 Main Marker" [stack: 0x000070000021d000,0x000070000031d000] [id=11779]
  0x00007fdd4300c000 ConcurrentGCThread "G1 Conc#0" [stack: 0x0000700000320000,0x0000700000420000] [id=12803]
  0x00007fdd42863800 ConcurrentGCThread "G1 Refine#0" [stack: 0x0000700000423000,0x0000700000523000] [id=13315]
  0x00007fdd42864800 ConcurrentGCThread "G1 Young RemSet Sampling" [stack: 0x0000700000526000,0x0000700000626000] [id=13827]

Threads with active compile tasks:
C2 CompilerThread09730       4       java.lang.invoke.MethodType::makeImpl (108 bytes)

VM state:at safepoint (normal execution)

VM Mutex/Monitor currently owned by a thread:  ([mutex/lock_event])
[0x00007fdd42412b80] Threads_lock - owner thread: 0x00007fdd4287b800
[0x00007fdd42413200] Heap_lock - owner thread: 0x00007fdd43cca800

Heap address: 0x00000007c0000000, size: 1024 MB, Compressed Oops mode: Zero based, Oop shift amount: 3
Narrow klass base: 0x0000000800000000, Narrow klass shift: 0
Compressed class space size: 1073741824 Address: 0x0000000800000000

Heap:
 garbage-first heap   total 155648K, used 67183K [0x00000007c0000000, 0x0000000800000000)
  region size 1024K, 26 young (26624K), 4 survivors (4096K)
 Metaspace       used 80021K, capacity 81919K, committed 82092K, reserved 1120256K
  class space    used 9948K, capacity 10682K, committed 10752K, reserved 1048576K
Heap Regions: E=young(eden), S=young(survivor), O=old, HS=humongous(starts), HC=humongous(continues), CS=collection set, F=free, A=archive, TAMS=top-at-mark-start (previous, next)
|   0|0x00000007c0000000, 0x00000007c0100000, 0x00000007c0100000|100%|HS|  |TAMS 0x00000007c0100000, 0x00000007c0000000| Complete 
|   1|0x00000007c0100000, 0x00000007c0200000, 0x00000007c0200000|100%| O|  |TAMS 0x00000007c0200000, 0x00000007c0100000| Untracked 
|   2|0x00000007c0200000, 0x00000007c0300000, 0x00000007c0300000|100%| O|  |TAMS 0x00000007c0300000, 0x00000007c0200000| Untracked 
|   3|0x00000007c0300000, 0x00000007c0400000, 0x00000007c0400000|100%| O|  |TAMS 0x00000007c0400000, 0x00000007c0300000| Untracked 
|   4|0x00000007c0400000, 0x00000007c0500000, 0x00000007c0500000|100%| O|  |TAMS 0x00000007c0500000, 0x00000007c0400000| Untracked 
|   5|0x00000007c0500000, 0x00000007c0600000, 0x00000007c0600000|100%| O|  |TAMS 0x00000007c0600000, 0x00000007c0500000| Untracked 
|   6|0x00000007c0600000, 0x00000007c0700000, 0x00000007c0700000|100%| O|  |TAMS 0x00000007c0700000, 0x00000007c0600000| Untracked 
|   7|0x00000007c0700000, 0x00000007c0800000, 0x00000007c0800000|100%| O|  |TAMS 0x00000007c0800000, 0x00000007c0700000| Untracked 
|   8|0x00000007c0800000, 0x00000007c0900000, 0x00000007c0900000|100%| O|  |TAMS 0x00000007c0900000, 0x00000007c0800000| Untracked 
|   9|0x00000007c0900000, 0x00000007c0a00000, 0x00000007c0a00000|100%| O|  |TAMS 0x00000007c0a00000, 0x00000007c0900000| Untracked 
|  10|0x00000007c0a00000, 0x00000007c0b00000, 0x00000007c0b00000|100%| O|  |TAMS 0x00000007c0b00000, 0x00000007c0a00000| Untracked 
|  11|0x00000007c0b00000, 0x00000007c0c00000, 0x00000007c0c00000|100%| O|  |TAMS 0x00000007c0c00000, 0x00000007c0b00000| Untracked 
|  12|0x00000007c0c00000, 0x00000007c0d00000, 0x00000007c0d00000|100%| O|  |TAMS 0x00000007c0d00000, 0x00000007c0c00000| Untracked 
|  13|0x00000007c0d00000, 0x00000007c0e00000, 0x00000007c0e00000|100%| O|  |TAMS 0x00000007c0e00000, 0x00000007c0d00000| Untracked 
|  14|0x00000007c0e00000, 0x00000007c0f00000, 0x00000007c0f00000|100%| O|  |TAMS 0x00000007c0f00000, 0x00000007c0e00000| Untracked 
|  15|0x00000007c0f00000, 0x00000007c1000000, 0x00000007c1000000|100%| O|  |TAMS 0x00000007c1000000, 0x00000007c0f00000| Untracked 
|  16|0x00000007c1000000, 0x00000007c1100000, 0x00000007c1100000|100%| O|  |TAMS 0x00000007c1100000, 0x00000007c1000000| Untracked 
|  17|0x00000007c1100000, 0x00000007c1200000, 0x00000007c1200000|100%| O|  |TAMS 0x00000007c1200000, 0x00000007c1100000| Untracked 
|  18|0x00000007c1200000, 0x00000007c1300000, 0x00000007c1300000|100%| O|  |TAMS 0x00000007c1300000, 0x00000007c1200000| Untracked 
|  19|0x00000007c1300000, 0x00000007c1400000, 0x00000007c1400000|100%| O|  |TAMS 0x00000007c1400000, 0x00000007c1300000| Untracked 
|  20|0x00000007c1400000, 0x00000007c1500000, 0x00000007c1500000|100%| O|  |TAMS 0x00000007c1500000, 0x00000007c1400000| Untracked 
|  21|0x00000007c1500000, 0x00000007c1600000, 0x00000007c1600000|100%| O|  |TAMS 0x00000007c1600000, 0x00000007c1500000| Untracked 
|  22|0x00000007c1600000, 0x00000007c1700000, 0x00000007c1700000|100%| O|  |TAMS 0x00000007c1700000, 0x00000007c1600000| Untracked 
|  23|0x00000007c1700000, 0x00000007c1800000, 0x00000007c1800000|100%| O|  |TAMS 0x00000007c1800000, 0x00000007c1700000| Untracked 
|  24|0x00000007c1800000, 0x00000007c1900000, 0x00000007c1900000|100%| O|  |TAMS 0x00000007c1900000, 0x00000007c1800000| Untracked 
|  25|0x00000007c1900000, 0x00000007c1a00000, 0x00000007c1a00000|100%| O|  |TAMS 0x00000007c1a00000, 0x00000007c1900000| Untracked 
|  26|0x00000007c1a00000, 0x00000007c1b00000, 0x00000007c1b00000|100%| O|  |TAMS 0x00000007c1b00000, 0x00000007c1a00000| Untracked 
|  27|0x00000007c1b00000, 0x00000007c1c00000, 0x00000007c1c00000|100%| O|  |TAMS 0x00000007c1c00000, 0x00000007c1b00000| Untracked 
|  28|0x00000007c1c00000, 0x00000007c1d00000, 0x00000007c1d00000|100%| O|  |TAMS 0x00000007c1c74600, 0x00000007c1c00000| Untracked 
|  29|0x00000007c1d00000, 0x00000007c1e00000, 0x00000007c1e00000|100%| O|  |TAMS 0x00000007c1d00000, 0x00000007c1d00000| Untracked 
|  30|0x00000007c1e00000, 0x00000007c1f00000, 0x00000007c1f00000|100%| O|  |TAMS 0x00000007c1e00000, 0x00000007c1e00000| Untracked 
|  31|0x00000007c1f00000, 0x00000007c2000000, 0x00000007c2000000|100%| O|  |TAMS 0x00000007c1f00000, 0x00000007c1f00000| Untracked 
|  32|0x00000007c2000000, 0x00000007c2100000, 0x00000007c2100000|100%| O|  |TAMS 0x00000007c2000000, 0x00000007c2000000| Untracked 
|  33|0x00000007c2100000, 0x00000007c2200000, 0x00000007c2200000|100%| O|  |TAMS 0x00000007c2100000, 0x00000007c2100000| Untracked 
|  34|0x00000007c2200000, 0x00000007c2300000, 0x00000007c2300000|100%| O|  |TAMS 0x00000007c2200000, 0x00000007c2200000| Untracked 
|  35|0x00000007c2300000, 0x00000007c2400000, 0x00000007c2400000|100%| O|  |TAMS 0x00000007c2300000, 0x00000007c2300000| Untracked 
|  36|0x00000007c2400000, 0x00000007c2500000, 0x00000007c2500000|100%| O|  |TAMS 0x00000007c2400000, 0x00000007c2400000| Untracked 
|  37|0x00000007c2500000, 0x00000007c2600000, 0x00000007c2600000|100%| O|  |TAMS 0x00000007c2500000, 0x00000007c2500000| Untracked 
|  38|0x00000007c2600000, 0x00000007c2700000, 0x00000007c2700000|100%| O|  |TAMS 0x00000007c2600000, 0x00000007c2600000| Untracked 
|  39|0x00000007c2700000, 0x00000007c2800000, 0x00000007c2800000|100%| O|  |TAMS 0x00000007c2700000, 0x00000007c2700000| Untracked 
|  40|0x00000007c2800000, 0x00000007c28a0e00, 0x00000007c2900000| 62%| O|  |TAMS 0x00000007c2800000, 0x00000007c2800000| Untracked 
|  41|0x00000007c2900000, 0x00000007c2900000, 0x00000007c2a00000|  0%| F|  |TAMS 0x00000007c2900000, 0x00000007c2900000| Untracked 
|  42|0x00000007c2a00000, 0x00000007c2a00000, 0x00000007c2b00000|  0%| F|  |TAMS 0x00000007c2a00000, 0x00000007c2a00000| Untracked 
|  43|0x00000007c2b00000, 0x00000007c2b00000, 0x00000007c2c00000|  0%| F|  |TAMS 0x00000007c2b00000, 0x00000007c2b00000| Untracked 
|  44|0x00000007c2c00000, 0x00000007c2c00000, 0x00000007c2d00000|  0%| F|  |TAMS 0x00000007c2c00000, 0x00000007c2c00000| Untracked 
|  45|0x00000007c2d00000, 0x00000007c2d00000, 0x00000007c2e00000|  0%| F|  |TAMS 0x00000007c2d00000, 0x00000007c2d00000| Untracked 
|  46|0x00000007c2e00000, 0x00000007c2e00000, 0x00000007c2f00000|  0%| F|  |TAMS 0x00000007c2e00000, 0x00000007c2e00000| Untracked 
|  47|0x00000007c2f00000, 0x00000007c2f00000, 0x00000007c3000000|  0%| F|  |TAMS 0x00000007c2f00000, 0x00000007c2f00000| Untracked 
|  48|0x00000007c3000000, 0x00000007c3000000, 0x00000007c3100000|  0%| F|  |TAMS 0x00000007c3000000, 0x00000007c3000000| Untracked 
|  49|0x00000007c3100000, 0x00000007c3100000, 0x00000007c3200000|  0%| F|  |TAMS 0x00000007c3100000, 0x00000007c3100000| Untracked 
|  50|0x00000007c3200000, 0x00000007c3200000, 0x00000007c3300000|  0%| F|  |TAMS 0x00000007c3200000, 0x00000007c3200000| Untracked 
|  51|0x00000007c3300000, 0x00000007c3300000, 0x00000007c3400000|  0%| F|  |TAMS 0x00000007c3300000, 0x00000007c3300000| Untracked 
|  52|0x00000007c3400000, 0x00000007c3400000, 0x00000007c3500000|  0%| F|  |TAMS 0x00000007c3400000, 0x00000007c3400000| Untracked 
|  53|0x00000007c3500000, 0x00000007c3500000, 0x00000007c3600000|  0%| F|  |TAMS 0x00000007c3500000, 0x00000007c3500000| Untracked 
|  54|0x00000007c3600000, 0x00000007c3600000, 0x00000007c3700000|  0%| F|  |TAMS 0x00000007c3600000, 0x00000007c3600000| Untracked 
|  55|0x00000007c3700000, 0x00000007c3700000, 0x00000007c3800000|  0%| F|  |TAMS 0x00000007c3700000, 0x00000007c3700000| Untracked 
|  56|0x00000007c3800000, 0x00000007c3800000, 0x00000007c3900000|  0%| F|  |TAMS 0x00000007c3800000, 0x00000007c3800000| Untracked 
|  57|0x00000007c3900000, 0x00000007c3900000, 0x00000007c3a00000|  0%| F|  |TAMS 0x00000007c3900000, 0x00000007c3900000| Untracked 
|  58|0x00000007c3a00000, 0x00000007c3a00000, 0x00000007c3b00000|  0%| F|  |TAMS 0x00000007c3a00000, 0x00000007c3a00000| Untracked 
|  59|0x00000007c3b00000, 0x00000007c3b00000, 0x00000007c3c00000|  0%| F|  |TAMS 0x00000007c3b00000, 0x00000007c3b00000| Untracked 
|  60|0x00000007c3c00000, 0x00000007c3c00000, 0x00000007c3d00000|  0%| F|  |TAMS 0x00000007c3c00000, 0x00000007c3c00000| Untracked 
|  61|0x00000007c3d00000, 0x00000007c3d00000, 0x00000007c3e00000|  0%| F|  |TAMS 0x00000007c3d00000, 0x00000007c3d00000| Untracked 
|  62|0x00000007c3e00000, 0x00000007c3e3d4f0, 0x00000007c3f00000| 23%| S|  |TAMS 0x00000007c3e00000, 0x00000007c3e00000| Complete 
|  63|0x00000007c3f00000, 0x00000007c4000000, 0x00000007c4000000|100%| S|  |TAMS 0x00000007c3f00000, 0x00000007c3f00000| Complete 
|  64|0x00000007c4000000, 0x00000007c4000000, 0x00000007c4100000|  0%| F|  |TAMS 0x00000007c4000000, 0x00000007c4000000| Untracked 
|  65|0x00000007c4100000, 0x00000007c4200000, 0x00000007c4200000|100%| S|  |TAMS 0x00000007c4100000, 0x00000007c4100000| Complete 
|  66|0x00000007c4200000, 0x00000007c4300000, 0x00000007c4300000|100%| S|  |TAMS 0x00000007c4200000, 0x00000007c4200000| Complete 
|  67|0x00000007c4300000, 0x00000007c4300000, 0x00000007c4400000|  0%| F|  |TAMS 0x00000007c4300000, 0x00000007c4300000| Untracked 
|  68|0x00000007c4400000, 0x00000007c4400000, 0x00000007c4500000|  0%| F|  |TAMS 0x00000007c4400000, 0x00000007c4400000| Untracked 
|  69|0x00000007c4500000, 0x00000007c4500000, 0x00000007c4600000|  0%| F|  |TAMS 0x00000007c4500000, 0x00000007c4500000| Untracked 
|  70|0x00000007c4600000, 0x00000007c4600000, 0x00000007c4700000|  0%| F|  |TAMS 0x00000007c4600000, 0x00000007c4600000| Untracked 
|  71|0x00000007c4700000, 0x00000007c4700000, 0x00000007c4800000|  0%| F|  |TAMS 0x00000007c4700000, 0x00000007c4700000| Untracked 
|  72|0x00000007c4800000, 0x00000007c4800000, 0x00000007c4900000|  0%| F|  |TAMS 0x00000007c4800000, 0x00000007c4800000| Untracked 
|  73|0x00000007c4900000, 0x00000007c4900000, 0x00000007c4a00000|  0%| F|  |TAMS 0x00000007c4900000, 0x00000007c4900000| Untracked 
|  74|0x00000007c4a00000, 0x00000007c4a00000, 0x00000007c4b00000|  0%| F|  |TAMS 0x00000007c4a00000, 0x00000007c4a00000| Untracked 
|  75|0x00000007c4b00000, 0x00000007c4b00000, 0x00000007c4c00000|  0%| F|  |TAMS 0x00000007c4b00000, 0x00000007c4b00000| Untracked 
|  76|0x00000007c4c00000, 0x00000007c4c00000, 0x00000007c4d00000|  0%| F|  |TAMS 0x00000007c4c00000, 0x00000007c4c00000| Untracked 
|  77|0x00000007c4d00000, 0x00000007c4d00000, 0x00000007c4e00000|  0%| F|  |TAMS 0x00000007c4d00000, 0x00000007c4d00000| Untracked 
|  78|0x00000007c4e00000, 0x00000007c4e00000, 0x00000007c4f00000|  0%| F|  |TAMS 0x00000007c4e00000, 0x00000007c4e00000| Untracked 
|  79|0x00000007c4f00000, 0x00000007c4f00000, 0x00000007c5000000|  0%| F|  |TAMS 0x00000007c4f00000, 0x00000007c4f00000| Untracked 
|  80|0x00000007c5000000, 0x00000007c5000000, 0x00000007c5100000|  0%| F|  |TAMS 0x00000007c5000000, 0x00000007c5000000| Untracked 
|  81|0x00000007c5100000, 0x00000007c5100000, 0x00000007c5200000|  0%| F|  |TAMS 0x00000007c5100000, 0x00000007c5100000| Untracked 
|  82|0x00000007c5200000, 0x00000007c5200000, 0x00000007c5300000|  0%| F|  |TAMS 0x00000007c5200000, 0x00000007c5200000| Untracked 
|  83|0x00000007c5300000, 0x00000007c5300000, 0x00000007c5400000|  0%| F|  |TAMS 0x00000007c5300000, 0x00000007c5300000| Untracked 
|  84|0x00000007c5400000, 0x00000007c5400000, 0x00000007c5500000|  0%| F|  |TAMS 0x00000007c5400000, 0x00000007c5400000| Untracked 
|  85|0x00000007c5500000, 0x00000007c5500000, 0x00000007c5600000|  0%| F|  |TAMS 0x00000007c5500000, 0x00000007c5500000| Untracked 
|  86|0x00000007c5600000, 0x00000007c5600000, 0x00000007c5700000|  0%| F|  |TAMS 0x00000007c5600000, 0x00000007c5600000| Untracked 
|  87|0x00000007c5700000, 0x00000007c5700000, 0x00000007c5800000|  0%| F|  |TAMS 0x00000007c5700000, 0x00000007c5700000| Untracked 
|  88|0x00000007c5800000, 0x00000007c5800000, 0x00000007c5900000|  0%| F|  |TAMS 0x00000007c5800000, 0x00000007c5800000| Untracked 
|  89|0x00000007c5900000, 0x00000007c5900000, 0x00000007c5a00000|  0%| F|  |TAMS 0x00000007c5900000, 0x00000007c5900000| Untracked 
|  90|0x00000007c5a00000, 0x00000007c5a00000, 0x00000007c5b00000|  0%| F|  |TAMS 0x00000007c5a00000, 0x00000007c5a00000| Untracked 
|  91|0x00000007c5b00000, 0x00000007c5b00000, 0x00000007c5c00000|  0%| F|  |TAMS 0x00000007c5b00000, 0x00000007c5b00000| Untracked 
|  92|0x00000007c5c00000, 0x00000007c5c00000, 0x00000007c5d00000|  0%| F|  |TAMS 0x00000007c5c00000, 0x00000007c5c00000| Untracked 
|  93|0x00000007c5d00000, 0x00000007c5d00000, 0x00000007c5e00000|  0%| F|  |TAMS 0x00000007c5d00000, 0x00000007c5d00000| Untracked 
|  94|0x00000007c5e00000, 0x00000007c5e00000, 0x00000007c5f00000|  0%| F|  |TAMS 0x00000007c5e00000, 0x00000007c5e00000| Untracked 
|  95|0x00000007c5f00000, 0x00000007c5f00000, 0x00000007c6000000|  0%| F|  |TAMS 0x00000007c5f00000, 0x00000007c5f00000| Untracked 
|  96|0x00000007c6000000, 0x00000007c6000000, 0x00000007c6100000|  0%| F|  |TAMS 0x00000007c6000000, 0x00000007c6000000| Untracked 
|  97|0x00000007c6100000, 0x00000007c6100000, 0x00000007c6200000|  0%| F|  |TAMS 0x00000007c6100000, 0x00000007c6100000| Untracked 
|  98|0x00000007c6200000, 0x00000007c6200000, 0x00000007c6300000|  0%| F|  |TAMS 0x00000007c6200000, 0x00000007c6200000| Untracked 
|  99|0x00000007c6300000, 0x00000007c6300000, 0x00000007c6400000|  0%| F|  |TAMS 0x00000007c6300000, 0x00000007c6300000| Untracked 
| 100|0x00000007c6400000, 0x00000007c6400000, 0x00000007c6500000|  0%| F|  |TAMS 0x00000007c6400000, 0x00000007c6400000| Untracked 
| 101|0x00000007c6500000, 0x00000007c6500000, 0x00000007c6600000|  0%| F|  |TAMS 0x00000007c6500000, 0x00000007c6500000| Untracked 
| 102|0x00000007c6600000, 0x00000007c6600000, 0x00000007c6700000|  0%| F|  |TAMS 0x00000007c6600000, 0x00000007c6600000| Untracked 
| 103|0x00000007c6700000, 0x00000007c6700000, 0x00000007c6800000|  0%| F|  |TAMS 0x00000007c6700000, 0x00000007c6700000| Untracked 
| 104|0x00000007c6800000, 0x00000007c6800000, 0x00000007c6900000|  0%| F|  |TAMS 0x00000007c6800000, 0x00000007c6800000| Untracked 
| 105|0x00000007c6900000, 0x00000007c6900000, 0x00000007c6a00000|  0%| F|  |TAMS 0x00000007c6900000, 0x00000007c6900000| Untracked 
| 106|0x00000007c6a00000, 0x00000007c6a00000, 0x00000007c6b00000|  0%| F|  |TAMS 0x00000007c6a00000, 0x00000007c6a00000| Untracked 
| 107|0x00000007c6b00000, 0x00000007c6b00000, 0x00000007c6c00000|  0%| F|  |TAMS 0x00000007c6b00000, 0x00000007c6b00000| Untracked 
| 108|0x00000007c6c00000, 0x00000007c6c00000, 0x00000007c6d00000|  0%| F|  |TAMS 0x00000007c6c00000, 0x00000007c6c00000| Untracked 
| 109|0x00000007c6d00000, 0x00000007c6d00000, 0x00000007c6e00000|  0%| F|  |TAMS 0x00000007c6d00000, 0x00000007c6d00000| Untracked 
| 110|0x00000007c6e00000, 0x00000007c6e00000, 0x00000007c6f00000|  0%| F|  |TAMS 0x00000007c6e00000, 0x00000007c6e00000| Untracked 
| 111|0x00000007c6f00000, 0x00000007c6f00000, 0x00000007c7000000|  0%| F|  |TAMS 0x00000007c6f00000, 0x00000007c6f00000| Untracked 
| 112|0x00000007c7000000, 0x00000007c7000000, 0x00000007c7100000|  0%| F|  |TAMS 0x00000007c7000000, 0x00000007c7000000| Untracked 
| 113|0x00000007c7100000, 0x00000007c7100000, 0x00000007c7200000|  0%| F|  |TAMS 0x00000007c7100000, 0x00000007c7100000| Untracked 
| 114|0x00000007c7200000, 0x00000007c7200000, 0x00000007c7300000|  0%| F|  |TAMS 0x00000007c7200000, 0x00000007c7200000| Untracked 
| 115|0x00000007c7300000, 0x00000007c7300000, 0x00000007c7400000|  0%| F|  |TAMS 0x00000007c7300000, 0x00000007c7300000| Untracked 
| 116|0x00000007c7400000, 0x00000007c7400000, 0x00000007c7500000|  0%| F|  |TAMS 0x00000007c7400000, 0x00000007c7400000| Untracked 
| 117|0x00000007c7500000, 0x00000007c7500000, 0x00000007c7600000|  0%| F|  |TAMS 0x00000007c7500000, 0x00000007c7500000| Untracked 
| 118|0x00000007c7600000, 0x00000007c7600000, 0x00000007c7700000|  0%| F|  |TAMS 0x00000007c7600000, 0x00000007c7600000| Untracked 
| 119|0x00000007c7700000, 0x00000007c7700000, 0x00000007c7800000|  0%| F|  |TAMS 0x00000007c7700000, 0x00000007c7700000| Untracked 
| 120|0x00000007c7800000, 0x00000007c7800000, 0x00000007c7900000|  0%| F|  |TAMS 0x00000007c7800000, 0x00000007c7800000| Untracked 
| 121|0x00000007c7900000, 0x00000007c7900000, 0x00000007c7a00000|  0%| F|  |TAMS 0x00000007c7900000, 0x00000007c7900000| Untracked 
| 122|0x00000007c7a00000, 0x00000007c7a00000, 0x00000007c7b00000|  0%| F|  |TAMS 0x00000007c7a00000, 0x00000007c7a00000| Untracked 
| 123|0x00000007c7b00000, 0x00000007c7b00000, 0x00000007c7c00000|  0%| F|  |TAMS 0x00000007c7b00000, 0x00000007c7b00000| Untracked 
| 124|0x00000007c7c00000, 0x00000007c7c00000, 0x00000007c7d00000|  0%| F|  |TAMS 0x00000007c7c00000, 0x00000007c7c00000| Untracked 
| 125|0x00000007c7d00000, 0x00000007c7d00000, 0x00000007c7e00000|  0%| F|  |TAMS 0x00000007c7d00000, 0x00000007c7d00000| Untracked 
| 126|0x00000007c7e00000, 0x00000007c7e00000, 0x00000007c7f00000|  0%| F|  |TAMS 0x00000007c7e00000, 0x00000007c7e00000| Untracked 
| 127|0x00000007c7f00000, 0x00000007c7f00000, 0x00000007c8000000|  0%| F|  |TAMS 0x00000007c7f00000, 0x00000007c7f00000| Untracked 
| 128|0x00000007c8000000, 0x00000007c8000000, 0x00000007c8100000|  0%| F|  |TAMS 0x00000007c8000000, 0x00000007c8000000| Untracked 
| 129|0x00000007c8100000, 0x00000007c8100000, 0x00000007c8200000|  0%| F|  |TAMS 0x00000007c8100000, 0x00000007c8100000| Untracked 
| 130|0x00000007c8200000, 0x00000007c82bd948, 0x00000007c8300000| 74%| E|  |TAMS 0x00000007c8200000, 0x00000007c8200000| Complete 
| 131|0x00000007c8300000, 0x00000007c8400000, 0x00000007c8400000|100%| E|  |TAMS 0x00000007c8300000, 0x00000007c8300000| Complete 
| 132|0x00000007c8400000, 0x00000007c8500000, 0x00000007c8500000|100%| E|  |TAMS 0x00000007c8400000, 0x00000007c8400000| Complete 
| 133|0x00000007c8500000, 0x00000007c8600000, 0x00000007c8600000|100%| E|  |TAMS 0x00000007c8500000, 0x00000007c8500000| Complete 
| 134|0x00000007c8600000, 0x00000007c8700000, 0x00000007c8700000|100%| E|  |TAMS 0x00000007c8600000, 0x00000007c8600000| Complete 
| 135|0x00000007c8700000, 0x00000007c8800000, 0x00000007c8800000|100%| E|  |TAMS 0x00000007c8700000, 0x00000007c8700000| Complete 
| 136|0x00000007c8800000, 0x00000007c8900000, 0x00000007c8900000|100%| E|  |TAMS 0x00000007c8800000, 0x00000007c8800000| Complete 
| 137|0x00000007c8900000, 0x00000007c8a00000, 0x00000007c8a00000|100%| E|  |TAMS 0x00000007c8900000, 0x00000007c8900000| Complete 
| 138|0x00000007c8a00000, 0x00000007c8b00000, 0x00000007c8b00000|100%| E|  |TAMS 0x00000007c8a00000, 0x00000007c8a00000| Complete 
| 139|0x00000007c8b00000, 0x00000007c8c00000, 0x00000007c8c00000|100%| E|  |TAMS 0x00000007c8b00000, 0x00000007c8b00000| Complete 
| 140|0x00000007c8c00000, 0x00000007c8d00000, 0x00000007c8d00000|100%| E|  |TAMS 0x00000007c8c00000, 0x00000007c8c00000| Complete 
| 141|0x00000007c8d00000, 0x00000007c8e00000, 0x00000007c8e00000|100%| E|  |TAMS 0x00000007c8d00000, 0x00000007c8d00000| Complete 
| 142|0x00000007c8e00000, 0x00000007c8f00000, 0x00000007c8f00000|100%| E|  |TAMS 0x00000007c8e00000, 0x00000007c8e00000| Complete 
| 143|0x00000007c8f00000, 0x00000007c9000000, 0x00000007c9000000|100%| E|  |TAMS 0x00000007c8f00000, 0x00000007c8f00000| Complete 
| 144|0x00000007c9000000, 0x00000007c9100000, 0x00000007c9100000|100%| E|  |TAMS 0x00000007c9000000, 0x00000007c9000000| Complete 
| 145|0x00000007c9100000, 0x00000007c9200000, 0x00000007c9200000|100%| E|  |TAMS 0x00000007c9100000, 0x00000007c9100000| Complete 
| 146|0x00000007c9200000, 0x00000007c9300000, 0x00000007c9300000|100%| E|  |TAMS 0x00000007c9200000, 0x00000007c9200000| Complete 
| 147|0x00000007c9300000, 0x00000007c9400000, 0x00000007c9400000|100%| E|  |TAMS 0x00000007c9300000, 0x00000007c9300000| Complete 
| 148|0x00000007c9400000, 0x00000007c9500000, 0x00000007c9500000|100%| E|  |TAMS 0x00000007c9400000, 0x00000007c9400000| Complete 
| 149|0x00000007c9500000, 0x00000007c9600000, 0x00000007c9600000|100%| E|  |TAMS 0x00000007c9500000, 0x00000007c9500000| Complete 
| 150|0x00000007c9600000, 0x00000007c9700000, 0x00000007c9700000|100%| E|  |TAMS 0x00000007c9600000, 0x00000007c9600000| Complete 
| 151|0x00000007c9700000, 0x00000007c9800000, 0x00000007c9800000|100%| E|  |TAMS 0x00000007c9700000, 0x00000007c9700000| Complete 

Card table byte_map: [0x000000011ee07000,0x000000011f007000] _byte_map_base: 0x000000011b007000

Marking Bits (Prev, Next): (CMBitMap*) 0x00007fdd42836618, (CMBitMap*) 0x00007fdd42836650
 Prev Bits: [0x000000011f207000, 0x0000000120207000)
 Next Bits: [0x0000000120207000, 0x0000000121207000)

Polling page: 0x0000000107090000

Metaspace:

Usage:
  Non-class:     69.57 MB capacity,    68.43 MB ( 98%) used,   921.44 KB (  1%) free+waste,   242.19 KB ( <1%) overhead. 
      Class:     10.43 MB capacity,     9.72 MB ( 93%) used,   623.71 KB (  6%) free+waste,   109.75 KB (  1%) overhead. 
       Both:     80.00 MB capacity,    78.15 MB ( 98%) used,     1.51 MB (  2%) free+waste,   351.94 KB ( <1%) overhead. 

Virtual space:
  Non-class space:       70.00 MB reserved,      69.67 MB (>99%) committed 
      Class space:        1.00 GB reserved,      10.50 MB (  1%) committed 
             Both:        1.07 GB reserved,      80.17 MB (  7%) committed 

Chunk freelists:
   Non-Class:  3.38 KB
       Class:  0 bytes
        Both:  3.38 KB

CodeHeap 'non-profiled nmethods': size=120036Kb used=3795Kb max_used=3840Kb free=116240Kb
 bounds [0x00000001173e3000, 0x00000001177b3000, 0x000000011e91c000]
CodeHeap 'profiled nmethods': size=120032Kb used=14316Kb max_used=17207Kb free=105715Kb
 bounds [0x000000010feab000, 0x0000000110f8b000, 0x00000001173e3000]
CodeHeap 'non-nmethods': size=5692Kb used=1248Kb max_used=1304Kb free=4444Kb
 bounds [0x000000010f91c000, 0x000000010fb8c000, 0x000000010feab000]
 total_blobs=11798 nmethods=8093 adapters=558
 compilation: enabled
              stopped_count=0, restarted_count=0
 full_count=0

Compilation events (10 events):
Event: 2070.139 Thread 0x00007fdd4305a000 9749   !   2       org.apache.catalina.loader.WebappClassLoaderBase::loadedByThisOrChild (145 bytes)
Event: 2070.142 Thread 0x00007fdd4305a000 nmethod 9749 0x0000000110342690 code [0x0000000110342960, 0x0000000110343698]
Event: 2070.145 Thread 0x00007fdd4305a000 9750       2       java.security.CodeSource::<init> (52 bytes)
Event: 2070.149 Thread 0x00007fdd4305a000 nmethod 9750 0x000000011000f910 code [0x000000011000fae0, 0x000000011000feb8]
Event: 2070.159 Thread 0x00007fdd4305a000 9751  s    2       org.apache.catalina.util.LifecycleBase::setStateInternal (144 bytes)
Event: 2070.162 Thread 0x00007fdd4305a000 nmethod 9751 0x0000000110267d10 code [0x0000000110267f40, 0x0000000110268808]
Event: 2070.163 Thread 0x00007fdd4305a000 9752       2       java.util.Date::getTime (5 bytes)
Event: 2070.163 Thread 0x00007fdd4305a000 nmethod 9752 0x000000010ffa7d90 code [0x000000010ffa7f40, 0x000000010ffa80e8]
Event: 2070.181 Thread 0x00007fdd4305a000 9753       2       jdk.internal.misc.Unsafe::getAndAddLong (27 bytes)
Event: 2070.193 Thread 0x00007fdd4305a000 nmethod 9753 0x0000000110047390 code [0x0000000110047540, 0x0000000110047750]

GC Heap History (10 events):
Event: 1096.790 GC heap after
{Heap after GC invocations=33 (full 0):
 garbage-first heap   total 155648K, used 44105K [0x00000007c0000000, 0x0000000800000000)
  region size 1024K, 3 young (3072K), 3 survivors (3072K)
 Metaspace       used 79383K, capacity 81306K, committed 81580K, reserved 1120256K
  class space    used 9913K, capacity 10653K, committed 10752K, reserved 1048576K
}
Event: 1314.309 GC heap before
{Heap before GC invocations=33 (full 0):
 garbage-first heap   total 155648K, used 125001K [0x00000007c0000000, 0x0000000800000000)
  region size 1024K, 82 young (83968K), 3 survivors (3072K)
 Metaspace       used 79652K, capacity 81531K, committed 81836K, reserved 1120256K
  class space    used 9923K, capacity 10661K, committed 10752K, reserved 1048576K
}
Event: 1314.367 GC heap after
{Heap after GC invocations=34 (full 0):
 garbage-first heap   total 155648K, used 44337K [0x00000007c0000000, 0x0000000800000000)
  region size 1024K, 3 young (3072K), 3 survivors (3072K)
 Metaspace       used 79652K, capacity 81531K, committed 81836K, reserved 1120256K
  class space    used 9923K, capacity 10661K, committed 10752K, reserved 1048576K
}
Event: 1547.734 GC heap before
{Heap before GC invocations=34 (full 0):
 garbage-first heap   total 155648K, used 127281K [0x00000007c0000000, 0x0000000800000000)
  region size 1024K, 84 young (86016K), 3 survivors (3072K)
 Metaspace       used 79691K, capacity 81595K, committed 81836K, reserved 1120256K
  class space    used 9923K, capacity 10661K, committed 10752K, reserved 1048576K
}
Event: 1547.808 GC heap after
{Heap after GC invocations=35 (full 0):
 garbage-first heap   total 155648K, used 44125K [0x00000007c0000000, 0x0000000800000000)
  region size 1024K, 3 young (3072K), 3 survivors (3072K)
 Metaspace       used 79691K, capacity 81595K, committed 81836K, reserved 1120256K
  class space    used 9923K, capacity 10661K, committed 10752K, reserved 1048576K
}
Event: 1782.362 GC heap before
{Heap before GC invocations=35 (full 0):
 garbage-first heap   total 155648K, used 128093K [0x00000007c0000000, 0x0000000800000000)
  region size 1024K, 85 young (87040K), 3 survivors (3072K)
 Metaspace       used 79783K, capacity 81732K, committed 82092K, reserved 1120256K
  class space    used 9927K, capacity 10664K, committed 10752K, reserved 1048576K
}
Event: 1782.436 GC heap after
{Heap after GC invocations=36 (full 0):
 garbage-first heap   total 155648K, used 44353K [0x00000007c0000000, 0x0000000800000000)
  region size 1024K, 3 young (3072K), 3 survivors (3072K)
 Metaspace       used 79783K, capacity 81732K, committed 82092K, reserved 1120256K
  class space    used 9927K, capacity 10664K, committed 10752K, reserved 1048576K
}
Event: 2015.934 GC heap before
{Heap before GC invocations=36 (full 0):
 garbage-first heap   total 155648K, used 129345K [0x00000007c0000000, 0x0000000800000000)
  region size 1024K, 86 young (88064K), 3 survivors (3072K)
 Metaspace       used 79904K, capacity 81808K, committed 82092K, reserved 1120256K
  class space    used 9932K, capacity 10667K, committed 10752K, reserved 1048576K
}
Event: 2016.033 GC heap after
{Heap after GC invocations=37 (full 0):
 garbage-first heap   total 155648K, used 44920K [0x00000007c0000000, 0x0000000800000000)
  region size 1024K, 4 young (4096K), 4 survivors (4096K)
 Metaspace       used 79904K, capacity 81808K, committed 82092K, reserved 1120256K
  class space    used 9932K, capacity 10667K, committed 10752K, reserved 1048576K
}
Event: 2070.200 GC heap before
{Heap before GC invocations=37 (full 0):
 garbage-first heap   total 155648K, used 66424K [0x00000007c0000000, 0x0000000800000000)
  region size 1024K, 26 young (26624K), 4 survivors (4096K)
 Metaspace       used 80021K, capacity 81919K, committed 82092K, reserved 1120256K
  class space    used 9948K, capacity 10682K, committed 10752K, reserved 1048576K
}

Deoptimization events (10 events):
Event: 1868.831 Thread 0x00007fdd42c6d000 Uncommon trap: reason=unstable_if action=reinterpret pc=0x0000000117751c10 method=java.lang.ref.SoftReference.get()Ljava/lang/Object; @ 6 c2
Event: 1868.871 Thread 0x00007fdd42c6d000 Uncommon trap: reason=unstable_if action=reinterpret pc=0x000000011775782c method=java.lang.ref.SoftReference.get()Ljava/lang/Object; @ 6 c2
Event: 1910.759 Thread 0x00007fdd44d45800 Uncommon trap: reason=unstable_if action=reinterpret pc=0x00000001174e8c88 method=java.lang.Throwable.getOurStackTrace()[Ljava/lang/StackTraceElement; @ 7 c2
Event: 2069.701 Thread 0x00007fdd43eb6800 Uncommon trap: reason=unstable_if action=reinterpret pc=0x00000001176cc6dc method=org.springframework.boot.devtools.filewatch.FileSnapshot.equals(Ljava/lang/Object;)Z @ 93 c2
Event: 2069.817 Thread 0x00007fdd43cca800 Uncommon trap: reason=speculate_null_assert action=make_not_entrant pc=0x00000001177975ec method=com.sun.jmx.mbeanserver.Repository.retrieve(Ljavax/management/ObjectName;)Ljavax/management/DynamicMBean; @ 48 c2
Event: 2069.833 Thread 0x00007fdd43cca800 Uncommon trap: reason=unstable_if action=reinterpret pc=0x00000001176e8abc method=org.apache.logging.slf4j.SLF4JLogger.isEnabledFor(Lorg/apache/logging/log4j/Level;Lorg/apache/logging/log4j/Marker;)Z @ 17 c2
Event: 2070.014 Thread 0x00007fdd43cca800 Uncommon trap: reason=unstable_if action=reinterpret pc=0x00000001175dc150 method=sun.net.www.ParseUtil.firstEncodeIndex(Ljava/lang/String;)I @ 73 c2
Event: 2070.038 Thread 0x00007fdd43cca800 Uncommon trap: reason=unstable_if action=reinterpret pc=0x00000001174be498 method=java.lang.Long.equals(Ljava/lang/Object;)Z @ 19 c2
Event: 2070.060 Thread 0x00007fdd43cca800 Uncommon trap: reason=unstable_if action=reinterpret pc=0x000000011745a014 method=java.lang.Thread.getContextClassLoader()Ljava/lang/ClassLoader; @ 4 c2
Event: 2070.174 Thread 0x00007fdd42c6a000 Uncommon trap: reason=unstable_if action=reinterpret pc=0x00000001174be790 method=java.util.concurrent.locks.AbstractQueuedSynchronizer.doReleaseShared()V @ 6 c2

Classes redefined (0 events):
No events

Internal exceptions (10 events):
Event: 2067.199 Thread 0x00007fdd42c10000 Exception <a 'java/security/PrivilegedActionException'{0x00000007c8561770}> (0x00000007c8561770) thrown at [/scratch/mesos/slaves/07fc96ef-bf4d-487f-b22f-a84e49f5f44a-S27799/frameworks/1735e8a2-a1db-478c-8104-60c8b0af87dd-0196/executors/23259148-f5c6-492a
Event: 2067.201 Thread 0x00007fdd42c10000 Exception <a 'java/security/PrivilegedActionException'{0x00000007c856d2d8}> (0x00000007c856d2d8) thrown at [/scratch/mesos/slaves/07fc96ef-bf4d-487f-b22f-a84e49f5f44a-S27799/frameworks/1735e8a2-a1db-478c-8104-60c8b0af87dd-0196/executors/23259148-f5c6-492a
Event: 2067.204 Thread 0x00007fdd42c10000 Exception <a 'java/security/PrivilegedActionException'{0x00000007c8578e50}> (0x00000007c8578e50) thrown at [/scratch/mesos/slaves/07fc96ef-bf4d-487f-b22f-a84e49f5f44a-S27799/frameworks/1735e8a2-a1db-478c-8104-60c8b0af87dd-0196/executors/23259148-f5c6-492a
Event: 2067.207 Thread 0x00007fdd42c10000 Exception <a 'java/security/PrivilegedActionException'{0x00000007c8584ba0}> (0x00000007c8584ba0) thrown at [/scratch/mesos/slaves/07fc96ef-bf4d-487f-b22f-a84e49f5f44a-S27799/frameworks/1735e8a2-a1db-478c-8104-60c8b0af87dd-0196/executors/23259148-f5c6-492a
Event: 2067.209 Thread 0x00007fdd42c10000 Exception <a 'java/security/PrivilegedActionException'{0x00000007c85905f8}> (0x00000007c85905f8) thrown at [/scratch/mesos/slaves/07fc96ef-bf4d-487f-b22f-a84e49f5f44a-S27799/frameworks/1735e8a2-a1db-478c-8104-60c8b0af87dd-0196/executors/23259148-f5c6-492a
Event: 2067.212 Thread 0x00007fdd42c10000 Exception <a 'java/security/PrivilegedActionException'{0x00000007c859c0b0}> (0x00000007c859c0b0) thrown at [/scratch/mesos/slaves/07fc96ef-bf4d-487f-b22f-a84e49f5f44a-S27799/frameworks/1735e8a2-a1db-478c-8104-60c8b0af87dd-0196/executors/23259148-f5c6-492a
Event: 2067.215 Thread 0x00007fdd42c10000 Exception <a 'java/security/PrivilegedActionException'{0x00000007c85a7c28}> (0x00000007c85a7c28) thrown at [/scratch/mesos/slaves/07fc96ef-bf4d-487f-b22f-a84e49f5f44a-S27799/frameworks/1735e8a2-a1db-478c-8104-60c8b0af87dd-0196/executors/23259148-f5c6-492a
Event: 2067.217 Thread 0x00007fdd42c10000 Exception <a 'java/security/PrivilegedActionException'{0x00000007c85b3730}> (0x00000007c85b3730) thrown at [/scratch/mesos/slaves/07fc96ef-bf4d-487f-b22f-a84e49f5f44a-S27799/frameworks/1735e8a2-a1db-478c-8104-60c8b0af87dd-0196/executors/23259148-f5c6-492a
Event: 2070.029 Thread 0x00007fdd42f1b800 Exception <a 'java/lang/InterruptedException'{0x00000007c8853d40}: sleep interrupted> (0x00000007c8853d40) thrown at [/scratch/mesos/slaves/07fc96ef-bf4d-487f-b22f-a84e49f5f44a-S27799/frameworks/1735e8a2-a1db-478c-8104-60c8b0af87dd-0196/executors/23259148
Event: 2070.194 Thread 0x00007fdd43c24000 Exception <a 'java/lang/InterruptedException'{0x00000007c823d490}: sleep interrupted> (0x00000007c823d490) thrown at [/scratch/mesos/slaves/07fc96ef-bf4d-487f-b22f-a84e49f5f44a-S27799/frameworks/1735e8a2-a1db-478c-8104-60c8b0af87dd-0196/executors/23259148

Events (10 events):
Event: 2070.194 Executing VM operation: RevokeBias
Event: 2070.194 Executing VM operation: RevokeBias done
Event: 2070.194 Executing VM operation: RevokeBias
Event: 2070.194 Executing VM operation: RevokeBias done
Event: 2070.194 Executing VM operation: RevokeBias
Event: 2070.194 Executing VM operation: RevokeBias done
Event: 2070.195 Thread 0x00007fdd43c24000 Thread exited: 0x00007fdd43c24000
Event: 2070.195 Executing VM operation: RevokeBias
Event: 2070.195 Executing VM operation: RevokeBias done
Event: 2070.200 Executing VM operation: G1CollectFull


Dynamic libraries:
0x00007fff8f5d7000 	/System/Library/Frameworks/Cocoa.framework/Versions/A/Cocoa
0x00007fff94b96000 	/System/Library/Frameworks/Security.framework/Versions/A/Security
0x00007fff8c3ba000 	/System/Library/Frameworks/ApplicationServices.framework/Versions/A/ApplicationServices
0x00007fff9c447000 	/usr/lib/libz.1.dylib
0x00007fff92fcc000 	/usr/lib/libSystem.B.dylib
0x00007fff8dbbe000 	/System/Library/Frameworks/CoreFoundation.framework/Versions/A/CoreFoundation
0x00007fff8f5d8000 	/System/Library/Frameworks/Foundation.framework/Versions/C/Foundation
0x00007fff9e12a000 	/usr/lib/libobjc.A.dylib
0x00007fff931b7000 	/System/Library/Frameworks/AppKit.framework/Versions/C/AppKit
0x00007fff92c92000 	/System/Library/Frameworks/CoreData.framework/Versions/A/CoreData
0x00007fff8d997000 	/System/Library/PrivateFrameworks/RemoteViewServices.framework/Versions/A/RemoteViewServices
0x00007fff8d818000 	/System/Library/PrivateFrameworks/UIFoundation.framework/Versions/A/UIFoundation
0x00007fff9248a000 	/usr/lib/libScreenReader.dylib
0x00007fff92fe7000 	/System/Library/Frameworks/Accelerate.framework/Versions/A/Accelerate
0x00007fff8cad0000 	/System/Library/Frameworks/IOSurface.framework/Versions/A/IOSurface
0x00007fff95624000 	/System/Library/Frameworks/AudioToolbox.framework/Versions/A/AudioToolbox
0x00007fff8d53f000 	/System/Library/Frameworks/AudioUnit.framework/Versions/A/AudioUnit
0x00007fff9c55b000 	/System/Library/PrivateFrameworks/DataDetectorsCore.framework/Versions/A/DataDetectorsCore
0x00007fff89fa1000 	/System/Library/PrivateFrameworks/DesktopServicesPriv.framework/Versions/A/DesktopServicesPriv
0x00007fff99e60000 	/System/Library/Frameworks/Carbon.framework/Versions/A/Frameworks/HIToolbox.framework/Versions/A/HIToolbox
0x00007fff948bf000 	/System/Library/Frameworks/QuartzCore.framework/Versions/A/QuartzCore
0x00007fff8a4e6000 	/System/Library/Frameworks/Carbon.framework/Versions/A/Frameworks/SpeechRecognition.framework/Versions/A/SpeechRecognition
0x00007fff9ee38000 	/usr/lib/libauto.dylib
0x00007fff8c097000 	/usr/lib/libicucore.A.dylib
0x00007fff92834000 	/usr/lib/libxml2.2.dylib
0x00007fff96861000 	/System/Library/PrivateFrameworks/CoreUI.framework/Versions/A/CoreUI
0x00007fff8a27e000 	/System/Library/Frameworks/CoreAudio.framework/Versions/A/CoreAudio
0x00007fff96471000 	/System/Library/Frameworks/DiskArbitration.framework/Versions/A/DiskArbitration
0x00007fff9818f000 	/usr/lib/liblangid.dylib
0x00007fff9c4ef000 	/System/Library/PrivateFrameworks/MultitouchSupport.framework/Versions/A/MultitouchSupport
0x00007fff9785f000 	/System/Library/Frameworks/IOKit.framework/Versions/A/IOKit
0x00007fff8a4e4000 	/usr/lib/libDiagnosticMessagesClient.dylib
0x00007fff9cce6000 	/System/Library/Frameworks/CoreServices.framework/Versions/A/CoreServices
0x00007fff89536000 	/System/Library/PrivateFrameworks/PerformanceAnalysis.framework/Versions/A/PerformanceAnalysis
0x00007fff9d1ac000 	/System/Library/PrivateFrameworks/GenerationalStorage.framework/Versions/A/GenerationalStorage
0x00007fff9ec1c000 	/System/Library/Frameworks/OpenGL.framework/Versions/A/OpenGL
0x00007fff8ee50000 	/System/Library/PrivateFrameworks/Sharing.framework/Versions/A/Sharing
0x00007fff9098f000 	/System/Library/Frameworks/CoreGraphics.framework/Versions/A/CoreGraphics
0x00007fff9e4a2000 	/System/Library/Frameworks/CoreImage.framework/Versions/A/CoreImage
0x00007fff9632a000 	/System/Library/Frameworks/CoreText.framework/Versions/A/CoreText
0x00007fff8f182000 	/System/Library/Frameworks/ImageIO.framework/Versions/A/ImageIO
0x00007fff9f2e4000 	/System/Library/PrivateFrameworks/Backup.framework/Versions/A/Backup
0x00007fff9e0c9000 	/usr/lib/libextension.dylib
0x00007fff8a505000 	/usr/lib/libarchive.2.dylib
0x00007fff8bb39000 	/System/Library/Frameworks/CFNetwork.framework/Versions/A/CFNetwork
0x00007fff92f60000 	/System/Library/Frameworks/SystemConfiguration.framework/Versions/A/SystemConfiguration
0x00007fff8bdc1000 	/usr/lib/libCRFSuite.dylib
0x00007fff8da60000 	/usr/lib/libc++.1.dylib
0x00007fff9585b000 	/usr/lib/libc++abi.dylib
0x00007fff95554000 	/usr/lib/system/libcache.dylib
0x00007fff95167000 	/usr/lib/system/libcommonCrypto.dylib
0x00007fff9d2bc000 	/usr/lib/system/libcompiler_rt.dylib
0x00007fff954fa000 	/usr/lib/system/libcopyfile.dylib
0x00007fff8f464000 	/usr/lib/system/libcorecrypto.dylib
0x00007fff8ae18000 	/usr/lib/system/libdispatch.dylib
0x00007fff92b11000 	/usr/lib/system/libdyld.dylib
0x00007fff8ea4c000 	/usr/lib/system/libkeymgr.dylib
0x00007fff9d2c4000 	/usr/lib/system/liblaunch.dylib
0x00007fff89434000 	/usr/lib/system/libmacho.dylib
0x00007fff924a8000 	/usr/lib/system/libquarantine.dylib
0x00007fff8a1f7000 	/usr/lib/system/libremovefile.dylib
0x00007fff8f93a000 	/usr/lib/system/libsystem_asl.dylib
0x00007fff893d8000 	/usr/lib/system/libsystem_blocks.dylib
0x00007fff8cde8000 	/usr/lib/system/libsystem_c.dylib
0x00007fff8ae12000 	/usr/lib/system/libsystem_configuration.dylib
0x00007fff8ba9e000 	/usr/lib/system/libsystem_coreservices.dylib
0x00007fff8b343000 	/usr/lib/system/libsystem_coretls.dylib
0x00007fff8d549000 	/usr/lib/system/libsystem_dnssd.dylib
0x00007fff8fafe000 	/usr/lib/system/libsystem_info.dylib
0x00007fff93008000 	/usr/lib/system/libsystem_kernel.dylib
0x00007fff92a7a000 	/usr/lib/system/libsystem_m.dylib
0x00007fff9e6c4000 	/usr/lib/system/libsystem_malloc.dylib
0x00007fff92aaa000 	/usr/lib/system/libsystem_network.dylib
0x00007fff9470f000 	/usr/lib/system/libsystem_networkextension.dylib
0x00007fff9af29000 	/usr/lib/system/libsystem_notify.dylib
0x00007fff9e6e1000 	/usr/lib/system/libsystem_platform.dylib
0x00007fff9cc1b000 	/usr/lib/system/libsystem_pthread.dylib
0x00007fff8f4dc000 	/usr/lib/system/libsystem_sandbox.dylib
0x00007fff8a1ff000 	/usr/lib/system/libsystem_secinit.dylib
0x00007fff95155000 	/usr/lib/system/libsystem_trace.dylib
0x00007fff91dd7000 	/usr/lib/system/libunc.dylib
0x00007fff8c3bb000 	/usr/lib/system/libunwind.dylib
0x00007fff89f59000 	/usr/lib/system/libxpc.dylib
0x00007fff96860000 	/usr/lib/libenergytrace.dylib
0x00007fff96460000 	/usr/lib/libbsm.0.dylib
0x00007fff8ae93000 	/usr/lib/system/libkxld.dylib
0x00007fff8a4c3000 	/usr/lib/libxar.1.dylib
0x00007fff92b74000 	/usr/lib/libsqlite3.dylib
0x00007fff89f83000 	/usr/lib/libpam.2.dylib
0x00007fff89f58000 	/usr/lib/libOpenScriptingUtil.dylib
0x00007fff8a4d5000 	/usr/lib/libbz2.1.0.dylib
0x00007fff954df000 	/usr/lib/liblzma.5.dylib
0x00007fff955ac000 	/System/Library/Frameworks/CoreServices.framework/Versions/A/Frameworks/FSEvents.framework/Versions/A/FSEvents
0x00007fff8ee73000 	/System/Library/Frameworks/CoreServices.framework/Versions/A/Frameworks/CarbonCore.framework/Versions/A/CarbonCore
0x00007fff9a9d6000 	/System/Library/Frameworks/CoreServices.framework/Versions/A/Frameworks/Metadata.framework/Versions/A/Metadata
0x00007fff96760000 	/System/Library/Frameworks/CoreServices.framework/Versions/A/Frameworks/OSServices.framework/Versions/A/OSServices
0x00007fff94764000 	/System/Library/Frameworks/CoreServices.framework/Versions/A/Frameworks/SearchKit.framework/Versions/A/SearchKit
0x00007fff903df000 	/System/Library/Frameworks/CoreServices.framework/Versions/A/Frameworks/AE.framework/Versions/A/AE
0x00007fff89dfe000 	/System/Library/Frameworks/CoreServices.framework/Versions/A/Frameworks/LaunchServices.framework/Versions/A/LaunchServices
0x00007fff977ae000 	/System/Library/Frameworks/CoreServices.framework/Versions/A/Frameworks/DictionaryServices.framework/Versions/A/DictionaryServices
0x00007fff8dab4000 	/System/Library/Frameworks/CoreServices.framework/Versions/A/Frameworks/SharedFileList.framework/Versions/A/SharedFileList
0x00007fff903d6000 	/System/Library/Frameworks/NetFS.framework/Versions/A/NetFS
0x00007fff93027000 	/System/Library/PrivateFrameworks/NetAuth.framework/Versions/A/NetAuth
0x00007fff8b12e000 	/System/Library/PrivateFrameworks/login.framework/Versions/A/Frameworks/loginsupport.framework/Versions/A/loginsupport
0x00007fff98191000 	/System/Library/PrivateFrameworks/TCC.framework/Versions/A/TCC
0x00007fff8ea4d000 	/usr/lib/libmecabra.dylib
0x00007fff8ae9f000 	/System/Library/Frameworks/ApplicationServices.framework/Versions/A/Frameworks/ATS.framework/Versions/A/ATS
0x00007fff9accf000 	/System/Library/Frameworks/ApplicationServices.framework/Versions/A/Frameworks/ColorSync.framework/Versions/A/ColorSync
0x00007fff893e7000 	/System/Library/Frameworks/ApplicationServices.framework/Versions/A/Frameworks/HIServices.framework/Versions/A/HIServices
0x00007fff8cc6f000 	/System/Library/Frameworks/ApplicationServices.framework/Versions/A/Frameworks/LangAnalysis.framework/Versions/A/LangAnalysis
0x00007fff953e4000 	/System/Library/Frameworks/ApplicationServices.framework/Versions/A/Frameworks/PrintCore.framework/Versions/A/PrintCore
0x00007fff8bafa000 	/System/Library/Frameworks/ApplicationServices.framework/Versions/A/Frameworks/QD.framework/Versions/A/QD
0x00007fff97852000 	/System/Library/Frameworks/ApplicationServices.framework/Versions/A/Frameworks/SpeechSynthesis.framework/Versions/A/SpeechSynthesis
0x00007fff9f292000 	/System/Library/Frameworks/Metal.framework/Versions/A/Metal
0x00007fff972ef000 	/System/Library/Frameworks/Accelerate.framework/Versions/A/Frameworks/vImage.framework/Versions/A/vImage
0x00007fff8943a000 	/System/Library/Frameworks/Accelerate.framework/Versions/A/Frameworks/vecLib.framework/Versions/A/vecLib
0x00007fff8c93d000 	/System/Library/Frameworks/Accelerate.framework/Versions/A/Frameworks/vecLib.framework/Versions/A/libvDSP.dylib
0x00007fff94f58000 	/System/Library/Frameworks/Accelerate.framework/Versions/A/Frameworks/vecLib.framework/Versions/A/libvMisc.dylib
0x00007fff984a1000 	/System/Library/Frameworks/Accelerate.framework/Versions/A/Frameworks/vecLib.framework/Versions/A/libLAPACK.dylib
0x00007fff98293000 	/System/Library/Frameworks/Accelerate.framework/Versions/A/Frameworks/vecLib.framework/Versions/A/libBLAS.dylib
0x00007fff8a2ff000 	/System/Library/Frameworks/Accelerate.framework/Versions/A/Frameworks/vecLib.framework/Versions/A/libLinearAlgebra.dylib
0x00007fff98264000 	/System/Library/Frameworks/Accelerate.framework/Versions/A/Frameworks/vecLib.framework/Versions/A/libSparseBLAS.dylib
0x00007fff96282000 	/System/Library/PrivateFrameworks/GPUCompiler.framework/libmetal_timestamp.dylib
0x00007fff8bb35000 	/System/Library/Frameworks/OpenGL.framework/Versions/A/Libraries/libCoreFSCache.dylib
0x00007fff96459000 	/System/Library/PrivateFrameworks/IOAccelerator.framework/Versions/A/IOAccelerator
0x00007fff96fc2000 	/System/Library/Frameworks/ApplicationServices.framework/Versions/A/Frameworks/ATS.framework/Versions/A/Resources/libFontParser.dylib
0x00007fff9c715000 	/System/Library/Frameworks/ApplicationServices.framework/Versions/A/Frameworks/ATS.framework/Versions/A/Resources/libFontRegistry.dylib
0x00007fff98941000 	/System/Library/PrivateFrameworks/AppleVPA.framework/Versions/A/AppleVPA
0x00007fff8ed13000 	/System/Library/PrivateFrameworks/AppleJPEG.framework/Versions/A/AppleJPEG
0x00007fff9e075000 	/System/Library/Frameworks/ImageIO.framework/Versions/A/Resources/libJPEG.dylib
0x00007fff8f518000 	/System/Library/Frameworks/ImageIO.framework/Versions/A/Resources/libTIFF.dylib
0x00007fff94f32000 	/System/Library/Frameworks/ImageIO.framework/Versions/A/Resources/libPng.dylib
0x00007fff98932000 	/System/Library/Frameworks/ImageIO.framework/Versions/A/Resources/libGIF.dylib
0x00007fff971ad000 	/System/Library/Frameworks/ImageIO.framework/Versions/A/Resources/libJP2.dylib
0x00007fff9aebd000 	/System/Library/Frameworks/ImageIO.framework/Versions/A/Resources/libRadiance.dylib
0x00007fff9c514000 	/System/Library/Frameworks/CoreVideo.framework/Versions/A/CoreVideo
0x00007fff9e80b000 	/System/Library/Frameworks/OpenGL.framework/Versions/A/Libraries/libGLU.dylib
0x00007fff8cd39000 	/System/Library/Frameworks/OpenGL.framework/Versions/A/Libraries/libGFXShared.dylib
0x00007fff9eb10000 	/System/Library/Frameworks/OpenGL.framework/Versions/A/Libraries/libGL.dylib
0x00007fff8e042000 	/System/Library/Frameworks/OpenGL.framework/Versions/A/Libraries/libGLImage.dylib
0x00007fff92429000 	/System/Library/Frameworks/OpenGL.framework/Versions/A/Libraries/libCVMSPluginSupport.dylib
0x00007fff9ec18000 	/System/Library/Frameworks/OpenGL.framework/Versions/A/Libraries/libCoreVMClient.dylib
0x00007fff8a3a9000 	/usr/lib/libcompression.dylib
0x00007fff8a3c3000 	/usr/lib/libcups.2.dylib
0x00007fff9250a000 	/System/Library/Frameworks/Kerberos.framework/Versions/A/Kerberos
0x00007fff8b995000 	/System/Library/Frameworks/GSS.framework/Versions/A/GSS
0x00007fff95138000 	/usr/lib/libresolv.9.dylib
0x00007fff95045000 	/usr/lib/libiconv.2.dylib
0x00007fff9ed2d000 	/System/Library/PrivateFrameworks/Heimdal.framework/Versions/A/Heimdal
0x00007fff92f5a000 	/usr/lib/libheimdal-asn1.dylib
0x00007fff972a0000 	/System/Library/Frameworks/OpenDirectory.framework/Versions/A/OpenDirectory
0x00007fff9475a000 	/System/Library/PrivateFrameworks/CommonAuth.framework/Versions/A/CommonAuth
0x00007fff9eda2000 	/System/Library/Frameworks/OpenDirectory.framework/Versions/A/Frameworks/CFOpenDirectory.framework/Versions/A/CFOpenDirectory
0x00007fff966eb000 	/System/Library/Frameworks/SecurityFoundation.framework/Versions/A/SecurityFoundation
0x00007fff8eda1000 	/System/Library/PrivateFrameworks/LanguageModeling.framework/Versions/A/LanguageModeling
0x00007fff9ef1b000 	/usr/lib/libmarisa.dylib
0x00007fff98287000 	/usr/lib/libChineseTokenizer.dylib
0x00007fff9c549000 	/usr/lib/libcmph.dylib
0x00007fff92b15000 	/System/Library/Frameworks/ServiceManagement.framework/Versions/A/ServiceManagement
0x00007fff8a8f3000 	/usr/lib/libxslt.1.dylib
0x00007fff9c9b6000 	/System/Library/Frameworks/Carbon.framework/Versions/A/Frameworks/Ink.framework/Versions/A/Ink
0x00007fff8994f000 	/usr/lib/libFosl_dynamic.dylib
0x00007fff9a2e1000 	/System/Library/PrivateFrameworks/FaceCore.framework/Versions/A/FaceCore
0x00007fff977e5000 	/System/Library/Frameworks/OpenCL.framework/Versions/A/OpenCL
0x00007fff9e6ea000 	/System/Library/PrivateFrameworks/CrashReporterSupport.framework/Versions/A/CrashReporterSupport
0x00007fff9683d000 	/System/Library/PrivateFrameworks/IconServices.framework/Versions/A/IconServices
0x00007fff92814000 	/System/Library/PrivateFrameworks/Apple80211.framework/Versions/A/Apple80211
0x00007fff9cce7000 	/System/Library/Frameworks/CoreWLAN.framework/Versions/A/CoreWLAN
0x00007fff96f1d000 	/System/Library/Frameworks/IOBluetooth.framework/Versions/A/IOBluetooth
0x00007fff98e82000 	/System/Library/PrivateFrameworks/CoreWiFi.framework/Versions/A/CoreWiFi
0x00007fff92fce000 	/System/Library/Frameworks/CoreBluetooth.framework/Versions/A/CoreBluetooth
0x00007fff972c7000 	/System/Library/PrivateFrameworks/ChunkingLibrary.framework/Versions/A/ChunkingLibrary
0x00007fff9471f000 	/System/Library/PrivateFrameworks/DebugSymbols.framework/Versions/A/DebugSymbols
0x00007fff8f360000 	/System/Library/PrivateFrameworks/CoreSymbolication.framework/Versions/A/CoreSymbolication
0x00007fff9e7ba000 	/System/Library/PrivateFrameworks/Symbolication.framework/Versions/A/Symbolication
0x00007fff8f92d000 	/System/Library/PrivateFrameworks/SpeechRecognitionCore.framework/Versions/A/SpeechRecognitionCore
0x0000000106207000 	/Library/Java/JavaVirtualMachines/jdk-11.0.2.jdk/Contents/Home/lib/server/libjvm.dylib
0x0000000107052000 	/Library/Java/JavaVirtualMachines/jdk-11.0.2.jdk/Contents/Home/lib/libverify.dylib
0x000000010705e000 	/Library/Java/JavaVirtualMachines/jdk-11.0.2.jdk/Contents/Home/lib/libjava.dylib
0x000000010709a000 	/Library/Java/JavaVirtualMachines/jdk-11.0.2.jdk/Contents/Home/lib/libzip.dylib
0x00000001070a2000 	/Library/Java/JavaVirtualMachines/jdk-11.0.2.jdk/Contents/Home/lib/libjimage.dylib
0x00000001071e8000 	/Library/Java/JavaVirtualMachines/jdk-11.0.2.jdk/Contents/Home/lib/libnio.dylib
0x0000000123deb000 	/Library/Java/JavaVirtualMachines/jdk-11.0.2.jdk/Contents/Home/lib/./libnet.dylib
0x00000001071f6000 	/Library/Java/JavaVirtualMachines/jdk-11.0.2.jdk/Contents/Home/lib/libmanagement.dylib
0x0000000123e87000 	/Library/Java/JavaVirtualMachines/jdk-11.0.2.jdk/Contents/Home/lib/libmanagement_ext.dylib
0x00000001071fb000 	/Library/Java/JavaVirtualMachines/jdk-11.0.2.jdk/Contents/Home/lib/libextnet.dylib
0x0000000123f56000 	/Library/Java/JavaVirtualMachines/jdk-11.0.2.jdk/Contents/Home/lib/libsunec.dylib


VM Arguments:
jvm_args: -Dcom.sun.management.jmxremote -Dcom.sun.management.jmxremote.port=54642 -Dcom.sun.management.jmxremote.authenticate=false -Dcom.sun.management.jmxremote.ssl=false -Djava.rmi.server.hostname=localhost -Dspring.application.admin.enabled=true -Dfile.encoding=UTF-8 
java_command: com.IsaApplication
java_class_path (initial): /Users/mac/git/ISA/target/classes:/Users/mac/.m2/repository/org/springframework/boot/spring-boot-starter-web/2.1.0.RELEASE/spring-boot-starter-web-2.1.0.RELEASE.jar:/Users/mac/.m2/repository/org/springframework/boot/spring-boot-starter/2.1.0.RELEASE/spring-boot-starter-2.1.0.RELEASE.jar:/Users/mac/.m2/repository/org/springframework/boot/spring-boot-starter-logging/2.1.0.RELEASE/spring-boot-starter-logging-2.1.0.RELEASE.jar:/Users/mac/.m2/repository/ch/qos/logback/logback-classic/1.2.3/logback-classic-1.2.3.jar:/Users/mac/.m2/repository/ch/qos/logback/logback-core/1.2.3/logback-core-1.2.3.jar:/Users/mac/.m2/repository/org/apache/logging/log4j/log4j-to-slf4j/2.11.1/log4j-to-slf4j-2.11.1.jar:/Users/mac/.m2/repository/org/apache/logging/log4j/log4j-api/2.11.1/log4j-api-2.11.1.jar:/Users/mac/.m2/repository/org/slf4j/jul-to-slf4j/1.7.25/jul-to-slf4j-1.7.25.jar:/Users/mac/.m2/repository/javax/annotation/javax.annotation-api/1.3.2/javax.annotation-api-1.3.2.jar:/Users/mac/.m2/repository/org/yaml/snakeyaml/1.23/snakeyaml-1.23.jar:/Users/mac/.m2/repository/org/springframework/boot/spring-boot-starter-json/2.1.0.RELEASE/spring-boot-starter-json-2.1.0.RELEASE.jar:/Users/mac/.m2/repository/com/fasterxml/jackson/datatype/jackson-datatype-jdk8/2.9.7/jackson-datatype-jdk8-2.9.7.jar:/Users/mac/.m2/repository/com/fasterxml/jackson/datatype/jackson-datatype-jsr310/2.9.7/jackson-datatype-jsr310-2.9.7.jar:/Users/mac/.m2/repository/com/fasterxml/jackson/module/jackson-module-parameter-names/2.9.7/jackson-module-parameter-names-2.9.7.jar:/Users/mac/.m2/repository/org/springframework/boot/spring-boot-starter-tomcat/2.1.0.RELEASE/spring-boot-starter-tomcat-2.1.0.RELEASE.jar:/Users/mac/.m2/repository/org/apache/tomcat/embed/tomcat-embed-core/9.0.12/tomcat-embed-core-9.0.12.jar:/Users/mac/.m2/repository/org/apache/tomcat/embed/tomcat-embed-el/9.0.12/tomcat-embed-el-9.0.12.jar:/Users/mac/.m2/repository/org/apache/tomcat/embed/tomcat-embed-websocket/9.0.12/tomcat-em
Launcher Type: SUN_STANDARD

[Global flags]
     intx CICompilerCount                          = 2                                         {product} {ergonomic}
     uint ConcGCThreads                            = 1                                         {product} {ergonomic}
     uint G1ConcRefinementThreads                  = 2                                         {product} {ergonomic}
   size_t G1HeapRegionSize                         = 1048576                                   {product} {ergonomic}
    uintx GCDrainStackTargetSize                   = 64                                        {product} {ergonomic}
   size_t InitialHeapSize                          = 67108864                                  {product} {ergonomic}
     bool ManagementServer                         = true                                      {product} {command line}
   size_t MarkStackSize                            = 4194304                                   {product} {ergonomic}
   size_t MaxHeapSize                              = 1073741824                                {product} {ergonomic}
   size_t MaxNewSize                               = 643825664                                 {product} {ergonomic}
   size_t MinHeapDeltaBytes                        = 1048576                                   {product} {ergonomic}
    uintx NonNMethodCodeHeapSize                   = 5824844                                {pd product} {ergonomic}
    uintx NonProfiledCodeHeapSize                  = 122916698                              {pd product} {ergonomic}
    uintx ProfiledCodeHeapSize                     = 122916698                              {pd product} {ergonomic}
    uintx ReservedCodeCacheSize                    = 251658240                              {pd product} {ergonomic}
     bool SegmentedCodeCache                       = true                                      {product} {ergonomic}
     bool UseCompressedClassPointers               = true                                 {lp64_product} {ergonomic}
     bool UseCompressedOops                        = true                                 {lp64_product} {ergonomic}
     bool UseG1GC                                  = true                                      {product} {ergonomic}

Logging:
Log output configuration:
 #0: stdout all=warning uptime,level,tags
 #1: stderr all=off uptime,level,tags

Environment Variables:
PATH=/Users/mac/anaconda3/bin:/usr/local/bin:/usr/bin:/bin:/usr/sbin:/sbin:/Library/Frameworks/Mono.framework/Versions/Current/Commands:/Applications/Xamarin Workbooks.app/Contents/SharedSupport/path-bin
SHELL=/bin/bash

Signal Handlers:
SIGSEGV: [libjvm.dylib+0x740190], sa_mask[0]=11111111011111110111111111111111, sa_flags=SA_ONSTACK|SA_RESTART|SA_SIGINFO
SIGBUS: [libjvm.dylib+0x740190], sa_mask[0]=11111111011111110111111111111111, sa_flags=SA_RESTART|SA_SIGINFO
SIGFPE: [libjvm.dylib+0x740190], sa_mask[0]=11111111011111110111111111111111, sa_flags=SA_RESTART|SA_SIGINFO
SIGPIPE: [libjvm.dylib+0x5f2e42], sa_mask[0]=11111111011111110111111111111111, sa_flags=SA_RESTART|SA_SIGINFO
SIGXFSZ: [libjvm.dylib+0x5f2e42], sa_mask[0]=11111111011111110111111111111111, sa_flags=SA_RESTART|SA_SIGINFO
SIGILL: [libjvm.dylib+0x740190], sa_mask[0]=11111111011111110111111111111111, sa_flags=SA_RESTART|SA_SIGINFO
SIGUSR2: [libjvm.dylib+0x5f3427], sa_mask[0]=00100000000000000000000000000000, sa_flags=SA_RESTART|SA_SIGINFO
SIGHUP: [libjvm.dylib+0x5f1e83], sa_mask[0]=11111111011111110111111111111111, sa_flags=SA_RESTART|SA_SIGINFO
SIGINT: [libjvm.dylib+0x5f1e83], sa_mask[0]=11111111011111110111111111111111, sa_flags=SA_RESTART|SA_SIGINFO
SIGTERM: [libjvm.dylib+0x5f1e83], sa_mask[0]=11111111011111110111111111111111, sa_flags=SA_RESTART|SA_SIGINFO
SIGQUIT: [libjvm.dylib+0x5f1e83], sa_mask[0]=11111111011111110111111111111111, sa_flags=SA_RESTART|SA_SIGINFO


---------------  S Y S T E M  ---------------

OS:uname:Darwin 15.6.0 Darwin Kernel Version 15.6.0: Thu Jun 21 20:07:40 PDT 2018; root:xnu-3248.73.11~1/RELEASE_X86_64 x86_64
rlimit: STACK 8192k, CORE 0k, NPROC 709, NOFILE 10240, AS infinity, DATA infinity, FSIZE infinity
load average:3.19 3.87 4.26

CPU:total 2 (initial active 2) (2 cores per cpu, 1 threads per core) family 6 model 23 stepping 10, cmov, cx8, fxsr, mmx, sse, sse2, sse3, ssse3, sse4.1, tsc

Memory: 4k page, physical 4194304k(68332k free)

vm_info: Java HotSpot(TM) 64-Bit Server VM (11.0.2+9-LTS) for bsd-amd64 JRE (11.0.2+9-LTS), built on Jan 18 2019 08:16:46 by "mach5one" with gcc 4.2.1 Compatible Apple LLVM 9.1.0 (clang-902.0.39.2)

END.
