#
# A fatal error has been detected by the Java Runtime Environment:
#
#  SIGSEGV (0xb) at pc=0x0000000106b1f54f, pid=20476, tid=11779
#
# JRE version: Java(TM) SE Runtime Environment (11.0.2+9) (build 11.0.2+9-LTS)
# Java VM: Java HotSpot(TM) 64-Bit Server VM (11.0.2+9-LTS, mixed mode, tiered, compressed oops, g1 gc, bsd-amd64)
# Problematic frame:
# V  [libjvm.dylib+0x38654f]  _ZN13InstanceKlass17clean_method_dataEv+0x1d
#
# No core dump will be written. Core dumps have been disabled. To enable core dumping, try "ulimit -c unlimited" before starting Java again
#
# If you would like to submit a bug report, please visit:
#   http://bugreport.java.com/bugreport/crash.jsp
#

---------------  S U M M A R Y ------------

Command Line: -Dcom.sun.management.jmxremote -Dcom.sun.management.jmxremote.port=55683 -Dcom.sun.management.jmxremote.authenticate=false -Dcom.sun.management.jmxremote.ssl=false -Djava.rmi.server.hostname=localhost -Dspring.application.admin.enabled=true -Dfile.encoding=UTF-8 com.IsaApplication

Host: Macmini3,1 x86_64 2530 MHz, 2 cores, 4G, Darwin 15.6.0
Time: Tue Feb  5 08:57:32 2019 CET elapsed time: 2607 seconds (0d 0h 43m 27s)

---------------  T H R E A D  ---------------

Current thread (0x00007fd1a380c000):  GCTaskThread "GC Thread#0" [stack: 0x000070000011a000,0x000070000021a000] [id=11779]

Stack: [0x000070000011a000,0x000070000021a000],  sp=0x0000700000219df0,  free space=1023k
Native frames: (J=compiled Java code, A=aot compiled Java code, j=interpreted, Vv=VM code, C=native code)
V  [libjvm.dylib+0x38654f]  _ZN13InstanceKlass17clean_method_dataEv+0x1d
V  [libjvm.dylib+0x38649a]  _ZN13InstanceKlass30clean_weak_instanceklass_linksEv+0x16
V  [libjvm.dylib+0x2fdab5]  _ZN19G1KlassCleaningTask4workEv+0x67
V  [libjvm.dylib+0x7663cb]  _ZN10GangWorker4loopEv+0x43
V  [libjvm.dylib+0x5f0da3]  _ZL19thread_native_entryP6Thread+0x135
C  [libsystem_pthread.dylib+0x399d]  _pthread_body+0x83
C  [libsystem_pthread.dylib+0x391a]  _pthread_body+0x0
C  [libsystem_pthread.dylib+0x1351]  thread_start+0xd


siginfo: si_signo: 11 (SIGSEGV), si_code: 1 (SEGV_MAPERR), si_addr: 0x00000390274ccf00

Register to memory mapping:

RAX=0x00000001274cce80 is pointing into metadata
RBX=0x0 is NULL
RCX=0x00000390274ccef0 is an unknown value
RDX=0x00000008005c2840 is a pointer to class: 
org.hibernate.boot.registry.selector.internal.StrategySelectorImpl$$Lambda$583/0x00000008005c2840 {0x00000008005c2840}
RSP=0x0000700000219df0 points into unknown readable memory: 40 2c 5c 00 08 00 00 00
RBP=0x0000700000219e00 points into unknown readable memory: 20 9e 21 00 00 70 00 00
RSI=0x0000700000219d88 points into unknown readable memory: c8 80 0b 07 01 00 00 00
RDI=0x00000008005c2c40 is a pointer to class: 
org.hibernate.type.TypeFactory$$Lambda$584/0x00000008005c2c40 {0x00000008005c2c40}
R8 =0x0000000000000010 is an unknown value
R9 =0x000000000000000d is an unknown value
R10=0x0000000000119600 is an unknown value
R11=0x0000000029f8e5c3 is an unknown value
R12=0x0000000000000001 is an unknown value
R13=0x0000000000002e03 is an unknown value
R14=0x00000008005c2c40 is a pointer to class: 
org.hibernate.type.TypeFactory$$Lambda$584/0x00000008005c2c40 {0x00000008005c2c40}
R15=0x00007fd1a380c000 points into unknown readable memory: b8 69 08 07 01 00 00 00


Registers:
RAX=0x00000001274cce80, RBX=0x0000000000000000, RCX=0x00000390274ccef0, RDX=0x00000008005c2840
RSP=0x0000700000219df0, RBP=0x0000700000219e00, RSI=0x0000700000219d88, RDI=0x00000008005c2c40
R8 =0x0000000000000010, R9 =0x000000000000000d, R10=0x0000000000119600, R11=0x0000000029f8e5c3
R12=0x0000000000000001, R13=0x0000000000002e03, R14=0x00000008005c2c40, R15=0x00007fd1a380c000
RIP=0x0000000106b1f54f, EFLAGS=0x0000000000010246, ERR=0x0000000000000004
  TRAPNO=0x000000000000000e

Top of Stack: (sp=0x0000700000219df0)
0x0000700000219df0:   00000008005c2c40 0000700000219e78
0x0000700000219e00:   0000700000219e20 0000000106b1f49a
0x0000700000219e10:   00000008005c2c40 0000700000728578
0x0000700000219e20:   0000700000219e60 0000000106a96ab5
0x0000700000219e30:   00007fd1a2c08140 00007fd1a2c04770
0x0000700000219e40:   00007fd1a2c04780 00007fd1a2c04b58
0x0000700000219e50:   00000000000003d8 00007000007284a8
0x0000700000219e60:   0000700000219ea0 0000000106eff3cb
0x0000700000219e70:   00007fd1a380c000 00007fd1ffffffff
0x0000700000219e80:   00007fd1a2c08bf0 00007fd1a2c08c60
0x0000700000219e90:   00007fd1a380c000 0000000000000001
0x0000700000219ea0:   0000700000219ef0 0000000106d89da3
0x0000700000219eb0:   000000000003b346 000070000021a0e0
0x0000700000219ec0:   000070000021a180 0000000600000000
0x0000700000219ed0:   000070000021a000 00000000000008ff
0x0000700000219ee0:   00007fd1a380c000 0000000106d89c6e
0x0000700000219ef0:   0000700000219f10 00007fff9cc1e99d
0x0000700000219f00:   0000000000002e03 000070000021a000
0x0000700000219f10:   0000700000219f50 00007fff9cc1e91a
0x0000700000219f20:   0000000000000000 0000000000000000
0x0000700000219f30:   0000000000000000 0000000000000000
0x0000700000219f40:   0000000000000000 0000000000000000
0x0000700000219f50:   0000700000219f78 00007fff9cc1c351
0x0000700000219f60:   0000000000000000 0000000000000000
0x0000700000219f70:   0000000000000000 0000000000000000
0x0000700000219f80:   0000000000000000 0000000000000000
0x0000700000219f90:   0000000000000000 0000000000000000
0x0000700000219fa0:   0000000000000000 0000000000000000
0x0000700000219fb0:   0000000000000000 0000000000000000
0x0000700000219fc0:   0000000000000000 0000000000000000
0x0000700000219fd0:   0000000000000000 0000000000000000
0x0000700000219fe0:   0000000000000000 0000000000000000 

Instructions: (pc=0x0000000106b1f54f)
0x0000000106b1f52f:   5d c3 90 55 48 89 e5 41 56 53 49 89 fe 49 8b 86
0x0000000106b1f53f:   98 01 00 00 83 38 00 7e 29 31 db 48 8b 4c d8 08
0x0000000106b1f54f:   48 8b 79 10 48 85 ff 74 0e 31 f6 e8 1d 06 23 00
0x0000000106b1f55f:   49 8b 86 98 01 00 00 48 ff c3 48 63 08 48 39 cb 

Stack slot to memory mapping:
stack at sp + 0 slots: 0x00000008005c2c40 is a pointer to class: 
org.hibernate.type.TypeFactory$$Lambda$584/0x00000008005c2c40 {0x00000008005c2c40}
stack at sp + 1 slots: 0x0000700000219e78 points into unknown readable memory: ff ff ff ff d1 7f 00 00
stack at sp + 2 slots: 0x0000700000219e20 points into unknown readable memory: 60 9e 21 00 00 70 00 00
stack at sp + 3 slots: 0x0000000106b1f49a: _ZN13InstanceKlass30clean_weak_instanceklass_linksEv+0x16 in /Library/Java/JavaVirtualMachines/jdk-11.0.2.jdk/Contents/Home/lib/server/libjvm.dylib at 0x0000000106799000
stack at sp + 4 slots: 0x00000008005c2c40 is a pointer to class: 
org.hibernate.type.TypeFactory$$Lambda$584/0x00000008005c2c40 {0x00000008005c2c40}
stack at sp + 5 slots: 0x0000700000728578 points into unknown readable memory: 48 23 a7 00 08 00 00 00
stack at sp + 6 slots: 0x0000700000219e60 points into unknown readable memory: a0 9e 21 00 00 70 00 00
stack at sp + 7 slots: 0x0000000106a96ab5: _ZN19G1KlassCleaningTask4workEv+0x67 in /Library/Java/JavaVirtualMachines/jdk-11.0.2.jdk/Contents/Home/lib/server/libjvm.dylib at 0x0000000106799000


---------------  P R O C E S S  ---------------

Threads class SMR info:
_java_thread_list=0x00007fd1a68793a0, length=38, elements={
0x00007fd1a3098800, 0x00007fd1a3830000, 0x00007fd1a30a9800, 0x00007fd1a383b000,
0x00007fd1a30ac000, 0x00007fd1a30b3800, 0x00007fd1a38c4800, 0x00007fd1a38d1800,
0x00007fd1a33b7000, 0x00007fd1a30ba000, 0x00007fd1a3374800, 0x00007fd1a3d7d800,
0x00007fd1a3ec6800, 0x00007fd1a3bb7800, 0x00007fd1a38b4800, 0x00007fd1a3eec800,
0x00007fd1a53a0800, 0x00007fd1a3f55800, 0x00007fd1a3b8a000, 0x00007fd1a353a800,
0x00007fd1a3464800, 0x00007fd1a5d84000, 0x00007fd1a38d2000, 0x00007fd1a3934800,
0x00007fd1a758e800, 0x00007fd1a5b43000, 0x00007fd1a717f800, 0x00007fd1a344e800,
0x00007fd1a708f800, 0x00007fd1a329c800, 0x00007fd1a37ec800, 0x00007fd1a3576000,
0x00007fd1a3632800, 0x00007fd1a30d5800, 0x00007fd1a5c30000, 0x00007fd1a58f3800,
0x00007fd1a3733000, 0x00007fd1a5bc2000
}

Java Threads: ( => current thread )
  0x00007fd1a3098800 JavaThread "Reference Handler" daemon [_thread_blocked, id=15619, stack(0x000070000072c000,0x000070000082c000)]
  0x00007fd1a3830000 JavaThread "Finalizer" daemon [_thread_blocked, id=16387, stack(0x000070000082f000,0x000070000092f000)]
  0x00007fd1a30a9800 JavaThread "Signal Dispatcher" daemon [_thread_blocked, id=18707, stack(0x00007000009b5000,0x0000700000ab5000)]
  0x00007fd1a383b000 JavaThread "C2 CompilerThread0" daemon [_thread_blocked, id=21251, stack(0x0000700000ab8000,0x0000700000bb8000)]
  0x00007fd1a30ac000 JavaThread "C1 CompilerThread0" daemon [_thread_blocked, id=22019, stack(0x0000700000bbb000,0x0000700000cbb000)]
  0x00007fd1a30b3800 JavaThread "Sweeper thread" daemon [_thread_blocked, id=22787, stack(0x0000700000cbe000,0x0000700000dbe000)]
  0x00007fd1a38c4800 JavaThread "Common-Cleaner" daemon [_thread_blocked, id=23555, stack(0x0000700000dc1000,0x0000700000ec1000)]
  0x00007fd1a38d1800 JavaThread "Service Thread" daemon [_thread_blocked, id=24323, stack(0x0000700000ec4000,0x0000700000fc4000)]
  0x00007fd1a33b7000 JavaThread "RMI TCP Accept-0" daemon [_thread_in_native, id=26627, stack(0x00007000010ca000,0x00007000011ca000)]
  0x00007fd1a30ba000 JavaThread "RMI TCP Accept-55683" daemon [_thread_in_native, id=27395, stack(0x00007000011cd000,0x00007000012cd000)]
  0x00007fd1a3374800 JavaThread "RMI TCP Accept-0" daemon [_thread_in_native, id=28163, stack(0x00007000012d0000,0x00007000013d0000)]
  0x00007fd1a3d7d800 JavaThread "Attach Listener" daemon [_thread_blocked, id=31747, stack(0x00007000017df000,0x00007000018df000)]
  0x00007fd1a3ec6800 JavaThread "RMI Scheduler(0)" daemon [_thread_blocked, id=33283, stack(0x00007000019e5000,0x0000700001ae5000)]
  0x00007fd1a3bb7800 JavaThread "Abandoned connection cleanup thread" daemon [_thread_blocked, id=17675, stack(0x00007000016dc000,0x00007000017dc000)]
  0x00007fd1a38b4800 JavaThread "Live Reload Server" daemon [_thread_in_native, id=37127, stack(0x0000700001ff7000,0x00007000020f7000)]
  0x00007fd1a3eec800 JavaThread "DestroyJavaVM" [_thread_blocked, id=7171, stack(0x00000001074e6000,0x00000001075e6000)]
  0x00007fd1a53a0800 JavaThread "RMI TCP Connection(3)-127.0.0.1" daemon [_thread_in_native, id=34063, stack(0x00007000014d6000,0x00007000015d6000)]
  0x00007fd1a3f55800 JavaThread "JMX server connection timeout 59" daemon [_thread_blocked, id=35851, stack(0x0000700001cee000,0x0000700001dee000)]
  0x00007fd1a3b8a000 JavaThread "File Watcher" daemon [_thread_blocked, id=29475, stack(0x00007000018e2000,0x00007000019e2000)]
  0x00007fd1a353a800 JavaThread "HikariPool-6 housekeeper" daemon [_thread_blocked, id=43547, stack(0x0000700001beb000,0x0000700001ceb000)]
  0x00007fd1a3464800 JavaThread "ContainerBackgroundProcessor[StandardEngine[Tomcat-1]]" daemon [_thread_blocked, id=44823, stack(0x0000700001ef4000,0x0000700001ff4000)]
  0x00007fd1a5d84000 JavaThread "container-1" [_thread_blocked, id=41239, stack(0x00007000020fa000,0x00007000021fa000)]
  0x00007fd1a38d2000 JavaThread "File Watcher" daemon [_thread_blocked, id=48155, stack(0x00007000021fd000,0x00007000022fd000)]
  0x00007fd1a3934800 JavaThread "NioBlockingSelector.BlockPoller-6" daemon [_thread_in_native, id=31003, stack(0x0000700002300000,0x0000700002400000)]
  0x00007fd1a758e800 JavaThread "http-nio-8080-exec-1" daemon [_thread_blocked, id=46359, stack(0x0000700002403000,0x0000700002503000)]
  0x00007fd1a5b43000 JavaThread "http-nio-8080-exec-2" daemon [_thread_blocked, id=35607, stack(0x0000700002506000,0x0000700002606000)]
  0x00007fd1a717f800 JavaThread "http-nio-8080-exec-3" daemon [_thread_blocked, id=41499, stack(0x0000700002609000,0x0000700002709000)]
  0x00007fd1a344e800 JavaThread "http-nio-8080-exec-4" daemon [_thread_blocked, id=25883, stack(0x000070000270c000,0x000070000280c000)]
  0x00007fd1a708f800 JavaThread "http-nio-8080-exec-5" daemon [_thread_blocked, id=39191, stack(0x000070000280f000,0x000070000290f000)]
  0x00007fd1a329c800 JavaThread "http-nio-8080-exec-6" daemon [_thread_blocked, id=39703, stack(0x0000700002912000,0x0000700002a12000)]
  0x00007fd1a37ec800 JavaThread "http-nio-8080-exec-7" daemon [_thread_blocked, id=44575, stack(0x0000700002a15000,0x0000700002b15000)]
  0x00007fd1a3576000 JavaThread "http-nio-8080-exec-8" daemon [_thread_blocked, id=45083, stack(0x0000700002b18000,0x0000700002c18000)]
  0x00007fd1a3632800 JavaThread "http-nio-8080-exec-9" daemon [_thread_blocked, id=37911, stack(0x0000700002c1b000,0x0000700002d1b000)]
  0x00007fd1a30d5800 JavaThread "http-nio-8080-exec-10" daemon [_thread_blocked, id=43295, stack(0x0000700002d1e000,0x0000700002e1e000)]
  0x00007fd1a5c30000 JavaThread "http-nio-8080-ClientPoller-0" daemon [_thread_in_native, id=32291, stack(0x0000700002e21000,0x0000700002f21000)]
  0x00007fd1a58f3800 JavaThread "http-nio-8080-ClientPoller-1" daemon [_thread_in_native, id=40475, stack(0x0000700002f24000,0x0000700003024000)]
  0x00007fd1a3733000 JavaThread "http-nio-8080-Acceptor-0" daemon [_thread_in_native, id=19223, stack(0x0000700003027000,0x0000700003127000)]
  0x00007fd1a5bc2000 JavaThread "http-nio-8080-AsyncTimeout" daemon [_thread_blocked, id=49155, stack(0x000070000312a000,0x000070000322a000)]

Other Threads:
  0x00007fd1a3098000 VMThread "VM Thread" [stack: 0x0000700000629000,0x0000700000729000] [id=14851]
  0x00007fd1a3a5c000 WatcherThread [stack: 0x00007000013d3000,0x00007000014d3000] [id=28675]
=>0x00007fd1a380c000 GCTaskThread "GC Thread#0" [stack: 0x000070000011a000,0x000070000021a000] [id=11779]
  0x00007fd1a30f7000 GCTaskThread "GC Thread#1" [stack: 0x0000700000fc7000,0x00007000010c7000] [id=24835]
  0x00007fd1a3825000 ConcurrentGCThread "G1 Main Marker" [stack: 0x000070000021d000,0x000070000031d000] [id=12291]
  0x00007fd1a3023000 ConcurrentGCThread "G1 Conc#0" [stack: 0x0000700000320000,0x0000700000420000] [id=13315]
  0x00007fd1a304b800 ConcurrentGCThread "G1 Refine#0" [stack: 0x0000700000423000,0x0000700000523000] [id=13827]
  0x00007fd1a304c800 ConcurrentGCThread "G1 Young RemSet Sampling" [stack: 0x0000700000526000,0x0000700000626000] [id=14339]

Threads with active compile tasks:

VM state:at safepoint (normal execution)

VM Mutex/Monitor currently owned by a thread:  ([mutex/lock_event])
[0x00007fd1a2d1cf10] Threads_lock - owner thread: 0x00007fd1a3098000
[0x00007fd1a2d1d590] Heap_lock - owner thread: 0x00007fd1a3825000

Heap address: 0x00000007c0000000, size: 1024 MB, Compressed Oops mode: Zero based, Oop shift amount: 3
Narrow klass base: 0x0000000800000000, Narrow klass shift: 0
Compressed class space size: 1073741824 Address: 0x0000000800000000

Heap:
 garbage-first heap   total 187392K, used 102461K [0x00000007c0000000, 0x0000000800000000)
  region size 1024K, 3 young (3072K), 2 survivors (2048K)
 Metaspace       used 91400K, capacity 93507K, committed 94028K, reserved 1132544K
  class space    used 10611K, capacity 11401K, committed 11596K, reserved 1048576K
Heap Regions: E=young(eden), S=young(survivor), O=old, HS=humongous(starts), HC=humongous(continues), CS=collection set, F=free, A=archive, TAMS=top-at-mark-start (previous, next)
|   0|0x00000007c0000000, 0x00000007c0100000, 0x00000007c0100000|100%|HS|  |TAMS 0x00000007c0100000, 0x00000007c0100000| Complete 
|   1|0x00000007c0100000, 0x00000007c01fe2a8, 0x00000007c0200000| 99%| O|  |TAMS 0x00000007c01fe2a8, 0x00000007c01fe2a8| Untracked 
|   2|0x00000007c0200000, 0x00000007c02f7a38, 0x00000007c0300000| 96%| O|  |TAMS 0x00000007c02f7a38, 0x00000007c02f7a38| Untracked 
|   3|0x00000007c0300000, 0x00000007c03fffd8, 0x00000007c0400000| 99%| O|  |TAMS 0x00000007c03fffd8, 0x00000007c03fffd8| Untracked 
|   4|0x00000007c0400000, 0x00000007c04e29f8, 0x00000007c0500000| 88%| O|  |TAMS 0x00000007c04e29f8, 0x00000007c04e29f8| Untracked 
|   5|0x00000007c0500000, 0x00000007c05ffff0, 0x00000007c0600000| 99%| O|  |TAMS 0x00000007c05ffff0, 0x00000007c05ffff0| Untracked 
|   6|0x00000007c0600000, 0x00000007c0700000, 0x00000007c0700000|100%| O|  |TAMS 0x00000007c0700000, 0x00000007c0700000| Untracked 
|   7|0x00000007c0700000, 0x00000007c07ffff8, 0x00000007c0800000| 99%| O|  |TAMS 0x00000007c07ffff8, 0x00000007c07ffff8| Untracked 
|   8|0x00000007c0800000, 0x00000007c08fffd0, 0x00000007c0900000| 99%| O|  |TAMS 0x00000007c08fffd0, 0x00000007c08fffd0| Untracked 
|   9|0x00000007c0900000, 0x00000007c0a00000, 0x00000007c0a00000|100%| O|  |TAMS 0x00000007c0a00000, 0x00000007c0a00000| Untracked 
|  10|0x00000007c0a00000, 0x00000007c0afffe8, 0x00000007c0b00000| 99%| O|  |TAMS 0x00000007c0afffe8, 0x00000007c0afffe8| Untracked 
|  11|0x00000007c0b00000, 0x00000007c0bfffd0, 0x00000007c0c00000| 99%| O|  |TAMS 0x00000007c0bfffd0, 0x00000007c0bfffd0| Untracked 
|  12|0x00000007c0c00000, 0x00000007c0d00000, 0x00000007c0d00000|100%| O|  |TAMS 0x00000007c0d00000, 0x00000007c0d00000| Untracked 
|  13|0x00000007c0d00000, 0x00000007c0dfffe0, 0x00000007c0e00000| 99%| O|  |TAMS 0x00000007c0dfffe0, 0x00000007c0dfffe0| Untracked 
|  14|0x00000007c0e00000, 0x00000007c0efffe0, 0x00000007c0f00000| 99%| O|  |TAMS 0x00000007c0efffe0, 0x00000007c0efffe0| Untracked 
|  15|0x00000007c0f00000, 0x00000007c0ffffe0, 0x00000007c1000000| 99%| O|  |TAMS 0x00000007c0ffffe0, 0x00000007c0ffffe0| Untracked 
|  16|0x00000007c1000000, 0x00000007c10fa3d8, 0x00000007c1100000| 97%| O|  |TAMS 0x00000007c10fa3d8, 0x00000007c10fa3d8| Untracked 
|  17|0x00000007c1100000, 0x00000007c11ffff0, 0x00000007c1200000| 99%| O|  |TAMS 0x00000007c11ffff0, 0x00000007c11ffff0| Untracked 
|  18|0x00000007c1200000, 0x00000007c1300000, 0x00000007c1300000|100%| O|  |TAMS 0x00000007c1300000, 0x00000007c1300000| Untracked 
|  19|0x00000007c1300000, 0x00000007c13fffb0, 0x00000007c1400000| 99%| O|  |TAMS 0x00000007c13fffb0, 0x00000007c13fffb0| Untracked 
|  20|0x00000007c1400000, 0x00000007c14fffe8, 0x00000007c1500000| 99%| O|  |TAMS 0x00000007c14fffe8, 0x00000007c14fffe8| Untracked 
|  21|0x00000007c1500000, 0x00000007c15fffe8, 0x00000007c1600000| 99%| O|  |TAMS 0x00000007c15fffe8, 0x00000007c15fffe8| Untracked 
|  22|0x00000007c1600000, 0x00000007c16ffff0, 0x00000007c1700000| 99%| O|  |TAMS 0x00000007c16ffff0, 0x00000007c16ffff0| Untracked 
|  23|0x00000007c1700000, 0x00000007c17ffff8, 0x00000007c1800000| 99%| O|  |TAMS 0x00000007c17ffff8, 0x00000007c17ffff8| Untracked 
|  24|0x00000007c1800000, 0x00000007c18fffa0, 0x00000007c1900000| 99%| O|  |TAMS 0x00000007c18fffa0, 0x00000007c18fffa0| Untracked 
|  25|0x00000007c1900000, 0x00000007c19fff98, 0x00000007c1a00000| 99%| O|  |TAMS 0x00000007c19fff98, 0x00000007c19fff98| Untracked 
|  26|0x00000007c1a00000, 0x00000007c1b00000, 0x00000007c1b00000|100%| O|  |TAMS 0x00000007c1b00000, 0x00000007c1b00000| Untracked 
|  27|0x00000007c1b00000, 0x00000007c1bfffc8, 0x00000007c1c00000| 99%| O|  |TAMS 0x00000007c1bfffc8, 0x00000007c1bfffc8| Untracked 
|  28|0x00000007c1c00000, 0x00000007c1cffff0, 0x00000007c1d00000| 99%| O|  |TAMS 0x00000007c1cffff0, 0x00000007c1cffff0| Untracked 
|  29|0x00000007c1d00000, 0x00000007c1e00000, 0x00000007c1e00000|100%| O|  |TAMS 0x00000007c1e00000, 0x00000007c1e00000| Untracked 
|  30|0x00000007c1e00000, 0x00000007c1f00000, 0x00000007c1f00000|100%| O|  |TAMS 0x00000007c1f00000, 0x00000007c1f00000| Untracked 
|  31|0x00000007c1f00000, 0x00000007c2000000, 0x00000007c2000000|100%| O|  |TAMS 0x00000007c2000000, 0x00000007c2000000| Untracked 
|  32|0x00000007c2000000, 0x00000007c20ffff0, 0x00000007c2100000| 99%| O|  |TAMS 0x00000007c20ffff0, 0x00000007c20ffff0| Untracked 
|  33|0x00000007c2100000, 0x00000007c2200000, 0x00000007c2200000|100%| O|  |TAMS 0x00000007c2200000, 0x00000007c2200000| Untracked 
|  34|0x00000007c2200000, 0x00000007c2300000, 0x00000007c2300000|100%| O|  |TAMS 0x00000007c2300000, 0x00000007c2300000| Untracked 
|  35|0x00000007c2300000, 0x00000007c2400000, 0x00000007c2400000|100%| O|  |TAMS 0x00000007c2400000, 0x00000007c2400000| Untracked 
|  36|0x00000007c2400000, 0x00000007c24fff98, 0x00000007c2500000| 99%| O|  |TAMS 0x00000007c24fff98, 0x00000007c24fff98| Untracked 
|  37|0x00000007c2500000, 0x00000007c25ffff8, 0x00000007c2600000| 99%| O|  |TAMS 0x00000007c25ffff8, 0x00000007c25ffff8| Untracked 
|  38|0x00000007c2600000, 0x00000007c26ffff0, 0x00000007c2700000| 99%| O|  |TAMS 0x00000007c26ffff0, 0x00000007c26ffff0| Untracked 
|  39|0x00000007c2700000, 0x00000007c27ffff8, 0x00000007c2800000| 99%| O|  |TAMS 0x00000007c27ffff8, 0x00000007c27ffff8| Untracked 
|  40|0x00000007c2800000, 0x00000007c28fffd8, 0x00000007c2900000| 99%| O|  |TAMS 0x00000007c28fffd8, 0x00000007c28fffd8| Untracked 
|  41|0x00000007c2900000, 0x00000007c29ffff8, 0x00000007c2a00000| 99%| O|  |TAMS 0x00000007c29ffff8, 0x00000007c29ffff8| Untracked 
|  42|0x00000007c2a00000, 0x00000007c2b00000, 0x00000007c2b00000|100%| O|  |TAMS 0x00000007c2b00000, 0x00000007c2b00000| Untracked 
|  43|0x00000007c2b00000, 0x00000007c2bfffb0, 0x00000007c2c00000| 99%| O|  |TAMS 0x00000007c2bfffb0, 0x00000007c2bfffb0| Untracked 
|  44|0x00000007c2c00000, 0x00000007c2cffff8, 0x00000007c2d00000| 99%| O|  |TAMS 0x00000007c2cffff8, 0x00000007c2cffff8| Untracked 
|  45|0x00000007c2d00000, 0x00000007c2dfffe8, 0x00000007c2e00000| 99%| O|  |TAMS 0x00000007c2dfffe8, 0x00000007c2dfffe8| Untracked 
|  46|0x00000007c2e00000, 0x00000007c2effff8, 0x00000007c2f00000| 99%| O|  |TAMS 0x00000007c2effff8, 0x00000007c2effff8| Untracked 
|  47|0x00000007c2f00000, 0x00000007c2fffff0, 0x00000007c3000000| 99%| O|  |TAMS 0x00000007c2fffff0, 0x00000007c2fffff0| Untracked 
|  48|0x00000007c3000000, 0x00000007c30fffe8, 0x00000007c3100000| 99%| O|  |TAMS 0x00000007c30fffe8, 0x00000007c30fffe8| Untracked 
|  49|0x00000007c3100000, 0x00000007c31ffff0, 0x00000007c3200000| 99%| O|  |TAMS 0x00000007c31ffff0, 0x00000007c31ffff0| Untracked 
|  50|0x00000007c3200000, 0x00000007c32ffff8, 0x00000007c3300000| 99%| O|  |TAMS 0x00000007c32ffff8, 0x00000007c32ffff8| Untracked 
|  51|0x00000007c3300000, 0x00000007c33ffff0, 0x00000007c3400000| 99%| O|  |TAMS 0x00000007c33ffff0, 0x00000007c33ffff0| Untracked 
|  52|0x00000007c3400000, 0x00000007c34fffd8, 0x00000007c3500000| 99%| O|  |TAMS 0x00000007c34fffd8, 0x00000007c34fffd8| Untracked 
|  53|0x00000007c3500000, 0x00000007c3600000, 0x00000007c3600000|100%| O|  |TAMS 0x00000007c3600000, 0x00000007c3600000| Untracked 
|  54|0x00000007c3600000, 0x00000007c36fffe8, 0x00000007c3700000| 99%| O|  |TAMS 0x00000007c36fffe8, 0x00000007c36fffe8| Untracked 
|  55|0x00000007c3700000, 0x00000007c37fffe8, 0x00000007c3800000| 99%| O|  |TAMS 0x00000007c37fffe8, 0x00000007c37fffe8| Untracked 
|  56|0x00000007c3800000, 0x00000007c38ffff0, 0x00000007c3900000| 99%| O|  |TAMS 0x00000007c38ffff0, 0x00000007c38ffff0| Untracked 
|  57|0x00000007c3900000, 0x00000007c39ffff8, 0x00000007c3a00000| 99%| O|  |TAMS 0x00000007c39ffff8, 0x00000007c39ffff8| Untracked 
|  58|0x00000007c3a00000, 0x00000007c3affff8, 0x00000007c3b00000| 99%| O|  |TAMS 0x00000007c3affff8, 0x00000007c3affff8| Untracked 
|  59|0x00000007c3b00000, 0x00000007c3bffff0, 0x00000007c3c00000| 99%| O|  |TAMS 0x00000007c3bffff0, 0x00000007c3bffff0| Untracked 
|  60|0x00000007c3c00000, 0x00000007c3cfffd0, 0x00000007c3d00000| 99%| O|  |TAMS 0x00000007c3cfffd0, 0x00000007c3cfffd0| Untracked 
|  61|0x00000007c3d00000, 0x00000007c3dfffe8, 0x00000007c3e00000| 99%| O|  |TAMS 0x00000007c3dfffe8, 0x00000007c3dfffe8| Untracked 
|  62|0x00000007c3e00000, 0x00000007c3efffe0, 0x00000007c3f00000| 99%| O|  |TAMS 0x00000007c3efffe0, 0x00000007c3efffe0| Untracked 
|  63|0x00000007c3f00000, 0x00000007c3ffffd0, 0x00000007c4000000| 99%| O|  |TAMS 0x00000007c3ffffd0, 0x00000007c3ffffd0| Untracked 
|  64|0x00000007c4000000, 0x00000007c40fffe8, 0x00000007c4100000| 99%| O|  |TAMS 0x00000007c40fffe8, 0x00000007c40fffe8| Untracked 
|  65|0x00000007c4100000, 0x00000007c41fff78, 0x00000007c4200000| 99%| O|  |TAMS 0x00000007c41fff78, 0x00000007c41fff78| Untracked 
|  66|0x00000007c4200000, 0x00000007c42ff868, 0x00000007c4300000| 99%| O|  |TAMS 0x00000007c42ff868, 0x00000007c42ff868| Untracked 
|  67|0x00000007c4300000, 0x00000007c43ffff0, 0x00000007c4400000| 99%| O|  |TAMS 0x00000007c43ffff0, 0x00000007c43ffff0| Untracked 
|  68|0x00000007c4400000, 0x00000007c44ffff8, 0x00000007c4500000| 99%| O|  |TAMS 0x00000007c44ffff8, 0x00000007c44ffff8| Untracked 
|  69|0x00000007c4500000, 0x00000007c4566ac0, 0x00000007c4600000| 40%| O|  |TAMS 0x00000007c4566ac0, 0x00000007c4566ac0| Untracked 
|  70|0x00000007c4600000, 0x00000007c46ffff0, 0x00000007c4700000| 99%| O|  |TAMS 0x00000007c46ffff0, 0x00000007c46ffff0| Untracked 
|  71|0x00000007c4700000, 0x00000007c47ffff0, 0x00000007c4800000| 99%| O|  |TAMS 0x00000007c47ffff0, 0x00000007c47ffff0| Untracked 
|  72|0x00000007c4800000, 0x00000007c48fffe8, 0x00000007c4900000| 99%| O|  |TAMS 0x00000007c48fffe8, 0x00000007c48fffe8| Untracked 
|  73|0x00000007c4900000, 0x00000007c49ffff0, 0x00000007c4a00000| 99%| O|  |TAMS 0x00000007c49ffff0, 0x00000007c49ffff0| Untracked 
|  74|0x00000007c4a00000, 0x00000007c4afffe8, 0x00000007c4b00000| 99%| O|  |TAMS 0x00000007c4afffe8, 0x00000007c4afffe8| Untracked 
|  75|0x00000007c4b00000, 0x00000007c4bfffe8, 0x00000007c4c00000| 99%| O|  |TAMS 0x00000007c4bfffe8, 0x00000007c4bfffe8| Untracked 
|  76|0x00000007c4c00000, 0x00000007c4d00000, 0x00000007c4d00000|100%| O|  |TAMS 0x00000007c4d00000, 0x00000007c4d00000| Untracked 
|  77|0x00000007c4d00000, 0x00000007c4df21c0, 0x00000007c4e00000| 94%| O|  |TAMS 0x00000007c4df21c0, 0x00000007c4df21c0| Untracked 
|  78|0x00000007c4e00000, 0x00000007c4f00000, 0x00000007c4f00000|100%| O|  |TAMS 0x00000007c4f00000, 0x00000007c4f00000| Untracked 
|  79|0x00000007c4f00000, 0x00000007c5000000, 0x00000007c5000000|100%| O|  |TAMS 0x00000007c5000000, 0x00000007c5000000| Untracked 
|  80|0x00000007c5000000, 0x00000007c5100000, 0x00000007c5100000|100%| O|  |TAMS 0x00000007c5100000, 0x00000007c5100000| Untracked 
|  81|0x00000007c5100000, 0x00000007c5200000, 0x00000007c5200000|100%| O|  |TAMS 0x00000007c5200000, 0x00000007c5200000| Untracked 
|  82|0x00000007c5200000, 0x00000007c5300000, 0x00000007c5300000|100%| O|  |TAMS 0x00000007c5300000, 0x00000007c5300000| Untracked 
|  83|0x00000007c5300000, 0x00000007c5400000, 0x00000007c5400000|100%| O|  |TAMS 0x00000007c5400000, 0x00000007c5400000| Untracked 
|  84|0x00000007c5400000, 0x00000007c5500000, 0x00000007c5500000|100%| O|  |TAMS 0x00000007c5500000, 0x00000007c5500000| Untracked 
|  85|0x00000007c5500000, 0x00000007c5600000, 0x00000007c5600000|100%| O|  |TAMS 0x00000007c5600000, 0x00000007c5600000| Untracked 
|  86|0x00000007c5600000, 0x00000007c5700000, 0x00000007c5700000|100%| O|  |TAMS 0x00000007c5700000, 0x00000007c5700000| Untracked 
|  87|0x00000007c5700000, 0x00000007c5800000, 0x00000007c5800000|100%| O|  |TAMS 0x00000007c5800000, 0x00000007c5800000| Untracked 
|  88|0x00000007c5800000, 0x00000007c5900000, 0x00000007c5900000|100%| O|  |TAMS 0x00000007c5900000, 0x00000007c5900000| Untracked 
|  89|0x00000007c5900000, 0x00000007c5a00000, 0x00000007c5a00000|100%| O|  |TAMS 0x00000007c5a00000, 0x00000007c5a00000| Untracked 
|  90|0x00000007c5a00000, 0x00000007c5b00000, 0x00000007c5b00000|100%| O|  |TAMS 0x00000007c5b00000, 0x00000007c5b00000| Untracked 
|  91|0x00000007c5b00000, 0x00000007c5c00000, 0x00000007c5c00000|100%| O|  |TAMS 0x00000007c5c00000, 0x00000007c5c00000| Untracked 
|  92|0x00000007c5c00000, 0x00000007c5d00000, 0x00000007c5d00000|100%| O|  |TAMS 0x00000007c5d00000, 0x00000007c5d00000| Untracked 
|  93|0x00000007c5d00000, 0x00000007c5e00000, 0x00000007c5e00000|100%| O|  |TAMS 0x00000007c5e00000, 0x00000007c5e00000| Untracked 
|  94|0x00000007c5e00000, 0x00000007c5f00000, 0x00000007c5f00000|100%| O|  |TAMS 0x00000007c5f00000, 0x00000007c5f00000| Untracked 
|  95|0x00000007c5f00000, 0x00000007c6000000, 0x00000007c6000000|100%| O|  |TAMS 0x00000007c6000000, 0x00000007c6000000| Untracked 
|  96|0x00000007c6000000, 0x00000007c6100000, 0x00000007c6100000|100%| O|  |TAMS 0x00000007c6100000, 0x00000007c6100000| Untracked 
|  97|0x00000007c6100000, 0x00000007c6200000, 0x00000007c6200000|100%| O|  |TAMS 0x00000007c6200000, 0x00000007c6200000| Untracked 
|  98|0x00000007c6200000, 0x00000007c6300000, 0x00000007c6300000|100%| O|  |TAMS 0x00000007c6300000, 0x00000007c6300000| Untracked 
|  99|0x00000007c6300000, 0x00000007c6300000, 0x00000007c6400000|  0%| F|  |TAMS 0x00000007c6300000, 0x00000007c6300000| Untracked 
| 100|0x00000007c6400000, 0x00000007c6400000, 0x00000007c6500000|  0%| F|  |TAMS 0x00000007c6400000, 0x00000007c6400000| Untracked 
| 101|0x00000007c6500000, 0x00000007c6500000, 0x00000007c6600000|  0%| F|  |TAMS 0x00000007c6500000, 0x00000007c6500000| Untracked 
| 102|0x00000007c6600000, 0x00000007c6600000, 0x00000007c6700000|  0%| F|  |TAMS 0x00000007c6600000, 0x00000007c6600000| Untracked 
| 103|0x00000007c6700000, 0x00000007c6700000, 0x00000007c6800000|  0%| F|  |TAMS 0x00000007c6700000, 0x00000007c6700000| Untracked 
| 104|0x00000007c6800000, 0x00000007c6800000, 0x00000007c6900000|  0%| F|  |TAMS 0x00000007c6800000, 0x00000007c6800000| Untracked 
| 105|0x00000007c6900000, 0x00000007c6900000, 0x00000007c6a00000|  0%| F|  |TAMS 0x00000007c6900000, 0x00000007c6900000| Untracked 
| 106|0x00000007c6a00000, 0x00000007c6a00000, 0x00000007c6b00000|  0%| F|  |TAMS 0x00000007c6a00000, 0x00000007c6a00000| Untracked 
| 107|0x00000007c6b00000, 0x00000007c6b00000, 0x00000007c6c00000|  0%| F|  |TAMS 0x00000007c6b00000, 0x00000007c6b00000| Untracked 
| 108|0x00000007c6c00000, 0x00000007c6c00000, 0x00000007c6d00000|  0%| F|  |TAMS 0x00000007c6c00000, 0x00000007c6c00000| Untracked 
| 109|0x00000007c6d00000, 0x00000007c6d00000, 0x00000007c6e00000|  0%| F|  |TAMS 0x00000007c6d00000, 0x00000007c6d00000| Untracked 
| 110|0x00000007c6e00000, 0x00000007c6e00000, 0x00000007c6f00000|  0%| F|  |TAMS 0x00000007c6e00000, 0x00000007c6e00000| Untracked 
| 111|0x00000007c6f00000, 0x00000007c6f00000, 0x00000007c7000000|  0%| F|  |TAMS 0x00000007c6f00000, 0x00000007c6f00000| Untracked 
| 112|0x00000007c7000000, 0x00000007c7000000, 0x00000007c7100000|  0%| F|  |TAMS 0x00000007c7000000, 0x00000007c7000000| Untracked 
| 113|0x00000007c7100000, 0x00000007c7100000, 0x00000007c7200000|  0%| F|  |TAMS 0x00000007c7100000, 0x00000007c7100000| Untracked 
| 114|0x00000007c7200000, 0x00000007c7200000, 0x00000007c7300000|  0%| F|  |TAMS 0x00000007c7200000, 0x00000007c7200000| Untracked 
| 115|0x00000007c7300000, 0x00000007c7300000, 0x00000007c7400000|  0%| F|  |TAMS 0x00000007c7300000, 0x00000007c7300000| Untracked 
| 116|0x00000007c7400000, 0x00000007c7400000, 0x00000007c7500000|  0%| F|  |TAMS 0x00000007c7400000, 0x00000007c7400000| Untracked 
| 117|0x00000007c7500000, 0x00000007c7500000, 0x00000007c7600000|  0%| F|  |TAMS 0x00000007c7500000, 0x00000007c7500000| Untracked 
| 118|0x00000007c7600000, 0x00000007c7600000, 0x00000007c7700000|  0%| F|  |TAMS 0x00000007c7600000, 0x00000007c7600000| Untracked 
| 119|0x00000007c7700000, 0x00000007c7700000, 0x00000007c7800000|  0%| F|  |TAMS 0x00000007c7700000, 0x00000007c7700000| Untracked 
| 120|0x00000007c7800000, 0x00000007c7800000, 0x00000007c7900000|  0%| F|  |TAMS 0x00000007c7800000, 0x00000007c7800000| Untracked 
| 121|0x00000007c7900000, 0x00000007c7900000, 0x00000007c7a00000|  0%| F|  |TAMS 0x00000007c7900000, 0x00000007c7900000| Untracked 
| 122|0x00000007c7a00000, 0x00000007c7a00000, 0x00000007c7b00000|  0%| F|  |TAMS 0x00000007c7a00000, 0x00000007c7a00000| Untracked 
| 123|0x00000007c7b00000, 0x00000007c7be4e58, 0x00000007c7c00000| 89%| S|CS|TAMS 0x00000007c7b00000, 0x00000007c7b00000| Complete 
| 124|0x00000007c7c00000, 0x00000007c7c00000, 0x00000007c7d00000|  0%| F|  |TAMS 0x00000007c7c00000, 0x00000007c7c00000| Untracked 
| 125|0x00000007c7d00000, 0x00000007c7d00000, 0x00000007c7e00000|  0%| F|  |TAMS 0x00000007c7d00000, 0x00000007c7d00000| Untracked 
| 126|0x00000007c7e00000, 0x00000007c7f00000, 0x00000007c7f00000|100%| S|CS|TAMS 0x00000007c7e00000, 0x00000007c7e00000| Complete 
| 127|0x00000007c7f00000, 0x00000007c7f00000, 0x00000007c8000000|  0%| F|  |TAMS 0x00000007c7f00000, 0x00000007c7f00000| Untracked 
| 128|0x00000007c8000000, 0x00000007c8000000, 0x00000007c8100000|  0%| F|  |TAMS 0x00000007c8000000, 0x00000007c8000000| Untracked 
| 129|0x00000007c8100000, 0x00000007c8100000, 0x00000007c8200000|  0%| F|  |TAMS 0x00000007c8100000, 0x00000007c8100000| Untracked 
| 130|0x00000007c8200000, 0x00000007c8200000, 0x00000007c8300000|  0%| F|  |TAMS 0x00000007c8200000, 0x00000007c8200000| Untracked 
| 131|0x00000007c8300000, 0x00000007c8300000, 0x00000007c8400000|  0%| F|  |TAMS 0x00000007c8300000, 0x00000007c8300000| Untracked 
| 132|0x00000007c8400000, 0x00000007c8400000, 0x00000007c8500000|  0%| F|  |TAMS 0x00000007c8400000, 0x00000007c8400000| Untracked 
| 133|0x00000007c8500000, 0x00000007c8500000, 0x00000007c8600000|  0%| F|  |TAMS 0x00000007c8500000, 0x00000007c8500000| Untracked 
| 134|0x00000007c8600000, 0x00000007c8600000, 0x00000007c8700000|  0%| F|  |TAMS 0x00000007c8600000, 0x00000007c8600000| Untracked 
| 135|0x00000007c8700000, 0x00000007c8700000, 0x00000007c8800000|  0%| F|  |TAMS 0x00000007c8700000, 0x00000007c8700000| Untracked 
| 136|0x00000007c8800000, 0x00000007c8800000, 0x00000007c8900000|  0%| F|  |TAMS 0x00000007c8800000, 0x00000007c8800000| Untracked 
| 137|0x00000007c8900000, 0x00000007c8900000, 0x00000007c8a00000|  0%| F|  |TAMS 0x00000007c8900000, 0x00000007c8900000| Untracked 
| 138|0x00000007c8a00000, 0x00000007c8a00000, 0x00000007c8b00000|  0%| F|  |TAMS 0x00000007c8a00000, 0x00000007c8a00000| Untracked 
| 139|0x00000007c8b00000, 0x00000007c8b00000, 0x00000007c8c00000|  0%| F|  |TAMS 0x00000007c8b00000, 0x00000007c8b00000| Untracked 
| 140|0x00000007c8c00000, 0x00000007c8c00000, 0x00000007c8d00000|  0%| F|  |TAMS 0x00000007c8c00000, 0x00000007c8c00000| Untracked 
| 141|0x00000007c8d00000, 0x00000007c8d00000, 0x00000007c8e00000|  0%| F|  |TAMS 0x00000007c8d00000, 0x00000007c8d00000| Untracked 
| 142|0x00000007c8e00000, 0x00000007c8e00000, 0x00000007c8f00000|  0%| F|  |TAMS 0x00000007c8e00000, 0x00000007c8e00000| Untracked 
| 143|0x00000007c8f00000, 0x00000007c8f00000, 0x00000007c9000000|  0%| F|  |TAMS 0x00000007c8f00000, 0x00000007c8f00000| Untracked 
| 144|0x00000007c9000000, 0x00000007c9000000, 0x00000007c9100000|  0%| F|  |TAMS 0x00000007c9000000, 0x00000007c9000000| Untracked 
| 145|0x00000007c9100000, 0x00000007c9100000, 0x00000007c9200000|  0%| F|  |TAMS 0x00000007c9100000, 0x00000007c9100000| Untracked 
| 146|0x00000007c9200000, 0x00000007c9200000, 0x00000007c9300000|  0%| F|  |TAMS 0x00000007c9200000, 0x00000007c9200000| Untracked 
| 147|0x00000007c9300000, 0x00000007c9300000, 0x00000007c9400000|  0%| F|  |TAMS 0x00000007c9300000, 0x00000007c9300000| Untracked 
| 148|0x00000007c9400000, 0x00000007c9400000, 0x00000007c9500000|  0%| F|  |TAMS 0x00000007c9400000, 0x00000007c9400000| Untracked 
| 149|0x00000007c9500000, 0x00000007c9500000, 0x00000007c9600000|  0%| F|  |TAMS 0x00000007c9500000, 0x00000007c9500000| Untracked 
| 150|0x00000007c9600000, 0x00000007c9600000, 0x00000007c9700000|  0%| F|  |TAMS 0x00000007c9600000, 0x00000007c9600000| Untracked 
| 151|0x00000007c9700000, 0x00000007c9700000, 0x00000007c9800000|  0%| F|  |TAMS 0x00000007c9700000, 0x00000007c9700000| Untracked 
| 152|0x00000007c9800000, 0x00000007c9800000, 0x00000007c9900000|  0%| F|  |TAMS 0x00000007c9800000, 0x00000007c9800000| Untracked 
| 153|0x00000007c9900000, 0x00000007c9900000, 0x00000007c9a00000|  0%| F|  |TAMS 0x00000007c9900000, 0x00000007c9900000| Untracked 
| 154|0x00000007c9a00000, 0x00000007c9a00000, 0x00000007c9b00000|  0%| F|  |TAMS 0x00000007c9a00000, 0x00000007c9a00000| Untracked 
| 155|0x00000007c9b00000, 0x00000007c9b00000, 0x00000007c9c00000|  0%| F|  |TAMS 0x00000007c9b00000, 0x00000007c9b00000| Untracked 
| 156|0x00000007c9c00000, 0x00000007c9c00000, 0x00000007c9d00000|  0%| F|  |TAMS 0x00000007c9c00000, 0x00000007c9c00000| Untracked 
| 157|0x00000007c9d00000, 0x00000007c9d00000, 0x00000007c9e00000|  0%| F|  |TAMS 0x00000007c9d00000, 0x00000007c9d00000| Untracked 
| 158|0x00000007c9e00000, 0x00000007c9e00000, 0x00000007c9f00000|  0%| F|  |TAMS 0x00000007c9e00000, 0x00000007c9e00000| Untracked 
| 159|0x00000007c9f00000, 0x00000007c9f00000, 0x00000007ca000000|  0%| F|  |TAMS 0x00000007c9f00000, 0x00000007c9f00000| Untracked 
| 160|0x00000007ca000000, 0x00000007ca000000, 0x00000007ca100000|  0%| F|  |TAMS 0x00000007ca000000, 0x00000007ca000000| Untracked 
| 161|0x00000007ca100000, 0x00000007ca100000, 0x00000007ca200000|  0%| F|  |TAMS 0x00000007ca100000, 0x00000007ca100000| Untracked 
| 162|0x00000007ca200000, 0x00000007ca200000, 0x00000007ca300000|  0%| F|  |TAMS 0x00000007ca200000, 0x00000007ca200000| Untracked 
| 163|0x00000007ca300000, 0x00000007ca300000, 0x00000007ca400000|  0%| F|  |TAMS 0x00000007ca300000, 0x00000007ca300000| Untracked 
| 164|0x00000007ca400000, 0x00000007ca400000, 0x00000007ca500000|  0%| F|  |TAMS 0x00000007ca400000, 0x00000007ca400000| Untracked 
| 165|0x00000007ca500000, 0x00000007ca500000, 0x00000007ca600000|  0%| F|  |TAMS 0x00000007ca500000, 0x00000007ca500000| Untracked 
| 166|0x00000007ca600000, 0x00000007ca600000, 0x00000007ca700000|  0%| F|  |TAMS 0x00000007ca600000, 0x00000007ca600000| Untracked 
| 167|0x00000007ca700000, 0x00000007ca700000, 0x00000007ca800000|  0%| F|  |TAMS 0x00000007ca700000, 0x00000007ca700000| Untracked 
| 168|0x00000007ca800000, 0x00000007ca800000, 0x00000007ca900000|  0%| F|  |TAMS 0x00000007ca800000, 0x00000007ca800000| Untracked 
| 169|0x00000007ca900000, 0x00000007ca900000, 0x00000007caa00000|  0%| F|  |TAMS 0x00000007ca900000, 0x00000007ca900000| Untracked 
| 170|0x00000007caa00000, 0x00000007caa00000, 0x00000007cab00000|  0%| F|  |TAMS 0x00000007caa00000, 0x00000007caa00000| Untracked 
| 171|0x00000007cab00000, 0x00000007cab00000, 0x00000007cac00000|  0%| F|  |TAMS 0x00000007cab00000, 0x00000007cab00000| Untracked 
| 172|0x00000007cac00000, 0x00000007cac00000, 0x00000007cad00000|  0%| F|  |TAMS 0x00000007cac00000, 0x00000007cac00000| Untracked 
| 173|0x00000007cad00000, 0x00000007cad00000, 0x00000007cae00000|  0%| F|  |TAMS 0x00000007cad00000, 0x00000007cad00000| Untracked 
| 174|0x00000007cae00000, 0x00000007cae00000, 0x00000007caf00000|  0%| F|  |TAMS 0x00000007cae00000, 0x00000007cae00000| Untracked 
| 175|0x00000007caf00000, 0x00000007caf00000, 0x00000007cb000000|  0%| F|  |TAMS 0x00000007caf00000, 0x00000007caf00000| Untracked 
| 176|0x00000007cb000000, 0x00000007cb000000, 0x00000007cb100000|  0%| F|  |TAMS 0x00000007cb000000, 0x00000007cb000000| Untracked 
| 177|0x00000007cb100000, 0x00000007cb100000, 0x00000007cb200000|  0%| F|  |TAMS 0x00000007cb100000, 0x00000007cb100000| Untracked 
| 178|0x00000007cb200000, 0x00000007cb200000, 0x00000007cb300000|  0%| F|  |TAMS 0x00000007cb200000, 0x00000007cb200000| Untracked 
| 179|0x00000007cb300000, 0x00000007cb300000, 0x00000007cb400000|  0%| F|  |TAMS 0x00000007cb300000, 0x00000007cb300000| Untracked 
| 180|0x00000007cb400000, 0x00000007cb400000, 0x00000007cb500000|  0%| F|  |TAMS 0x00000007cb400000, 0x00000007cb400000| Untracked 
| 181|0x00000007cb500000, 0x00000007cb500000, 0x00000007cb600000|  0%| F|  |TAMS 0x00000007cb500000, 0x00000007cb500000| Untracked 
| 182|0x00000007cb600000, 0x00000007cb6881a0, 0x00000007cb700000| 53%| E|  |TAMS 0x00000007cb600000, 0x00000007cb600000| Complete 

Card table byte_map: [0x000000011f33a000,0x000000011f53a000] _byte_map_base: 0x000000011b53a000

Marking Bits (Prev, Next): (CMBitMap*) 0x00007fd1a3820a50, (CMBitMap*) 0x00007fd1a3820a18
 Prev Bits: [0x000000012073a000, 0x000000012173a000)
 Next Bits: [0x000000011f73a000, 0x000000012073a000)

Polling page: 0x00000001075f5000

Metaspace:

Usage:
  Non-class:     80.18 MB capacity,    78.90 MB ( 98%) used,     1.04 MB (  1%) free+waste,   256.62 KB ( <1%) overhead. 
      Class:     11.13 MB capacity,    10.36 MB ( 93%) used,   681.16 KB (  6%) free+waste,   108.38 KB ( <1%) overhead. 
       Both:     91.32 MB capacity,    89.26 MB ( 98%) used,     1.70 MB (  2%) free+waste,   365.00 KB ( <1%) overhead. 

Virtual space:
  Non-class space:       82.00 MB reserved,      80.50 MB ( 98%) committed 
      Class space:        1.00 GB reserved,      11.32 MB (  1%) committed 
             Both:        1.08 GB reserved,      91.82 MB (  8%) committed 

Chunk freelists:
   Non-Class:  36.25 KB
       Class:  10.88 KB
        Both:  47.12 KB

CodeHeap 'non-profiled nmethods': size=120036Kb used=8088Kb max_used=8088Kb free=111947Kb
 bounds [0x000000011781f000, 0x000000011800f000, 0x000000011ed58000]
CodeHeap 'profiled nmethods': size=120032Kb used=26401Kb max_used=26401Kb free=93630Kb
 bounds [0x00000001102e7000, 0x0000000111ce7000, 0x000000011781f000]
CodeHeap 'non-nmethods': size=5692Kb used=1254Kb max_used=1301Kb free=4437Kb
 bounds [0x000000010fd58000, 0x000000010ffc8000, 0x00000001102e7000]
 total_blobs=18949 nmethods=13423 adapters=559
 compilation: enabled
              stopped_count=0, restarted_count=0
 full_count=0

Compilation events (10 events):
Event: 2567.704 Thread 0x00007fd1a383b000 15915       4       org.springframework.boot.devtools.filewatch.FileSystemWatcher$Watcher::isDifferent (105 bytes)
Event: 2567.724 Thread 0x00007fd1a30ac000 15916       1       org.apache.tomcat.util.net.NioEndpoint::access$200 (5 bytes)
Event: 2567.724 Thread 0x00007fd1a30ac000 nmethod 15916 0x0000000118002410 code [0x00000001180025c0, 0x00000001180026b0]
Event: 2568.175 Thread 0x00007fd1a383b000 nmethod 15915 0x0000000118002790 code [0x0000000118002ac0, 0x0000000118004d08]
Event: 2568.176 Thread 0x00007fd1a383b000 15917       4       jdk.internal.loader.BuiltinClassLoader::loadClassOrNull (7 bytes)
Event: 2568.177 Thread 0x00007fd1a383b000 nmethod 15917 0x0000000118006010 code [0x00000001180061a0, 0x0000000118006228]
Event: 2576.518 Thread 0x00007fd1a30ac000 15918       3       java.util.TreeSet::iterator (15 bytes)
Event: 2576.518 Thread 0x00007fd1a30ac000 nmethod 15918 0x000000011128b810 code [0x000000011128b9e0, 0x000000011128bcd8]
Event: 2586.520 Thread 0x00007fd1a30ac000 15919       3       org.apache.catalina.webresources.AbstractFileResourceSet::gc (1 bytes)
Event: 2586.520 Thread 0x00007fd1a30ac000 nmethod 15919 0x0000000110af6a90 code [0x0000000110af6c40, 0x0000000110af6d90]

GC Heap History (10 events):
Event: 2316.130 GC heap before
{Heap before GC invocations=110 (full 5):
 garbage-first heap   total 187392K, used 159565K [0x00000007c0000000, 0x0000000800000000)
  region size 1024K, 66 young (67584K), 5 survivors (5120K)
 Metaspace       used 90040K, capacity 92152K, committed 92876K, reserved 1130496K
  class space    used 10540K, capacity 11332K, committed 11468K, reserved 1048576K
}
Event: 2316.156 GC heap after
{Heap after GC invocations=111 (full 5):
 garbage-first heap   total 187392K, used 98639K [0x00000007c0000000, 0x0000000800000000)
  region size 1024K, 6 young (6144K), 6 survivors (6144K)
 Metaspace       used 90040K, capacity 92152K, committed 92876K, reserved 1130496K
  class space    used 10540K, capacity 11332K, committed 11468K, reserved 1048576K
}
Event: 2317.468 GC heap before
{Heap before GC invocations=112 (full 5):
 garbage-first heap   total 187392K, used 159055K [0x00000007c0000000, 0x0000000800000000)
  region size 1024K, 65 young (66560K), 6 survivors (6144K)
 Metaspace       used 90930K, capacity 93127K, committed 93772K, reserved 1132544K
  class space    used 10600K, capacity 11388K, committed 11596K, reserved 1048576K
}
Event: 2317.497 GC heap after
{Heap after GC invocations=113 (full 5):
 garbage-first heap   total 187392K, used 101748K [0x00000007c0000000, 0x0000000800000000)
  region size 1024K, 8 young (8192K), 8 survivors (8192K)
 Metaspace       used 90930K, capacity 93127K, committed 93772K, reserved 1132544K
  class space    used 10600K, capacity 11388K, committed 11596K, reserved 1048576K
}
Event: 2387.805 GC heap before
{Heap before GC invocations=113 (full 5):
 garbage-first heap   total 187392K, used 157044K [0x00000007c0000000, 0x0000000800000000)
  region size 1024K, 63 young (64512K), 8 survivors (8192K)
 Metaspace       used 91018K, capacity 93131K, committed 93772K, reserved 1132544K
  class space    used 10602K, capacity 11389K, committed 11596K, reserved 1048576K
}
Event: 2388.018 GC heap after
{Heap after GC invocations=114 (full 5):
 garbage-first heap   total 187392K, used 102058K [0x00000007c0000000, 0x0000000800000000)
  region size 1024K, 2 young (2048K), 2 survivors (2048K)
 Metaspace       used 91018K, capacity 93131K, committed 93772K, reserved 1132544K
  class space    used 10602K, capacity 11389K, committed 11596K, reserved 1048576K
}
Event: 2494.057 GC heap before
{Heap before GC invocations=115 (full 5):
 garbage-first heap   total 187392K, used 157354K [0x00000007c0000000, 0x0000000800000000)
  region size 1024K, 57 young (58368K), 2 survivors (2048K)
 Metaspace       used 91274K, capacity 93424K, committed 94028K, reserved 1132544K
  class space    used 10608K, capacity 11396K, committed 11596K, reserved 1048576K
}
Event: 2494.170 GC heap after
{Heap after GC invocations=116 (full 5):
 garbage-first heap   total 187392K, used 102399K [0x00000007c0000000, 0x0000000800000000)
  region size 1024K, 2 young (2048K), 2 survivors (2048K)
 Metaspace       used 91274K, capacity 93424K, committed 94028K, reserved 1132544K
  class space    used 10608K, capacity 11396K, committed 11596K, reserved 1048576K
}
Event: 2606.434 GC heap before
{Heap before GC invocations=116 (full 5):
 garbage-first heap   total 187392K, used 158719K [0x00000007c0000000, 0x0000000800000000)
  region size 1024K, 58 young (59392K), 2 survivors (2048K)
 Metaspace       used 91400K, capacity 93507K, committed 94028K, reserved 1132544K
  class space    used 10611K, capacity 11401K, committed 11596K, reserved 1048576K
}
Event: 2606.463 GC heap after
{Heap after GC invocations=117 (full 5):
 garbage-first heap   total 187392K, used 102461K [0x00000007c0000000, 0x0000000800000000)
  region size 1024K, 2 young (2048K), 2 survivors (2048K)
 Metaspace       used 91400K, capacity 93507K, committed 94028K, reserved 1132544K
  class space    used 10611K, capacity 11401K, committed 11596K, reserved 1048576K
}

Deoptimization events (10 events):
Event: 1948.817 Thread 0x00007fd1a3b8a000 Uncommon trap: reason=class_check action=maybe_recompile pc=0x00000001179767d0 method=org.springframework.util.StringUtils.toStringArray(Ljava/util/Collection;)[Ljava/lang/String; @ 5 c2
Event: 1948.837 Thread 0x00007fd1a3b8a000 Uncommon trap: reason=class_check action=maybe_recompile pc=0x00000001179767d0 method=org.springframework.util.StringUtils.toStringArray(Ljava/util/Collection;)[Ljava/lang/String; @ 5 c2
Event: 1950.450 Thread 0x00007fd1a3b8a000 Uncommon trap: reason=unstable_if action=reinterpret pc=0x0000000117cac48c method=org.springframework.asm.MethodVisitor.visitFieldInsn(ILjava/lang/String;Ljava/lang/String;Ljava/lang/String;)V @ 4 c2
Event: 1950.674 Thread 0x00007fd1a3b8a000 Uncommon trap: reason=null_check action=make_not_entrant pc=0x0000000117d0a034 method=org.springframework.core.ResolvableType.getNested(ILjava/util/Map;)Lorg/springframework/core/ResolvableType; @ 63 c2
Event: 1952.334 Thread 0x00007fd1a3b8a000 Uncommon trap: reason=unstable_if action=reinterpret pc=0x0000000117e7082c method=org.springframework.transaction.interceptor.TransactionAttributeSourcePointcut.matches(Ljava/lang/reflect/Method;Ljava/lang/Class;)Z @ 24 c2
Event: 2250.742 Thread 0x00007fd1a3464800 Uncommon trap: reason=unstable_if action=reinterpret pc=0x0000000117dd0228 method=java.util.AbstractSet.equals(Ljava/lang/Object;)Z @ 31 c2
Event: 2254.513 Thread 0x00007fd1a3ca2800 Uncommon trap: reason=unstable_if action=reinterpret pc=0x0000000117c657cc method=java.io.BufferedOutputStream.write([BII)V @ 35 c2
Event: 2315.585 Thread 0x00007fd1a3fe2000 Uncommon trap: reason=unstable_if action=reinterpret pc=0x0000000117efbff4 method=org.hibernate.internal.util.StringHelper.isEmpty(Ljava/lang/String;)Z @ 1 c2
Event: 2397.663 Thread 0x00007fd1a3576000 Uncommon trap: reason=unstable_if action=reinterpret pc=0x0000000117af729c method=java.lang.ref.SoftReference.get()Ljava/lang/Object; @ 6 c2
Event: 2567.760 Thread 0x00007fd1a717f800 Uncommon trap: reason=unstable_if action=reinterpret pc=0x0000000117c9540c method=java.lang.ref.SoftReference.get()Ljava/lang/Object; @ 6 c2

Classes redefined (0 events):
No events

Internal exceptions (10 events):
Event: 2604.199 Thread 0x00007fd1a53a0800 Exception <a 'java/security/PrivilegedActionException'{0x00000007c7f27758}> (0x00000007c7f27758) thrown at [/scratch/mesos/slaves/07fc96ef-bf4d-487f-b22f-a84e49f5f44a-S27799/frameworks/1735e8a2-a1db-478c-8104-60c8b0af87dd-0196/executors/23259148-f5c6-492a
Event: 2604.201 Thread 0x00007fd1a53a0800 Exception <a 'java/security/PrivilegedActionException'{0x00000007c7f34a28}> (0x00000007c7f34a28) thrown at [/scratch/mesos/slaves/07fc96ef-bf4d-487f-b22f-a84e49f5f44a-S27799/frameworks/1735e8a2-a1db-478c-8104-60c8b0af87dd-0196/executors/23259148-f5c6-492a
Event: 2604.203 Thread 0x00007fd1a53a0800 Exception <a 'java/security/PrivilegedActionException'{0x00000007c7f405d8}> (0x00000007c7f405d8) thrown at [/scratch/mesos/slaves/07fc96ef-bf4d-487f-b22f-a84e49f5f44a-S27799/frameworks/1735e8a2-a1db-478c-8104-60c8b0af87dd-0196/executors/23259148-f5c6-492a
Event: 2604.205 Thread 0x00007fd1a53a0800 Exception <a 'java/security/PrivilegedActionException'{0x00000007c7f4c198}> (0x00000007c7f4c198) thrown at [/scratch/mesos/slaves/07fc96ef-bf4d-487f-b22f-a84e49f5f44a-S27799/frameworks/1735e8a2-a1db-478c-8104-60c8b0af87dd-0196/executors/23259148-f5c6-492a
Event: 2604.207 Thread 0x00007fd1a53a0800 Exception <a 'java/security/PrivilegedActionException'{0x00000007c7f57f40}> (0x00000007c7f57f40) thrown at [/scratch/mesos/slaves/07fc96ef-bf4d-487f-b22f-a84e49f5f44a-S27799/frameworks/1735e8a2-a1db-478c-8104-60c8b0af87dd-0196/executors/23259148-f5c6-492a
Event: 2604.208 Thread 0x00007fd1a53a0800 Exception <a 'java/security/PrivilegedActionException'{0x00000007c7f639e0}> (0x00000007c7f639e0) thrown at [/scratch/mesos/slaves/07fc96ef-bf4d-487f-b22f-a84e49f5f44a-S27799/frameworks/1735e8a2-a1db-478c-8104-60c8b0af87dd-0196/executors/23259148-f5c6-492a
Event: 2604.210 Thread 0x00007fd1a53a0800 Exception <a 'java/security/PrivilegedActionException'{0x00000007c7f6f4e0}> (0x00000007c7f6f4e0) thrown at [/scratch/mesos/slaves/07fc96ef-bf4d-487f-b22f-a84e49f5f44a-S27799/frameworks/1735e8a2-a1db-478c-8104-60c8b0af87dd-0196/executors/23259148-f5c6-492a
Event: 2604.212 Thread 0x00007fd1a53a0800 Exception <a 'java/security/PrivilegedActionException'{0x00000007c7f7b0a0}> (0x00000007c7f7b0a0) thrown at [/scratch/mesos/slaves/07fc96ef-bf4d-487f-b22f-a84e49f5f44a-S27799/frameworks/1735e8a2-a1db-478c-8104-60c8b0af87dd-0196/executors/23259148-f5c6-492a
Event: 2604.214 Thread 0x00007fd1a53a0800 Exception <a 'java/security/PrivilegedActionException'{0x00000007c7f86bf0}> (0x00000007c7f86bf0) thrown at [/scratch/mesos/slaves/07fc96ef-bf4d-487f-b22f-a84e49f5f44a-S27799/frameworks/1735e8a2-a1db-478c-8104-60c8b0af87dd-0196/executors/23259148-f5c6-492a
Event: 2604.216 Thread 0x00007fd1a53a0800 Exception <a 'java/security/PrivilegedActionException'{0x00000007c7f926c0}> (0x00000007c7f926c0) thrown at [/scratch/mesos/slaves/07fc96ef-bf4d-487f-b22f-a84e49f5f44a-S27799/frameworks/1735e8a2-a1db-478c-8104-60c8b0af87dd-0196/executors/23259148-f5c6-492a

Events (10 events):
Event: 2576.519 Executing VM operation: RevokeBias done
Event: 2576.519 Executing VM operation: RevokeBias
Event: 2576.519 Executing VM operation: RevokeBias done
Event: 2576.519 Executing VM operation: RevokeBias
Event: 2576.519 Executing VM operation: RevokeBias done
Event: 2576.519 Executing VM operation: RevokeBias
Event: 2576.519 Executing VM operation: RevokeBias done
Event: 2606.434 Executing VM operation: G1CollectForAllocation
Event: 2606.463 Executing VM operation: G1CollectForAllocation done
Event: 2607.110 Executing VM operation: CGC_Operation


Dynamic libraries:
0x00007fff8f5d7000 	/System/Library/Frameworks/Cocoa.framework/Versions/A/Cocoa
0x00007fff94b96000 	/System/Library/Frameworks/Security.framework/Versions/A/Security
0x00007fff8c3ba000 	/System/Library/Frameworks/ApplicationServices.framework/Versions/A/ApplicationServices
0x00007fff9c447000 	/usr/lib/libz.1.dylib
0x00007fff92fcc000 	/usr/lib/libSystem.B.dylib
0x00007fff8dbbe000 	/System/Library/Frameworks/CoreFoundation.framework/Versions/A/CoreFoundation
0x00007fff8f5d8000 	/System/Library/Frameworks/Foundation.framework/Versions/C/Foundation
0x00007fff9e12a000 	/usr/lib/libobjc.A.dylib
0x00007fff931b7000 	/System/Library/Frameworks/AppKit.framework/Versions/C/AppKit
0x00007fff92c92000 	/System/Library/Frameworks/CoreData.framework/Versions/A/CoreData
0x00007fff8d997000 	/System/Library/PrivateFrameworks/RemoteViewServices.framework/Versions/A/RemoteViewServices
0x00007fff8d818000 	/System/Library/PrivateFrameworks/UIFoundation.framework/Versions/A/UIFoundation
0x00007fff9248a000 	/usr/lib/libScreenReader.dylib
0x00007fff92fe7000 	/System/Library/Frameworks/Accelerate.framework/Versions/A/Accelerate
0x00007fff8cad0000 	/System/Library/Frameworks/IOSurface.framework/Versions/A/IOSurface
0x00007fff95624000 	/System/Library/Frameworks/AudioToolbox.framework/Versions/A/AudioToolbox
0x00007fff8d53f000 	/System/Library/Frameworks/AudioUnit.framework/Versions/A/AudioUnit
0x00007fff9c55b000 	/System/Library/PrivateFrameworks/DataDetectorsCore.framework/Versions/A/DataDetectorsCore
0x00007fff89fa1000 	/System/Library/PrivateFrameworks/DesktopServicesPriv.framework/Versions/A/DesktopServicesPriv
0x00007fff99e60000 	/System/Library/Frameworks/Carbon.framework/Versions/A/Frameworks/HIToolbox.framework/Versions/A/HIToolbox
0x00007fff948bf000 	/System/Library/Frameworks/QuartzCore.framework/Versions/A/QuartzCore
0x00007fff8a4e6000 	/System/Library/Frameworks/Carbon.framework/Versions/A/Frameworks/SpeechRecognition.framework/Versions/A/SpeechRecognition
0x00007fff9ee38000 	/usr/lib/libauto.dylib
0x00007fff8c097000 	/usr/lib/libicucore.A.dylib
0x00007fff92834000 	/usr/lib/libxml2.2.dylib
0x00007fff96861000 	/System/Library/PrivateFrameworks/CoreUI.framework/Versions/A/CoreUI
0x00007fff8a27e000 	/System/Library/Frameworks/CoreAudio.framework/Versions/A/CoreAudio
0x00007fff96471000 	/System/Library/Frameworks/DiskArbitration.framework/Versions/A/DiskArbitration
0x00007fff9818f000 	/usr/lib/liblangid.dylib
0x00007fff9c4ef000 	/System/Library/PrivateFrameworks/MultitouchSupport.framework/Versions/A/MultitouchSupport
0x00007fff9785f000 	/System/Library/Frameworks/IOKit.framework/Versions/A/IOKit
0x00007fff8a4e4000 	/usr/lib/libDiagnosticMessagesClient.dylib
0x00007fff9cce6000 	/System/Library/Frameworks/CoreServices.framework/Versions/A/CoreServices
0x00007fff89536000 	/System/Library/PrivateFrameworks/PerformanceAnalysis.framework/Versions/A/PerformanceAnalysis
0x00007fff9d1ac000 	/System/Library/PrivateFrameworks/GenerationalStorage.framework/Versions/A/GenerationalStorage
0x00007fff9ec1c000 	/System/Library/Frameworks/OpenGL.framework/Versions/A/OpenGL
0x00007fff8ee50000 	/System/Library/PrivateFrameworks/Sharing.framework/Versions/A/Sharing
0x00007fff9098f000 	/System/Library/Frameworks/CoreGraphics.framework/Versions/A/CoreGraphics
0x00007fff9e4a2000 	/System/Library/Frameworks/CoreImage.framework/Versions/A/CoreImage
0x00007fff9632a000 	/System/Library/Frameworks/CoreText.framework/Versions/A/CoreText
0x00007fff8f182000 	/System/Library/Frameworks/ImageIO.framework/Versions/A/ImageIO
0x00007fff9f2e4000 	/System/Library/PrivateFrameworks/Backup.framework/Versions/A/Backup
0x00007fff9e0c9000 	/usr/lib/libextension.dylib
0x00007fff8a505000 	/usr/lib/libarchive.2.dylib
0x00007fff8bb39000 	/System/Library/Frameworks/CFNetwork.framework/Versions/A/CFNetwork
0x00007fff92f60000 	/System/Library/Frameworks/SystemConfiguration.framework/Versions/A/SystemConfiguration
0x00007fff8bdc1000 	/usr/lib/libCRFSuite.dylib
0x00007fff8da60000 	/usr/lib/libc++.1.dylib
0x00007fff9585b000 	/usr/lib/libc++abi.dylib
0x00007fff95554000 	/usr/lib/system/libcache.dylib
0x00007fff95167000 	/usr/lib/system/libcommonCrypto.dylib
0x00007fff9d2bc000 	/usr/lib/system/libcompiler_rt.dylib
0x00007fff954fa000 	/usr/lib/system/libcopyfile.dylib
0x00007fff8f464000 	/usr/lib/system/libcorecrypto.dylib
0x00007fff8ae18000 	/usr/lib/system/libdispatch.dylib
0x00007fff92b11000 	/usr/lib/system/libdyld.dylib
0x00007fff8ea4c000 	/usr/lib/system/libkeymgr.dylib
0x00007fff9d2c4000 	/usr/lib/system/liblaunch.dylib
0x00007fff89434000 	/usr/lib/system/libmacho.dylib
0x00007fff924a8000 	/usr/lib/system/libquarantine.dylib
0x00007fff8a1f7000 	/usr/lib/system/libremovefile.dylib
0x00007fff8f93a000 	/usr/lib/system/libsystem_asl.dylib
0x00007fff893d8000 	/usr/lib/system/libsystem_blocks.dylib
0x00007fff8cde8000 	/usr/lib/system/libsystem_c.dylib
0x00007fff8ae12000 	/usr/lib/system/libsystem_configuration.dylib
0x00007fff8ba9e000 	/usr/lib/system/libsystem_coreservices.dylib
0x00007fff8b343000 	/usr/lib/system/libsystem_coretls.dylib
0x00007fff8d549000 	/usr/lib/system/libsystem_dnssd.dylib
0x00007fff8fafe000 	/usr/lib/system/libsystem_info.dylib
0x00007fff93008000 	/usr/lib/system/libsystem_kernel.dylib
0x00007fff92a7a000 	/usr/lib/system/libsystem_m.dylib
0x00007fff9e6c4000 	/usr/lib/system/libsystem_malloc.dylib
0x00007fff92aaa000 	/usr/lib/system/libsystem_network.dylib
0x00007fff9470f000 	/usr/lib/system/libsystem_networkextension.dylib
0x00007fff9af29000 	/usr/lib/system/libsystem_notify.dylib
0x00007fff9e6e1000 	/usr/lib/system/libsystem_platform.dylib
0x00007fff9cc1b000 	/usr/lib/system/libsystem_pthread.dylib
0x00007fff8f4dc000 	/usr/lib/system/libsystem_sandbox.dylib
0x00007fff8a1ff000 	/usr/lib/system/libsystem_secinit.dylib
0x00007fff95155000 	/usr/lib/system/libsystem_trace.dylib
0x00007fff91dd7000 	/usr/lib/system/libunc.dylib
0x00007fff8c3bb000 	/usr/lib/system/libunwind.dylib
0x00007fff89f59000 	/usr/lib/system/libxpc.dylib
0x00007fff96860000 	/usr/lib/libenergytrace.dylib
0x00007fff96460000 	/usr/lib/libbsm.0.dylib
0x00007fff8ae93000 	/usr/lib/system/libkxld.dylib
0x00007fff8a4c3000 	/usr/lib/libxar.1.dylib
0x00007fff92b74000 	/usr/lib/libsqlite3.dylib
0x00007fff89f83000 	/usr/lib/libpam.2.dylib
0x00007fff89f58000 	/usr/lib/libOpenScriptingUtil.dylib
0x00007fff8a4d5000 	/usr/lib/libbz2.1.0.dylib
0x00007fff954df000 	/usr/lib/liblzma.5.dylib
0x00007fff955ac000 	/System/Library/Frameworks/CoreServices.framework/Versions/A/Frameworks/FSEvents.framework/Versions/A/FSEvents
0x00007fff8ee73000 	/System/Library/Frameworks/CoreServices.framework/Versions/A/Frameworks/CarbonCore.framework/Versions/A/CarbonCore
0x00007fff9a9d6000 	/System/Library/Frameworks/CoreServices.framework/Versions/A/Frameworks/Metadata.framework/Versions/A/Metadata
0x00007fff96760000 	/System/Library/Frameworks/CoreServices.framework/Versions/A/Frameworks/OSServices.framework/Versions/A/OSServices
0x00007fff94764000 	/System/Library/Frameworks/CoreServices.framework/Versions/A/Frameworks/SearchKit.framework/Versions/A/SearchKit
0x00007fff903df000 	/System/Library/Frameworks/CoreServices.framework/Versions/A/Frameworks/AE.framework/Versions/A/AE
0x00007fff89dfe000 	/System/Library/Frameworks/CoreServices.framework/Versions/A/Frameworks/LaunchServices.framework/Versions/A/LaunchServices
0x00007fff977ae000 	/System/Library/Frameworks/CoreServices.framework/Versions/A/Frameworks/DictionaryServices.framework/Versions/A/DictionaryServices
0x00007fff8dab4000 	/System/Library/Frameworks/CoreServices.framework/Versions/A/Frameworks/SharedFileList.framework/Versions/A/SharedFileList
0x00007fff903d6000 	/System/Library/Frameworks/NetFS.framework/Versions/A/NetFS
0x00007fff93027000 	/System/Library/PrivateFrameworks/NetAuth.framework/Versions/A/NetAuth
0x00007fff8b12e000 	/System/Library/PrivateFrameworks/login.framework/Versions/A/Frameworks/loginsupport.framework/Versions/A/loginsupport
0x00007fff98191000 	/System/Library/PrivateFrameworks/TCC.framework/Versions/A/TCC
0x00007fff8ea4d000 	/usr/lib/libmecabra.dylib
0x00007fff8ae9f000 	/System/Library/Frameworks/ApplicationServices.framework/Versions/A/Frameworks/ATS.framework/Versions/A/ATS
0x00007fff9accf000 	/System/Library/Frameworks/ApplicationServices.framework/Versions/A/Frameworks/ColorSync.framework/Versions/A/ColorSync
0x00007fff893e7000 	/System/Library/Frameworks/ApplicationServices.framework/Versions/A/Frameworks/HIServices.framework/Versions/A/HIServices
0x00007fff8cc6f000 	/System/Library/Frameworks/ApplicationServices.framework/Versions/A/Frameworks/LangAnalysis.framework/Versions/A/LangAnalysis
0x00007fff953e4000 	/System/Library/Frameworks/ApplicationServices.framework/Versions/A/Frameworks/PrintCore.framework/Versions/A/PrintCore
0x00007fff8bafa000 	/System/Library/Frameworks/ApplicationServices.framework/Versions/A/Frameworks/QD.framework/Versions/A/QD
0x00007fff97852000 	/System/Library/Frameworks/ApplicationServices.framework/Versions/A/Frameworks/SpeechSynthesis.framework/Versions/A/SpeechSynthesis
0x00007fff9f292000 	/System/Library/Frameworks/Metal.framework/Versions/A/Metal
0x00007fff972ef000 	/System/Library/Frameworks/Accelerate.framework/Versions/A/Frameworks/vImage.framework/Versions/A/vImage
0x00007fff8943a000 	/System/Library/Frameworks/Accelerate.framework/Versions/A/Frameworks/vecLib.framework/Versions/A/vecLib
0x00007fff8c93d000 	/System/Library/Frameworks/Accelerate.framework/Versions/A/Frameworks/vecLib.framework/Versions/A/libvDSP.dylib
0x00007fff94f58000 	/System/Library/Frameworks/Accelerate.framework/Versions/A/Frameworks/vecLib.framework/Versions/A/libvMisc.dylib
0x00007fff984a1000 	/System/Library/Frameworks/Accelerate.framework/Versions/A/Frameworks/vecLib.framework/Versions/A/libLAPACK.dylib
0x00007fff98293000 	/System/Library/Frameworks/Accelerate.framework/Versions/A/Frameworks/vecLib.framework/Versions/A/libBLAS.dylib
0x00007fff8a2ff000 	/System/Library/Frameworks/Accelerate.framework/Versions/A/Frameworks/vecLib.framework/Versions/A/libLinearAlgebra.dylib
0x00007fff98264000 	/System/Library/Frameworks/Accelerate.framework/Versions/A/Frameworks/vecLib.framework/Versions/A/libSparseBLAS.dylib
0x00007fff96282000 	/System/Library/PrivateFrameworks/GPUCompiler.framework/libmetal_timestamp.dylib
0x00007fff8bb35000 	/System/Library/Frameworks/OpenGL.framework/Versions/A/Libraries/libCoreFSCache.dylib
0x00007fff96459000 	/System/Library/PrivateFrameworks/IOAccelerator.framework/Versions/A/IOAccelerator
0x00007fff96fc2000 	/System/Library/Frameworks/ApplicationServices.framework/Versions/A/Frameworks/ATS.framework/Versions/A/Resources/libFontParser.dylib
0x00007fff9c715000 	/System/Library/Frameworks/ApplicationServices.framework/Versions/A/Frameworks/ATS.framework/Versions/A/Resources/libFontRegistry.dylib
0x00007fff98941000 	/System/Library/PrivateFrameworks/AppleVPA.framework/Versions/A/AppleVPA
0x00007fff8ed13000 	/System/Library/PrivateFrameworks/AppleJPEG.framework/Versions/A/AppleJPEG
0x00007fff9e075000 	/System/Library/Frameworks/ImageIO.framework/Versions/A/Resources/libJPEG.dylib
0x00007fff8f518000 	/System/Library/Frameworks/ImageIO.framework/Versions/A/Resources/libTIFF.dylib
0x00007fff94f32000 	/System/Library/Frameworks/ImageIO.framework/Versions/A/Resources/libPng.dylib
0x00007fff98932000 	/System/Library/Frameworks/ImageIO.framework/Versions/A/Resources/libGIF.dylib
0x00007fff971ad000 	/System/Library/Frameworks/ImageIO.framework/Versions/A/Resources/libJP2.dylib
0x00007fff9aebd000 	/System/Library/Frameworks/ImageIO.framework/Versions/A/Resources/libRadiance.dylib
0x00007fff9c514000 	/System/Library/Frameworks/CoreVideo.framework/Versions/A/CoreVideo
0x00007fff9e80b000 	/System/Library/Frameworks/OpenGL.framework/Versions/A/Libraries/libGLU.dylib
0x00007fff8cd39000 	/System/Library/Frameworks/OpenGL.framework/Versions/A/Libraries/libGFXShared.dylib
0x00007fff9eb10000 	/System/Library/Frameworks/OpenGL.framework/Versions/A/Libraries/libGL.dylib
0x00007fff8e042000 	/System/Library/Frameworks/OpenGL.framework/Versions/A/Libraries/libGLImage.dylib
0x00007fff92429000 	/System/Library/Frameworks/OpenGL.framework/Versions/A/Libraries/libCVMSPluginSupport.dylib
0x00007fff9ec18000 	/System/Library/Frameworks/OpenGL.framework/Versions/A/Libraries/libCoreVMClient.dylib
0x00007fff8a3a9000 	/usr/lib/libcompression.dylib
0x00007fff8a3c3000 	/usr/lib/libcups.2.dylib
0x00007fff9250a000 	/System/Library/Frameworks/Kerberos.framework/Versions/A/Kerberos
0x00007fff8b995000 	/System/Library/Frameworks/GSS.framework/Versions/A/GSS
0x00007fff95138000 	/usr/lib/libresolv.9.dylib
0x00007fff95045000 	/usr/lib/libiconv.2.dylib
0x00007fff9ed2d000 	/System/Library/PrivateFrameworks/Heimdal.framework/Versions/A/Heimdal
0x00007fff92f5a000 	/usr/lib/libheimdal-asn1.dylib
0x00007fff972a0000 	/System/Library/Frameworks/OpenDirectory.framework/Versions/A/OpenDirectory
0x00007fff9475a000 	/System/Library/PrivateFrameworks/CommonAuth.framework/Versions/A/CommonAuth
0x00007fff9eda2000 	/System/Library/Frameworks/OpenDirectory.framework/Versions/A/Frameworks/CFOpenDirectory.framework/Versions/A/CFOpenDirectory
0x00007fff966eb000 	/System/Library/Frameworks/SecurityFoundation.framework/Versions/A/SecurityFoundation
0x00007fff8eda1000 	/System/Library/PrivateFrameworks/LanguageModeling.framework/Versions/A/LanguageModeling
0x00007fff9ef1b000 	/usr/lib/libmarisa.dylib
0x00007fff98287000 	/usr/lib/libChineseTokenizer.dylib
0x00007fff9c549000 	/usr/lib/libcmph.dylib
0x00007fff92b15000 	/System/Library/Frameworks/ServiceManagement.framework/Versions/A/ServiceManagement
0x00007fff8a8f3000 	/usr/lib/libxslt.1.dylib
0x00007fff9c9b6000 	/System/Library/Frameworks/Carbon.framework/Versions/A/Frameworks/Ink.framework/Versions/A/Ink
0x00007fff8994f000 	/usr/lib/libFosl_dynamic.dylib
0x00007fff9a2e1000 	/System/Library/PrivateFrameworks/FaceCore.framework/Versions/A/FaceCore
0x00007fff977e5000 	/System/Library/Frameworks/OpenCL.framework/Versions/A/OpenCL
0x00007fff9e6ea000 	/System/Library/PrivateFrameworks/CrashReporterSupport.framework/Versions/A/CrashReporterSupport
0x00007fff9683d000 	/System/Library/PrivateFrameworks/IconServices.framework/Versions/A/IconServices
0x00007fff92814000 	/System/Library/PrivateFrameworks/Apple80211.framework/Versions/A/Apple80211
0x00007fff9cce7000 	/System/Library/Frameworks/CoreWLAN.framework/Versions/A/CoreWLAN
0x00007fff96f1d000 	/System/Library/Frameworks/IOBluetooth.framework/Versions/A/IOBluetooth
0x00007fff98e82000 	/System/Library/PrivateFrameworks/CoreWiFi.framework/Versions/A/CoreWiFi
0x00007fff92fce000 	/System/Library/Frameworks/CoreBluetooth.framework/Versions/A/CoreBluetooth
0x00007fff972c7000 	/System/Library/PrivateFrameworks/ChunkingLibrary.framework/Versions/A/ChunkingLibrary
0x00007fff9471f000 	/System/Library/PrivateFrameworks/DebugSymbols.framework/Versions/A/DebugSymbols
0x00007fff8f360000 	/System/Library/PrivateFrameworks/CoreSymbolication.framework/Versions/A/CoreSymbolication
0x00007fff9e7ba000 	/System/Library/PrivateFrameworks/Symbolication.framework/Versions/A/Symbolication
0x00007fff8f92d000 	/System/Library/PrivateFrameworks/SpeechRecognitionCore.framework/Versions/A/SpeechRecognitionCore
0x0000000106799000 	/Library/Java/JavaVirtualMachines/jdk-11.0.2.jdk/Contents/Home/lib/server/libjvm.dylib
0x00000001075e8000 	/Library/Java/JavaVirtualMachines/jdk-11.0.2.jdk/Contents/Home/lib/libverify.dylib
0x0000000107a00000 	/Library/Java/JavaVirtualMachines/jdk-11.0.2.jdk/Contents/Home/lib/libjava.dylib
0x0000000107a2d000 	/Library/Java/JavaVirtualMachines/jdk-11.0.2.jdk/Contents/Home/lib/libzip.dylib
0x0000000107a35000 	/Library/Java/JavaVirtualMachines/jdk-11.0.2.jdk/Contents/Home/lib/libjimage.dylib
0x0000000124365000 	/Library/Java/JavaVirtualMachines/jdk-11.0.2.jdk/Contents/Home/lib/libnio.dylib
0x0000000124373000 	/Library/Java/JavaVirtualMachines/jdk-11.0.2.jdk/Contents/Home/lib/./libnet.dylib
0x000000012440f000 	/Library/Java/JavaVirtualMachines/jdk-11.0.2.jdk/Contents/Home/lib/libmanagement.dylib
0x0000000124414000 	/Library/Java/JavaVirtualMachines/jdk-11.0.2.jdk/Contents/Home/lib/libmanagement_ext.dylib
0x0000000124721000 	/Library/Java/JavaVirtualMachines/jdk-11.0.2.jdk/Contents/Home/lib/libextnet.dylib
0x00000001242a4000 	/Library/Java/JavaVirtualMachines/jdk-11.0.2.jdk/Contents/Home/lib/libsunec.dylib


VM Arguments:
jvm_args: -Dcom.sun.management.jmxremote -Dcom.sun.management.jmxremote.port=55683 -Dcom.sun.management.jmxremote.authenticate=false -Dcom.sun.management.jmxremote.ssl=false -Djava.rmi.server.hostname=localhost -Dspring.application.admin.enabled=true -Dfile.encoding=UTF-8 
java_command: com.IsaApplication
java_class_path (initial): /Users/mac/git/ISA/target/classes:/Users/mac/.m2/repository/org/springframework/boot/spring-boot-starter-web/2.1.0.RELEASE/spring-boot-starter-web-2.1.0.RELEASE.jar:/Users/mac/.m2/repository/org/springframework/boot/spring-boot-starter/2.1.0.RELEASE/spring-boot-starter-2.1.0.RELEASE.jar:/Users/mac/.m2/repository/org/springframework/boot/spring-boot-starter-logging/2.1.0.RELEASE/spring-boot-starter-logging-2.1.0.RELEASE.jar:/Users/mac/.m2/repository/ch/qos/logback/logback-classic/1.2.3/logback-classic-1.2.3.jar:/Users/mac/.m2/repository/ch/qos/logback/logback-core/1.2.3/logback-core-1.2.3.jar:/Users/mac/.m2/repository/org/apache/logging/log4j/log4j-to-slf4j/2.11.1/log4j-to-slf4j-2.11.1.jar:/Users/mac/.m2/repository/org/apache/logging/log4j/log4j-api/2.11.1/log4j-api-2.11.1.jar:/Users/mac/.m2/repository/org/slf4j/jul-to-slf4j/1.7.25/jul-to-slf4j-1.7.25.jar:/Users/mac/.m2/repository/javax/annotation/javax.annotation-api/1.3.2/javax.annotation-api-1.3.2.jar:/Users/mac/.m2/repository/org/yaml/snakeyaml/1.23/snakeyaml-1.23.jar:/Users/mac/.m2/repository/org/springframework/boot/spring-boot-starter-json/2.1.0.RELEASE/spring-boot-starter-json-2.1.0.RELEASE.jar:/Users/mac/.m2/repository/com/fasterxml/jackson/datatype/jackson-datatype-jdk8/2.9.7/jackson-datatype-jdk8-2.9.7.jar:/Users/mac/.m2/repository/com/fasterxml/jackson/datatype/jackson-datatype-jsr310/2.9.7/jackson-datatype-jsr310-2.9.7.jar:/Users/mac/.m2/repository/com/fasterxml/jackson/module/jackson-module-parameter-names/2.9.7/jackson-module-parameter-names-2.9.7.jar:/Users/mac/.m2/repository/org/springframework/boot/spring-boot-starter-tomcat/2.1.0.RELEASE/spring-boot-starter-tomcat-2.1.0.RELEASE.jar:/Users/mac/.m2/repository/org/apache/tomcat/embed/tomcat-embed-core/9.0.12/tomcat-embed-core-9.0.12.jar:/Users/mac/.m2/repository/org/apache/tomcat/embed/tomcat-embed-el/9.0.12/tomcat-embed-el-9.0.12.jar:/Users/mac/.m2/repository/org/apache/tomcat/embed/tomcat-embed-websocket/9.0.12/tomcat-em
Launcher Type: SUN_STANDARD

[Global flags]
     intx CICompilerCount                          = 2                                         {product} {ergonomic}
     uint ConcGCThreads                            = 1                                         {product} {ergonomic}
     uint G1ConcRefinementThreads                  = 2                                         {product} {ergonomic}
   size_t G1HeapRegionSize                         = 1048576                                   {product} {ergonomic}
    uintx GCDrainStackTargetSize                   = 64                                        {product} {ergonomic}
   size_t InitialHeapSize                          = 67108864                                  {product} {ergonomic}
     bool ManagementServer                         = true                                      {product} {command line}
   size_t MarkStackSize                            = 4194304                                   {product} {ergonomic}
   size_t MaxHeapSize                              = 1073741824                                {product} {ergonomic}
   size_t MaxNewSize                               = 643825664                                 {product} {ergonomic}
   size_t MinHeapDeltaBytes                        = 1048576                                   {product} {ergonomic}
    uintx NonNMethodCodeHeapSize                   = 5824844                                {pd product} {ergonomic}
    uintx NonProfiledCodeHeapSize                  = 122916698                              {pd product} {ergonomic}
    uintx ProfiledCodeHeapSize                     = 122916698                              {pd product} {ergonomic}
    uintx ReservedCodeCacheSize                    = 251658240                              {pd product} {ergonomic}
     bool SegmentedCodeCache                       = true                                      {product} {ergonomic}
     bool UseCompressedClassPointers               = true                                 {lp64_product} {ergonomic}
     bool UseCompressedOops                        = true                                 {lp64_product} {ergonomic}
     bool UseG1GC                                  = true                                      {product} {ergonomic}

Logging:
Log output configuration:
 #0: stdout all=warning uptime,level,tags
 #1: stderr all=off uptime,level,tags

Environment Variables:
PATH=/Users/mac/anaconda3/bin:/usr/local/bin:/usr/bin:/bin:/usr/sbin:/sbin:/Library/Frameworks/Mono.framework/Versions/Current/Commands:/Applications/Xamarin Workbooks.app/Contents/SharedSupport/path-bin
SHELL=/bin/bash

Signal Handlers:
SIGSEGV: [libjvm.dylib+0x740190], sa_mask[0]=11111111011111110111111111111111, sa_flags=SA_ONSTACK|SA_RESTART|SA_SIGINFO
SIGBUS: [libjvm.dylib+0x740190], sa_mask[0]=11111111011111110111111111111111, sa_flags=SA_RESTART|SA_SIGINFO
SIGFPE: [libjvm.dylib+0x740190], sa_mask[0]=11111111011111110111111111111111, sa_flags=SA_RESTART|SA_SIGINFO
SIGPIPE: [libjvm.dylib+0x5f2e42], sa_mask[0]=11111111011111110111111111111111, sa_flags=SA_RESTART|SA_SIGINFO
SIGXFSZ: [libjvm.dylib+0x5f2e42], sa_mask[0]=11111111011111110111111111111111, sa_flags=SA_RESTART|SA_SIGINFO
SIGILL: [libjvm.dylib+0x740190], sa_mask[0]=11111111011111110111111111111111, sa_flags=SA_RESTART|SA_SIGINFO
SIGUSR2: [libjvm.dylib+0x5f3427], sa_mask[0]=00100000000000000000000000000000, sa_flags=SA_RESTART|SA_SIGINFO
SIGHUP: [libjvm.dylib+0x5f1e83], sa_mask[0]=11111111011111110111111111111111, sa_flags=SA_RESTART|SA_SIGINFO
SIGINT: [libjvm.dylib+0x5f1e83], sa_mask[0]=11111111011111110111111111111111, sa_flags=SA_RESTART|SA_SIGINFO
SIGTERM: [libjvm.dylib+0x5f1e83], sa_mask[0]=11111111011111110111111111111111, sa_flags=SA_RESTART|SA_SIGINFO
SIGQUIT: [libjvm.dylib+0x5f1e83], sa_mask[0]=11111111011111110111111111111111, sa_flags=SA_RESTART|SA_SIGINFO


---------------  S Y S T E M  ---------------

OS:uname:Darwin 15.6.0 Darwin Kernel Version 15.6.0: Thu Jun 21 20:07:40 PDT 2018; root:xnu-3248.73.11~1/RELEASE_X86_64 x86_64
rlimit: STACK 8192k, CORE 0k, NPROC 709, NOFILE 10240, AS infinity, DATA infinity, FSIZE infinity
load average:4.68 4.76 3.93

CPU:total 2 (initial active 2) (2 cores per cpu, 1 threads per core) family 6 model 23 stepping 10, cmov, cx8, fxsr, mmx, sse, sse2, sse3, ssse3, sse4.1, tsc

Memory: 4k page, physical 4194304k(13808k free)

vm_info: Java HotSpot(TM) 64-Bit Server VM (11.0.2+9-LTS) for bsd-amd64 JRE (11.0.2+9-LTS), built on Jan 18 2019 08:16:46 by "mach5one" with gcc 4.2.1 Compatible Apple LLVM 9.1.0 (clang-902.0.39.2)

END.
