#
# A fatal error has been detected by the Java Runtime Environment:
#
#  SIGSEGV (0xb) at pc=0x000000010116e842, pid=13148, tid=30723
#
# JRE version: Java(TM) SE Runtime Environment (11.0.2+9) (build 11.0.2+9-LTS)
# Java VM: Java HotSpot(TM) 64-Bit Server VM (11.0.2+9-LTS, mixed mode, tiered, compressed oops, g1 gc, bsd-amd64)
# Problematic frame:
# V  [libjvm.dylib+0x6c1842]  _ZN11SymbolTable14lookup_dynamicEiPKcij+0x1c
#
# No core dump will be written. Core dumps have been disabled. To enable core dumping, try "ulimit -c unlimited" before starting Java again
#
# If you would like to submit a bug report, please visit:
#   http://bugreport.java.com/bugreport/crash.jsp
#

---------------  S U M M A R Y ------------

Command Line: -Dspring.lsp.client-port=45556 -Dserver.port=45556 -Dsts.lsp.client=vscode -Dsts.log.file=/var/folders/4q/5cnrpjkj5db9w313741tctmc0000gn/T/vscode-spring-boot-1549334032191.log -Dlogging.file=/var/folders/4q/5cnrpjkj5db9w313741tctmc0000gn/T/vscode-spring-boot-1549334032191.log /Users/mac/.vscode/extensions/pivotal.vscode-spring-boot-1.3.0/jars/spring-boot-language-server-1.3.0-SNAPSHOT.jar

Host: Macmini3,1 x86_64 2530 MHz, 2 cores, 4G, Darwin 15.6.0
Time: Tue Feb  5 03:35:03 2019 CET elapsed time: 71 seconds (0d 0h 1m 11s)

---------------  T H R E A D  ---------------

Current thread (0x00007ff6c3606000):  JavaThread "pool-4-thread-1" [_thread_in_vm, id=30723, stack(0x0000700001862000,0x0000700001962000)]

Stack: [0x0000700001862000,0x0000700001962000],  sp=0x000070000195f4d0,  free space=1013k
Native frames: (J=compiled Java code, A=aot compiled Java code, j=interpreted, Vv=VM code, C=native code)
V  [libjvm.dylib+0x6c1842]  _ZN11SymbolTable14lookup_dynamicEiPKcij+0x1c
V  [libjvm.dylib+0x6c1a8c]  _ZN11SymbolTable6lookupEiPKcij+0x76
V  [libjvm.dylib+0x6c1d1a]  _ZN11SymbolTable6lookupEPK6SymboliiP6Thread+0x64
V  [libjvm.dylib+0x67af72]  _ZN15SignatureStream9as_symbolEP6Thread+0x42
V  [libjvm.dylib+0x72f155]  _ZN13ClassVerifier25verify_field_instructionsEP17RawBytecodeStreamP13StackMapFrameRK18constantPoolHandlebP6Thread+0x3f1
V  [libjvm.dylib+0x724b53]  _ZN13ClassVerifier13verify_methodERK12methodHandleP6Thread+0xba3
V  [libjvm.dylib+0x722c35]  _ZN13ClassVerifier12verify_classEP6Thread+0xc1
V  [libjvm.dylib+0x7227c5]  _ZN8Verifier6verifyEP13InstanceKlassNS_4ModeEbP6Thread+0x1df
V  [libjvm.dylib+0x383bc2]  _ZN13InstanceKlass15link_class_implEbP6Thread+0x2b0
V  [libjvm.dylib+0x383e4c]  _ZN13InstanceKlass15initialize_implEP6Thread+0x4e
V  [libjvm.dylib+0x394de5]  _ZN18InterpreterRuntime4_newEP10JavaThreadP12ConstantPooli+0x5d
j  org.eclipse.jdt.internal.core.util.CommentRecorderParser.initializeScanner()V+1
j  org.eclipse.jdt.internal.compiler.parser.Parser.<init>(Lorg/eclipse/jdt/internal/compiler/problem/ProblemReporter;Z)V+201
j  org.eclipse.jdt.internal.core.util.CommentRecorderParser.<init>(Lorg/eclipse/jdt/internal/compiler/problem/ProblemReporter;Z)V+3
j  org.eclipse.jdt.core.dom.CompilationUnitResolver.initializeParser()V+10
j  org.eclipse.jdt.internal.compiler.Compiler.<init>(Lorg/eclipse/jdt/internal/compiler/env/INameEnvironment;Lorg/eclipse/jdt/internal/compiler/IErrorHandlingPolicy;Lorg/eclipse/jdt/internal/compiler/impl/CompilerOptions;Lorg/eclipse/jdt/internal/compiler/ICompilerRequestor;Lorg/eclipse/jdt/internal/compiler/IProblemFactory;Ljava/io/PrintWriter;Lorg/eclipse/jdt/core/compiler/CompilationProgress;)V+140
j  org.eclipse.jdt.internal.compiler.Compiler.<init>(Lorg/eclipse/jdt/internal/compiler/env/INameEnvironment;Lorg/eclipse/jdt/internal/compiler/IErrorHandlingPolicy;Lorg/eclipse/jdt/internal/compiler/impl/CompilerOptions;Lorg/eclipse/jdt/internal/compiler/ICompilerRequestor;Lorg/eclipse/jdt/internal/compiler/IProblemFactory;)V+10
j  org.eclipse.jdt.core.dom.CompilationUnitResolver.<init>(Lorg/eclipse/jdt/internal/compiler/env/INameEnvironment;Lorg/eclipse/jdt/internal/compiler/IErrorHandlingPolicy;Lorg/eclipse/jdt/internal/compiler/impl/CompilerOptions;Lorg/eclipse/jdt/internal/compiler/ICompilerRequestor;Lorg/eclipse/jdt/internal/compiler/IProblemFactory;Lorg/eclipse/core/runtime/IProgressMonitor;Z)V+8
j  org.eclipse.jdt.core.dom.CompilationUnitResolver.resolve(Lorg/eclipse/jdt/internal/compiler/env/ICompilationUnit;Lorg/eclipse/jdt/core/IJavaProject;Ljava/util/List;Lorg/eclipse/jdt/core/dom/NodeSearcher;Ljava/util/Map;Lorg/eclipse/jdt/core/WorkingCopyOwner;ILorg/eclipse/core/runtime/IProgressMonitor;)Lorg/eclipse/jdt/internal/compiler/ast/CompilationUnitDeclaration;+149
j  org.eclipse.jdt.core.dom.ASTParser.internalCreateAST(Lorg/eclipse/core/runtime/IProgressMonitor;)Lorg/eclipse/jdt/core/dom/ASTNode;+870
j  org.eclipse.jdt.core.dom.ASTParser.createAST(Lorg/eclipse/core/runtime/IProgressMonitor;)Lorg/eclipse/jdt/core/dom/ASTNode;+38
j  org.springframework.ide.vscode.boot.java.utils.CompilationUnitCache.parse([CLjava/lang/String;Ljava/lang/String;[Ljava/lang/String;)Lorg/eclipse/jdt/core/dom/CompilationUnit;+82
j  org.springframework.ide.vscode.boot.java.utils.CompilationUnitCache.parse(Ljava/lang/String;[CLorg/springframework/ide/vscode/commons/java/IJavaProject;)Lorg/eclipse/jdt/core/dom/CompilationUnit;+22
j  org.springframework.ide.vscode.boot.java.utils.CompilationUnitCache.lambda$withCompilationUnit$3(Ljava/net/URI;Lorg/springframework/ide/vscode/commons/java/IJavaProject;)Lorg/eclipse/jdt/core/dom/CompilationUnit;+13
j  org.springframework.ide.vscode.boot.java.utils.CompilationUnitCache$$Lambda$480.call()Ljava/lang/Object;+12
j  com.google.common.cache.LocalCache$LocalManualCache$1.load(Ljava/lang/Object;)Ljava/lang/Object;+4
j  com.google.common.cache.LocalCache$LoadingValueReference.loadFuture(Ljava/lang/Object;Lcom/google/common/cache/CacheLoader;)Lcom/google/common/util/concurrent/ListenableFuture;+24
j  com.google.common.cache.LocalCache$Segment.loadSync(Ljava/lang/Object;ILcom/google/common/cache/LocalCache$LoadingValueReference;Lcom/google/common/cache/CacheLoader;)Ljava/lang/Object;+4
j  com.google.common.cache.LocalCache$Segment.lockedGetOrLoad(Ljava/lang/Object;ILcom/google/common/cache/CacheLoader;)Ljava/lang/Object;+379
j  com.google.common.cache.LocalCache$Segment.get(Ljava/lang/Object;ILcom/google/common/cache/CacheLoader;)Ljava/lang/Object;+138
j  com.google.common.cache.LocalCache.get(Ljava/lang/Object;Lcom/google/common/cache/CacheLoader;)Ljava/lang/Object;+17
j  com.google.common.cache.LocalCache$LocalManualCache.get(Ljava/lang/Object;Ljava/util/concurrent/Callable;)Ljava/lang/Object;+19
j  org.springframework.ide.vscode.boot.java.utils.CompilationUnitCache.withCompilationUnit(Lorg/springframework/ide/vscode/commons/java/IJavaProject;Ljava/net/URI;Ljava/util/function/Function;)Ljava/lang/Object;+27
j  org.springframework.ide.vscode.boot.java.handlers.BootJavaHoverProvider.getLiveHoverHints(Lorg/springframework/ide/vscode/commons/util/text/TextDocument;[Lorg/springframework/ide/vscode/commons/boot/app/cli/SpringBootApp;)[Lorg/eclipse/lsp4j/CodeLens;+245
j  org.springframework.ide.vscode.boot.java.utils.SpringLiveHoverWatchdog.update(Ljava/lang/String;[Lorg/springframework/ide/vscode/commons/boot/app/cli/SpringBootApp;)V+51
j  org.springframework.ide.vscode.boot.java.utils.SpringLiveHoverWatchdog.update()V+91
j  org.springframework.ide.vscode.boot.java.utils.SpringLiveHoverWatchdog.lambda$start$0()V+1
j  org.springframework.ide.vscode.boot.java.utils.SpringLiveHoverWatchdog$$Lambda$401.run()V+4
j  java.util.concurrent.Executors$RunnableAdapter.call()Ljava/lang/Object;+4 java.base@11.0.2
j  java.util.concurrent.FutureTask.runAndReset()Z+44 java.base@11.0.2
j  java.util.concurrent.ScheduledThreadPoolExecutor$ScheduledFutureTask.run()V+35 java.base@11.0.2
j  java.util.concurrent.ThreadPoolExecutor.runWorker(Ljava/util/concurrent/ThreadPoolExecutor$Worker;)V+92 java.base@11.0.2
j  java.util.concurrent.ThreadPoolExecutor$Worker.run()V+5 java.base@11.0.2
j  java.lang.Thread.run()V+11 java.base@11.0.2
v  ~StubRoutines::call_stub
V  [libjvm.dylib+0x39c3ee]  _ZN9JavaCalls11call_helperEP9JavaValueRK12methodHandleP17JavaCallArgumentsP6Thread+0x21a
V  [libjvm.dylib+0x39b838]  _ZN9JavaCalls12call_virtualEP9JavaValueP5KlassP6SymbolS5_P17JavaCallArgumentsP6Thread+0xee
V  [libjvm.dylib+0x39b8f4]  _ZN9JavaCalls12call_virtualEP9JavaValue6HandleP5KlassP6SymbolS6_P6Thread+0x62
V  [libjvm.dylib+0x41f4d0]  _ZL12thread_entryP10JavaThreadP6Thread+0x78
V  [libjvm.dylib+0x6ede46]  _ZN10JavaThread17thread_main_innerEv+0x82
V  [libjvm.dylib+0x6edc91]  _ZN10JavaThread3runEv+0x1ab
V  [libjvm.dylib+0x5f0da3]  _ZL19thread_native_entryP6Thread+0x135
C  [libsystem_pthread.dylib+0x399d]  _pthread_body+0x83
C  [libsystem_pthread.dylib+0x391a]  _pthread_body+0x0
C  [libsystem_pthread.dylib+0x1351]  thread_start+0xd

Java frames: (J=compiled Java code, j=interpreted, Vv=VM code)
j  org.eclipse.jdt.internal.core.util.CommentRecorderParser.initializeScanner()V+1
j  org.eclipse.jdt.internal.compiler.parser.Parser.<init>(Lorg/eclipse/jdt/internal/compiler/problem/ProblemReporter;Z)V+201
j  org.eclipse.jdt.internal.core.util.CommentRecorderParser.<init>(Lorg/eclipse/jdt/internal/compiler/problem/ProblemReporter;Z)V+3
j  org.eclipse.jdt.core.dom.CompilationUnitResolver.initializeParser()V+10
j  org.eclipse.jdt.internal.compiler.Compiler.<init>(Lorg/eclipse/jdt/internal/compiler/env/INameEnvironment;Lorg/eclipse/jdt/internal/compiler/IErrorHandlingPolicy;Lorg/eclipse/jdt/internal/compiler/impl/CompilerOptions;Lorg/eclipse/jdt/internal/compiler/ICompilerRequestor;Lorg/eclipse/jdt/internal/compiler/IProblemFactory;Ljava/io/PrintWriter;Lorg/eclipse/jdt/core/compiler/CompilationProgress;)V+140
j  org.eclipse.jdt.internal.compiler.Compiler.<init>(Lorg/eclipse/jdt/internal/compiler/env/INameEnvironment;Lorg/eclipse/jdt/internal/compiler/IErrorHandlingPolicy;Lorg/eclipse/jdt/internal/compiler/impl/CompilerOptions;Lorg/eclipse/jdt/internal/compiler/ICompilerRequestor;Lorg/eclipse/jdt/internal/compiler/IProblemFactory;)V+10
j  org.eclipse.jdt.core.dom.CompilationUnitResolver.<init>(Lorg/eclipse/jdt/internal/compiler/env/INameEnvironment;Lorg/eclipse/jdt/internal/compiler/IErrorHandlingPolicy;Lorg/eclipse/jdt/internal/compiler/impl/CompilerOptions;Lorg/eclipse/jdt/internal/compiler/ICompilerRequestor;Lorg/eclipse/jdt/internal/compiler/IProblemFactory;Lorg/eclipse/core/runtime/IProgressMonitor;Z)V+8
j  org.eclipse.jdt.core.dom.CompilationUnitResolver.resolve(Lorg/eclipse/jdt/internal/compiler/env/ICompilationUnit;Lorg/eclipse/jdt/core/IJavaProject;Ljava/util/List;Lorg/eclipse/jdt/core/dom/NodeSearcher;Ljava/util/Map;Lorg/eclipse/jdt/core/WorkingCopyOwner;ILorg/eclipse/core/runtime/IProgressMonitor;)Lorg/eclipse/jdt/internal/compiler/ast/CompilationUnitDeclaration;+149
j  org.eclipse.jdt.core.dom.ASTParser.internalCreateAST(Lorg/eclipse/core/runtime/IProgressMonitor;)Lorg/eclipse/jdt/core/dom/ASTNode;+870
j  org.eclipse.jdt.core.dom.ASTParser.createAST(Lorg/eclipse/core/runtime/IProgressMonitor;)Lorg/eclipse/jdt/core/dom/ASTNode;+38
j  org.springframework.ide.vscode.boot.java.utils.CompilationUnitCache.parse([CLjava/lang/String;Ljava/lang/String;[Ljava/lang/String;)Lorg/eclipse/jdt/core/dom/CompilationUnit;+82
j  org.springframework.ide.vscode.boot.java.utils.CompilationUnitCache.parse(Ljava/lang/String;[CLorg/springframework/ide/vscode/commons/java/IJavaProject;)Lorg/eclipse/jdt/core/dom/CompilationUnit;+22
j  org.springframework.ide.vscode.boot.java.utils.CompilationUnitCache.lambda$withCompilationUnit$3(Ljava/net/URI;Lorg/springframework/ide/vscode/commons/java/IJavaProject;)Lorg/eclipse/jdt/core/dom/CompilationUnit;+13
j  org.springframework.ide.vscode.boot.java.utils.CompilationUnitCache$$Lambda$480.call()Ljava/lang/Object;+12
j  com.google.common.cache.LocalCache$LocalManualCache$1.load(Ljava/lang/Object;)Ljava/lang/Object;+4
j  com.google.common.cache.LocalCache$LoadingValueReference.loadFuture(Ljava/lang/Object;Lcom/google/common/cache/CacheLoader;)Lcom/google/common/util/concurrent/ListenableFuture;+24
j  com.google.common.cache.LocalCache$Segment.loadSync(Ljava/lang/Object;ILcom/google/common/cache/LocalCache$LoadingValueReference;Lcom/google/common/cache/CacheLoader;)Ljava/lang/Object;+4
j  com.google.common.cache.LocalCache$Segment.lockedGetOrLoad(Ljava/lang/Object;ILcom/google/common/cache/CacheLoader;)Ljava/lang/Object;+379
j  com.google.common.cache.LocalCache$Segment.get(Ljava/lang/Object;ILcom/google/common/cache/CacheLoader;)Ljava/lang/Object;+138
j  com.google.common.cache.LocalCache.get(Ljava/lang/Object;Lcom/google/common/cache/CacheLoader;)Ljava/lang/Object;+17
j  com.google.common.cache.LocalCache$LocalManualCache.get(Ljava/lang/Object;Ljava/util/concurrent/Callable;)Ljava/lang/Object;+19
j  org.springframework.ide.vscode.boot.java.utils.CompilationUnitCache.withCompilationUnit(Lorg/springframework/ide/vscode/commons/java/IJavaProject;Ljava/net/URI;Ljava/util/function/Function;)Ljava/lang/Object;+27
j  org.springframework.ide.vscode.boot.java.handlers.BootJavaHoverProvider.getLiveHoverHints(Lorg/springframework/ide/vscode/commons/util/text/TextDocument;[Lorg/springframework/ide/vscode/commons/boot/app/cli/SpringBootApp;)[Lorg/eclipse/lsp4j/CodeLens;+245
j  org.springframework.ide.vscode.boot.java.utils.SpringLiveHoverWatchdog.update(Ljava/lang/String;[Lorg/springframework/ide/vscode/commons/boot/app/cli/SpringBootApp;)V+51
j  org.springframework.ide.vscode.boot.java.utils.SpringLiveHoverWatchdog.update()V+91
j  org.springframework.ide.vscode.boot.java.utils.SpringLiveHoverWatchdog.lambda$start$0()V+1
j  org.springframework.ide.vscode.boot.java.utils.SpringLiveHoverWatchdog$$Lambda$401.run()V+4
j  java.util.concurrent.Executors$RunnableAdapter.call()Ljava/lang/Object;+4 java.base@11.0.2
j  java.util.concurrent.FutureTask.runAndReset()Z+44 java.base@11.0.2
j  java.util.concurrent.ScheduledThreadPoolExecutor$ScheduledFutureTask.run()V+35 java.base@11.0.2
j  java.util.concurrent.ThreadPoolExecutor.runWorker(Ljava/util/concurrent/ThreadPoolExecutor$Worker;)V+92 java.base@11.0.2
j  java.util.concurrent.ThreadPoolExecutor$Worker.run()V+5 java.base@11.0.2
j  java.lang.Thread.run()V+11 java.base@11.0.2
v  ~StubRoutines::call_stub

siginfo: si_signo: 11 (SIGSEGV), si_code: 1 (SEGV_MAPERR), si_addr: 0xffffffffc3275a78

Register to memory mapping:

RAX=0xffffffffc3275a78 is an unknown value
RBX=0x000000011e4bb016 points into unknown readable memory: 5b 5a
RCX=0x0000000000000002 is an unknown value
RDX=0x000000011e4bb016 points into unknown readable memory: 5b 5a
RSP=0x000070000195f4d0 is pointing into the stack for thread: 0x00007ff6c3606000
RBP=0x000070000195f4e0 is pointing into the stack for thread: 0x00007ff6c3606000
RSI=0x0000000000000002 is an unknown value
RDI=0x00007ff6c0c18530 points into unknown readable memory: 2b 4e 00 00 00 00 00 00
R8 =0x0000000000000b5f is an unknown value
R9 =0x0000000000000002 is an unknown value
R10=0x0000000000000002 is an unknown value
R11=0x0000000000000003 is an unknown value
R12=0x0000000000000b5f is an unknown value
R13=0x00007ff6c0c18530 points into unknown readable memory: 2b 4e 00 00 00 00 00 00
R14=0x0000000000000b5f is an unknown value
R15=0x0000000000000002 is an unknown value


Registers:
RAX=0xffffffffc3275a78, RBX=0x000000011e4bb016, RCX=0x0000000000000002, RDX=0x000000011e4bb016
RSP=0x000070000195f4d0, RBP=0x000070000195f4e0, RSI=0x0000000000000002, RDI=0x00007ff6c0c18530
R8 =0x0000000000000b5f, R9 =0x0000000000000002, R10=0x0000000000000002, R11=0x0000000000000003
R12=0x0000000000000b5f, R13=0x00007ff6c0c18530, R14=0x0000000000000b5f, R15=0x0000000000000002
RIP=0x000000010116e842, EFLAGS=0x0000000000010286, ERR=0x0000000000000004
  TRAPNO=0x000000000000000e

Top of Stack: (sp=0x000070000195f4d0)
0x000070000195f4d0:   000000011e4bb016 0000000000000b5f
0x000070000195f4e0:   000070000195f520 000000010116ea8c
0x000070000195f4f0:   0000000000000000 000000011e4bb016
0x000070000195f500:   0000000000000b5f 0000000000000002
0x000070000195f510:   00007ff6c3606000 0000000000000b5f
0x000070000195f520:   000070000195f620 000000010116ed1a
0x000070000195f530:   00007ff6c398b0e0 0000000000007fe8
0x000070000195f540:   0000000060001001 00000000c398b208
0x000070000195f550:   00000000000000d8 0000000100835400
0x000070000195f560:   00007ff6c3606000 000000010113ffff
0x000070000195f570:   0000000000000050 0000000000000000
0x000070000195f580:   00007ff6c398b0b0 000000000195f648
0x000070000195f590:   000000010121ee1a 0000000000000050
0x000070000195f5a0:   00007ff6c398b0b0 01000000011de89c
0x000070000195f5b0:   000070000195f600 0000000100fc14bf
0x000070000195f5c0:   00007ff6c398b0b0 00007ff6c398b0b0
0x000070000195f5d0:   0000000000000050 00007ff6c1974340
0x000070000195f5e0:   000000000195f6f0 0000000000000050
0x000070000195f5f0:   19003b0349fecdd6 000070000195f6d0
0x000070000195f600:   00000000000002ce 0000700001960230
0x000070000195f610:   00007ff6c3606000 000070000195f6d0
0x000070000195f620:   000070000195f650 0000000101127f72
0x000070000195f630:   00007ff6c3821370 00000000ffff0001
0x000070000195f640:   00007ff6c3606000 00007000019602e8
0x000070000195f650:   000070000195f870 00000001011dc155
0x000070000195f660:   00007ff6c2be9d20 000070000195f810
0x000070000195f670:   00007ff6c1972a00 00007000019602a0
0x000070000195f680:   0000000000000000 0000000000000000
0x000070000195f690:   00000000ffff0001 00007ff6c3606000
0x000070000195f6a0:   000070000195f7d0 0000000101133358
0x000070000195f6b0:   00007ff6c1972ba0 000070000195f810
0x000070000195f6c0:   00007ff6c3606000 00007000019602a0 

Instructions: (pc=0x000000010116e842)
0x000000010116e822:   5e 5d c3 90 55 48 89 e5 41 56 53 48 8b 47 08 48
0x000000010116e832:   63 f6 48 8b 04 f0 31 f6 48 85 c0 74 5f 41 89 f1
0x000000010116e842:   44 39 00 75 2b 4c 8b 70 10 41 0f b7 36 39 ce 75
0x000000010116e852:   1f 66 85 f6 74 4b 41 8a 5c 36 05 3a 5c 32 ff 75 

Stack slot to memory mapping:
stack at sp + 0 slots: 0x000000011e4bb016 points into unknown readable memory: 5b 5a
stack at sp + 1 slots: 0x0000000000000b5f is an unknown value
stack at sp + 2 slots: 0x000070000195f520 is pointing into the stack for thread: 0x00007ff6c3606000
stack at sp + 3 slots: 0x000000010116ea8c: _ZN11SymbolTable6lookupEiPKcij+0x76 in /Library/Java/JavaVirtualMachines/jdk-11.0.2.jdk/Contents/Home/lib/server/libjvm.dylib at 0x0000000100aad000
stack at sp + 4 slots: 0x0 is NULL
stack at sp + 5 slots: 0x000000011e4bb016 points into unknown readable memory: 5b 5a
stack at sp + 6 slots: 0x0000000000000b5f is an unknown value
stack at sp + 7 slots: 0x0000000000000002 is an unknown value


---------------  P R O C E S S  ---------------

Threads class SMR info:
_java_thread_list=0x00007ff6c3b00210, length=29, elements={
0x00007ff6c1880800, 0x00007ff6c1040000, 0x00007ff6c1042000, 0x00007ff6c104a800,
0x00007ff6c1890000, 0x00007ff6c1881000, 0x00007ff6c104b000, 0x00007ff6c192c800,
0x00007ff6c11ae800, 0x00007ff6c34a4000, 0x00007ff6c2e41000, 0x00007ff6c17f7000,
0x00007ff6c1599000, 0x00007ff6c15ae000, 0x00007ff6c2c5c800, 0x00007ff6c3606000,
0x00007ff6c350e800, 0x00007ff6c306f800, 0x00007ff6c353e800, 0x00007ff6c2d66800,
0x00007ff6c2f77800, 0x00007ff6c2a55800, 0x00007ff6c28df800, 0x00007ff6c2f71000,
0x00007ff6c32d6000, 0x00007ff6c36ff800, 0x00007ff6c349d000, 0x00007ff6c3457800,
0x00007ff6c1e11000
}

Java Threads: ( => current thread )
  0x00007ff6c1880800 JavaThread "Reference Handler" daemon [_thread_blocked, id=16131, stack(0x000070000072c000,0x000070000082c000)]
  0x00007ff6c1040000 JavaThread "Finalizer" daemon [_thread_blocked, id=16899, stack(0x000070000082f000,0x000070000092f000)]
  0x00007ff6c1042000 JavaThread "Signal Dispatcher" daemon [_thread_blocked, id=18451, stack(0x0000700000a38000,0x0000700000b38000)]
  0x00007ff6c104a800 JavaThread "C2 CompilerThread0" daemon [_thread_in_native, id=21763, stack(0x0000700000b3b000,0x0000700000c3b000)]
  0x00007ff6c1890000 JavaThread "C1 CompilerThread0" daemon [_thread_blocked, id=22531, stack(0x0000700000c3e000,0x0000700000d3e000)]
  0x00007ff6c1881000 JavaThread "Sweeper thread" daemon [_thread_blocked, id=23299, stack(0x0000700000d41000,0x0000700000e41000)]
  0x00007ff6c104b000 JavaThread "Service Thread" daemon [_thread_blocked, id=24067, stack(0x0000700000e44000,0x0000700000f44000)]
  0x00007ff6c192c800 JavaThread "Common-Cleaner" daemon [_thread_blocked, id=25347, stack(0x000070000104a000,0x000070000114a000)]
  0x00007ff6c11ae800 JavaThread "Attach Listener" daemon [_thread_blocked, id=26627, stack(0x0000700001250000,0x0000700001350000)]
  0x00007ff6c34a4000 JavaThread "LanguageServerApp-lifecycle" [_thread_blocked, id=27147, stack(0x0000700001353000,0x0000700001453000)]
  0x00007ff6c2e41000 JavaThread "DestroyJavaVM" [_thread_blocked, id=1035, stack(0x0000000101c00000,0x0000000101d00000)]
  0x00007ff6c17f7000 JavaThread "pool-3-thread-1" [_thread_in_native, id=27915, stack(0x0000700001456000,0x0000700001556000)]
  0x00007ff6c1599000 JavaThread "SimpleLanguaserver main thread" daemon [_thread_blocked, id=28419, stack(0x0000700001559000,0x0000700001659000)]
  0x00007ff6c15ae000 JavaThread "Reconciler-1" daemon [_thread_blocked, id=29187, stack(0x000070000165c000,0x000070000175c000)]
  0x00007ff6c2c5c800 JavaThread "pool-2-thread-1" [_thread_in_native, id=29955, stack(0x000070000175f000,0x000070000185f000)]
=>0x00007ff6c3606000 JavaThread "pool-4-thread-1" [_thread_in_vm, id=30723, stack(0x0000700001862000,0x0000700001962000)]
  0x00007ff6c350e800 JavaThread "elastic-evictor-1" daemon [_thread_blocked, id=31491, stack(0x0000700001965000,0x0000700001a65000)]
  0x00007ff6c306f800 JavaThread "parallel-1" daemon [_thread_blocked, id=32259, stack(0x0000700001a68000,0x0000700001b68000)]
  0x00007ff6c353e800 JavaThread "elastic-2" daemon [_thread_blocked, id=33027, stack(0x0000700001b6b000,0x0000700001c6b000)]
  0x00007ff6c2d66800 JavaThread "parallel-2" daemon [_thread_blocked, id=33795, stack(0x0000700001c6e000,0x0000700001d6e000)]
  0x00007ff6c2f77800 JavaThread "elastic-3" daemon [_thread_blocked, id=34563, stack(0x0000700001d71000,0x0000700001e71000)]
  0x00007ff6c2a55800 JavaThread "RMI RenewClean-[192.168.0.16:51949]" daemon [_thread_blocked, id=35331, stack(0x0000700001e74000,0x0000700001f74000)]
  0x00007ff6c28df800 JavaThread "RMI GC Daemon" daemon [_thread_blocked, id=35843, stack(0x0000700000932000,0x0000700000a32000)]
  0x00007ff6c2f71000 JavaThread "elastic-4" daemon [_thread_blocked, id=4115, stack(0x0000700001f77000,0x0000700002077000)]
  0x00007ff6c32d6000 JavaThread "elastic-5" daemon [_thread_blocked, id=36867, stack(0x000070000207a000,0x000070000217a000)]
  0x00007ff6c36ff800 JavaThread "RMI RenewClean-[localhost:61520]" daemon [_thread_blocked, id=37635, stack(0x000070000217d000,0x000070000227d000)]
  0x00007ff6c349d000 JavaThread "RMI Scheduler(0)" daemon [_thread_blocked, id=38403, stack(0x0000700002280000,0x0000700002380000)]
  0x00007ff6c3457800 JavaThread "JMX client heartbeat 2" daemon [_thread_blocked, id=39171, stack(0x0000700002383000,0x0000700002483000)]
  0x00007ff6c1e11000 JavaThread "JMX client heartbeat 3" daemon [_thread_blocked, id=39939, stack(0x0000700002486000,0x0000700002586000)]

Other Threads:
  0x00007ff6c1879800 VMThread "VM Thread" [stack: 0x0000700000629000,0x0000700000729000] [id=15363]
  0x00007ff6c1890800 WatcherThread [stack: 0x0000700000f47000,0x0000700001047000] [id=24579]
  0x00007ff6c1812000 GCTaskThread "GC Thread#0" [stack: 0x000070000011a000,0x000070000021a000] [id=12291]
  0x00007ff6c1018800 GCTaskThread "GC Thread#1" [stack: 0x000070000114d000,0x000070000124d000] [id=25859]
  0x00007ff6c182b000 ConcurrentGCThread "G1 Main Marker" [stack: 0x000070000021d000,0x000070000031d000] [id=12803]
  0x00007ff6c182b800 ConcurrentGCThread "G1 Conc#0" [stack: 0x0000700000320000,0x0000700000420000] [id=13827]
  0x00007ff6c1854800 ConcurrentGCThread "G1 Refine#0" [stack: 0x0000700000423000,0x0000700000523000] [id=14339]
  0x00007ff6c1013000 ConcurrentGCThread "G1 Young RemSet Sampling" [stack: 0x0000700000526000,0x0000700000626000] [id=14851]

Threads with active compile tasks:
C2 CompilerThread04094 %     4       java.util.Properties$LineReader::readLine @ 21 (585 bytes)

VM state:not at safepoint (normal execution)

VM Mutex/Monitor currently owned by a thread: None

Heap address: 0x00000007c0000000, size: 1024 MB, Compressed Oops mode: Zero based, Oop shift amount: 3
Narrow klass base: 0x0000000800000000, Narrow klass shift: 0
Compressed class space size: 1073741824 Address: 0x0000000800000000

Heap:
 garbage-first heap   total 78848K, used 42642K [0x00000007c0000000, 0x0000000800000000)
  region size 1024K, 27 young (27648K), 6 survivors (6144K)
 Metaspace       used 40112K, capacity 41203K, committed 41472K, reserved 1085440K
  class space    used 4630K, capacity 5036K, committed 5120K, reserved 1048576K
Heap Regions: E=young(eden), S=young(survivor), O=old, HS=humongous(starts), HC=humongous(continues), CS=collection set, F=free, A=archive, TAMS=top-at-mark-start (previous, next)
|   0|0x00000007c0000000, 0x00000007c0100000, 0x00000007c0100000|100%| O|  |TAMS 0x00000007c0100000, 0x00000007c0000000| Untracked 
|   1|0x00000007c0100000, 0x00000007c0200000, 0x00000007c0200000|100%| O|  |TAMS 0x00000007c0200000, 0x00000007c0100000| Untracked 
|   2|0x00000007c0200000, 0x00000007c0300000, 0x00000007c0300000|100%| O|  |TAMS 0x00000007c0300000, 0x00000007c0200000| Untracked 
|   3|0x00000007c0300000, 0x00000007c0400000, 0x00000007c0400000|100%| O|  |TAMS 0x00000007c0400000, 0x00000007c0300000| Untracked 
|   4|0x00000007c0400000, 0x00000007c0500000, 0x00000007c0500000|100%| O|  |TAMS 0x00000007c0500000, 0x00000007c0400000| Untracked 
|   5|0x00000007c0500000, 0x00000007c0600000, 0x00000007c0600000|100%| O|  |TAMS 0x00000007c0600000, 0x00000007c0500000| Untracked 
|   6|0x00000007c0600000, 0x00000007c0700000, 0x00000007c0700000|100%| O|  |TAMS 0x00000007c0700000, 0x00000007c0600000| Untracked 
|   7|0x00000007c0700000, 0x00000007c0800000, 0x00000007c0800000|100%| O|  |TAMS 0x00000007c0800000, 0x00000007c0700000| Untracked 
|   8|0x00000007c0800000, 0x00000007c0900000, 0x00000007c0900000|100%| O|  |TAMS 0x00000007c0900000, 0x00000007c0800000| Untracked 
|   9|0x00000007c0900000, 0x00000007c0a00000, 0x00000007c0a00000|100%| O|  |TAMS 0x00000007c0948e00, 0x00000007c0900000| Untracked 
|  10|0x00000007c0a00000, 0x00000007c0b00000, 0x00000007c0b00000|100%|HS|  |TAMS 0x00000007c0a00000, 0x00000007c0a00000| Complete 
|  11|0x00000007c0b00000, 0x00000007c0c00000, 0x00000007c0c00000|100%|HC|  |TAMS 0x00000007c0b00000, 0x00000007c0b00000| Complete 
|  12|0x00000007c0c00000, 0x00000007c0d00000, 0x00000007c0d00000|100%|HS|  |TAMS 0x00000007c0c00000, 0x00000007c0c00000| Complete 
|  13|0x00000007c0d00000, 0x00000007c0e00000, 0x00000007c0e00000|100%|HS|  |TAMS 0x00000007c0d00000, 0x00000007c0d00000| Complete 
|  14|0x00000007c0e00000, 0x00000007c0f00000, 0x00000007c0f00000|100%| O|  |TAMS 0x00000007c0e00000, 0x00000007c0e00000| Untracked 
|  15|0x00000007c0f00000, 0x00000007c0fa4a00, 0x00000007c1000000| 64%| O|  |TAMS 0x00000007c0f00000, 0x00000007c0f00000| Untracked 
|  16|0x00000007c1000000, 0x00000007c1000000, 0x00000007c1100000|  0%| F|  |TAMS 0x00000007c1000000, 0x00000007c1000000| Untracked 
|  17|0x00000007c1100000, 0x00000007c1100000, 0x00000007c1200000|  0%| F|  |TAMS 0x00000007c1100000, 0x00000007c1100000| Untracked 
|  18|0x00000007c1200000, 0x00000007c1200000, 0x00000007c1300000|  0%| F|  |TAMS 0x00000007c1200000, 0x00000007c1200000| Untracked 
|  19|0x00000007c1300000, 0x00000007c1300000, 0x00000007c1400000|  0%| F|  |TAMS 0x00000007c1300000, 0x00000007c1300000| Untracked 
|  20|0x00000007c1400000, 0x00000007c1400000, 0x00000007c1500000|  0%| F|  |TAMS 0x00000007c1400000, 0x00000007c1400000| Untracked 
|  21|0x00000007c1500000, 0x00000007c1500000, 0x00000007c1600000|  0%| F|  |TAMS 0x00000007c1500000, 0x00000007c1500000| Untracked 
|  22|0x00000007c1600000, 0x00000007c1600000, 0x00000007c1700000|  0%| F|  |TAMS 0x00000007c1600000, 0x00000007c1600000| Untracked 
|  23|0x00000007c1700000, 0x00000007c1700000, 0x00000007c1800000|  0%| F|  |TAMS 0x00000007c1700000, 0x00000007c1700000| Untracked 
|  24|0x00000007c1800000, 0x00000007c1800000, 0x00000007c1900000|  0%| F|  |TAMS 0x00000007c1800000, 0x00000007c1800000| Untracked 
|  25|0x00000007c1900000, 0x00000007c1900000, 0x00000007c1a00000|  0%| F|  |TAMS 0x00000007c1900000, 0x00000007c1900000| Untracked 
|  26|0x00000007c1a00000, 0x00000007c1a00000, 0x00000007c1b00000|  0%| F|  |TAMS 0x00000007c1a00000, 0x00000007c1a00000| Untracked 
|  27|0x00000007c1b00000, 0x00000007c1b00000, 0x00000007c1c00000|  0%| F|  |TAMS 0x00000007c1b00000, 0x00000007c1b00000| Untracked 
|  28|0x00000007c1c00000, 0x00000007c1d00000, 0x00000007c1d00000|100%| S|CS|TAMS 0x00000007c1c00000, 0x00000007c1c00000| Complete 
|  29|0x00000007c1d00000, 0x00000007c1e00000, 0x00000007c1e00000|100%| S|CS|TAMS 0x00000007c1d00000, 0x00000007c1d00000| Complete 
|  30|0x00000007c1e00000, 0x00000007c1f00000, 0x00000007c1f00000|100%| S|CS|TAMS 0x00000007c1e00000, 0x00000007c1e00000| Complete 
|  31|0x00000007c1f00000, 0x00000007c2000000, 0x00000007c2000000|100%| S|CS|TAMS 0x00000007c1f00000, 0x00000007c1f00000| Complete 
|  32|0x00000007c2000000, 0x00000007c2100000, 0x00000007c2100000|100%| S|CS|TAMS 0x00000007c2000000, 0x00000007c2000000| Complete 
|  33|0x00000007c2100000, 0x00000007c2200000, 0x00000007c2200000|100%| S|CS|TAMS 0x00000007c2100000, 0x00000007c2100000| Complete 
|  34|0x00000007c2200000, 0x00000007c2200000, 0x00000007c2300000|  0%| F|  |TAMS 0x00000007c2200000, 0x00000007c2200000| Untracked 
|  35|0x00000007c2300000, 0x00000007c2300000, 0x00000007c2400000|  0%| F|  |TAMS 0x00000007c2300000, 0x00000007c2300000| Untracked 
|  36|0x00000007c2400000, 0x00000007c2400000, 0x00000007c2500000|  0%| F|  |TAMS 0x00000007c2400000, 0x00000007c2400000| Untracked 
|  37|0x00000007c2500000, 0x00000007c2500000, 0x00000007c2600000|  0%| F|  |TAMS 0x00000007c2500000, 0x00000007c2500000| Untracked 
|  38|0x00000007c2600000, 0x00000007c2600000, 0x00000007c2700000|  0%| F|  |TAMS 0x00000007c2600000, 0x00000007c2600000| Untracked 
|  39|0x00000007c2700000, 0x00000007c2700000, 0x00000007c2800000|  0%| F|  |TAMS 0x00000007c2700000, 0x00000007c2700000| Untracked 
|  40|0x00000007c2800000, 0x00000007c2800000, 0x00000007c2900000|  0%| F|  |TAMS 0x00000007c2800000, 0x00000007c2800000| Untracked 
|  41|0x00000007c2900000, 0x00000007c2900000, 0x00000007c2a00000|  0%| F|  |TAMS 0x00000007c2900000, 0x00000007c2900000| Untracked 
|  42|0x00000007c2a00000, 0x00000007c2a00000, 0x00000007c2b00000|  0%| F|  |TAMS 0x00000007c2a00000, 0x00000007c2a00000| Untracked 
|  43|0x00000007c2b00000, 0x00000007c2b00000, 0x00000007c2c00000|  0%| F|  |TAMS 0x00000007c2b00000, 0x00000007c2b00000| Untracked 
|  44|0x00000007c2c00000, 0x00000007c2c00000, 0x00000007c2d00000|  0%| F|  |TAMS 0x00000007c2c00000, 0x00000007c2c00000| Untracked 
|  45|0x00000007c2d00000, 0x00000007c2d00000, 0x00000007c2e00000|  0%| F|  |TAMS 0x00000007c2d00000, 0x00000007c2d00000| Untracked 
|  46|0x00000007c2e00000, 0x00000007c2e00000, 0x00000007c2f00000|  0%| F|  |TAMS 0x00000007c2e00000, 0x00000007c2e00000| Untracked 
|  47|0x00000007c2f00000, 0x00000007c2f00000, 0x00000007c3000000|  0%| F|  |TAMS 0x00000007c2f00000, 0x00000007c2f00000| Untracked 
|  48|0x00000007c3000000, 0x00000007c3000000, 0x00000007c3100000|  0%| F|  |TAMS 0x00000007c3000000, 0x00000007c3000000| Untracked 
|  49|0x00000007c3100000, 0x00000007c3100000, 0x00000007c3200000|  0%| F|  |TAMS 0x00000007c3100000, 0x00000007c3100000| Untracked 
|  50|0x00000007c3200000, 0x00000007c3200000, 0x00000007c3300000|  0%| F|  |TAMS 0x00000007c3200000, 0x00000007c3200000| Untracked 
|  51|0x00000007c3300000, 0x00000007c3300000, 0x00000007c3400000|  0%| F|  |TAMS 0x00000007c3300000, 0x00000007c3300000| Untracked 
|  52|0x00000007c3400000, 0x00000007c3400000, 0x00000007c3500000|  0%| F|  |TAMS 0x00000007c3400000, 0x00000007c3400000| Untracked 
|  53|0x00000007c3500000, 0x00000007c3500000, 0x00000007c3600000|  0%| F|  |TAMS 0x00000007c3500000, 0x00000007c3500000| Untracked 
|  54|0x00000007c3600000, 0x00000007c3600000, 0x00000007c3700000|  0%| F|  |TAMS 0x00000007c3600000, 0x00000007c3600000| Untracked 
|  55|0x00000007c3700000, 0x00000007c3700000, 0x00000007c3800000|  0%| F|  |TAMS 0x00000007c3700000, 0x00000007c3700000| Untracked 
|  56|0x00000007c3800000, 0x00000007c387c738, 0x00000007c3900000| 48%| E|  |TAMS 0x00000007c3800000, 0x00000007c3800000| Complete 
|  57|0x00000007c3900000, 0x00000007c3a00000, 0x00000007c3a00000|100%| E|CS|TAMS 0x00000007c3900000, 0x00000007c3900000| Complete 
|  58|0x00000007c3a00000, 0x00000007c3b00000, 0x00000007c3b00000|100%| E|CS|TAMS 0x00000007c3a00000, 0x00000007c3a00000| Complete 
|  59|0x00000007c3b00000, 0x00000007c3c00000, 0x00000007c3c00000|100%| E|CS|TAMS 0x00000007c3b00000, 0x00000007c3b00000| Complete 
|  60|0x00000007c3c00000, 0x00000007c3d00000, 0x00000007c3d00000|100%| E|CS|TAMS 0x00000007c3c00000, 0x00000007c3c00000| Complete 
|  61|0x00000007c3d00000, 0x00000007c3e00000, 0x00000007c3e00000|100%| E|CS|TAMS 0x00000007c3d00000, 0x00000007c3d00000| Complete 
|  62|0x00000007c3e00000, 0x00000007c3f00000, 0x00000007c3f00000|100%| E|CS|TAMS 0x00000007c3e00000, 0x00000007c3e00000| Complete 
|  63|0x00000007c3f00000, 0x00000007c4000000, 0x00000007c4000000|100%| E|CS|TAMS 0x00000007c3f00000, 0x00000007c3f00000| Complete 
|  64|0x00000007c4000000, 0x00000007c4100000, 0x00000007c4100000|100%| E|CS|TAMS 0x00000007c4000000, 0x00000007c4000000| Complete 
|  65|0x00000007c4100000, 0x00000007c4200000, 0x00000007c4200000|100%| E|CS|TAMS 0x00000007c4100000, 0x00000007c4100000| Complete 
|  66|0x00000007c4200000, 0x00000007c4300000, 0x00000007c4300000|100%| E|CS|TAMS 0x00000007c4200000, 0x00000007c4200000| Complete 
|  67|0x00000007c4300000, 0x00000007c4400000, 0x00000007c4400000|100%| E|CS|TAMS 0x00000007c4300000, 0x00000007c4300000| Complete 
|  68|0x00000007c4400000, 0x00000007c4500000, 0x00000007c4500000|100%| E|CS|TAMS 0x00000007c4400000, 0x00000007c4400000| Complete 
|  69|0x00000007c4500000, 0x00000007c4600000, 0x00000007c4600000|100%| E|CS|TAMS 0x00000007c4500000, 0x00000007c4500000| Complete 
|  70|0x00000007c4600000, 0x00000007c4700000, 0x00000007c4700000|100%| E|CS|TAMS 0x00000007c4600000, 0x00000007c4600000| Complete 
|  71|0x00000007c4700000, 0x00000007c4800000, 0x00000007c4800000|100%| E|CS|TAMS 0x00000007c4700000, 0x00000007c4700000| Complete 
|  72|0x00000007c4800000, 0x00000007c4900000, 0x00000007c4900000|100%| E|CS|TAMS 0x00000007c4800000, 0x00000007c4800000| Complete 
|  73|0x00000007c4900000, 0x00000007c4a00000, 0x00000007c4a00000|100%| E|CS|TAMS 0x00000007c4900000, 0x00000007c4900000| Complete 
|  74|0x00000007c4a00000, 0x00000007c4b00000, 0x00000007c4b00000|100%| E|CS|TAMS 0x00000007c4a00000, 0x00000007c4a00000| Complete 
|  75|0x00000007c4b00000, 0x00000007c4c00000, 0x00000007c4c00000|100%| E|CS|TAMS 0x00000007c4b00000, 0x00000007c4b00000| Complete 
|  76|0x00000007c4c00000, 0x00000007c4d00000, 0x00000007c4d00000|100%| E|CS|TAMS 0x00000007c4c00000, 0x00000007c4c00000| Complete 

Card table byte_map: [0x0000000119650000,0x0000000119850000] _byte_map_base: 0x0000000115850000

Marking Bits (Prev, Next): (CMBitMap*) 0x00007ff6c1826618, (CMBitMap*) 0x00007ff6c1826650
 Prev Bits: [0x0000000119a50000, 0x000000011aa50000)
 Next Bits: [0x000000011aa50000, 0x000000011ba50000)

Polling page: 0x00000001017fb000

Metaspace:

Usage:
  Non-class:     35.32 MB capacity,    34.65 MB ( 98%) used,   560.02 KB (  2%) free+waste,   124.81 KB ( <1%) overhead. 
      Class:      4.92 MB capacity,     4.52 MB ( 92%) used,   346.00 KB (  7%) free+waste,    59.19 KB (  1%) overhead. 
       Both:     40.24 MB capacity,    39.17 MB ( 97%) used,   906.02 KB (  2%) free+waste,   184.00 KB ( <1%) overhead. 

Virtual space:
  Non-class space:       36.00 MB reserved,      35.50 MB ( 99%) committed 
      Class space:        1.00 GB reserved,       5.00 MB ( <1%) committed 
             Both:        1.04 GB reserved,      40.50 MB (  4%) committed 

Chunk freelists:
   Non-Class:  21.62 KB
       Class:  2.50 KB
        Both:  24.12 KB

CodeHeap 'non-profiled nmethods': size=120036Kb used=1685Kb max_used=1685Kb free=118350Kb
 bounds [0x0000000111b35000, 0x0000000111da5000, 0x000000011906e000]
CodeHeap 'profiled nmethods': size=120032Kb used=8646Kb max_used=8646Kb free=111385Kb
 bounds [0x000000010a5fd000, 0x000000010ae7d000, 0x0000000111b35000]
CodeHeap 'non-nmethods': size=5692Kb used=1163Kb max_used=1185Kb free=4528Kb
 bounds [0x000000010a06e000, 0x000000010a2de000, 0x000000010a5fd000]
 total_blobs=5358 nmethods=4021 adapters=435
 compilation: enabled
              stopped_count=0, restarted_count=0
 full_count=0

Compilation events (10 events):
Event: 71.294 Thread 0x00007ff6c104a800 nmethod 4092 0x0000000111cd9e90 code [0x0000000111cda040, 0x0000000111cda2c8]
Event: 71.378 Thread 0x00007ff6c1890000 4093       3       java.util.concurrent.ConcurrentHashMap::resizeStamp (8 bytes)
Event: 71.378 Thread 0x00007ff6c1890000 nmethod 4093 0x000000010ae6cf10 code [0x000000010ae6d0c0, 0x000000010ae6d228]
Event: 71.379 Thread 0x00007ff6c104a800 4094 %     4       java.util.Properties$LineReader::readLine @ 21 (585 bytes)
Event: 71.401 Thread 0x00007ff6c1890000 4100 %     3       org.eclipse.jdt.internal.compiler.parser.Parser::computeReverseTable @ 51 (92 bytes)
Event: 71.401 Thread 0x00007ff6c1890000 nmethod 4100% 0x000000010ae6d310 code [0x000000010ae6d500, 0x000000010ae6db30]
Event: 71.402 Thread 0x00007ff6c1890000 4101       3       org.eclipse.jdt.internal.compiler.parser.Parser::computeReverseTable (92 bytes)
Event: 71.402 Thread 0x00007ff6c1890000 nmethod 4101 0x000000010ae6de10 code [0x000000010ae6e000, 0x000000010ae6e550]
Event: 71.404 Thread 0x00007ff6c1890000 4102       3       jdk.internal.loader.BuiltinClassLoader$2::run (5 bytes)
Event: 71.405 Thread 0x00007ff6c1890000 nmethod 4102 0x000000010ae6e790 code [0x000000010ae6e940, 0x000000010ae6eae8]

GC Heap History (10 events):
Event: 38.311 GC heap before
{Heap before GC invocations=7 (full 0):
 garbage-first heap   total 65536K, used 41562K [0x00000007c0000000, 0x0000000800000000)
  region size 1024K, 38 young (38912K), 4 survivors (4096K)
 Metaspace       used 25069K, capacity 25702K, committed 26112K, reserved 1073152K
  class space    used 2797K, capacity 3010K, committed 3072K, reserved 1048576K
}
Event: 38.343 GC heap after
{Heap after GC invocations=8 (full 0):
 garbage-first heap   total 65536K, used 7907K [0x00000007c0000000, 0x0000000800000000)
  region size 1024K, 4 young (4096K), 4 survivors (4096K)
 Metaspace       used 25069K, capacity 25702K, committed 26112K, reserved 1073152K
  class space    used 2797K, capacity 3010K, committed 3072K, reserved 1048576K
}
Event: 46.916 GC heap before
{Heap before GC invocations=8 (full 0):
 garbage-first heap   total 65536K, used 42723K [0x00000007c0000000, 0x0000000800000000)
  region size 1024K, 38 young (38912K), 4 survivors (4096K)
 Metaspace       used 28956K, capacity 29741K, committed 30080K, reserved 1075200K
  class space    used 3350K, capacity 3631K, committed 3712K, reserved 1048576K
}
Event: 46.969 GC heap after
{Heap after GC invocations=9 (full 0):
 garbage-first heap   total 65536K, used 10532K [0x00000007c0000000, 0x0000000800000000)
  region size 1024K, 5 young (5120K), 5 survivors (5120K)
 Metaspace       used 28956K, capacity 29741K, committed 30080K, reserved 1075200K
  class space    used 3350K, capacity 3631K, committed 3712K, reserved 1048576K
}
Event: 52.153 GC heap before
{Heap before GC invocations=9 (full 0):
 garbage-first heap   total 65536K, used 44324K [0x00000007c0000000, 0x0000000800000000)
  region size 1024K, 38 young (38912K), 5 survivors (5120K)
 Metaspace       used 31545K, capacity 32409K, committed 32512K, reserved 1077248K
  class space    used 3725K, capacity 4048K, committed 4096K, reserved 1048576K
}
Event: 52.200 GC heap after
{Heap after GC invocations=10 (full 0):
 garbage-first heap   total 78848K, used 11403K [0x00000007c0000000, 0x0000000800000000)
  region size 1024K, 2 young (2048K), 2 survivors (2048K)
 Metaspace       used 31545K, capacity 32409K, committed 32512K, reserved 1077248K
  class space    used 3725K, capacity 4048K, committed 4096K, reserved 1048576K
}
Event: 57.154 GC heap before
{Heap before GC invocations=10 (full 0):
 garbage-first heap   total 78848K, used 41099K [0x00000007c0000000, 0x0000000800000000)
  region size 1024K, 32 young (32768K), 2 survivors (2048K)
 Metaspace       used 34741K, capacity 35746K, committed 35840K, reserved 1081344K
  class space    used 4162K, capacity 4546K, committed 4608K, reserved 1048576K
}
Event: 57.283 GC heap after
{Heap after GC invocations=11 (full 0):
 garbage-first heap   total 78848K, used 12252K [0x00000007c0000000, 0x0000000800000000)
  region size 1024K, 3 young (3072K), 3 survivors (3072K)
 Metaspace       used 34741K, capacity 35746K, committed 35840K, reserved 1081344K
  class space    used 4162K, capacity 4546K, committed 4608K, reserved 1048576K
}
Event: 63.754 GC heap before
{Heap before GC invocations=12 (full 0):
 garbage-first heap   total 78848K, used 56284K [0x00000007c0000000, 0x0000000800000000)
  region size 1024K, 43 young (44032K), 3 survivors (3072K)
 Metaspace       used 38543K, capacity 39635K, committed 40064K, reserved 1085440K
  class space    used 4459K, capacity 4876K, committed 4992K, reserved 1048576K
}
Event: 63.800 GC heap after
{Heap after GC invocations=13 (full 0):
 garbage-first heap   total 78848K, used 22162K [0x00000007c0000000, 0x0000000800000000)
  region size 1024K, 6 young (6144K), 6 survivors (6144K)
 Metaspace       used 38543K, capacity 39635K, committed 40064K, reserved 1085440K
  class space    used 4459K, capacity 4876K, committed 4992K, reserved 1048576K
}

Deoptimization events (10 events):
Event: 58.006 Thread 0x00007ff6c2f77800 Uncommon trap: reason=unstable_if action=reinterpret pc=0x0000000111b62dc8 method=java.lang.AbstractStringBuilder.append(Ljava/lang/String;)Ljava/lang/AbstractStringBuilder; @ 1 c2
Event: 58.009 Thread 0x00007ff6c2f77800 Uncommon trap: reason=unstable_if action=reinterpret pc=0x0000000111b623b8 method=java.lang.AbstractStringBuilder.append(Ljava/lang/String;)Ljava/lang/AbstractStringBuilder; @ 1 c2
Event: 58.302 Thread 0x00007ff6c2f77800 Uncommon trap: reason=bimorphic_or_optimized_type_check action=maybe_recompile pc=0x0000000111bec844 method=java.io.DataOutputStream.write([BII)V @ 7 c2
Event: 59.881 Thread 0x00007ff6c3606000 Uncommon trap: reason=class_check action=maybe_recompile pc=0x0000000111c9def8 method=java.util.concurrent.locks.ReentrantReadWriteLock$Sync.tryAcquireShared(I)I @ 33 c2
Event: 60.963 Thread 0x00007ff6c3606000 Uncommon trap: reason=unstable_if action=reinterpret pc=0x0000000111c99d48 method=java.util.Properties$LineReader.readLine()I @ 174 c2
Event: 62.339 Thread 0x00007ff6c3606000 Uncommon trap: reason=unstable_if action=reinterpret pc=0x0000000111bf7578 method=java.util.Properties$LineReader.readLine()I @ 105 c2
Event: 62.339 Thread 0x00007ff6c3606000 Uncommon trap: reason=unstable_if action=reinterpret pc=0x0000000111be8338 method=java.nio.Buffer.position(I)Ljava/nio/Buffer; @ 45 c2
Event: 62.588 Thread 0x00007ff6c3606000 Uncommon trap: reason=unstable_if action=reinterpret pc=0x0000000111cb8038 method=sun.nio.fs.UnixFileAttributes.get(Lsun/nio/fs/UnixPath;Z)Lsun/nio/fs/UnixFileAttributes; @ 9 c2
Event: 62.588 Thread 0x00007ff6c3606000 Uncommon trap: reason=class_check action=maybe_recompile pc=0x0000000111c72064 method=java.lang.ThreadLocal.set(Ljava/lang/Object;)V @ 6 c2
Event: 63.748 Thread 0x00007ff6c2c5c800 Uncommon trap: reason=range_check action=make_not_entrant pc=0x0000000111cc3618 method=sun.nio.fs.UnixDirectoryStream$UnixDirectoryIterator.isSelfOrParent([B)Z @ 2 c2

Classes redefined (0 events):
No events

Internal exceptions (10 events):
Event: 55.859 Thread 0x00007ff6c353e800 Exception <a 'java/lang/NoSuchMethodError'{0x00000007c3244150}: java.lang.invoke.DirectMethodHandle$Holder.invokeStatic(Ljava/lang/Object;Ljava/lang/Object;Ljava/lang/Object;Ljava/lang/Object;Ljava/lang/Object;Ljava/lang/Object;Ljava/lang/Object;Ljava/lan
Event: 57.141 Thread 0x00007ff6c353e800 Exception <a 'java/lang/NoSuchMethodError'{0x00000007c327e858}: <clinit>> (0x00000007c327e858) thrown at [/scratch/mesos/slaves/07fc96ef-bf4d-487f-b22f-a84e49f5f44a-S27799/frameworks/1735e8a2-a1db-478c-8104-60c8b0af87dd-0196/executors/23259148-f5c6-492a-8
Event: 57.318 Thread 0x00007ff6c353e800 Exception <a 'java/lang/NoSuchMethodError'{0x00000007c4c21870}: <clinit>> (0x00000007c4c21870) thrown at [/scratch/mesos/slaves/07fc96ef-bf4d-487f-b22f-a84e49f5f44a-S27799/frameworks/1735e8a2-a1db-478c-8104-60c8b0af87dd-0196/executors/23259148-f5c6-492a-8
Event: 58.006 Thread 0x00007ff6c2f77800 Implicit null exception at 0x0000000111b628f2 to 0x0000000111b62db2
Event: 58.009 Thread 0x00007ff6c2f77800 Implicit null exception at 0x0000000111b61ef2 to 0x0000000111b623a6
Event: 58.491 Thread 0x00007ff6c2a55800 Exception <a 'java/lang/InterruptedException'{0x00000007c49f6cb8}> (0x00000007c49f6cb8) thrown at [/scratch/mesos/slaves/07fc96ef-bf4d-487f-b22f-a84e49f5f44a-S27799/frameworks/1735e8a2-a1db-478c-8104-60c8b0af87dd-0196/executors/23259148-f5c6-492a-83be-44c
Event: 58.498 Thread 0x00007ff6c2a55800 Exception <a 'java/lang/NoSuchMethodError'{0x00000007c49feab8}: java.lang.invoke.DirectMethodHandle$Holder.invokeStatic(Ljava/lang/Object;Ljava/lang/Object;ILjava/lang/Object;J)Ljava/lang/Object;> (0x00000007c49feab8) thrown at [/scratch/mesos/slaves/07fc
Event: 58.929 Thread 0x00007ff6c36ff800 Exception <a 'java/lang/InterruptedException'{0x00000007c4833b60}> (0x00000007c4833b60) thrown at [/scratch/mesos/slaves/07fc96ef-bf4d-487f-b22f-a84e49f5f44a-S27799/frameworks/1735e8a2-a1db-478c-8104-60c8b0af87dd-0196/executors/23259148-f5c6-492a-83be-44c
Event: 59.990 Thread 0x00007ff6c2f77800 Exception <a 'java/lang/NoSuchMethodError'{0x00000007c470fef0}: java.lang.invoke.DirectMethodHandle$Holder.invokeSpecial(Ljava/lang/Object;Ljava/lang/Object;J)Ljava/lang/Object;> (0x00000007c470fef0) thrown at [/scratch/mesos/slaves/07fc96ef-bf4d-487f-b22
Event: 62.339 Thread 0x00007ff6c3606000 Implicit null exception at 0x0000000111bf6d13 to 0x0000000111bf7506

Events (10 events):
Event: 65.968 loading class org/eclipse/jdt/internal/compiler/ast/TrueLiteral
Event: 65.968 loading class org/eclipse/jdt/internal/compiler/ast/TrueLiteral done
Event: 65.968 loading class org/eclipse/jdt/internal/compiler/ast/NullLiteral
Event: 65.968 loading class org/eclipse/jdt/internal/compiler/ast/NullLiteral done
Event: 65.971 loading class org/eclipse/jdt/internal/compiler/ast/ParameterizedSingleTypeReference
Event: 65.971 loading class org/eclipse/jdt/internal/compiler/ast/ParameterizedSingleTypeReference done
Event: 65.974 loading class org/eclipse/jdt/internal/compiler/parser/Parser$1TypeVisitor
Event: 65.974 loading class org/eclipse/jdt/internal/compiler/parser/Parser$1TypeVisitor done
Event: 65.981 loading class org/eclipse/jdt/internal/compiler/parser/Parser$1MethodVisitor
Event: 65.981 loading class org/eclipse/jdt/internal/compiler/parser/Parser$1MethodVisitor done


Dynamic libraries:
0x00007fff8f5d7000 	/System/Library/Frameworks/Cocoa.framework/Versions/A/Cocoa
0x00007fff94b96000 	/System/Library/Frameworks/Security.framework/Versions/A/Security
0x00007fff8c3ba000 	/System/Library/Frameworks/ApplicationServices.framework/Versions/A/ApplicationServices
0x00007fff9c447000 	/usr/lib/libz.1.dylib
0x00007fff92fcc000 	/usr/lib/libSystem.B.dylib
0x00007fff8dbbe000 	/System/Library/Frameworks/CoreFoundation.framework/Versions/A/CoreFoundation
0x00007fff8f5d8000 	/System/Library/Frameworks/Foundation.framework/Versions/C/Foundation
0x00007fff9e12a000 	/usr/lib/libobjc.A.dylib
0x00007fff931b7000 	/System/Library/Frameworks/AppKit.framework/Versions/C/AppKit
0x00007fff92c92000 	/System/Library/Frameworks/CoreData.framework/Versions/A/CoreData
0x00007fff8d997000 	/System/Library/PrivateFrameworks/RemoteViewServices.framework/Versions/A/RemoteViewServices
0x00007fff8d818000 	/System/Library/PrivateFrameworks/UIFoundation.framework/Versions/A/UIFoundation
0x00007fff9248a000 	/usr/lib/libScreenReader.dylib
0x00007fff92fe7000 	/System/Library/Frameworks/Accelerate.framework/Versions/A/Accelerate
0x00007fff8cad0000 	/System/Library/Frameworks/IOSurface.framework/Versions/A/IOSurface
0x00007fff95624000 	/System/Library/Frameworks/AudioToolbox.framework/Versions/A/AudioToolbox
0x00007fff8d53f000 	/System/Library/Frameworks/AudioUnit.framework/Versions/A/AudioUnit
0x00007fff9c55b000 	/System/Library/PrivateFrameworks/DataDetectorsCore.framework/Versions/A/DataDetectorsCore
0x00007fff89fa1000 	/System/Library/PrivateFrameworks/DesktopServicesPriv.framework/Versions/A/DesktopServicesPriv
0x00007fff99e60000 	/System/Library/Frameworks/Carbon.framework/Versions/A/Frameworks/HIToolbox.framework/Versions/A/HIToolbox
0x00007fff948bf000 	/System/Library/Frameworks/QuartzCore.framework/Versions/A/QuartzCore
0x00007fff8a4e6000 	/System/Library/Frameworks/Carbon.framework/Versions/A/Frameworks/SpeechRecognition.framework/Versions/A/SpeechRecognition
0x00007fff9ee38000 	/usr/lib/libauto.dylib
0x00007fff8c097000 	/usr/lib/libicucore.A.dylib
0x00007fff92834000 	/usr/lib/libxml2.2.dylib
0x00007fff96861000 	/System/Library/PrivateFrameworks/CoreUI.framework/Versions/A/CoreUI
0x00007fff8a27e000 	/System/Library/Frameworks/CoreAudio.framework/Versions/A/CoreAudio
0x00007fff96471000 	/System/Library/Frameworks/DiskArbitration.framework/Versions/A/DiskArbitration
0x00007fff9818f000 	/usr/lib/liblangid.dylib
0x00007fff9c4ef000 	/System/Library/PrivateFrameworks/MultitouchSupport.framework/Versions/A/MultitouchSupport
0x00007fff9785f000 	/System/Library/Frameworks/IOKit.framework/Versions/A/IOKit
0x00007fff8a4e4000 	/usr/lib/libDiagnosticMessagesClient.dylib
0x00007fff9cce6000 	/System/Library/Frameworks/CoreServices.framework/Versions/A/CoreServices
0x00007fff89536000 	/System/Library/PrivateFrameworks/PerformanceAnalysis.framework/Versions/A/PerformanceAnalysis
0x00007fff9d1ac000 	/System/Library/PrivateFrameworks/GenerationalStorage.framework/Versions/A/GenerationalStorage
0x00007fff9ec1c000 	/System/Library/Frameworks/OpenGL.framework/Versions/A/OpenGL
0x00007fff8ee50000 	/System/Library/PrivateFrameworks/Sharing.framework/Versions/A/Sharing
0x00007fff9098f000 	/System/Library/Frameworks/CoreGraphics.framework/Versions/A/CoreGraphics
0x00007fff9e4a2000 	/System/Library/Frameworks/CoreImage.framework/Versions/A/CoreImage
0x00007fff9632a000 	/System/Library/Frameworks/CoreText.framework/Versions/A/CoreText
0x00007fff8f182000 	/System/Library/Frameworks/ImageIO.framework/Versions/A/ImageIO
0x00007fff9f2e4000 	/System/Library/PrivateFrameworks/Backup.framework/Versions/A/Backup
0x00007fff9e0c9000 	/usr/lib/libextension.dylib
0x00007fff8a505000 	/usr/lib/libarchive.2.dylib
0x00007fff8bb39000 	/System/Library/Frameworks/CFNetwork.framework/Versions/A/CFNetwork
0x00007fff92f60000 	/System/Library/Frameworks/SystemConfiguration.framework/Versions/A/SystemConfiguration
0x00007fff8bdc1000 	/usr/lib/libCRFSuite.dylib
0x00007fff8da60000 	/usr/lib/libc++.1.dylib
0x00007fff9585b000 	/usr/lib/libc++abi.dylib
0x00007fff95554000 	/usr/lib/system/libcache.dylib
0x00007fff95167000 	/usr/lib/system/libcommonCrypto.dylib
0x00007fff9d2bc000 	/usr/lib/system/libcompiler_rt.dylib
0x00007fff954fa000 	/usr/lib/system/libcopyfile.dylib
0x00007fff8f464000 	/usr/lib/system/libcorecrypto.dylib
0x00007fff8ae18000 	/usr/lib/system/libdispatch.dylib
0x00007fff92b11000 	/usr/lib/system/libdyld.dylib
0x00007fff8ea4c000 	/usr/lib/system/libkeymgr.dylib
0x00007fff9d2c4000 	/usr/lib/system/liblaunch.dylib
0x00007fff89434000 	/usr/lib/system/libmacho.dylib
0x00007fff924a8000 	/usr/lib/system/libquarantine.dylib
0x00007fff8a1f7000 	/usr/lib/system/libremovefile.dylib
0x00007fff8f93a000 	/usr/lib/system/libsystem_asl.dylib
0x00007fff893d8000 	/usr/lib/system/libsystem_blocks.dylib
0x00007fff8cde8000 	/usr/lib/system/libsystem_c.dylib
0x00007fff8ae12000 	/usr/lib/system/libsystem_configuration.dylib
0x00007fff8ba9e000 	/usr/lib/system/libsystem_coreservices.dylib
0x00007fff8b343000 	/usr/lib/system/libsystem_coretls.dylib
0x00007fff8d549000 	/usr/lib/system/libsystem_dnssd.dylib
0x00007fff8fafe000 	/usr/lib/system/libsystem_info.dylib
0x00007fff93008000 	/usr/lib/system/libsystem_kernel.dylib
0x00007fff92a7a000 	/usr/lib/system/libsystem_m.dylib
0x00007fff9e6c4000 	/usr/lib/system/libsystem_malloc.dylib
0x00007fff92aaa000 	/usr/lib/system/libsystem_network.dylib
0x00007fff9470f000 	/usr/lib/system/libsystem_networkextension.dylib
0x00007fff9af29000 	/usr/lib/system/libsystem_notify.dylib
0x00007fff9e6e1000 	/usr/lib/system/libsystem_platform.dylib
0x00007fff9cc1b000 	/usr/lib/system/libsystem_pthread.dylib
0x00007fff8f4dc000 	/usr/lib/system/libsystem_sandbox.dylib
0x00007fff8a1ff000 	/usr/lib/system/libsystem_secinit.dylib
0x00007fff95155000 	/usr/lib/system/libsystem_trace.dylib
0x00007fff91dd7000 	/usr/lib/system/libunc.dylib
0x00007fff8c3bb000 	/usr/lib/system/libunwind.dylib
0x00007fff89f59000 	/usr/lib/system/libxpc.dylib
0x00007fff96860000 	/usr/lib/libenergytrace.dylib
0x00007fff96460000 	/usr/lib/libbsm.0.dylib
0x00007fff8ae93000 	/usr/lib/system/libkxld.dylib
0x00007fff8a4c3000 	/usr/lib/libxar.1.dylib
0x00007fff92b74000 	/usr/lib/libsqlite3.dylib
0x00007fff89f83000 	/usr/lib/libpam.2.dylib
0x00007fff89f58000 	/usr/lib/libOpenScriptingUtil.dylib
0x00007fff8a4d5000 	/usr/lib/libbz2.1.0.dylib
0x00007fff954df000 	/usr/lib/liblzma.5.dylib
0x00007fff955ac000 	/System/Library/Frameworks/CoreServices.framework/Versions/A/Frameworks/FSEvents.framework/Versions/A/FSEvents
0x00007fff8ee73000 	/System/Library/Frameworks/CoreServices.framework/Versions/A/Frameworks/CarbonCore.framework/Versions/A/CarbonCore
0x00007fff9a9d6000 	/System/Library/Frameworks/CoreServices.framework/Versions/A/Frameworks/Metadata.framework/Versions/A/Metadata
0x00007fff96760000 	/System/Library/Frameworks/CoreServices.framework/Versions/A/Frameworks/OSServices.framework/Versions/A/OSServices
0x00007fff94764000 	/System/Library/Frameworks/CoreServices.framework/Versions/A/Frameworks/SearchKit.framework/Versions/A/SearchKit
0x00007fff903df000 	/System/Library/Frameworks/CoreServices.framework/Versions/A/Frameworks/AE.framework/Versions/A/AE
0x00007fff89dfe000 	/System/Library/Frameworks/CoreServices.framework/Versions/A/Frameworks/LaunchServices.framework/Versions/A/LaunchServices
0x00007fff977ae000 	/System/Library/Frameworks/CoreServices.framework/Versions/A/Frameworks/DictionaryServices.framework/Versions/A/DictionaryServices
0x00007fff8dab4000 	/System/Library/Frameworks/CoreServices.framework/Versions/A/Frameworks/SharedFileList.framework/Versions/A/SharedFileList
0x00007fff903d6000 	/System/Library/Frameworks/NetFS.framework/Versions/A/NetFS
0x00007fff93027000 	/System/Library/PrivateFrameworks/NetAuth.framework/Versions/A/NetAuth
0x00007fff8b12e000 	/System/Library/PrivateFrameworks/login.framework/Versions/A/Frameworks/loginsupport.framework/Versions/A/loginsupport
0x00007fff98191000 	/System/Library/PrivateFrameworks/TCC.framework/Versions/A/TCC
0x00007fff8ea4d000 	/usr/lib/libmecabra.dylib
0x00007fff8ae9f000 	/System/Library/Frameworks/ApplicationServices.framework/Versions/A/Frameworks/ATS.framework/Versions/A/ATS
0x00007fff9accf000 	/System/Library/Frameworks/ApplicationServices.framework/Versions/A/Frameworks/ColorSync.framework/Versions/A/ColorSync
0x00007fff893e7000 	/System/Library/Frameworks/ApplicationServices.framework/Versions/A/Frameworks/HIServices.framework/Versions/A/HIServices
0x00007fff8cc6f000 	/System/Library/Frameworks/ApplicationServices.framework/Versions/A/Frameworks/LangAnalysis.framework/Versions/A/LangAnalysis
0x00007fff953e4000 	/System/Library/Frameworks/ApplicationServices.framework/Versions/A/Frameworks/PrintCore.framework/Versions/A/PrintCore
0x00007fff8bafa000 	/System/Library/Frameworks/ApplicationServices.framework/Versions/A/Frameworks/QD.framework/Versions/A/QD
0x00007fff97852000 	/System/Library/Frameworks/ApplicationServices.framework/Versions/A/Frameworks/SpeechSynthesis.framework/Versions/A/SpeechSynthesis
0x00007fff9f292000 	/System/Library/Frameworks/Metal.framework/Versions/A/Metal
0x00007fff972ef000 	/System/Library/Frameworks/Accelerate.framework/Versions/A/Frameworks/vImage.framework/Versions/A/vImage
0x00007fff8943a000 	/System/Library/Frameworks/Accelerate.framework/Versions/A/Frameworks/vecLib.framework/Versions/A/vecLib
0x00007fff8c93d000 	/System/Library/Frameworks/Accelerate.framework/Versions/A/Frameworks/vecLib.framework/Versions/A/libvDSP.dylib
0x00007fff94f58000 	/System/Library/Frameworks/Accelerate.framework/Versions/A/Frameworks/vecLib.framework/Versions/A/libvMisc.dylib
0x00007fff984a1000 	/System/Library/Frameworks/Accelerate.framework/Versions/A/Frameworks/vecLib.framework/Versions/A/libLAPACK.dylib
0x00007fff98293000 	/System/Library/Frameworks/Accelerate.framework/Versions/A/Frameworks/vecLib.framework/Versions/A/libBLAS.dylib
0x00007fff8a2ff000 	/System/Library/Frameworks/Accelerate.framework/Versions/A/Frameworks/vecLib.framework/Versions/A/libLinearAlgebra.dylib
0x00007fff98264000 	/System/Library/Frameworks/Accelerate.framework/Versions/A/Frameworks/vecLib.framework/Versions/A/libSparseBLAS.dylib
0x00007fff96282000 	/System/Library/PrivateFrameworks/GPUCompiler.framework/libmetal_timestamp.dylib
0x00007fff8bb35000 	/System/Library/Frameworks/OpenGL.framework/Versions/A/Libraries/libCoreFSCache.dylib
0x00007fff96459000 	/System/Library/PrivateFrameworks/IOAccelerator.framework/Versions/A/IOAccelerator
0x00007fff96fc2000 	/System/Library/Frameworks/ApplicationServices.framework/Versions/A/Frameworks/ATS.framework/Versions/A/Resources/libFontParser.dylib
0x00007fff9c715000 	/System/Library/Frameworks/ApplicationServices.framework/Versions/A/Frameworks/ATS.framework/Versions/A/Resources/libFontRegistry.dylib
0x00007fff98941000 	/System/Library/PrivateFrameworks/AppleVPA.framework/Versions/A/AppleVPA
0x00007fff8ed13000 	/System/Library/PrivateFrameworks/AppleJPEG.framework/Versions/A/AppleJPEG
0x00007fff9e075000 	/System/Library/Frameworks/ImageIO.framework/Versions/A/Resources/libJPEG.dylib
0x00007fff8f518000 	/System/Library/Frameworks/ImageIO.framework/Versions/A/Resources/libTIFF.dylib
0x00007fff94f32000 	/System/Library/Frameworks/ImageIO.framework/Versions/A/Resources/libPng.dylib
0x00007fff98932000 	/System/Library/Frameworks/ImageIO.framework/Versions/A/Resources/libGIF.dylib
0x00007fff971ad000 	/System/Library/Frameworks/ImageIO.framework/Versions/A/Resources/libJP2.dylib
0x00007fff9aebd000 	/System/Library/Frameworks/ImageIO.framework/Versions/A/Resources/libRadiance.dylib
0x00007fff9c514000 	/System/Library/Frameworks/CoreVideo.framework/Versions/A/CoreVideo
0x00007fff9e80b000 	/System/Library/Frameworks/OpenGL.framework/Versions/A/Libraries/libGLU.dylib
0x00007fff8cd39000 	/System/Library/Frameworks/OpenGL.framework/Versions/A/Libraries/libGFXShared.dylib
0x00007fff9eb10000 	/System/Library/Frameworks/OpenGL.framework/Versions/A/Libraries/libGL.dylib
0x00007fff8e042000 	/System/Library/Frameworks/OpenGL.framework/Versions/A/Libraries/libGLImage.dylib
0x00007fff92429000 	/System/Library/Frameworks/OpenGL.framework/Versions/A/Libraries/libCVMSPluginSupport.dylib
0x00007fff9ec18000 	/System/Library/Frameworks/OpenGL.framework/Versions/A/Libraries/libCoreVMClient.dylib
0x00007fff8a3a9000 	/usr/lib/libcompression.dylib
0x00007fff8a3c3000 	/usr/lib/libcups.2.dylib
0x00007fff9250a000 	/System/Library/Frameworks/Kerberos.framework/Versions/A/Kerberos
0x00007fff8b995000 	/System/Library/Frameworks/GSS.framework/Versions/A/GSS
0x00007fff95138000 	/usr/lib/libresolv.9.dylib
0x00007fff95045000 	/usr/lib/libiconv.2.dylib
0x00007fff9ed2d000 	/System/Library/PrivateFrameworks/Heimdal.framework/Versions/A/Heimdal
0x00007fff92f5a000 	/usr/lib/libheimdal-asn1.dylib
0x00007fff972a0000 	/System/Library/Frameworks/OpenDirectory.framework/Versions/A/OpenDirectory
0x00007fff9475a000 	/System/Library/PrivateFrameworks/CommonAuth.framework/Versions/A/CommonAuth
0x00007fff9eda2000 	/System/Library/Frameworks/OpenDirectory.framework/Versions/A/Frameworks/CFOpenDirectory.framework/Versions/A/CFOpenDirectory
0x00007fff966eb000 	/System/Library/Frameworks/SecurityFoundation.framework/Versions/A/SecurityFoundation
0x00007fff8eda1000 	/System/Library/PrivateFrameworks/LanguageModeling.framework/Versions/A/LanguageModeling
0x00007fff9ef1b000 	/usr/lib/libmarisa.dylib
0x00007fff98287000 	/usr/lib/libChineseTokenizer.dylib
0x00007fff9c549000 	/usr/lib/libcmph.dylib
0x00007fff92b15000 	/System/Library/Frameworks/ServiceManagement.framework/Versions/A/ServiceManagement
0x00007fff8a8f3000 	/usr/lib/libxslt.1.dylib
0x00007fff9c9b6000 	/System/Library/Frameworks/Carbon.framework/Versions/A/Frameworks/Ink.framework/Versions/A/Ink
0x00007fff8994f000 	/usr/lib/libFosl_dynamic.dylib
0x00007fff9a2e1000 	/System/Library/PrivateFrameworks/FaceCore.framework/Versions/A/FaceCore
0x00007fff977e5000 	/System/Library/Frameworks/OpenCL.framework/Versions/A/OpenCL
0x00007fff9e6ea000 	/System/Library/PrivateFrameworks/CrashReporterSupport.framework/Versions/A/CrashReporterSupport
0x00007fff9683d000 	/System/Library/PrivateFrameworks/IconServices.framework/Versions/A/IconServices
0x00007fff92814000 	/System/Library/PrivateFrameworks/Apple80211.framework/Versions/A/Apple80211
0x00007fff9cce7000 	/System/Library/Frameworks/CoreWLAN.framework/Versions/A/CoreWLAN
0x00007fff96f1d000 	/System/Library/Frameworks/IOBluetooth.framework/Versions/A/IOBluetooth
0x00007fff98e82000 	/System/Library/PrivateFrameworks/CoreWiFi.framework/Versions/A/CoreWiFi
0x00007fff92fce000 	/System/Library/Frameworks/CoreBluetooth.framework/Versions/A/CoreBluetooth
0x00007fff972c7000 	/System/Library/PrivateFrameworks/ChunkingLibrary.framework/Versions/A/ChunkingLibrary
0x00007fff9471f000 	/System/Library/PrivateFrameworks/DebugSymbols.framework/Versions/A/DebugSymbols
0x00007fff8f360000 	/System/Library/PrivateFrameworks/CoreSymbolication.framework/Versions/A/CoreSymbolication
0x00007fff9e7ba000 	/System/Library/PrivateFrameworks/Symbolication.framework/Versions/A/Symbolication
0x00007fff8f92d000 	/System/Library/PrivateFrameworks/SpeechRecognitionCore.framework/Versions/A/SpeechRecognitionCore
0x0000000100aad000 	/Library/Java/JavaVirtualMachines/jdk-11.0.2.jdk/Contents/Home/lib/server/libjvm.dylib
0x0000000101d02000 	/Library/Java/JavaVirtualMachines/jdk-11.0.2.jdk/Contents/Home/lib/libverify.dylib
0x0000000101d0e000 	/Library/Java/JavaVirtualMachines/jdk-11.0.2.jdk/Contents/Home/lib/libjava.dylib
0x0000000101d43000 	/Library/Java/JavaVirtualMachines/jdk-11.0.2.jdk/Contents/Home/lib/libzip.dylib
0x0000000101d4b000 	/Library/Java/JavaVirtualMachines/jdk-11.0.2.jdk/Contents/Home/lib/libjimage.dylib
0x000000011e598000 	/Library/Java/JavaVirtualMachines/jdk-11.0.2.jdk/Contents/Home/lib/libnio.dylib
0x000000011e5a6000 	/Library/Java/JavaVirtualMachines/jdk-11.0.2.jdk/Contents/Home/lib/./libnet.dylib
0x000000011e7e4000 	/Library/Java/JavaVirtualMachines/jdk-11.0.2.jdk/Contents/Home/lib/libmanagement.dylib
0x000000011e7e9000 	/Library/Java/JavaVirtualMachines/jdk-11.0.2.jdk/Contents/Home/lib/libmanagement_ext.dylib
0x000000011e6e7000 	/Library/Java/JavaVirtualMachines/jdk-11.0.2.jdk/Contents/Home/lib/libextnet.dylib
0x000000011e698000 	/Library/Java/JavaVirtualMachines/jdk-11.0.2.jdk/Contents/Home/lib/libattach.dylib
0x000000011e6c1000 	/Library/Java/JavaVirtualMachines/jdk-11.0.2.jdk/Contents/Home/lib/librmi.dylib


VM Arguments:
jvm_args: -Dspring.lsp.client-port=45556 -Dserver.port=45556 -Dsts.lsp.client=vscode -Dsts.log.file=/var/folders/4q/5cnrpjkj5db9w313741tctmc0000gn/T/vscode-spring-boot-1549334032191.log -Dlogging.file=/var/folders/4q/5cnrpjkj5db9w313741tctmc0000gn/T/vscode-spring-boot-1549334032191.log 
java_command: /Users/mac/.vscode/extensions/pivotal.vscode-spring-boot-1.3.0/jars/spring-boot-language-server-1.3.0-SNAPSHOT.jar
java_class_path (initial): /Users/mac/.vscode/extensions/pivotal.vscode-spring-boot-1.3.0/jars/spring-boot-language-server-1.3.0-SNAPSHOT.jar
Launcher Type: SUN_STANDARD

[Global flags]
     intx CICompilerCount                          = 2                                         {product} {ergonomic}
     uint ConcGCThreads                            = 1                                         {product} {ergonomic}
     uint G1ConcRefinementThreads                  = 2                                         {product} {ergonomic}
   size_t G1HeapRegionSize                         = 1048576                                   {product} {ergonomic}
    uintx GCDrainStackTargetSize                   = 64                                        {product} {ergonomic}
   size_t InitialHeapSize                          = 67108864                                  {product} {ergonomic}
   size_t MarkStackSize                            = 4194304                                   {product} {ergonomic}
   size_t MaxHeapSize                              = 1073741824                                {product} {ergonomic}
   size_t MaxNewSize                               = 643825664                                 {product} {ergonomic}
   size_t MinHeapDeltaBytes                        = 1048576                                   {product} {ergonomic}
    uintx NonNMethodCodeHeapSize                   = 5824844                                {pd product} {ergonomic}
    uintx NonProfiledCodeHeapSize                  = 122916698                              {pd product} {ergonomic}
    uintx ProfiledCodeHeapSize                     = 122916698                              {pd product} {ergonomic}
    uintx ReservedCodeCacheSize                    = 251658240                              {pd product} {ergonomic}
     bool SegmentedCodeCache                       = true                                      {product} {ergonomic}
     bool UseCompressedClassPointers               = true                                 {lp64_product} {ergonomic}
     bool UseCompressedOops                        = true                                 {lp64_product} {ergonomic}
     bool UseG1GC                                  = true                                      {product} {ergonomic}

Logging:
Log output configuration:
 #0: stdout all=warning uptime,level,tags
 #1: stderr all=off uptime,level,tags

Environment Variables:
PATH=/Users/mac/anaconda3/bin:/usr/local/bin:/usr/bin:/bin:/usr/sbin:/sbin:/Library/Frameworks/Mono.framework/Versions/Current/Commands:/Applications/Xamarin Workbooks.app/Contents/SharedSupport/path-bin
SHELL=/bin/bash

Signal Handlers:
SIGSEGV: [libjvm.dylib+0x740190], sa_mask[0]=11111111011111110111111111111111, sa_flags=SA_ONSTACK|SA_RESTART|SA_SIGINFO
SIGBUS: [libjvm.dylib+0x740190], sa_mask[0]=11111111011111110111111111111111, sa_flags=SA_RESTART|SA_SIGINFO
SIGFPE: [libjvm.dylib+0x740190], sa_mask[0]=11111111011111110111111111111111, sa_flags=SA_RESTART|SA_SIGINFO
SIGPIPE: [libjvm.dylib+0x5f2e42], sa_mask[0]=11111111011111110111111111111111, sa_flags=SA_RESTART|SA_SIGINFO
SIGXFSZ: [libjvm.dylib+0x5f2e42], sa_mask[0]=11111111011111110111111111111111, sa_flags=SA_RESTART|SA_SIGINFO
SIGILL: [libjvm.dylib+0x740190], sa_mask[0]=11111111011111110111111111111111, sa_flags=SA_RESTART|SA_SIGINFO
SIGUSR2: [libjvm.dylib+0x5f3427], sa_mask[0]=00000000000000000000000000000000, sa_flags=SA_RESTART|SA_SIGINFO
SIGHUP: [libjvm.dylib+0x5f1e83], sa_mask[0]=11111111011111110111111111111111, sa_flags=SA_RESTART|SA_SIGINFO
SIGINT: [libjvm.dylib+0x5f1e83], sa_mask[0]=11111111011111110111111111111111, sa_flags=SA_RESTART|SA_SIGINFO
SIGTERM: [libjvm.dylib+0x5f1e83], sa_mask[0]=11111111011111110111111111111111, sa_flags=SA_RESTART|SA_SIGINFO
SIGQUIT: [libjvm.dylib+0x5f1e83], sa_mask[0]=11111111011111110111111111111111, sa_flags=SA_RESTART|SA_SIGINFO


---------------  S Y S T E M  ---------------

OS:uname:Darwin 15.6.0 Darwin Kernel Version 15.6.0: Thu Jun 21 20:07:40 PDT 2018; root:xnu-3248.73.11~1/RELEASE_X86_64 x86_64
rlimit: STACK 8192k, CORE 0k, NPROC 709, NOFILE 10240, AS infinity, DATA infinity, FSIZE infinity
load average:13.92 6.88 5.48

CPU:total 2 (initial active 2) (2 cores per cpu, 1 threads per core) family 6 model 23 stepping 10, cmov, cx8, fxsr, mmx, sse, sse2, sse3, ssse3, sse4.1, tsc

Memory: 4k page, physical 4194304k(18524k free)

vm_info: Java HotSpot(TM) 64-Bit Server VM (11.0.2+9-LTS) for bsd-amd64 JRE (11.0.2+9-LTS), built on Jan 18 2019 08:16:46 by "mach5one" with gcc 4.2.1 Compatible Apple LLVM 9.1.0 (clang-902.0.39.2)

END.
