#
# A fatal error has been detected by the Java Runtime Environment:
#
#  SIGSEGV (0xb) at pc=0x000000010b5b3bf2, pid=5382, tid=0x0000000000002403
#
# JRE version: Java(TM) SE Runtime Environment (8.0_152-b16) (build 1.8.0_152-b16)
# Java VM: Java HotSpot(TM) 64-Bit Server VM (25.152-b16 mixed mode bsd-amd64 compressed oops)
# Problematic frame:
# V  [libjvm.dylib+0x2c4bf2]
#
# Failed to write core dump. Core dumps have been disabled. To enable core dumping, try "ulimit -c unlimited" before starting Java again
#
# If you would like to submit a bug report, please visit:
#   http://bugreport.java.com/bugreport/crash.jsp
#

---------------  T H R E A D  ---------------

Current thread (0x00007f8762021000):  GCTaskThread [stack: 0x000070000021d000,0x000070000031d000] [id=9219]

siginfo: si_signo: 11 (SIGSEGV), si_code: 0 (unknown), si_addr: 0x0000000000000000

Registers:
RAX=0x000000011bf17000, RBX=0x00007f8761d0f080, RCX=0x03ffffffe2000000, RDX=0x1fffffff10000004
RSP=0x000070000031cb90, RBP=0x000070000031cbb0, RSI=0x0000000780664f70, RDI=0x00007f8761d0f080
R8 =0x000000000000000c, R9 =0x0000000000007b3e, R10=0x200004a400121201, R11=0x0000800000000000
R12=0x0000000000000004, R13=0x0000000780664f70, R14=0x0000000000000020, R15=0x00007f8761d0f080
RIP=0x000000010b5b3bf2, EFLAGS=0x0000000000010206, ERR=0x0000000000000000
  TRAPNO=0x000000000000000d

Top of Stack: (sp=0x000070000031cb90)
0x000070000031cb90:   000070000031cbc0 0000000780664f50
0x000070000031cba0:   0000000000000005 00007f8761d0f080
0x000070000031cbb0:   000070000031cc20 000000010b76bb04
0x000070000031cbc0:   0000000000000005 00007f8761d0f080
0x000070000031cbd0:   000070000031cc00 000000010b5b3c2f
0x000070000031cbe0:   0000000000000000 00007f8761d0f080
0x000070000031cbf0:   00000007c0017e30 0000000780664f50
0x000070000031cc00:   0000000780664f50 000000010b904f3b
0x000070000031cc10:   00007f8761d0f080 00000007c00117a8
0x000070000031cc20:   000070000031cc50 000000010b76aea8
0x000070000031cc30:   0000000000000000 00007f8761d0f080
0x000070000031cc40:   00007f8761d0f088 000000010bb31ad0
0x000070000031cc50:   000070000031cce0 000000010b7ade9c
0x000070000031cc60:   000070000031ccc0 00007f8761d0f0c0
0x000070000031cc70:   00007f8761d0f108 00007f8761d0f140
0x000070000031cc80:   000070000031ccb0 000000010b5b3d0f
0x000070000031cc90:   0000000780664f50 000070000031cd88
0x000070000031cca0:   0000000000000078 000000010bbfb4a0
0x000070000031ccb0:   000070000031cce0 00007f8761d0f080
0x000070000031ccc0:   0000000000000000 000000010b904f3b
0x000070000031ccd0:   000070000031cd88 0000000000000001
0x000070000031cce0:   000070000031cdb0 000000010b7a0a23
0x000070000031ccf0:   0000000000000000 0000000100000000
0x000070000031cd00:   00007f8761c19968 0bb1640000000000
0x000070000031cd10:   0000000000000000 0000000000000000
0x000070000031cd20:   0000000000000000 00007f8761c19984
0x000070000031cd30:   000070000031cd80 00007f8761c19900
0x000070000031cd40:   0000000000000000 000000010b8e19e9
0x000070000031cd50:   00007f8761c19928 0000000000000002
0x000070000031cd60:   000070000031cd80 000000010b7780f2
0x000070000031cd70:   000000010bbca0c0 00007f8761c17a00
0x000070000031cd80:   000070000031cd88 000000010bbca090 

Instructions: (pc=0x000000010b5b3bf2)
0x000000010b5b3bd2:   10 48 c1 ea 03 48 8d 0d 4a 26 56 00 8a 09 48 d3
0x000000010b5b3be2:   ea 48 89 d1 48 83 e1 c0 48 c1 e9 03 48 8b 40 30
0x000000010b5b3bf2:   48 8b 04 08 48 0f a3 d0 72 5d 4c 89 f7 e8 c0 5c
0x000000010b5b3c02:   ee ff 4c 63 f8 48 8d 3d b2 1a 63 00 4c 89 f6 4c 

Register to memory mapping:

RAX=0x000000011bf17000 is an unknown value
RBX=0x00007f8761d0f080 is an unknown value
RCX=0x03ffffffe2000000 is an unknown value
RDX=0x1fffffff10000004 is an unknown value
RSP=0x000070000031cb90 is an unknown value
RBP=0x000070000031cbb0 is an unknown value
RSI=0x0000000780664f70 is pointing into object: 0x0000000780664f50
[Ljava.lang.Object; 
 - klass: 'java/lang/Object'[]
 - length: 5
RDI=0x00007f8761d0f080 is an unknown value
R8 =0x000000000000000c is an unknown value
R9 =0x0000000000007b3e is an unknown value
R10=0x200004a400121201 is an unknown value
R11=0x0000800000000000 is an unknown value
R12=0x0000000000000004 is an unknown value
R13=0x0000000780664f70 is pointing into object: 0x0000000780664f50
[Ljava.lang.Object; 
 - klass: 'java/lang/Object'[]
 - length: 5
R14=0x0000000000000020 is an unknown value
R15=0x00007f8761d0f080 is an unknown value


Stack: [0x000070000021d000,0x000070000031d000],  sp=0x000070000031cb90,  free space=1022k
Native frames: (J=compiled Java code, j=interpreted, Vv=VM code, C=native code)
V  [libjvm.dylib+0x2c4bf2]
V  [libjvm.dylib+0x47cb04]
V  [libjvm.dylib+0x47bea8]
V  [libjvm.dylib+0x4bee9c]
V  [libjvm.dylib+0x4b1a23]
V  [libjvm.dylib+0x277a0b]
V  [libjvm.dylib+0x48d542]
C  [libsystem_pthread.dylib+0x399d]  _pthread_body+0x83
C  [libsystem_pthread.dylib+0x391a]  _pthread_body+0x0
C  [libsystem_pthread.dylib+0x1351]  thread_start+0xd


---------------  P R O C E S S  ---------------

Java Threads: ( => current thread )
  0x00007f8762474000 JavaThread "restartedMain" [_thread_blocked, id=23811, stack(0x000070000165c000,0x000070000175c000)]
  0x00007f8762b2c800 JavaThread "Thread-2" [_thread_blocked, id=23299, stack(0x0000700001559000,0x0000700001659000)]
  0x00007f8762383800 JavaThread "JMX server connection timeout 16" daemon [_thread_blocked, id=22787, stack(0x0000700001456000,0x0000700001556000)]
  0x00007f876237b000 JavaThread "RMI TCP Connection(2)-127.0.0.1" daemon [_thread_in_native, id=22275, stack(0x0000700001353000,0x0000700001453000)]
  0x00007f8762a2c800 JavaThread "RMI Scheduler(0)" daemon [_thread_blocked, id=21763, stack(0x0000700001250000,0x0000700001350000)]
  0x00007f8762375800 JavaThread "RMI TCP Connection(1)-127.0.0.1" daemon [_thread_in_native, id=21251, stack(0x000070000114d000,0x000070000124d000)]
  0x00007f8762369800 JavaThread "Attach Listener" daemon [_thread_blocked, id=20739, stack(0x000070000104a000,0x000070000114a000)]
  0x00007f8762373000 JavaThread "RMI TCP Accept-0" daemon [_thread_in_native, id=19715, stack(0x0000700000e44000,0x0000700000f44000)]
  0x00007f8762359000 JavaThread "RMI TCP Accept-64246" daemon [_thread_in_native, id=19203, stack(0x0000700000d41000,0x0000700000e41000)]
  0x00007f8762a22000 JavaThread "RMI TCP Accept-0" daemon [_thread_in_native, id=18691, stack(0x0000700000c3e000,0x0000700000d3e000)]
  0x00007f876207d800 JavaThread "Service Thread" daemon [_thread_blocked, id=17155, stack(0x0000700000b3b000,0x0000700000c3b000)]
  0x00007f8762893000 JavaThread "C1 CompilerThread1" daemon [_thread_blocked, id=16643, stack(0x0000700000a38000,0x0000700000b38000)]
  0x00007f876208e800 JavaThread "C2 CompilerThread0" daemon [_thread_blocked, id=16131, stack(0x0000700000935000,0x0000700000a35000)]
  0x00007f87620a0000 JavaThread "Signal Dispatcher" daemon [_thread_blocked, id=15627, stack(0x0000700000832000,0x0000700000932000)]
  0x00007f8762045000 JavaThread "Finalizer" daemon [_thread_blocked, id=11267, stack(0x0000700000629000,0x0000700000729000)]
  0x00007f876203e800 JavaThread "Reference Handler" daemon [_thread_blocked, id=10755, stack(0x0000700000526000,0x0000700000626000)]
  0x00007f8762015800 JavaThread "main" [_thread_blocked, id=5891, stack(0x000070000011a000,0x000070000021a000)]

Other Threads:
  0x00007f876283c000 VMThread [stack: 0x0000700000423000,0x0000700000523000] [id=10243]
  0x00007f8762a43800 WatcherThread [stack: 0x0000700000f47000,0x0000700001047000] [id=20227]

=>0x00007f8762021000 (exited) GCTaskThread [stack: 0x000070000021d000,0x000070000031d000] [id=9219]

VM state:at safepoint (normal execution)

VM Mutex/Monitor currently owned by a thread:  ([mutex/lock_event])
[0x00007f8761c10320] Threads_lock - owner thread: 0x00007f876283c000
[0x00007f8761c10820] Heap_lock - owner thread: 0x00007f8762474000

Heap:
 PSYoungGen      total 169472K, used 8701K [0x00000007aab00000, 0x00000007b7b80000, 0x00000007c0000000)
  eden space 160768K, 0% used [0x00000007aab00000,0x00000007aab00000,0x00000007b4800000)
  from space 8704K, 99% used [0x00000007b5680000,0x00000007b5eff440,0x00000007b5f00000)
  to   space 14848K, 0% used [0x00000007b4800000,0x00000007b4800000,0x00000007b5680000)
 ParOldGen       total 32256K, used 25559K [0x0000000780000000, 0x0000000781f80000, 0x00000007aab00000)
  object space 32256K, 79% used [0x0000000780000000,0x00000007818f5f38,0x0000000781f80000)
 Metaspace       used 21762K, capacity 22362K, committed 22528K, reserved 1069056K
  class space    used 2896K, capacity 3069K, committed 3072K, reserved 1048576K

Card table byte_map: [0x000000011bbc0000,0x000000011bdc1000] byte_map_base: 0x0000000117fc0000

Marking Bits: (ParMarkBitMap*) 0x000000010bbe56c0
 Begin Bits: [0x000000011bf17000, 0x000000011cf17000)
 End Bits:   [0x000000011cf17000, 0x000000011df17000)

Polling page: 0x000000010c2e3000

CodeCache: size=245760Kb used=4830Kb max_used=4830Kb free=240929Kb
 bounds [0x000000010c800000, 0x000000010ccc0000, 0x000000011b800000]
 total_blobs=2486 nmethods=2091 adapters=310
 compilation: enabled

Compilation events (10 events):
Event: 7.485 Thread 0x00007f8762893000 2090       1       java.io.ObjectStreamClass$FieldReflector::getPrimFieldValues (317 bytes)
Event: 7.486 Thread 0x00007f8762893000 nmethod 2090 0x000000010ccb5910 code [0x000000010ccb5b00, 0x000000010ccb60c8]
Event: 7.486 Thread 0x00007f8762893000 2086       1       java.io.ObjectOutputStream$BlockDataOutputStream::write (152 bytes)
Event: 7.486 Thread 0x00007f8762893000 nmethod 2086 0x000000010ccb6810 code [0x000000010ccb69c0, 0x000000010ccb6d98]
Event: 7.486 Thread 0x00007f8762893000 2088       1       java.io.ObjectStreamClass::checkDefaultSerialize (20 bytes)
Event: 7.486 Thread 0x00007f8762893000 nmethod 2088 0x000000010ccb6f50 code [0x000000010ccb70e0, 0x000000010ccb72f8]
Event: 7.486 Thread 0x00007f8762893000 2089       1       java.io.ObjectStreamClass::getPrimFieldValues (10 bytes)
Event: 7.487 Thread 0x00007f8762893000 nmethod 2089 0x000000010ccb7490 code [0x000000010ccb7600, 0x000000010ccb7748]
Event: 7.487 Thread 0x00007f8762893000 2091       1       java.io.ObjectStreamClass::getObjFieldValues (10 bytes)
Event: 7.487 Thread 0x00007f8762893000 nmethod 2091 0x000000010ccb7810 code [0x000000010ccb7980, 0x000000010ccb7ac8]

GC Heap History (10 events):
Event: 4.336 GC heap after
Heap after GC invocations=7 (full 0):
 PSYoungGen      total 71168K, used 4034K [0x00000007aab00000, 0x00000007b3500000, 0x00000007c0000000)
  eden space 64000K, 0% used [0x00000007aab00000,0x00000007aab00000,0x00000007ae980000)
  from space 7168K, 56% used [0x00000007ae980000,0x00000007aed708f8,0x00000007af080000)
  to   space 6656K, 0% used [0x00000007b2e80000,0x00000007b2e80000,0x00000007b3500000)
 ParOldGen       total 44032K, used 8778K [0x0000000780000000, 0x0000000782b00000, 0x00000007aab00000)
  object space 44032K, 19% used [0x0000000780000000,0x00000007808929b8,0x0000000782b00000)
 Metaspace       used 20529K, capacity 21118K, committed 21296K, reserved 1067008K
  class space    used 2740K, capacity 2913K, committed 2944K, reserved 1048576K
}
Event: 4.336 GC heap before
{Heap before GC invocations=8 (full 1):
 PSYoungGen      total 71168K, used 4034K [0x00000007aab00000, 0x00000007b3500000, 0x00000007c0000000)
  eden space 64000K, 0% used [0x00000007aab00000,0x00000007aab00000,0x00000007ae980000)
  from space 7168K, 56% used [0x00000007ae980000,0x00000007aed708f8,0x00000007af080000)
  to   space 6656K, 0% used [0x00000007b2e80000,0x00000007b2e80000,0x00000007b3500000)
 ParOldGen       total 44032K, used 8778K [0x0000000780000000, 0x0000000782b00000, 0x00000007aab00000)
  object space 44032K, 19% used [0x0000000780000000,0x00000007808929b8,0x0000000782b00000)
 Metaspace       used 20529K, capacity 21118K, committed 21296K, reserved 1067008K
  class space    used 2740K, capacity 2913K, committed 2944K, reserved 1048576K
Event: 4.447 GC heap after
Heap after GC invocations=8 (full 1):
 PSYoungGen      total 71168K, used 0K [0x00000007aab00000, 0x00000007b3500000, 0x00000007c0000000)
  eden space 64000K, 0% used [0x00000007aab00000,0x00000007aab00000,0x00000007ae980000)
  from space 7168K, 0% used [0x00000007ae980000,0x00000007ae980000,0x00000007af080000)
  to   space 6656K, 0% used [0x00000007b2e80000,0x00000007b2e80000,0x00000007b3500000)
 ParOldGen       total 32256K, used 9038K [0x0000000780000000, 0x0000000781f80000, 0x00000007aab00000)
  object space 32256K, 28% used [0x0000000780000000,0x00000007808d3b28,0x0000000781f80000)
 Metaspace       used 20529K, capacity 21118K, committed 21296K, reserved 1067008K
  class space    used 2740K, capacity 2913K, committed 2944K, reserved 1048576K
}
Event: 5.141 GC heap before
{Heap before GC invocations=9 (full 1):
 PSYoungGen      total 71168K, used 64000K [0x00000007aab00000, 0x00000007b3500000, 0x00000007c0000000)
  eden space 64000K, 100% used [0x00000007aab00000,0x00000007ae980000,0x00000007ae980000)
  from space 7168K, 0% used [0x00000007ae980000,0x00000007ae980000,0x00000007af080000)
  to   space 6656K, 0% used [0x00000007b2e80000,0x00000007b2e80000,0x00000007b3500000)
 ParOldGen       total 32256K, used 9038K [0x0000000780000000, 0x0000000781f80000, 0x00000007aab00000)
  object space 32256K, 28% used [0x0000000780000000,0x00000007808d3b28,0x0000000781f80000)
 Metaspace       used 21545K, capacity 22178K, committed 22272K, reserved 1069056K
  class space    used 2852K, capacity 3033K, committed 3072K, reserved 1048576K
Event: 5.175 GC heap after
Heap after GC invocations=9 (full 1):
 PSYoungGen      total 118784K, used 4210K [0x00000007aab00000, 0x00000007b3300000, 0x00000007c0000000)
  eden space 114176K, 0% used [0x00000007aab00000,0x00000007aab00000,0x00000007b1a80000)
  from space 4608K, 91% used [0x00000007b2e80000,0x00000007b329ca70,0x00000007b3300000)
  to   space 6656K, 0% used [0x00000007b2600000,0x00000007b2600000,0x00000007b2c80000)
 ParOldGen       total 32256K, used 9046K [0x0000000780000000, 0x0000000781f80000, 0x00000007aab00000)
  object space 32256K, 28% used [0x0000000780000000,0x00000007808d5b28,0x0000000781f80000)
 Metaspace       used 21545K, capacity 22178K, committed 22272K, reserved 1069056K
  class space    used 2852K, capacity 3033K, committed 3072K, reserved 1048576K
}
Event: 6.137 GC heap before
{Heap before GC invocations=10 (full 1):
 PSYoungGen      total 118784K, used 118386K [0x00000007aab00000, 0x00000007b3300000, 0x00000007c0000000)
  eden space 114176K, 100% used [0x00000007aab00000,0x00000007b1a80000,0x00000007b1a80000)
  from space 4608K, 91% used [0x00000007b2e80000,0x00000007b329ca70,0x00000007b3300000)
  to   space 6656K, 0% used [0x00000007b2600000,0x00000007b2600000,0x00000007b2c80000)
 ParOldGen       total 32256K, used 9046K [0x0000000780000000, 0x0000000781f80000, 0x00000007aab00000)
  object space 32256K, 28% used [0x0000000780000000,0x00000007808d5b28,0x0000000781f80000)
 Metaspace       used 21578K, capacity 22178K, committed 22272K, reserved 1069056K
  class space    used 2856K, capacity 3033K, committed 3072K, reserved 1048576K
Event: 6.214 GC heap after
Heap after GC invocations=10 (full 1):
 PSYoungGen      total 132608K, used 6632K [0x00000007aab00000, 0x00000007b5f00000, 0x00000007c0000000)
  eden space 125952K, 0% used [0x00000007aab00000,0x00000007aab00000,0x00000007b2600000)
  from space 6656K, 99% used [0x00000007b2600000,0x00000007b2c7a1d8,0x00000007b2c80000)
  to   space 8704K, 0% used [0x00000007b5680000,0x00000007b5680000,0x00000007b5f00000)
 ParOldGen       total 32256K, used 12534K [0x0000000780000000, 0x0000000781f80000, 0x00000007aab00000)
  object space 32256K, 38% used [0x0000000780000000,0x0000000780c3db28,0x0000000781f80000)
 Metaspace       used 21578K, capacity 22178K, committed 22272K, reserved 1069056K
  class space    used 2856K, capacity 3033K, committed 3072K, reserved 1048576K
}
Event: 7.501 GC heap before
{Heap before GC invocations=11 (full 1):
 PSYoungGen      total 132608K, used 132584K [0x00000007aab00000, 0x00000007b5f00000, 0x00000007c0000000)
  eden space 125952K, 100% used [0x00000007aab00000,0x00000007b2600000,0x00000007b2600000)
  from space 6656K, 99% used [0x00000007b2600000,0x00000007b2c7a1d8,0x00000007b2c80000)
  to   space 8704K, 0% used [0x00000007b5680000,0x00000007b5680000,0x00000007b5f00000)
 ParOldGen       total 32256K, used 12534K [0x0000000780000000, 0x0000000781f80000, 0x00000007aab00000)
  object space 32256K, 38% used [0x0000000780000000,0x0000000780c3db28,0x0000000781f80000)
 Metaspace       used 21762K, capacity 22362K, committed 22528K, reserved 1069056K
  class space    used 2896K, capacity 3069K, committed 3072K, reserved 1048576K
Event: 7.597 GC heap after
Heap after GC invocations=11 (full 1):
 PSYoungGen      total 169472K, used 8701K [0x00000007aab00000, 0x00000007b7b80000, 0x00000007c0000000)
  eden space 160768K, 0% used [0x00000007aab00000,0x00000007aab00000,0x00000007b4800000)
  from space 8704K, 99% used [0x00000007b5680000,0x00000007b5eff440,0x00000007b5f00000)
  to   space 14848K, 0% used [0x00000007b4800000,0x00000007b4800000,0x00000007b5680000)
 ParOldGen       total 32256K, used 25559K [0x0000000780000000, 0x0000000781f80000, 0x00000007aab00000)
  object space 32256K, 79% used [0x0000000780000000,0x00000007818f5f38,0x0000000781f80000)
 Metaspace       used 21762K, capacity 22362K, committed 22528K, reserved 1069056K
  class space    used 2896K, capacity 3069K, committed 3072K, reserved 1048576K
}
Event: 7.597 GC heap before
{Heap before GC invocations=12 (full 2):
 PSYoungGen      total 169472K, used 8701K [0x00000007aab00000, 0x00000007b7b80000, 0x00000007c0000000)
  eden space 160768K, 0% used [0x00000007aab00000,0x00000007aab00000,0x00000007b4800000)
  from space 8704K, 99% used [0x00000007b5680000,0x00000007b5eff440,0x00000007b5f00000)
  to   space 14848K, 0% used [0x00000007b4800000,0x00000007b4800000,0x00000007b5680000)
 ParOldGen       total 32256K, used 25559K [0x0000000780000000, 0x0000000781f80000, 0x00000007aab00000)
  object space 32256K, 79% used [0x0000000780000000,0x00000007818f5f38,0x0000000781f80000)
 Metaspace       used 21762K, capacity 22362K, committed 22528K, reserved 1069056K
  class space    used 2896K, capacity 3069K, committed 3072K, reserved 1048576K

Deoptimization events (0 events):
No events

Classes redefined (0 events):
No events

Internal exceptions (10 events):
Event: 4.176 Thread 0x00007f8762474000 Exception <a 'java/lang/ClassNotFoundException': org/springframework/beans/factory/AwareCustomizer> (0x00000007ab3c21c0) thrown at [/Users/java_re/workspace/8-2-build-macosx-x86_64/jdk8u152/9742/hotspot/src/share/vm/classfile/systemDictionary.cpp, line 21
Event: 4.235 Thread 0x00007f8762b2d000 Exception <a 'java/lang/IncompatibleClassChangeError': Found class java.lang.Object, but interface was expected> (0x00000007ab950130) thrown at [/Users/java_re/workspace/8-2-build-macosx-x86_64/jdk8u152/9742/hotspot/src/share/vm/interpreter/linkResolver.c
Event: 4.451 Thread 0x00007f876237b000 Exception <a 'java/lang/reflect/InvocationTargetException'> (0x00000007aab01cd8) thrown at [/Users/java_re/workspace/8-2-build-macosx-x86_64/jdk8u152/9742/hotspot/src/share/vm/runtime/reflection.cpp, line 1092]
Event: 4.597 Thread 0x00007f8762474000 Exception <a 'java/lang/NoSuchMethodError': java.lang.Object.lambda$comparing$77a9974f$1(Ljava/util/function/Function;Ljava/lang/Object;Ljava/lang/Object;)I> (0x00000007ac590e60) thrown at [/Users/java_re/workspace/8-2-build-macosx-x86_64/jdk8u152/9742/ho
Event: 4.957 Thread 0x00007f876237b000 Exception <a 'java/lang/reflect/InvocationTargetException'> (0x00000007aab06ec8) thrown at [/Users/java_re/workspace/8-2-build-macosx-x86_64/jdk8u152/9742/hotspot/src/share/vm/runtime/reflection.cpp, line 1092]
Event: 5.465 Thread 0x00007f876237b000 Exception <a 'java/lang/reflect/InvocationTargetException'> (0x00000007ad1c3070) thrown at [/Users/java_re/workspace/8-2-build-macosx-x86_64/jdk8u152/9742/hotspot/src/share/vm/runtime/reflection.cpp, line 1092]
Event: 5.971 Thread 0x00007f876237b000 Exception <a 'java/lang/reflect/InvocationTargetException'> (0x00000007ad1c8260) thrown at [/Users/java_re/workspace/8-2-build-macosx-x86_64/jdk8u152/9742/hotspot/src/share/vm/runtime/reflection.cpp, line 1092]
Event: 6.475 Thread 0x00007f876237b000 Exception <a 'java/lang/reflect/InvocationTargetException'> (0x00000007ab6dede8) thrown at [/Users/java_re/workspace/8-2-build-macosx-x86_64/jdk8u152/9742/hotspot/src/share/vm/runtime/reflection.cpp, line 1092]
Event: 6.979 Thread 0x00007f876237b000 Exception <a 'java/lang/reflect/InvocationTargetException'> (0x00000007ab6e3fd8) thrown at [/Users/java_re/workspace/8-2-build-macosx-x86_64/jdk8u152/9742/hotspot/src/share/vm/runtime/reflection.cpp, line 1092]
Event: 7.483 Thread 0x00007f876237b000 Exception <a 'java/lang/reflect/InvocationTargetException'> (0x00000007ab6e8538) thrown at [/Users/java_re/workspace/8-2-build-macosx-x86_64/jdk8u152/9742/hotspot/src/share/vm/runtime/reflection.cpp, line 1092]

Events (10 events):
Event: 7.031 loading class com/fasterxml/jackson/annotation/JacksonAnnotation done
Event: 7.110 loading class com/fasterxml/jackson/databind/annotation/JacksonStdImpl
Event: 7.110 loading class com/fasterxml/jackson/databind/annotation/JacksonStdImpl done
Event: 7.251 loading class com/fasterxml/jackson/annotation/JsonValue
Event: 7.251 loading class com/fasterxml/jackson/annotation/JsonValue done
Event: 7.255 loading class com/fasterxml/jackson/annotation/JsonCreator
Event: 7.255 loading class com/fasterxml/jackson/annotation/JsonCreator done
Event: 7.256 loading class com/fasterxml/jackson/annotation/JsonCreator$Mode
Event: 7.256 loading class com/fasterxml/jackson/annotation/JsonCreator$Mode done
Event: 7.501 Executing VM operation: ParallelGCFailedAllocation


Dynamic libraries:
0x0000000004d3b000 	/System/Library/Frameworks/Cocoa.framework/Versions/A/Cocoa
0x0000000004d3b000 	/System/Library/Frameworks/Security.framework/Versions/A/Security
0x0000000004d3b000 	/System/Library/Frameworks/ApplicationServices.framework/Versions/A/ApplicationServices
0x0000000004d3b000 	/usr/lib/libz.1.dylib
0x0000000004d3b000 	/usr/lib/libSystem.B.dylib
0x0000000004d3b000 	/usr/lib/libobjc.A.dylib
0x0000000004d3b000 	/System/Library/Frameworks/CoreFoundation.framework/Versions/A/CoreFoundation
0x0000000004d3b000 	/System/Library/Frameworks/Foundation.framework/Versions/C/Foundation
0x0000000004d3b000 	/System/Library/Frameworks/AppKit.framework/Versions/C/AppKit
0x0000000004d3b000 	/System/Library/Frameworks/CoreData.framework/Versions/A/CoreData
0x0000000004d3b000 	/System/Library/PrivateFrameworks/RemoteViewServices.framework/Versions/A/RemoteViewServices
0x0000000004d3b000 	/System/Library/PrivateFrameworks/UIFoundation.framework/Versions/A/UIFoundation
0x0000000004d3b000 	/usr/lib/libScreenReader.dylib
0x0000000004d3b000 	/System/Library/Frameworks/Accelerate.framework/Versions/A/Accelerate
0x0000000004d3b000 	/System/Library/Frameworks/IOSurface.framework/Versions/A/IOSurface
0x0000000004d3b000 	/System/Library/Frameworks/AudioToolbox.framework/Versions/A/AudioToolbox
0x0000000004d3b000 	/System/Library/Frameworks/AudioUnit.framework/Versions/A/AudioUnit
0x0000000004d3b000 	/System/Library/PrivateFrameworks/DataDetectorsCore.framework/Versions/A/DataDetectorsCore
0x0000000004d3b000 	/System/Library/PrivateFrameworks/DesktopServicesPriv.framework/Versions/A/DesktopServicesPriv
0x0000000004d3b000 	/System/Library/Frameworks/Carbon.framework/Versions/A/Frameworks/HIToolbox.framework/Versions/A/HIToolbox
0x0000000004d3b000 	/System/Library/Frameworks/QuartzCore.framework/Versions/A/QuartzCore
0x0000000004d3b000 	/System/Library/Frameworks/Carbon.framework/Versions/A/Frameworks/SpeechRecognition.framework/Versions/A/SpeechRecognition
0x0000000004d3b000 	/usr/lib/libauto.dylib
0x0000000004d3b000 	/usr/lib/libicucore.A.dylib
0x0000000004d3b000 	/usr/lib/libxml2.2.dylib
0x0000000004d3b000 	/System/Library/PrivateFrameworks/CoreUI.framework/Versions/A/CoreUI
0x0000000004d3b000 	/System/Library/Frameworks/CoreAudio.framework/Versions/A/CoreAudio
0x0000000004d3b000 	/System/Library/Frameworks/DiskArbitration.framework/Versions/A/DiskArbitration
0x0000000004d3b000 	/usr/lib/liblangid.dylib
0x0000000004d3b000 	/System/Library/PrivateFrameworks/MultitouchSupport.framework/Versions/A/MultitouchSupport
0x0000000004d3b000 	/System/Library/Frameworks/IOKit.framework/Versions/A/IOKit
0x0000000004d3b000 	/usr/lib/libDiagnosticMessagesClient.dylib
0x0000000004d3b000 	/System/Library/Frameworks/CoreServices.framework/Versions/A/CoreServices
0x0000000004d3b000 	/System/Library/PrivateFrameworks/PerformanceAnalysis.framework/Versions/A/PerformanceAnalysis
0x0000000004d3b000 	/System/Library/PrivateFrameworks/GenerationalStorage.framework/Versions/A/GenerationalStorage
0x0000000004d3b000 	/System/Library/Frameworks/OpenGL.framework/Versions/A/OpenGL
0x0000000004d3b000 	/System/Library/PrivateFrameworks/Sharing.framework/Versions/A/Sharing
0x0000000004d3b000 	/System/Library/Frameworks/CoreGraphics.framework/Versions/A/CoreGraphics
0x0000000004d3b000 	/System/Library/Frameworks/CoreImage.framework/Versions/A/CoreImage
0x0000000004d3b000 	/System/Library/Frameworks/CoreText.framework/Versions/A/CoreText
0x0000000004d3b000 	/System/Library/Frameworks/ImageIO.framework/Versions/A/ImageIO
0x0000000004d3b000 	/System/Library/PrivateFrameworks/Backup.framework/Versions/A/Backup
0x0000000004d3b000 	/usr/lib/libextension.dylib
0x0000000004d3b000 	/usr/lib/libarchive.2.dylib
0x0000000004d3b000 	/System/Library/Frameworks/CFNetwork.framework/Versions/A/CFNetwork
0x0000000004d3b000 	/System/Library/Frameworks/SystemConfiguration.framework/Versions/A/SystemConfiguration
0x0000000004d3b000 	/usr/lib/libCRFSuite.dylib
0x0000000004d3b000 	/usr/lib/libc++.1.dylib
0x0000000004d3b000 	/usr/lib/libc++abi.dylib
0x0000000004d3b000 	/usr/lib/system/libcache.dylib
0x0000000004d3b000 	/usr/lib/system/libcommonCrypto.dylib
0x0000000004d3b000 	/usr/lib/system/libcompiler_rt.dylib
0x0000000004d3b000 	/usr/lib/system/libcopyfile.dylib
0x0000000004d3b000 	/usr/lib/system/libcorecrypto.dylib
0x0000000004d3b000 	/usr/lib/system/libdispatch.dylib
0x0000000004d3b000 	/usr/lib/system/libdyld.dylib
0x0000000004d3b000 	/usr/lib/system/libkeymgr.dylib
0x0000000004d3b000 	/usr/lib/system/liblaunch.dylib
0x0000000004d3b000 	/usr/lib/system/libmacho.dylib
0x0000000004d3b000 	/usr/lib/system/libquarantine.dylib
0x0000000004d3b000 	/usr/lib/system/libremovefile.dylib
0x0000000004d3b000 	/usr/lib/system/libsystem_asl.dylib
0x0000000004d3b000 	/usr/lib/system/libsystem_blocks.dylib
0x0000000004d3b000 	/usr/lib/system/libsystem_c.dylib
0x0000000004d3b000 	/usr/lib/system/libsystem_configuration.dylib
0x0000000004d3b000 	/usr/lib/system/libsystem_coreservices.dylib
0x0000000004d3b000 	/usr/lib/system/libsystem_coretls.dylib
0x0000000004d3b000 	/usr/lib/system/libsystem_dnssd.dylib
0x0000000004d3b000 	/usr/lib/system/libsystem_info.dylib
0x0000000004d3b000 	/usr/lib/system/libsystem_kernel.dylib
0x0000000004d3b000 	/usr/lib/system/libsystem_m.dylib
0x0000000004d3b000 	/usr/lib/system/libsystem_malloc.dylib
0x0000000004d3b000 	/usr/lib/system/libsystem_network.dylib
0x0000000004d3b000 	/usr/lib/system/libsystem_networkextension.dylib
0x0000000004d3b000 	/usr/lib/system/libsystem_notify.dylib
0x0000000004d3b000 	/usr/lib/system/libsystem_platform.dylib
0x0000000004d3b000 	/usr/lib/system/libsystem_pthread.dylib
0x0000000004d3b000 	/usr/lib/system/libsystem_sandbox.dylib
0x0000000004d3b000 	/usr/lib/system/libsystem_secinit.dylib
0x0000000004d3b000 	/usr/lib/system/libsystem_trace.dylib
0x0000000004d3b000 	/usr/lib/system/libunc.dylib
0x0000000004d3b000 	/usr/lib/system/libunwind.dylib
0x0000000004d3b000 	/usr/lib/system/libxpc.dylib
0x0000000004d3b000 	/usr/lib/libenergytrace.dylib
0x0000000004d3b000 	/usr/lib/libbsm.0.dylib
0x0000000004d3b000 	/usr/lib/system/libkxld.dylib
0x0000000004d3b000 	/usr/lib/libxar.1.dylib
0x0000000004d3b000 	/usr/lib/libsqlite3.dylib
0x0000000004d3b000 	/usr/lib/libpam.2.dylib
0x0000000004d3b000 	/usr/lib/libOpenScriptingUtil.dylib
0x0000000004d3b000 	/usr/lib/libbz2.1.0.dylib
0x0000000004d3b000 	/usr/lib/liblzma.5.dylib
0x0000000004d3b000 	/System/Library/Frameworks/CoreServices.framework/Versions/A/Frameworks/FSEvents.framework/Versions/A/FSEvents
0x0000000004d3b000 	/System/Library/Frameworks/CoreServices.framework/Versions/A/Frameworks/CarbonCore.framework/Versions/A/CarbonCore
0x0000000004d3b000 	/System/Library/Frameworks/CoreServices.framework/Versions/A/Frameworks/Metadata.framework/Versions/A/Metadata
0x0000000004d3b000 	/System/Library/Frameworks/CoreServices.framework/Versions/A/Frameworks/OSServices.framework/Versions/A/OSServices
0x0000000004d3b000 	/System/Library/Frameworks/CoreServices.framework/Versions/A/Frameworks/SearchKit.framework/Versions/A/SearchKit
0x0000000004d3b000 	/System/Library/Frameworks/CoreServices.framework/Versions/A/Frameworks/AE.framework/Versions/A/AE
0x0000000004d3b000 	/System/Library/Frameworks/CoreServices.framework/Versions/A/Frameworks/LaunchServices.framework/Versions/A/LaunchServices
0x0000000004d3b000 	/System/Library/Frameworks/CoreServices.framework/Versions/A/Frameworks/DictionaryServices.framework/Versions/A/DictionaryServices
0x0000000004d3b000 	/System/Library/Frameworks/CoreServices.framework/Versions/A/Frameworks/SharedFileList.framework/Versions/A/SharedFileList
0x0000000004d3b000 	/System/Library/Frameworks/NetFS.framework/Versions/A/NetFS
0x0000000004d3b000 	/System/Library/PrivateFrameworks/NetAuth.framework/Versions/A/NetAuth
0x0000000004d3b000 	/System/Library/PrivateFrameworks/login.framework/Versions/A/Frameworks/loginsupport.framework/Versions/A/loginsupport
0x0000000004d3b000 	/System/Library/PrivateFrameworks/TCC.framework/Versions/A/TCC
0x0000000004d3b000 	/usr/lib/libmecabra.dylib
0x0000000004d3b000 	/System/Library/Frameworks/ApplicationServices.framework/Versions/A/Frameworks/ATS.framework/Versions/A/ATS
0x0000000004d3b000 	/System/Library/Frameworks/ApplicationServices.framework/Versions/A/Frameworks/ColorSync.framework/Versions/A/ColorSync
0x0000000004d3b000 	/System/Library/Frameworks/ApplicationServices.framework/Versions/A/Frameworks/HIServices.framework/Versions/A/HIServices
0x0000000004d3b000 	/System/Library/Frameworks/ApplicationServices.framework/Versions/A/Frameworks/LangAnalysis.framework/Versions/A/LangAnalysis
0x0000000004d3b000 	/System/Library/Frameworks/ApplicationServices.framework/Versions/A/Frameworks/PrintCore.framework/Versions/A/PrintCore
0x0000000004d3b000 	/System/Library/Frameworks/ApplicationServices.framework/Versions/A/Frameworks/QD.framework/Versions/A/QD
0x0000000004d3b000 	/System/Library/Frameworks/ApplicationServices.framework/Versions/A/Frameworks/SpeechSynthesis.framework/Versions/A/SpeechSynthesis
0x0000000004d3b000 	/System/Library/Frameworks/Metal.framework/Versions/A/Metal
0x0000000004d3b000 	/System/Library/Frameworks/Accelerate.framework/Versions/A/Frameworks/vImage.framework/Versions/A/vImage
0x0000000004d3b000 	/System/Library/Frameworks/Accelerate.framework/Versions/A/Frameworks/vecLib.framework/Versions/A/vecLib
0x0000000004d3b000 	/System/Library/Frameworks/Accelerate.framework/Versions/A/Frameworks/vecLib.framework/Versions/A/libvDSP.dylib
0x0000000004d3b000 	/System/Library/Frameworks/Accelerate.framework/Versions/A/Frameworks/vecLib.framework/Versions/A/libvMisc.dylib
0x0000000004d3b000 	/System/Library/Frameworks/Accelerate.framework/Versions/A/Frameworks/vecLib.framework/Versions/A/libLAPACK.dylib
0x0000000004d3b000 	/System/Library/Frameworks/Accelerate.framework/Versions/A/Frameworks/vecLib.framework/Versions/A/libBLAS.dylib
0x0000000004d3b000 	/System/Library/Frameworks/Accelerate.framework/Versions/A/Frameworks/vecLib.framework/Versions/A/libLinearAlgebra.dylib
0x0000000004d3b000 	/System/Library/Frameworks/Accelerate.framework/Versions/A/Frameworks/vecLib.framework/Versions/A/libSparseBLAS.dylib
0x0000000004d3b000 	/System/Library/PrivateFrameworks/GPUCompiler.framework/libmetal_timestamp.dylib
0x0000000004d3b000 	/System/Library/Frameworks/OpenGL.framework/Versions/A/Libraries/libCoreFSCache.dylib
0x0000000004d3b000 	/System/Library/PrivateFrameworks/IOAccelerator.framework/Versions/A/IOAccelerator
0x0000000004d3b000 	/System/Library/Frameworks/ApplicationServices.framework/Versions/A/Frameworks/ATS.framework/Versions/A/Resources/libFontParser.dylib
0x0000000004d3b000 	/System/Library/Frameworks/ApplicationServices.framework/Versions/A/Frameworks/ATS.framework/Versions/A/Resources/libFontRegistry.dylib
0x0000000004d3b000 	/System/Library/PrivateFrameworks/AppleVPA.framework/Versions/A/AppleVPA
0x0000000004d3b000 	/System/Library/PrivateFrameworks/AppleJPEG.framework/Versions/A/AppleJPEG
0x0000000004d3b000 	/System/Library/Frameworks/ImageIO.framework/Versions/A/Resources/libJPEG.dylib
0x0000000004d3b000 	/System/Library/Frameworks/ImageIO.framework/Versions/A/Resources/libTIFF.dylib
0x0000000004d3b000 	/System/Library/Frameworks/ImageIO.framework/Versions/A/Resources/libPng.dylib
0x0000000004d3b000 	/System/Library/Frameworks/ImageIO.framework/Versions/A/Resources/libGIF.dylib
0x0000000004d3b000 	/System/Library/Frameworks/ImageIO.framework/Versions/A/Resources/libJP2.dylib
0x0000000004d3b000 	/System/Library/Frameworks/ImageIO.framework/Versions/A/Resources/libRadiance.dylib
0x0000000004d3b000 	/System/Library/Frameworks/CoreVideo.framework/Versions/A/CoreVideo
0x0000000004d3b000 	/System/Library/Frameworks/OpenGL.framework/Versions/A/Libraries/libGLU.dylib
0x0000000004d3b000 	/System/Library/Frameworks/OpenGL.framework/Versions/A/Libraries/libGFXShared.dylib
0x0000000004d3b000 	/System/Library/Frameworks/OpenGL.framework/Versions/A/Libraries/libGL.dylib
0x0000000004d3b000 	/System/Library/Frameworks/OpenGL.framework/Versions/A/Libraries/libGLImage.dylib
0x0000000004d3b000 	/System/Library/Frameworks/OpenGL.framework/Versions/A/Libraries/libCVMSPluginSupport.dylib
0x0000000004d3b000 	/System/Library/Frameworks/OpenGL.framework/Versions/A/Libraries/libCoreVMClient.dylib
0x0000000004d3b000 	/usr/lib/libcompression.dylib
0x0000000004d3b000 	/usr/lib/libcups.2.dylib
0x0000000004d3b000 	/System/Library/Frameworks/Kerberos.framework/Versions/A/Kerberos
0x0000000004d3b000 	/System/Library/Frameworks/GSS.framework/Versions/A/GSS
0x0000000004d3b000 	/usr/lib/libresolv.9.dylib
0x0000000004d3b000 	/usr/lib/libiconv.2.dylib
0x0000000004d3b000 	/System/Library/PrivateFrameworks/Heimdal.framework/Versions/A/Heimdal
0x0000000004d3b000 	/usr/lib/libheimdal-asn1.dylib
0x0000000004d3b000 	/System/Library/Frameworks/OpenDirectory.framework/Versions/A/OpenDirectory
0x0000000004d3b000 	/System/Library/PrivateFrameworks/CommonAuth.framework/Versions/A/CommonAuth
0x0000000004d3b000 	/System/Library/Frameworks/OpenDirectory.framework/Versions/A/Frameworks/CFOpenDirectory.framework/Versions/A/CFOpenDirectory
0x0000000004d3b000 	/System/Library/Frameworks/SecurityFoundation.framework/Versions/A/SecurityFoundation
0x0000000004d3b000 	/System/Library/PrivateFrameworks/LanguageModeling.framework/Versions/A/LanguageModeling
0x0000000004d3b000 	/usr/lib/libmarisa.dylib
0x0000000004d3b000 	/usr/lib/libChineseTokenizer.dylib
0x0000000004d3b000 	/usr/lib/libcmph.dylib
0x0000000004d3b000 	/System/Library/Frameworks/ServiceManagement.framework/Versions/A/ServiceManagement
0x0000000004d3b000 	/usr/lib/libxslt.1.dylib
0x0000000004d3b000 	/System/Library/Frameworks/Carbon.framework/Versions/A/Frameworks/Ink.framework/Versions/A/Ink
0x0000000004d3b000 	/usr/lib/libFosl_dynamic.dylib
0x0000000004d3b000 	/System/Library/PrivateFrameworks/FaceCore.framework/Versions/A/FaceCore
0x0000000004d3b000 	/System/Library/Frameworks/OpenCL.framework/Versions/A/OpenCL
0x0000000004d3b000 	/System/Library/PrivateFrameworks/CrashReporterSupport.framework/Versions/A/CrashReporterSupport
0x0000000004d3b000 	/System/Library/PrivateFrameworks/IconServices.framework/Versions/A/IconServices
0x0000000004d3b000 	/System/Library/PrivateFrameworks/Apple80211.framework/Versions/A/Apple80211
0x0000000004d3b000 	/System/Library/Frameworks/CoreWLAN.framework/Versions/A/CoreWLAN
0x0000000004d3b000 	/System/Library/Frameworks/IOBluetooth.framework/Versions/A/IOBluetooth
0x0000000004d3b000 	/System/Library/PrivateFrameworks/CoreWiFi.framework/Versions/A/CoreWiFi
0x0000000004d3b000 	/System/Library/Frameworks/CoreBluetooth.framework/Versions/A/CoreBluetooth
0x0000000004d3b000 	/System/Library/PrivateFrameworks/ChunkingLibrary.framework/Versions/A/ChunkingLibrary
0x0000000004d3b000 	/System/Library/PrivateFrameworks/DebugSymbols.framework/Versions/A/DebugSymbols
0x0000000004d3b000 	/System/Library/PrivateFrameworks/CoreSymbolication.framework/Versions/A/CoreSymbolication
0x0000000004d3b000 	/System/Library/PrivateFrameworks/Symbolication.framework/Versions/A/Symbolication
0x0000000004d3b000 	/System/Library/PrivateFrameworks/SpeechRecognitionCore.framework/Versions/A/SpeechRecognitionCore
0x000000010b2ef000 	/Library/Java/JavaVirtualMachines/jdk1.8.0_152.jdk/Contents/Home/jre/lib/server/libjvm.dylib
0x0000000004d3b000 	/usr/lib/libstdc++.6.dylib
0x000000010c29f000 	/Library/Java/JavaVirtualMachines/jdk1.8.0_152.jdk/Contents/Home/jre/lib/libverify.dylib
0x000000010c2ad000 	/Library/Java/JavaVirtualMachines/jdk1.8.0_152.jdk/Contents/Home/jre/lib/libjava.dylib
0x000000010c2ed000 	/Library/Java/JavaVirtualMachines/jdk1.8.0_152.jdk/Contents/Home/jre/lib/libzip.dylib
0x0000000120dca000 	/Library/Java/JavaVirtualMachines/jdk1.8.0_152.jdk/Contents/Home/jre/lib/libmanagement.dylib
0x0000000120dd8000 	/Library/Java/JavaVirtualMachines/jdk1.8.0_152.jdk/Contents/Home/jre/lib/libnet.dylib
0x0000000120e37000 	/Library/Java/JavaVirtualMachines/jdk1.8.0_152.jdk/Contents/Home/jre/lib/libnio.dylib

VM Arguments:
jvm_args: -Dcom.sun.management.jmxremote -Dcom.sun.management.jmxremote.port=64246 -Dcom.sun.management.jmxremote.authenticate=false -Dcom.sun.management.jmxremote.ssl=false -Djava.rmi.server.hostname=localhost -Dspring.application.admin.enabled=true -Djava.security.egd=file:/dev/./urandom -Xverify:none -XX:TieredStopAtLevel=1 -Dfile.encoding=UTF-8 
java_command: com.IsaApplication --spring.output.ansi.enabled=always
java_class_path (initial): /Users/mac/git/ISA/target/classes:/Users/mac/.m2/repository/org/springframework/boot/spring-boot-starter-web/2.1.0.RELEASE/spring-boot-starter-web-2.1.0.RELEASE.jar:/Users/mac/.m2/repository/org/springframework/boot/spring-boot-starter/2.1.0.RELEASE/spring-boot-starter-2.1.0.RELEASE.jar:/Users/mac/.m2/repository/org/springframework/boot/spring-boot-starter-logging/2.1.0.RELEASE/spring-boot-starter-logging-2.1.0.RELEASE.jar:/Users/mac/.m2/repository/ch/qos/logback/logback-classic/1.2.3/logback-classic-1.2.3.jar:/Users/mac/.m2/repository/ch/qos/logback/logback-core/1.2.3/logback-core-1.2.3.jar:/Users/mac/.m2/repository/org/apache/logging/log4j/log4j-to-slf4j/2.11.1/log4j-to-slf4j-2.11.1.jar:/Users/mac/.m2/repository/org/apache/logging/log4j/log4j-api/2.11.1/log4j-api-2.11.1.jar:/Users/mac/.m2/repository/org/slf4j/jul-to-slf4j/1.7.25/jul-to-slf4j-1.7.25.jar:/Users/mac/.m2/repository/javax/annotation/javax.annotation-api/1.3.2/javax.annotation-api-1.3.2.jar:/Users/mac/.m2/repository/org/yaml/snakeyaml/1.23/snakeyaml-1.23.jar:/Users/mac/.m2/repository/org/springframework/boot/spring-boot-starter-json/2.1.0.RELEASE/spring-boot-starter-json-2.1.0.RELEASE.jar:/Users/mac/.m2/repository/com/fasterxml/jackson/datatype/jackson-datatype-jdk8/2.9.7/jackson-datatype-jdk8-2.9.7.jar:/Users/mac/.m2/repository/com/fasterxml/jackson/datatype/jackson-datatype-jsr310/2.9.7/jackson-datatype-jsr310-2.9.7.jar:/Users/mac/.m2/repository/com/fasterxml/jackson/module/jackson-module-parameter-names/2.9.7/jackson-module-parameter-names-2.9.7.jar:/Users/mac/.m2/repository/org/springframework/boot/spring-boot-starter-tomcat/2.1.0.RELEASE/spring-boot-starter-tomcat-2.1.0.RELEASE.jar:/Users/mac/.m2/repository/org/apache/tomcat/embed/tomcat-embed-core/9.0.12/tomcat-embed-core-9.0.12.jar:/Users/mac/.m2/repository/org/apache/tomcat/embed/tomcat-embed-el/9.0.12/tomcat-embed-el-9.0.12.jar:/Users/mac/.m2/repository/org/apache/tomcat/embed/tomcat-embed-websocket/9.0.12/tomcat-em
Launcher Type: SUN_STANDARD

Environment Variables:
PATH=/usr/bin:/bin:/usr/sbin:/sbin
SHELL=/bin/bash

Signal Handlers:
SIGSEGV: [libjvm.dylib+0x5b494d], sa_mask[0]=11111111011111110111111111111111, sa_flags=SA_ONSTACK|SA_RESTART|SA_SIGINFO
SIGBUS: [libjvm.dylib+0x5b494d], sa_mask[0]=11111111011111110111111111111111, sa_flags=SA_RESTART|SA_SIGINFO
SIGFPE: [libjvm.dylib+0x48ab54], sa_mask[0]=11111111011111110111111111111111, sa_flags=SA_RESTART|SA_SIGINFO
SIGPIPE: [libjvm.dylib+0x48ab54], sa_mask[0]=11111111011111110111111111111111, sa_flags=SA_RESTART|SA_SIGINFO
SIGXFSZ: [libjvm.dylib+0x48ab54], sa_mask[0]=11111111011111110111111111111111, sa_flags=SA_RESTART|SA_SIGINFO
SIGILL: [libjvm.dylib+0x48ab54], sa_mask[0]=11111111011111110111111111111111, sa_flags=SA_RESTART|SA_SIGINFO
SIGUSR1: SIG_DFL, sa_mask[0]=00000000000000000000000000000000, sa_flags=none
SIGUSR2: [libjvm.dylib+0x48a672], sa_mask[0]=00100000000000000000000000000000, sa_flags=SA_RESTART|SA_SIGINFO
SIGHUP: [libjvm.dylib+0x488c49], sa_mask[0]=11111111011111110111111111111111, sa_flags=SA_RESTART|SA_SIGINFO
SIGINT: [libjvm.dylib+0x488c49], sa_mask[0]=11111111011111110111111111111111, sa_flags=SA_RESTART|SA_SIGINFO
SIGTERM: [libjvm.dylib+0x488c49], sa_mask[0]=11111111011111110111111111111111, sa_flags=SA_RESTART|SA_SIGINFO
SIGQUIT: [libjvm.dylib+0x488c49], sa_mask[0]=11111111011111110111111111111111, sa_flags=SA_RESTART|SA_SIGINFO


---------------  S Y S T E M  ---------------

OS:Bsduname:Darwin 15.6.0 Darwin Kernel Version 15.6.0: Thu Jun 21 20:07:40 PDT 2018; root:xnu-3248.73.11~1/RELEASE_X86_64 x86_64
rlimit: STACK 8192k, CORE 0k, NPROC 709, NOFILE 10240, AS infinity
load average:10.03 12.51 11.57

CPU:total 2 (initial active 2) (2 cores per cpu, 1 threads per core) family 6 model 23 stepping 10, cmov, cx8, fxsr, mmx, sse, sse2, sse3, ssse3, sse4.1, tsc

Memory: 4k page, physical 4194304k(20684k free)

/proc/meminfo:


vm_info: Java HotSpot(TM) 64-Bit Server VM (25.152-b16) for bsd-amd64 JRE (1.8.0_152-b16), built on Sep 14 2017 02:31:13 by "java_re" with gcc 4.2.1 (Based on Apple Inc. build 5658) (LLVM build 2336.11.00)

time: Thu Jan 31 12:28:19 2019
elapsed time: 7 seconds (0d 0h 0m 7s)

