#
# A fatal error has been detected by the Java Runtime Environment:
#
#  SIGSEGV (0xb) at pc=0x000000010b8d82ba, pid=13310, tid=23043
#
# JRE version: Java(TM) SE Runtime Environment (11.0.2+9) (build 11.0.2+9-LTS)
# Java VM: Java HotSpot(TM) 64-Bit Server VM (11.0.2+9-LTS, mixed mode, tiered, compressed oops, g1 gc, bsd-amd64)
# Problematic frame:
# V  [libjvm.dylib+0x2332ba]  _ZL28clean_if_nmethod_is_unloadedP10CompiledICP14CompiledMethodbb+0x35
#
# No core dump will be written. Core dumps have been disabled. To enable core dumping, try "ulimit -c unlimited" before starting Java again
#
# If you would like to submit a bug report, please visit:
#   http://bugreport.java.com/bugreport/crash.jsp
#

---------------  S U M M A R Y ------------

Command Line: -Dspring.lsp.client-port=45556 -Dserver.port=45556 -Dsts.lsp.client=vscode -Dsts.log.file=/var/folders/4q/5cnrpjkj5db9w313741tctmc0000gn/T/vscode-spring-boot-1549334305263.log -Dlogging.file=/var/folders/4q/5cnrpjkj5db9w313741tctmc0000gn/T/vscode-spring-boot-1549334305263.log /Users/mac/.vscode/extensions/pivotal.vscode-spring-boot-1.3.0/jars/spring-boot-language-server-1.3.0-SNAPSHOT.jar

Host: Macmini3,1 x86_64 2530 MHz, 2 cores, 4G, Darwin 15.6.0
Time: Tue Feb  5 08:14:09 2019 CET elapsed time: 15923 seconds (0d 4h 25m 23s)

---------------  T H R E A D  ---------------

Current thread (0x00007ff76b099000):  JavaThread "Sweeper thread" daemon [_thread_in_vm, id=23043, stack(0x0000700000d41000,0x0000700000e41000)]

Stack: [0x0000700000d41000,0x0000700000e41000],  sp=0x0000700000e40a70,  free space=1022k
Native frames: (J=compiled Java code, A=aot compiled Java code, j=interpreted, Vv=VM code, C=native code)
V  [libjvm.dylib+0x2332ba]  _ZL28clean_if_nmethod_is_unloadedP10CompiledICP14CompiledMethodbb+0x35
V  [libjvm.dylib+0x23324c]  _ZN14CompiledMethod26cleanup_inline_caches_implEbbb+0x186
V  [libjvm.dylib+0x6bfe03]  _ZN14NMethodSweeper23process_compiled_methodEP14CompiledMethod+0x7f
V  [libjvm.dylib+0x6bf94e]  _ZN14NMethodSweeper16sweep_code_cacheEv+0x13e
V  [libjvm.dylib+0x6bf4e2]  _ZN14NMethodSweeper14possibly_sweepEv+0x112
V  [libjvm.dylib+0x6bf3ca]  _ZN14NMethodSweeper12sweeper_loopEv+0x11c
V  [libjvm.dylib+0x6ede46]  _ZN10JavaThread17thread_main_innerEv+0x82
V  [libjvm.dylib+0x6edc91]  _ZN10JavaThread3runEv+0x1ab
V  [libjvm.dylib+0x5f0da3]  _ZL19thread_native_entryP6Thread+0x135
C  [libsystem_pthread.dylib+0x399d]  _pthread_body+0x83
C  [libsystem_pthread.dylib+0x391a]  _pthread_body+0x0
C  [libsystem_pthread.dylib+0x1351]  thread_start+0xd


siginfo: si_signo: 11 (SIGSEGV), si_code: 1 (SEGV_MAPERR), si_addr: 0x0000000100000877

Register to memory mapping:

RAX=0x0000000100000817 is an unknown value
RBX=
[error occurred during error reporting (printing register info), id 0xb, SIGSEGV (0xb) at pc=0x000000010b8a13c3]

Registers:
RAX=0x0000000100000817, RBX=0x000000011697d910, RCX=0x000000011697d910, RDX=0x0000000000000000
RSP=0x0000700000e40a70, RBP=0x0000700000e40aa0, RSI=0x00000000016d2900, RDI=0x000000011697d910
R8 =0x00000001152ab000, R9 =0x000000010bfc7ee0, R10=0x00000000ffffffff, R11=0xffffffff00000000
R12=0x0000000000000000, R13=0x0000000000000000, R14=0x0000000116940690, R15=0x00007ff76ac34110
RIP=0x000000010b8d82ba, EFLAGS=0x0000000000010202, ERR=0x0000000000000004
  TRAPNO=0x000000000000000e

Top of Stack: (sp=0x0000700000e40a70)
0x0000700000e40a70:   0000000116940d65 00007ff76ac34110
0x0000700000e40a80:   0000700000e40ab0 0000000000000000
0x0000700000e40a90:   0000000000000000 0000000116940690
0x0000700000e40aa0:   0000700000e40ba0 000000010b8d824c
0x0000700000e40ab0:   0000000000000000 0000000116940830
0x0000700000e40ac0:   00000001169408a8 0000000116940690
0x0000700000e40ad0:   0000000116940d6f 000000010bc7000a
0x0000700000e40ae0:   0000700000e40ad8 00007ff76a010001
0x0000700000e40af0:   00000001169408c0 00000001169408c0
0x0000700000e40b00:   0000000116941180 00000001169408c0
0x0000700000e40b10:   0000000116941180 0000000116941238
0x0000700000e40b20:   000000010bf8c6f0 0000700000e40ab0
0x0000700000e40b30:   0000000116940d65 0000000100000000
0x0000700000e40b40:   0000700000e40b70 00007ff76ac37330
0x0000700000e40b50:   00007ff76ac34100 00007ff76ac34110
0x0000700000e40b60:   00007ff76ac344e8 00000000000003d8
0x0000700000e40b70:   0000000000000000 0000000116940690
0x0000700000e40b80:   00007ff76b099000 0000000000000af0
0x0000700000e40b90:   0000000000000000 00007ff76ad1e830
0x0000700000e40ba0:   0000700000e40bd0 000000010bd64e03
0x0000700000e40bb0:   0000000000000001 0000000000002640
0x0000700000e40bc0:   00007ff76ad1d3b0 0000000116940690
0x0000700000e40bd0:   0000700000e40d30 000000010bd6494e
0x0000700000e40be0:   002cea01002ceb00 00007ff76ac37330
0x0000700000e40bf0:   00007ff76ac34100 00007ff76ac34110
0x0000700000e40c00:   00007ff76ac344e8 00000000000003d8
0x0000700000e40c10:   0000700000e40cd0 0000000000000000
0x0000700000e40c20:   0000000000015180 0000000100000000
0x0000700000e40c30:   00007ff76ac37b28 00000e7b45a1dac0
0x0000700000e40c40:   0000000000000000 00007ff76ad1d3b0
0x0000700000e40c50:   0000000300000000 00000001000005f0
0x0000700000e40c60:   000000005c59371f 00007000000d5e2c 

Instructions: (pc=0x000000010b8d82ba)
0x000000010b8d829a:   89 f6 49 89 ff e8 98 d8 ff ff 48 89 c7 e8 16 c5
0x000000010b8d82aa:   fc ff 48 89 c3 48 85 db 74 5b 48 8b 03 48 89 df
0x000000010b8d82ba:   ff 50 60 84 c0 74 4e 45 84 ed 74 10 8a 8b b8 00
0x000000010b8d82ca:   00 00 b0 01 3a 0d fc 32 71 00 75 3b 45 84 e4 75 

Stack slot to memory mapping:
stack at sp + 0 slots: 0x0000000116940d65 is at entry_point+1189 in (nmethod*)0x0000000116940690
stack at sp + 1 slots: 0x00007ff76ac34110 points into unknown readable memory: 30 41 c3 6a f7 7f 00 00
stack at sp + 2 slots: 0x0000700000e40ab0 is pointing into the stack for thread: 0x00007ff76b099000
stack at sp + 3 slots: 0x0 is NULL
stack at sp + 4 slots: 0x0 is NULL
stack at sp + 5 slots: 0x0000000116940690 is at entry_point+-560 in (nmethod*)0x0000000116940690
stack at sp + 6 slots: 0x0000700000e40ba0 is pointing into the stack for thread: 0x00007ff76b099000
stack at sp + 7 slots: 0x000000010b8d824c: _ZN14CompiledMethod26cleanup_inline_caches_implEbbb+0x186 in /Library/Java/JavaVirtualMachines/jdk-11.0.2.jdk/Contents/Home/lib/server/libjvm.dylib at 0x000000010b6a5000


---------------  P R O C E S S  ---------------

Threads class SMR info:
_java_thread_list=0x00007ff76d56d570, length=73, elements={
0x00007ff76b08e800, 0x00007ff76b80d000, 0x00007ff76b093000, 0x00007ff76b096000,
0x00007ff76b83c000, 0x00007ff76b099000, 0x00007ff76b051800, 0x00007ff76b8b8000,
0x00007ff76b09a000, 0x00007ff76bf53000, 0x00007ff76bc44000, 0x00007ff76c243800,
0x00007ff76cb86800, 0x00007ff76cdf3000, 0x00007ff76c6bd000, 0x00007ff76bedd000,
0x00007ff76c2f0800, 0x00007ff76d9d3800, 0x00007ff76bb59800, 0x00007ff76bf52000,
0x00007ff76dcbf000, 0x00007ff76bf60000, 0x00007ff76baad800, 0x00007ff76c690000,
0x00007ff76c10d000, 0x00007ff76b5f9800, 0x00007ff76dfd9800, 0x00007ff76c242000,
0x00007ff76c2f4800, 0x00007ff76b755000, 0x00007ff76ddf2000, 0x00007ff76c796000,
0x00007ff76b3f1800, 0x00007ff76b1af000, 0x00007ff76c0f1000, 0x00007ff76b731800,
0x00007ff76dadf800, 0x00007ff76b2cd800, 0x00007ff7704e2800, 0x00007ff76b750800,
0x00007ff76b206800, 0x00007ff76dcb9000, 0x00007ff76df6f800, 0x00007ff76d826000,
0x00007ff76ba7d000, 0x00007ff76dabe000, 0x00007ff76c8b6000, 0x00007ff76b7c4800,
0x00007ff76db90800, 0x00007ff76da36000, 0x00007ff76c676000, 0x00007ff76c4ec800,
0x00007ff76c2f7000, 0x00007ff76b92c800, 0x00007ff76b714800, 0x00007ff76c6ba800,
0x00007ff76d834000, 0x00007ff76c7f7000, 0x00007ff76df16000, 0x00007ff76dc3b000,
0x00007ff76dd53800, 0x00007ff76c70e000, 0x00007ff76dded800, 0x00007ff76dbe2000,
0x00007ff76d9b2000, 0x00007ff76db4c800, 0x00007ff76db3b800, 0x00007ff76c0f1800,
0x00007ff76c0e9000, 0x00007ff76c3c7800, 0x00007ff76d922800, 0x00007ff76bd7f800,
0x00007ff76b14c800
}

Java Threads: ( => current thread )
  0x00007ff76b08e800 JavaThread "Reference Handler" daemon [_thread_blocked, id=15107, stack(0x000070000072c000,0x000070000082c000)]
  0x00007ff76b80d000 JavaThread "Finalizer" daemon [_thread_blocked, id=15875, stack(0x000070000082f000,0x000070000092f000)]
  0x00007ff76b093000 JavaThread "Signal Dispatcher" daemon [_thread_blocked, id=20739, stack(0x0000700000a38000,0x0000700000b38000)]
  0x00007ff76b096000 JavaThread "C2 CompilerThread0" daemon [_thread_blocked, id=21507, stack(0x0000700000b3b000,0x0000700000c3b000)]
  0x00007ff76b83c000 JavaThread "C1 CompilerThread0" daemon [_thread_blocked, id=22275, stack(0x0000700000c3e000,0x0000700000d3e000)]
=>0x00007ff76b099000 JavaThread "Sweeper thread" daemon [_thread_in_vm, id=23043, stack(0x0000700000d41000,0x0000700000e41000)]
  0x00007ff76b051800 JavaThread "Service Thread" daemon [_thread_blocked, id=23811, stack(0x0000700000e44000,0x0000700000f44000)]
  0x00007ff76b8b8000 JavaThread "Attach Listener" daemon [_thread_blocked, id=25091, stack(0x000070000104a000,0x000070000114a000)]
  0x00007ff76b09a000 JavaThread "Common-Cleaner" daemon [_thread_blocked, id=25859, stack(0x000070000114d000,0x000070000124d000)]
  0x00007ff76bf53000 JavaThread "LanguageServerApp-lifecycle" [_thread_blocked, id=1043, stack(0x0000700000932000,0x0000700000a32000)]
  0x00007ff76bc44000 JavaThread "DestroyJavaVM" [_thread_blocked, id=3335, stack(0x000000010c3ee000,0x000000010c4ee000)]
  0x00007ff76c243800 JavaThread "pool-3-thread-1" [_thread_in_native, id=27911, stack(0x0000700001353000,0x0000700001453000)]
  0x00007ff76cb86800 JavaThread "SimpleLanguaserver main thread" daemon [_thread_blocked, id=28419, stack(0x0000700001456000,0x0000700001556000)]
  0x00007ff76cdf3000 JavaThread "Reconciler-1" daemon [_thread_blocked, id=29187, stack(0x0000700001559000,0x0000700001659000)]
  0x00007ff76c6bd000 JavaThread "pool-2-thread-1" [_thread_blocked, id=29955, stack(0x000070000165c000,0x000070000175c000)]
  0x00007ff76bedd000 JavaThread "pool-4-thread-1" [_thread_in_native, id=30723, stack(0x000070000175f000,0x000070000185f000)]
  0x00007ff76c2f0800 JavaThread "elastic-evictor-1" daemon [_thread_blocked, id=31491, stack(0x0000700001862000,0x0000700001962000)]
  0x00007ff76d9d3800 JavaThread "parallel-1" daemon [_thread_blocked, id=32259, stack(0x0000700001965000,0x0000700001a65000)]
  0x00007ff76bb59800 JavaThread "parallel-2" daemon [_thread_blocked, id=33795, stack(0x0000700001b6b000,0x0000700001c6b000)]
  0x00007ff76bf52000 JavaThread "RMI RenewClean-[192.168.0.16:54817]" daemon [_thread_blocked, id=35331, stack(0x0000700001d71000,0x0000700001e71000)]
  0x00007ff76dcbf000 JavaThread "RMI GC Daemon" daemon [_thread_blocked, id=36099, stack(0x0000700001e74000,0x0000700001f74000)]
  0x00007ff76bf60000 JavaThread "RMI Scheduler(0)" daemon [_thread_blocked, id=36867, stack(0x0000700001f77000,0x0000700002077000)]
  0x00007ff76baad800 JavaThread "JMX client heartbeat 2" daemon [_thread_blocked, id=37635, stack(0x000070000207a000,0x000070000217a000)]
  0x00007ff76c690000 JavaThread "RMI TCP Accept-0" daemon [_thread_in_native, id=34823, stack(0x0000700001c6e000,0x0000700001d6e000)]
  0x00007ff76c10d000 JavaThread "elastic-7" daemon [_thread_blocked, id=38155, stack(0x0000700001a68000,0x0000700001b68000)]
  0x00007ff76b5f9800 JavaThread "elastic-8" daemon [_thread_blocked, id=33299, stack(0x000070000217d000,0x000070000227d000)]
  0x00007ff76dfd9800 JavaThread "elastic-9" daemon [_thread_blocked, id=48647, stack(0x0000700002fa7000,0x00007000030a7000)]
  0x00007ff76c242000 JavaThread "RMI RenewClean-[192.168.0.16:64895]" daemon [_thread_blocked, id=51719, stack(0x00007000033b3000,0x00007000034b3000)]
  0x00007ff76c2f4800 JavaThread "JMX client heartbeat 19" daemon [_thread_blocked, id=52227, stack(0x00007000034b6000,0x00007000035b6000)]
  0x00007ff76b755000 JavaThread "elastic-10" daemon [_thread_blocked, id=52995, stack(0x00007000035b9000,0x00007000036b9000)]
  0x00007ff76ddf2000 JavaThread "elastic-11" daemon [_thread_blocked, id=53763, stack(0x00007000036bc000,0x00007000037bc000)]
  0x00007ff76c796000 JavaThread "elastic-12" daemon [_thread_blocked, id=54531, stack(0x00007000037bf000,0x00007000038bf000)]
  0x00007ff76b3f1800 JavaThread "elastic-13" daemon [_thread_blocked, id=55299, stack(0x00007000038c2000,0x00007000039c2000)]
  0x00007ff76b1af000 JavaThread "elastic-14" daemon [_thread_blocked, id=56067, stack(0x00007000039c5000,0x0000700003ac5000)]
  0x00007ff76c0f1000 JavaThread "elastic-15" daemon [_thread_blocked, id=56835, stack(0x0000700003ac8000,0x0000700003bc8000)]
  0x00007ff76b731800 JavaThread "elastic-16" daemon [_thread_blocked, id=57603, stack(0x0000700003bcb000,0x0000700003ccb000)]
  0x00007ff76dadf800 JavaThread "elastic-17" daemon [_thread_blocked, id=40999, stack(0x0000700002486000,0x0000700002586000)]
  0x00007ff76b2cd800 JavaThread "elastic-18" daemon [_thread_blocked, id=41743, stack(0x0000700002589000,0x0000700002689000)]
  0x00007ff7704e2800 JavaThread "elastic-19" daemon [_thread_blocked, id=50443, stack(0x000070000268c000,0x000070000278c000)]
  0x00007ff76b750800 JavaThread "elastic-20" daemon [_thread_blocked, id=50191, stack(0x000070000278f000,0x000070000288f000)]
  0x00007ff76b206800 JavaThread "elastic-21" daemon [_thread_blocked, id=49931, stack(0x0000700002892000,0x0000700002992000)]
  0x00007ff76dcb9000 JavaThread "elastic-22" daemon [_thread_blocked, id=47371, stack(0x0000700002995000,0x0000700002a95000)]
  0x00007ff76df6f800 JavaThread "elastic-23" daemon [_thread_blocked, id=46603, stack(0x0000700002a98000,0x0000700002b98000)]
  0x00007ff76d826000 JavaThread "elastic-24" daemon [_thread_blocked, id=45835, stack(0x0000700002b9b000,0x0000700002c9b000)]
  0x00007ff76ba7d000 JavaThread "elastic-25" daemon [_thread_blocked, id=45067, stack(0x0000700002c9e000,0x0000700002d9e000)]
  0x00007ff76dabe000 JavaThread "elastic-26" daemon [_thread_blocked, id=44299, stack(0x0000700002da1000,0x0000700002ea1000)]
  0x00007ff76c8b6000 JavaThread "elastic-27" daemon [_thread_blocked, id=18723, stack(0x0000700002ea4000,0x0000700002fa4000)]
  0x00007ff76b7c4800 JavaThread "elastic-28" daemon [_thread_blocked, id=42779, stack(0x00007000030aa000,0x00007000031aa000)]
  0x00007ff76db90800 JavaThread "elastic-29" daemon [_thread_blocked, id=43043, stack(0x00007000031ad000,0x00007000032ad000)]
  0x00007ff76da36000 JavaThread "elastic-30" daemon [_thread_blocked, id=43795, stack(0x00007000032b0000,0x00007000033b0000)]
  0x00007ff76c676000 JavaThread "elastic-31" daemon [_thread_blocked, id=59907, stack(0x0000700003ed4000,0x0000700003fd4000)]
  0x00007ff76c4ec800 JavaThread "elastic-32" daemon [_thread_blocked, id=60675, stack(0x0000700003fd7000,0x00007000040d7000)]
  0x00007ff76c2f7000 JavaThread "elastic-33" daemon [_thread_blocked, id=61443, stack(0x00007000040da000,0x00007000041da000)]
  0x00007ff76b92c800 JavaThread "elastic-34" daemon [_thread_blocked, id=62211, stack(0x00007000041dd000,0x00007000042dd000)]
  0x00007ff76b714800 JavaThread "elastic-35" daemon [_thread_blocked, id=62979, stack(0x00007000042e0000,0x00007000043e0000)]
  0x00007ff76c6ba800 JavaThread "RMI RenewClean-[localhost:58028]" daemon [_thread_blocked, id=59399, stack(0x0000700003dd1000,0x0000700003ed1000)]
  0x00007ff76d834000 JavaThread "elastic-36" daemon [_thread_blocked, id=64515, stack(0x00007000044e6000,0x00007000045e6000)]
  0x00007ff76c7f7000 JavaThread "elastic-37" daemon [_thread_blocked, id=65283, stack(0x00007000045e9000,0x00007000046e9000)]
  0x00007ff76df16000 JavaThread "elastic-38" daemon [_thread_blocked, id=58631, stack(0x0000700003cce000,0x0000700003dce000)]
  0x00007ff76dc3b000 JavaThread "elastic-39" daemon [_thread_blocked, id=66051, stack(0x00007000046ec000,0x00007000047ec000)]
  0x00007ff76dd53800 JavaThread "elastic-40" daemon [_thread_blocked, id=66819, stack(0x00007000047ef000,0x00007000048ef000)]
  0x00007ff76c70e000 JavaThread "elastic-41" daemon [_thread_blocked, id=67587, stack(0x00007000048f2000,0x00007000049f2000)]
  0x00007ff76dded800 JavaThread "elastic-42" daemon [_thread_blocked, id=68355, stack(0x00007000049f5000,0x0000700004af5000)]
  0x00007ff76dbe2000 JavaThread "elastic-43" daemon [_thread_blocked, id=69123, stack(0x0000700004af8000,0x0000700004bf8000)]
  0x00007ff76d9b2000 JavaThread "elastic-44" daemon [_thread_blocked, id=69891, stack(0x0000700004bfb000,0x0000700004cfb000)]
  0x00007ff76db4c800 JavaThread "elastic-45" daemon [_thread_blocked, id=70659, stack(0x0000700004cfe000,0x0000700004dfe000)]
  0x00007ff76db3b800 JavaThread "elastic-46" daemon [_thread_blocked, id=71427, stack(0x0000700004e01000,0x0000700004f01000)]
  0x00007ff76c0f1800 JavaThread "elastic-47" daemon [_thread_blocked, id=72195, stack(0x0000700004f04000,0x0000700005004000)]
  0x00007ff76c0e9000 JavaThread "elastic-48" daemon [_thread_blocked, id=72963, stack(0x0000700005007000,0x0000700005107000)]
  0x00007ff76c3c7800 JavaThread "elastic-49" daemon [_thread_blocked, id=73731, stack(0x000070000510a000,0x000070000520a000)]
  0x00007ff76d922800 JavaThread "elastic-50" daemon [_thread_blocked, id=74499, stack(0x000070000520d000,0x000070000530d000)]
  0x00007ff76bd7f800 JavaThread "RMI RenewClean-[localhost:55698]" daemon [_thread_blocked, id=64019, stack(0x0000700002280000,0x0000700002380000)]
  0x00007ff76b14c800 JavaThread "JMX client heartbeat 22" daemon [_thread_blocked, id=39183, stack(0x0000700002383000,0x0000700002483000)]

Other Threads:
  0x00007ff76b07f000 VMThread "VM Thread" [stack: 0x0000700000629000,0x0000700000729000] [id=14339]
  0x00007ff76b847000 WatcherThread [stack: 0x0000700000f47000,0x0000700001047000] [id=24323]
  0x00007ff76b81c000 GCTaskThread "GC Thread#0" [stack: 0x000070000011a000,0x000070000021a000] [id=11267]
  0x00007ff76b165800 GCTaskThread "GC Thread#1" [stack: 0x0000700001250000,0x0000700001350000] [id=26371]
  0x00007ff76b021800 ConcurrentGCThread "G1 Main Marker" [stack: 0x000070000021d000,0x000070000031d000] [id=11779]
  0x00007ff76b81c800 ConcurrentGCThread "G1 Conc#0" [stack: 0x0000700000320000,0x0000700000420000] [id=12803]
  0x00007ff76b04a000 ConcurrentGCThread "G1 Refine#0" [stack: 0x0000700000423000,0x0000700000523000] [id=13315]
  0x00007ff76b81d800 ConcurrentGCThread "G1 Young RemSet Sampling" [stack: 0x0000700000526000,0x0000700000626000] [id=13827]

Threads with active compile tasks:

VM state:not at safepoint (normal execution)

VM Mutex/Monitor currently owned by a thread:  ([mutex/lock_event])
[0x00007ff76ad1e830] CompiledIC_lock - owner thread: 0x00007ff76b099000

Heap address: 0x00000007c0000000, size: 1024 MB, Compressed Oops mode: Zero based, Oop shift amount: 3
Narrow klass base: 0x0000000800000000, Narrow klass shift: 0
Compressed class space size: 1073741824 Address: 0x0000000800000000

Heap:
 garbage-first heap   total 138240K, used 108897K [0x00000007c0000000, 0x0000000800000000)
  region size 1024K, 54 young (55296K), 3 survivors (3072K)
 Metaspace       used 52490K, capacity 53667K, committed 54272K, reserved 1097728K
  class space    used 5222K, capacity 5658K, committed 5888K, reserved 1048576K
Heap Regions: E=young(eden), S=young(survivor), O=old, HS=humongous(starts), HC=humongous(continues), CS=collection set, F=free, A=archive, TAMS=top-at-mark-start (previous, next)
|   0|0x00000007c0000000, 0x00000007c0100000, 0x00000007c0100000|100%| O|  |TAMS 0x00000007c0100000, 0x00000007c0000000| Untracked 
|   1|0x00000007c0100000, 0x00000007c0200000, 0x00000007c0200000|100%| O|  |TAMS 0x00000007c0200000, 0x00000007c0100000| Untracked 
|   2|0x00000007c0200000, 0x00000007c0300000, 0x00000007c0300000|100%| O|  |TAMS 0x00000007c0300000, 0x00000007c0200000| Untracked 
|   3|0x00000007c0300000, 0x00000007c0400000, 0x00000007c0400000|100%| O|  |TAMS 0x00000007c0400000, 0x00000007c0300000| Untracked 
|   4|0x00000007c0400000, 0x00000007c0500000, 0x00000007c0500000|100%| O|  |TAMS 0x00000007c0500000, 0x00000007c0400000| Untracked 
|   5|0x00000007c0500000, 0x00000007c0600000, 0x00000007c0600000|100%| O|  |TAMS 0x00000007c0600000, 0x00000007c0500000| Untracked 
|   6|0x00000007c0600000, 0x00000007c0700000, 0x00000007c0700000|100%| O|  |TAMS 0x00000007c0700000, 0x00000007c0600000| Untracked 
|   7|0x00000007c0700000, 0x00000007c0800000, 0x00000007c0800000|100%| O|  |TAMS 0x00000007c0800000, 0x00000007c0700000| Untracked 
|   8|0x00000007c0800000, 0x00000007c0900000, 0x00000007c0900000|100%| O|  |TAMS 0x00000007c0900000, 0x00000007c0800000| Untracked 
|   9|0x00000007c0900000, 0x00000007c0a00000, 0x00000007c0a00000|100%| O|  |TAMS 0x00000007c0a00000, 0x00000007c0900000| Untracked 
|  10|0x00000007c0a00000, 0x00000007c0b00000, 0x00000007c0b00000|100%|HS|  |TAMS 0x00000007c0b00000, 0x00000007c0a00000| Complete 
|  11|0x00000007c0b00000, 0x00000007c0c00000, 0x00000007c0c00000|100%|HC|  |TAMS 0x00000007c0c00000, 0x00000007c0b00000| Complete 
|  12|0x00000007c0c00000, 0x00000007c0d00000, 0x00000007c0d00000|100%|HS|  |TAMS 0x00000007c0d00000, 0x00000007c0c00000| Complete 
|  13|0x00000007c0d00000, 0x00000007c0e00000, 0x00000007c0e00000|100%|HS|  |TAMS 0x00000007c0e00000, 0x00000007c0d00000| Complete 
|  14|0x00000007c0e00000, 0x00000007c0f00000, 0x00000007c0f00000|100%| O|  |TAMS 0x00000007c0f00000, 0x00000007c0e00000| Untracked 
|  15|0x00000007c0f00000, 0x00000007c1000000, 0x00000007c1000000|100%| O|  |TAMS 0x00000007c0f00000, 0x00000007c0f00000| Untracked 
|  16|0x00000007c1000000, 0x00000007c1100000, 0x00000007c1100000|100%| O|  |TAMS 0x00000007c1100000, 0x00000007c1000000| Untracked 
|  17|0x00000007c1100000, 0x00000007c1200000, 0x00000007c1200000|100%| O|  |TAMS 0x00000007c1200000, 0x00000007c1100000| Untracked 
|  18|0x00000007c1200000, 0x00000007c1300000, 0x00000007c1300000|100%| O|  |TAMS 0x00000007c1300000, 0x00000007c1200000| Untracked 
|  19|0x00000007c1300000, 0x00000007c1400000, 0x00000007c1400000|100%| O|  |TAMS 0x00000007c1400000, 0x00000007c1300000| Untracked 
|  20|0x00000007c1400000, 0x00000007c1500000, 0x00000007c1500000|100%| O|  |TAMS 0x00000007c1500000, 0x00000007c1400000| Untracked 
|  21|0x00000007c1500000, 0x00000007c1600000, 0x00000007c1600000|100%| O|  |TAMS 0x00000007c1600000, 0x00000007c1500000| Untracked 
|  22|0x00000007c1600000, 0x00000007c1700000, 0x00000007c1700000|100%| O|  |TAMS 0x00000007c1700000, 0x00000007c1600000| Untracked 
|  23|0x00000007c1700000, 0x00000007c1800000, 0x00000007c1800000|100%| O|  |TAMS 0x00000007c1700000, 0x00000007c1700000| Untracked 
|  24|0x00000007c1800000, 0x00000007c1900000, 0x00000007c1900000|100%| O|  |TAMS 0x00000007c1900000, 0x00000007c1800000| Untracked 
|  25|0x00000007c1900000, 0x00000007c1a00000, 0x00000007c1a00000|100%| O|  |TAMS 0x00000007c1900000, 0x00000007c1900000| Untracked 
|  26|0x00000007c1a00000, 0x00000007c1b00000, 0x00000007c1b00000|100%| O|  |TAMS 0x00000007c1a00000, 0x00000007c1a00000| Untracked 
|  27|0x00000007c1b00000, 0x00000007c1c00000, 0x00000007c1c00000|100%| O|  |TAMS 0x00000007c1b00000, 0x00000007c1b00000| Untracked 
|  28|0x00000007c1c00000, 0x00000007c1d00000, 0x00000007c1d00000|100%| O|  |TAMS 0x00000007c1d00000, 0x00000007c1c00000| Untracked 
|  29|0x00000007c1d00000, 0x00000007c1e00000, 0x00000007c1e00000|100%| O|  |TAMS 0x00000007c1d00000, 0x00000007c1d00000| Untracked 
|  30|0x00000007c1e00000, 0x00000007c1f00000, 0x00000007c1f00000|100%| O|  |TAMS 0x00000007c1e00000, 0x00000007c1e00000| Untracked 
|  31|0x00000007c1f00000, 0x00000007c2000000, 0x00000007c2000000|100%| O|  |TAMS 0x00000007c1f00000, 0x00000007c1f00000| Untracked 
|  32|0x00000007c2000000, 0x00000007c2100000, 0x00000007c2100000|100%| O|  |TAMS 0x00000007c2000000, 0x00000007c2000000| Untracked 
|  33|0x00000007c2100000, 0x00000007c2200000, 0x00000007c2200000|100%| O|  |TAMS 0x00000007c2100000, 0x00000007c2100000| Untracked 
|  34|0x00000007c2200000, 0x00000007c2300000, 0x00000007c2300000|100%| O|  |TAMS 0x00000007c2200000, 0x00000007c2200000| Untracked 
|  35|0x00000007c2300000, 0x00000007c2400000, 0x00000007c2400000|100%| O|  |TAMS 0x00000007c2300000, 0x00000007c2300000| Untracked 
|  36|0x00000007c2400000, 0x00000007c2500000, 0x00000007c2500000|100%| O|  |TAMS 0x00000007c2400000, 0x00000007c2400000| Untracked 
|  37|0x00000007c2500000, 0x00000007c2600000, 0x00000007c2600000|100%| O|  |TAMS 0x00000007c2500000, 0x00000007c2500000| Untracked 
|  38|0x00000007c2600000, 0x00000007c2700000, 0x00000007c2700000|100%| O|  |TAMS 0x00000007c2600000, 0x00000007c2600000| Untracked 
|  39|0x00000007c2700000, 0x00000007c2800000, 0x00000007c2800000|100%| O|  |TAMS 0x00000007c2700000, 0x00000007c2700000| Untracked 
|  40|0x00000007c2800000, 0x00000007c2900000, 0x00000007c2900000|100%| O|  |TAMS 0x00000007c2900000, 0x00000007c2800000| Untracked 
|  41|0x00000007c2900000, 0x00000007c2a00000, 0x00000007c2a00000|100%| O|  |TAMS 0x00000007c2900000, 0x00000007c2900000| Untracked 
|  42|0x00000007c2a00000, 0x00000007c2b00000, 0x00000007c2b00000|100%| O|  |TAMS 0x00000007c2a00000, 0x00000007c2a00000| Untracked 
|  43|0x00000007c2b00000, 0x00000007c2c00000, 0x00000007c2c00000|100%| O|  |TAMS 0x00000007c2b00000, 0x00000007c2b00000| Untracked 
|  44|0x00000007c2c00000, 0x00000007c2d00000, 0x00000007c2d00000|100%| O|  |TAMS 0x00000007c2c00000, 0x00000007c2c00000| Untracked 
|  45|0x00000007c2d00000, 0x00000007c2e00000, 0x00000007c2e00000|100%| O|  |TAMS 0x00000007c2d00000, 0x00000007c2d00000| Untracked 
|  46|0x00000007c2e00000, 0x00000007c2f00000, 0x00000007c2f00000|100%| O|  |TAMS 0x00000007c2e00000, 0x00000007c2e00000| Untracked 
|  47|0x00000007c2f00000, 0x00000007c3000000, 0x00000007c3000000|100%| O|  |TAMS 0x00000007c2f00000, 0x00000007c2f00000| Untracked 
|  48|0x00000007c3000000, 0x00000007c3100000, 0x00000007c3100000|100%| O|  |TAMS 0x00000007c3000000, 0x00000007c3000000| Untracked 
|  49|0x00000007c3100000, 0x00000007c3200000, 0x00000007c3200000|100%| O|  |TAMS 0x00000007c3100000, 0x00000007c3100000| Untracked 
|  50|0x00000007c3200000, 0x00000007c3300000, 0x00000007c3300000|100%| O|  |TAMS 0x00000007c3200000, 0x00000007c3200000| Untracked 
|  51|0x00000007c3300000, 0x00000007c3400000, 0x00000007c3400000|100%| O|  |TAMS 0x00000007c3300000, 0x00000007c3300000| Untracked 
|  52|0x00000007c3400000, 0x00000007c3500000, 0x00000007c3500000|100%| O|  |TAMS 0x00000007c3400000, 0x00000007c3400000| Untracked 
|  53|0x00000007c3500000, 0x00000007c355fe00, 0x00000007c3600000| 37%| O|  |TAMS 0x00000007c3500000, 0x00000007c3500000| Untracked 
|  54|0x00000007c3600000, 0x00000007c3600000, 0x00000007c3700000|  0%| F|  |TAMS 0x00000007c3600000, 0x00000007c3600000| Untracked 
|  55|0x00000007c3700000, 0x00000007c3700000, 0x00000007c3800000|  0%| F|  |TAMS 0x00000007c3700000, 0x00000007c3700000| Untracked 
|  56|0x00000007c3800000, 0x00000007c3800000, 0x00000007c3900000|  0%| F|  |TAMS 0x00000007c3800000, 0x00000007c3800000| Untracked 
|  57|0x00000007c3900000, 0x00000007c3900000, 0x00000007c3a00000|  0%| F|  |TAMS 0x00000007c3900000, 0x00000007c3900000| Untracked 
|  58|0x00000007c3a00000, 0x00000007c3a00000, 0x00000007c3b00000|  0%| F|  |TAMS 0x00000007c3a00000, 0x00000007c3a00000| Untracked 
|  59|0x00000007c3b00000, 0x00000007c3b00000, 0x00000007c3c00000|  0%| F|  |TAMS 0x00000007c3b00000, 0x00000007c3b00000| Untracked 
|  60|0x00000007c3c00000, 0x00000007c3c00000, 0x00000007c3d00000|  0%| F|  |TAMS 0x00000007c3c00000, 0x00000007c3c00000| Untracked 
|  61|0x00000007c3d00000, 0x00000007c3d00000, 0x00000007c3e00000|  0%| F|  |TAMS 0x00000007c3d00000, 0x00000007c3d00000| Untracked 
|  62|0x00000007c3e00000, 0x00000007c3e00000, 0x00000007c3f00000|  0%| F|  |TAMS 0x00000007c3e00000, 0x00000007c3e00000| Untracked 
|  63|0x00000007c3f00000, 0x00000007c3f00000, 0x00000007c4000000|  0%| F|  |TAMS 0x00000007c3f00000, 0x00000007c3f00000| Untracked 
|  64|0x00000007c4000000, 0x00000007c4000000, 0x00000007c4100000|  0%| F|  |TAMS 0x00000007c4000000, 0x00000007c4000000| Untracked 
|  65|0x00000007c4100000, 0x00000007c4100000, 0x00000007c4200000|  0%| F|  |TAMS 0x00000007c4100000, 0x00000007c4100000| Untracked 
|  66|0x00000007c4200000, 0x00000007c4200000, 0x00000007c4300000|  0%| F|  |TAMS 0x00000007c4200000, 0x00000007c4200000| Untracked 
|  67|0x00000007c4300000, 0x00000007c4300000, 0x00000007c4400000|  0%| F|  |TAMS 0x00000007c4300000, 0x00000007c4300000| Untracked 
|  68|0x00000007c4400000, 0x00000007c4400000, 0x00000007c4500000|  0%| F|  |TAMS 0x00000007c4400000, 0x00000007c4400000| Untracked 
|  69|0x00000007c4500000, 0x00000007c4500000, 0x00000007c4600000|  0%| F|  |TAMS 0x00000007c4500000, 0x00000007c4500000| Untracked 
|  70|0x00000007c4600000, 0x00000007c4600000, 0x00000007c4700000|  0%| F|  |TAMS 0x00000007c4600000, 0x00000007c4600000| Untracked 
|  71|0x00000007c4700000, 0x00000007c4700000, 0x00000007c4800000|  0%| F|  |TAMS 0x00000007c4700000, 0x00000007c4700000| Untracked 
|  72|0x00000007c4800000, 0x00000007c4800000, 0x00000007c4900000|  0%| F|  |TAMS 0x00000007c4800000, 0x00000007c4800000| Untracked 
|  73|0x00000007c4900000, 0x00000007c49f8690, 0x00000007c4a00000| 97%| S|CS|TAMS 0x00000007c4900000, 0x00000007c4900000| Complete 
|  74|0x00000007c4a00000, 0x00000007c4a00000, 0x00000007c4b00000|  0%| F|  |TAMS 0x00000007c4a00000, 0x00000007c4a00000| Untracked 
|  75|0x00000007c4b00000, 0x00000007c4b00000, 0x00000007c4c00000|  0%| F|  |TAMS 0x00000007c4b00000, 0x00000007c4b00000| Untracked 
|  76|0x00000007c4c00000, 0x00000007c4c00000, 0x00000007c4d00000|  0%| F|  |TAMS 0x00000007c4c00000, 0x00000007c4c00000| Untracked 
|  77|0x00000007c4d00000, 0x00000007c4e00000, 0x00000007c4e00000|100%| S|CS|TAMS 0x00000007c4d00000, 0x00000007c4d00000| Complete 
|  78|0x00000007c4e00000, 0x00000007c4f00000, 0x00000007c4f00000|100%| S|CS|TAMS 0x00000007c4e00000, 0x00000007c4e00000| Complete 
|  79|0x00000007c4f00000, 0x00000007c4f00000, 0x00000007c5000000|  0%| F|  |TAMS 0x00000007c4f00000, 0x00000007c4f00000| Untracked 
|  80|0x00000007c5000000, 0x00000007c5000000, 0x00000007c5100000|  0%| F|  |TAMS 0x00000007c5000000, 0x00000007c5000000| Untracked 
|  81|0x00000007c5100000, 0x00000007c5100000, 0x00000007c5200000|  0%| F|  |TAMS 0x00000007c5100000, 0x00000007c5100000| Untracked 
|  82|0x00000007c5200000, 0x00000007c5200000, 0x00000007c5300000|  0%| F|  |TAMS 0x00000007c5200000, 0x00000007c5200000| Untracked 
|  83|0x00000007c5300000, 0x00000007c5382010, 0x00000007c5400000| 50%| E|  |TAMS 0x00000007c5300000, 0x00000007c5300000| Complete 
|  84|0x00000007c5400000, 0x00000007c5500000, 0x00000007c5500000|100%| E|CS|TAMS 0x00000007c5400000, 0x00000007c5400000| Complete 
|  85|0x00000007c5500000, 0x00000007c5600000, 0x00000007c5600000|100%| E|CS|TAMS 0x00000007c5500000, 0x00000007c5500000| Complete 
|  86|0x00000007c5600000, 0x00000007c5700000, 0x00000007c5700000|100%| E|CS|TAMS 0x00000007c5600000, 0x00000007c5600000| Complete 
|  87|0x00000007c5700000, 0x00000007c5800000, 0x00000007c5800000|100%| E|CS|TAMS 0x00000007c5700000, 0x00000007c5700000| Complete 
|  88|0x00000007c5800000, 0x00000007c5900000, 0x00000007c5900000|100%| E|CS|TAMS 0x00000007c5800000, 0x00000007c5800000| Complete 
|  89|0x00000007c5900000, 0x00000007c5a00000, 0x00000007c5a00000|100%| E|CS|TAMS 0x00000007c5900000, 0x00000007c5900000| Complete 
|  90|0x00000007c5a00000, 0x00000007c5b00000, 0x00000007c5b00000|100%| E|CS|TAMS 0x00000007c5a00000, 0x00000007c5a00000| Complete 
|  91|0x00000007c5b00000, 0x00000007c5c00000, 0x00000007c5c00000|100%| E|CS|TAMS 0x00000007c5b00000, 0x00000007c5b00000| Complete 
|  92|0x00000007c5c00000, 0x00000007c5d00000, 0x00000007c5d00000|100%| E|CS|TAMS 0x00000007c5c00000, 0x00000007c5c00000| Complete 
|  93|0x00000007c5d00000, 0x00000007c5e00000, 0x00000007c5e00000|100%| E|CS|TAMS 0x00000007c5d00000, 0x00000007c5d00000| Complete 
|  94|0x00000007c5e00000, 0x00000007c5f00000, 0x00000007c5f00000|100%| E|CS|TAMS 0x00000007c5e00000, 0x00000007c5e00000| Complete 
|  95|0x00000007c5f00000, 0x00000007c6000000, 0x00000007c6000000|100%| E|CS|TAMS 0x00000007c5f00000, 0x00000007c5f00000| Complete 
|  96|0x00000007c6000000, 0x00000007c6100000, 0x00000007c6100000|100%| E|CS|TAMS 0x00000007c6000000, 0x00000007c6000000| Complete 
|  97|0x00000007c6100000, 0x00000007c6200000, 0x00000007c6200000|100%| E|CS|TAMS 0x00000007c6100000, 0x00000007c6100000| Complete 
|  98|0x00000007c6200000, 0x00000007c6300000, 0x00000007c6300000|100%| E|CS|TAMS 0x00000007c6200000, 0x00000007c6200000| Complete 
|  99|0x00000007c6300000, 0x00000007c6400000, 0x00000007c6400000|100%| E|CS|TAMS 0x00000007c6300000, 0x00000007c6300000| Complete 
| 100|0x00000007c6400000, 0x00000007c6500000, 0x00000007c6500000|100%| E|CS|TAMS 0x00000007c6400000, 0x00000007c6400000| Complete 
| 101|0x00000007c6500000, 0x00000007c6600000, 0x00000007c6600000|100%| E|CS|TAMS 0x00000007c6500000, 0x00000007c6500000| Complete 
| 102|0x00000007c6600000, 0x00000007c6700000, 0x00000007c6700000|100%| E|CS|TAMS 0x00000007c6600000, 0x00000007c6600000| Complete 
| 103|0x00000007c6700000, 0x00000007c6800000, 0x00000007c6800000|100%| E|CS|TAMS 0x00000007c6700000, 0x00000007c6700000| Complete 
| 104|0x00000007c6800000, 0x00000007c6900000, 0x00000007c6900000|100%| E|CS|TAMS 0x00000007c6800000, 0x00000007c6800000| Complete 
| 105|0x00000007c6900000, 0x00000007c6a00000, 0x00000007c6a00000|100%| E|CS|TAMS 0x00000007c6900000, 0x00000007c6900000| Complete 
| 106|0x00000007c6a00000, 0x00000007c6b00000, 0x00000007c6b00000|100%| E|CS|TAMS 0x00000007c6a00000, 0x00000007c6a00000| Complete 
| 107|0x00000007c6b00000, 0x00000007c6c00000, 0x00000007c6c00000|100%| E|CS|TAMS 0x00000007c6b00000, 0x00000007c6b00000| Complete 
| 108|0x00000007c6c00000, 0x00000007c6d00000, 0x00000007c6d00000|100%| E|CS|TAMS 0x00000007c6c00000, 0x00000007c6c00000| Complete 
| 109|0x00000007c6d00000, 0x00000007c6e00000, 0x00000007c6e00000|100%| E|CS|TAMS 0x00000007c6d00000, 0x00000007c6d00000| Complete 
| 110|0x00000007c6e00000, 0x00000007c6f00000, 0x00000007c6f00000|100%| E|CS|TAMS 0x00000007c6e00000, 0x00000007c6e00000| Complete 
| 111|0x00000007c6f00000, 0x00000007c7000000, 0x00000007c7000000|100%| E|CS|TAMS 0x00000007c6f00000, 0x00000007c6f00000| Complete 
| 112|0x00000007c7000000, 0x00000007c7100000, 0x00000007c7100000|100%| E|CS|TAMS 0x00000007c7000000, 0x00000007c7000000| Complete 
| 113|0x00000007c7100000, 0x00000007c7200000, 0x00000007c7200000|100%| E|CS|TAMS 0x00000007c7100000, 0x00000007c7100000| Complete 
| 114|0x00000007c7200000, 0x00000007c7300000, 0x00000007c7300000|100%| E|CS|TAMS 0x00000007c7200000, 0x00000007c7200000| Complete 
| 115|0x00000007c7300000, 0x00000007c7400000, 0x00000007c7400000|100%| E|CS|TAMS 0x00000007c7300000, 0x00000007c7300000| Complete 
| 116|0x00000007c7400000, 0x00000007c7500000, 0x00000007c7500000|100%| E|CS|TAMS 0x00000007c7400000, 0x00000007c7400000| Complete 
| 117|0x00000007c7500000, 0x00000007c7600000, 0x00000007c7600000|100%| E|CS|TAMS 0x00000007c7500000, 0x00000007c7500000| Complete 
| 118|0x00000007c7600000, 0x00000007c7700000, 0x00000007c7700000|100%| E|CS|TAMS 0x00000007c7600000, 0x00000007c7600000| Complete 
| 119|0x00000007c7700000, 0x00000007c7800000, 0x00000007c7800000|100%| E|CS|TAMS 0x00000007c7700000, 0x00000007c7700000| Complete 
| 120|0x00000007c7800000, 0x00000007c7900000, 0x00000007c7900000|100%| E|CS|TAMS 0x00000007c7800000, 0x00000007c7800000| Complete 
| 121|0x00000007c7900000, 0x00000007c7a00000, 0x00000007c7a00000|100%| E|CS|TAMS 0x00000007c7900000, 0x00000007c7900000| Complete 
| 122|0x00000007c7a00000, 0x00000007c7b00000, 0x00000007c7b00000|100%| E|CS|TAMS 0x00000007c7a00000, 0x00000007c7a00000| Complete 
| 123|0x00000007c7b00000, 0x00000007c7c00000, 0x00000007c7c00000|100%| E|CS|TAMS 0x00000007c7b00000, 0x00000007c7b00000| Complete 
| 124|0x00000007c7c00000, 0x00000007c7d00000, 0x00000007c7d00000|100%| E|CS|TAMS 0x00000007c7c00000, 0x00000007c7c00000| Complete 
| 125|0x00000007c7d00000, 0x00000007c7e00000, 0x00000007c7e00000|100%| E|CS|TAMS 0x00000007c7d00000, 0x00000007c7d00000| Complete 
| 126|0x00000007c7e00000, 0x00000007c7f00000, 0x00000007c7f00000|100%| E|CS|TAMS 0x00000007c7e00000, 0x00000007c7e00000| Complete 
| 127|0x00000007c7f00000, 0x00000007c8000000, 0x00000007c8000000|100%| E|CS|TAMS 0x00000007c7f00000, 0x00000007c7f00000| Complete 
| 128|0x00000007c8000000, 0x00000007c8100000, 0x00000007c8100000|100%| E|CS|TAMS 0x00000007c8000000, 0x00000007c8000000| Complete 
| 129|0x00000007c8100000, 0x00000007c8200000, 0x00000007c8200000|100%| E|CS|TAMS 0x00000007c8100000, 0x00000007c8100000| Complete 
| 130|0x00000007c8200000, 0x00000007c8300000, 0x00000007c8300000|100%| E|CS|TAMS 0x00000007c8200000, 0x00000007c8200000| Complete 
| 131|0x00000007c8300000, 0x00000007c8400000, 0x00000007c8400000|100%| E|CS|TAMS 0x00000007c8300000, 0x00000007c8300000| Complete 
| 132|0x00000007c8400000, 0x00000007c8500000, 0x00000007c8500000|100%| E|CS|TAMS 0x00000007c8400000, 0x00000007c8400000| Complete 
| 133|0x00000007c8500000, 0x00000007c8600000, 0x00000007c8600000|100%| E|CS|TAMS 0x00000007c8500000, 0x00000007c8500000| Complete 
| 134|0x00000007c8600000, 0x00000007c8700000, 0x00000007c8700000|100%| E|CS|TAMS 0x00000007c8600000, 0x00000007c8600000| Complete 

Card table byte_map: [0x00000001242f2000,0x00000001244f2000] _byte_map_base: 0x00000001204f2000

Marking Bits (Prev, Next): (CMBitMap*) 0x00007ff76b01ce18, (CMBitMap*) 0x00007ff76b01ce50
 Prev Bits: [0x00000001246f2000, 0x00000001256f2000)
 Next Bits: [0x00000001256f2000, 0x00000001266f2000)

Polling page: 0x000000010c52a000

Metaspace:

Usage:
  Non-class:     46.88 MB capacity,    46.16 MB ( 98%) used,   593.55 KB (  1%) free+waste,   147.75 KB ( <1%) overhead. 
      Class:      5.53 MB capacity,     5.10 MB ( 92%) used,   374.20 KB (  7%) free+waste,    61.25 KB (  1%) overhead. 
       Both:     52.41 MB capacity,    51.26 MB ( 98%) used,   967.75 KB (  2%) free+waste,   209.00 KB ( <1%) overhead. 

Virtual space:
  Non-class space:       48.00 MB reserved,      47.25 MB ( 98%) committed 
      Class space:        1.00 GB reserved,       5.75 MB ( <1%) committed 
             Both:        1.05 GB reserved,      53.00 MB (  5%) committed 

Chunk freelists:
   Non-Class:  32.88 KB
       Class:  20.75 KB
        Both:  53.62 KB

CodeHeap 'non-profiled nmethods': size=120036Kb used=12569Kb max_used=12569Kb free=107466Kb
 bounds [0x000000011c7e3000, 0x000000011d453000, 0x0000000123d1c000]
CodeHeap 'profiled nmethods': size=120032Kb used=19808Kb max_used=24346Kb free=100223Kb
 bounds [0x00000001152ab000, 0x0000000116aab000, 0x000000011c7e3000]
CodeHeap 'non-nmethods': size=5692Kb used=1196Kb max_used=1255Kb free=4495Kb
 bounds [0x0000000114d1c000, 0x0000000114f8c000, 0x00000001152ab000]
 total_blobs=21955 nmethods=9943 adapters=474
 compilation: enabled
              stopped_count=0, restarted_count=0
 full_count=0

Compilation events (10 events):
Event: 15761.231 Thread 0x00007ff76b096000 15204       4       java.util.concurrent.CompletableFuture$Signaller::tryFire (20 bytes)
Event: 15761.232 Thread 0x00007ff76b096000 nmethod 15204 0x000000011d24bb10 code [0x000000011d24bcc0, 0x000000011d24bda8]
Event: 15922.608 Thread 0x00007ff76b83c000 15205       3       java.security.ProtectionDomain$Key::<init> (10 bytes)
Event: 15922.612 Thread 0x00007ff76b83c000 nmethod 15205 0x000000011553e790 code [0x000000011553e940, 0x000000011553eb50]
Event: 15922.625 Thread 0x00007ff76b096000 15206       4       java.lang.Class::privateGetDeclaredMethods (64 bytes)
Event: 15922.646 Thread 0x00007ff76b83c000 15207       1       sun.rmi.transport.DGCClient$EndpointEntry$RefEntry::getRef (5 bytes)
Event: 15922.651 Thread 0x00007ff76b83c000 nmethod 15207 0x000000011cfb9210 code [0x000000011cfb93c0, 0x000000011cfb94d0]
Event: 15922.697 Thread 0x00007ff76b096000 nmethod 15206 0x000000011d29df90 code [0x000000011d29e1a0, 0x000000011d29efd8]
Event: 15922.813 Thread 0x00007ff76b83c000 15208       3       jdk.internal.reflect.ClassFileAssembler::getLength (11 bytes)
Event: 15922.814 Thread 0x00007ff76b83c000 nmethod 15208 0x00000001152d8f10 code [0x00000001152d90c0, 0x00000001152d92f0]

GC Heap History (10 events):
Event: 15711.261 GC heap before
{Heap before GC invocations=1347 (full 0):
 garbage-first heap   total 138240K, used 114537K [0x00000007c0000000, 0x0000000800000000)
  region size 1024K, 70 young (71680K), 7 survivors (7168K)
 Metaspace       used 52455K, capacity 53613K, committed 54272K, reserved 1097728K
  class space    used 5217K, capacity 5649K, committed 5888K, reserved 1048576K
}
Event: 15711.284 GC heap after
{Heap after GC invocations=1348 (full 0):
 garbage-first heap   total 138240K, used 50176K [0x00000007c0000000, 0x0000000800000000)
  region size 1024K, 4 young (4096K), 4 survivors (4096K)
 Metaspace       used 52455K, capacity 53613K, committed 54272K, reserved 1097728K
  class space    used 5217K, capacity 5649K, committed 5888K, reserved 1048576K
}
Event: 15716.650 GC heap before
{Heap before GC invocations=1348 (full 0):
 garbage-first heap   total 138240K, used 114688K [0x00000007c0000000, 0x0000000800000000)
  region size 1024K, 67 young (68608K), 4 survivors (4096K)
 Metaspace       used 52455K, capacity 53613K, committed 54272K, reserved 1097728K
  class space    used 5217K, capacity 5649K, committed 5888K, reserved 1048576K
}
Event: 15716.670 GC heap after
{Heap after GC invocations=1349 (full 0):
 garbage-first heap   total 138240K, used 53248K [0x00000007c0000000, 0x0000000800000000)
  region size 1024K, 7 young (7168K), 7 survivors (7168K)
 Metaspace       used 52455K, capacity 53613K, committed 54272K, reserved 1097728K
  class space    used 5217K, capacity 5649K, committed 5888K, reserved 1048576K
}
Event: 15744.940 GC heap before
{Heap before GC invocations=1349 (full 0):
 garbage-first heap   total 138240K, used 115712K [0x00000007c0000000, 0x0000000800000000)
  region size 1024K, 68 young (69632K), 7 survivors (7168K)
 Metaspace       used 52455K, capacity 53613K, committed 54272K, reserved 1097728K
  class space    used 5217K, capacity 5649K, committed 5888K, reserved 1048576K
}
Event: 15745.035 GC heap after
{Heap after GC invocations=1350 (full 0):
 garbage-first heap   total 138240K, used 55309K [0x00000007c0000000, 0x0000000800000000)
  region size 1024K, 7 young (7168K), 7 survivors (7168K)
 Metaspace       used 52455K, capacity 53613K, committed 54272K, reserved 1097728K
  class space    used 5217K, capacity 5649K, committed 5888K, reserved 1048576K
}
Event: 15761.297 GC heap before
{Heap before GC invocations=1350 (full 0):
 garbage-first heap   total 138240K, used 114701K [0x00000007c0000000, 0x0000000800000000)
  region size 1024K, 65 young (66560K), 7 survivors (7168K)
 Metaspace       used 52455K, capacity 53613K, committed 54272K, reserved 1097728K
  class space    used 5217K, capacity 5649K, committed 5888K, reserved 1048576K
}
Event: 15761.336 GC heap after
{Heap after GC invocations=1351 (full 0):
 garbage-first heap   total 138240K, used 58355K [0x00000007c0000000, 0x0000000800000000)
  region size 1024K, 5 young (5120K), 5 survivors (5120K)
 Metaspace       used 52455K, capacity 53613K, committed 54272K, reserved 1097728K
  class space    used 5217K, capacity 5649K, committed 5888K, reserved 1048576K
}
Event: 15836.422 GC heap before
{Heap before GC invocations=1351 (full 0):
 garbage-first heap   total 138240K, used 115699K [0x00000007c0000000, 0x0000000800000000)
  region size 1024K, 61 young (62464K), 5 survivors (5120K)
 Metaspace       used 52455K, capacity 53613K, committed 54272K, reserved 1097728K
  class space    used 5217K, capacity 5649K, committed 5888K, reserved 1048576K
}
Event: 15836.455 GC heap after
{Heap after GC invocations=1352 (full 0):
 garbage-first heap   total 138240K, used 57697K [0x00000007c0000000, 0x0000000800000000)
  region size 1024K, 3 young (3072K), 3 survivors (3072K)
 Metaspace       used 52455K, capacity 53613K, committed 54272K, reserved 1097728K
  class space    used 5217K, capacity 5649K, committed 5888K, reserved 1048576K
}

Deoptimization events (10 events):
Event: 14907.743 Thread 0x00007ff76bedd000 Uncommon trap: reason=class_check action=maybe_recompile pc=0x000000011cfb9404 method=org.eclipse.jdt.internal.compiler.flow.FlowContext.getLocalParent()Lorg/eclipse/jdt/internal/compiler/flow/FlowContext; @ 4 c2
Event: 14907.743 Thread 0x00007ff76bedd000 Uncommon trap: reason=class_check action=maybe_recompile pc=0x000000011d05d758 method=org.eclipse.jdt.internal.compiler.lookup.BlockScope.checkUnclosedCloseables(Lorg/eclipse/jdt/internal/compiler/flow/FlowInfo;Lorg/eclipse/jdt/internal/compiler/flow/Flow
Event: 14907.744 Thread 0x00007ff76bedd000 Uncommon trap: reason=bimorphic_or_optimized_type_check action=maybe_recompile pc=0x000000011ccefa08 method=org.eclipse.jdt.internal.compiler.ClassFile.generateTypeAnnotationsOnCodeAttribute()I @ 47 c2
Event: 14925.861 Thread 0x00007ff76bedd000 Uncommon trap: reason=profile_predicate action=maybe_recompile pc=0x000000011d33e70c method=java.util.TimSort.gallopLeft(Ljava/lang/Object;[Ljava/lang/Object;IIILjava/util/Comparator;)I @ 263 c2
Event: 14925.861 Thread 0x00007ff76bedd000 Uncommon trap: reason=profile_predicate action=maybe_recompile pc=0x000000011d33e70c method=java.util.TimSort.gallopLeft(Ljava/lang/Object;[Ljava/lang/Object;IIILjava/util/Comparator;)I @ 263 c2
Event: 14949.553 Thread 0x00007ff76bedd000 Uncommon trap: reason=unstable_if action=reinterpret pc=0x000000011d1ef410 method=org.eclipse.jdt.internal.compiler.lookup.MethodScope.findField(Lorg/eclipse/jdt/internal/compiler/lookup/TypeBinding;[CLorg/eclipse/jdt/internal/compiler/lookup/InvocationSi
Event: 14949.553 Thread 0x00007ff76bedd000 Uncommon trap: reason=class_check action=maybe_recompile pc=0x000000011d0a1eb4 method=org.eclipse.jdt.internal.compiler.ast.QualifiedNameReference.getOtherFieldBindings(Lorg/eclipse/jdt/internal/compiler/lookup/BlockScope;)Lorg/eclipse/jdt/internal/compil
Event: 14949.553 Thread 0x00007ff76bedd000 Uncommon trap: reason=class_check action=maybe_recompile pc=0x000000011cecc5e4 method=org.eclipse.jdt.internal.compiler.ast.QualifiedNameReference.computeConversion(Lorg/eclipse/jdt/internal/compiler/lookup/Scope;Lorg/eclipse/jdt/internal/compiler/lookup/
Event: 15821.343 Thread 0x00007ff76b09a000 Uncommon trap: reason=null_check action=make_not_entrant pc=0x000000011d2337e0 method=jdk.internal.ref.CleanerImpl.run()V @ 68 c2
Event: 15923.135 Thread 0x00007ff76bedd000 Uncommon trap: reason=array_check action=maybe_recompile pc=0x000000011d3b9a88 method=org.eclipse.jdt.internal.compiler.ast.StringLiteralConcatenation.extendsWith(Lorg/eclipse/jdt/internal/compiler/ast/StringLiteral;)Lorg/eclipse/jdt/internal/compiler/ast

Classes redefined (0 events):
No events

Internal exceptions (10 events):
Event: 15776.790 Thread 0x00007ff76c288000 Exception <a 'java/lang/InterruptedException'{0x00000007c5f00040}: sleep interrupted> (0x00000007c5f00040) thrown at [/scratch/mesos/slaves/07fc96ef-bf4d-487f-b22f-a84e49f5f44a-S27799/frameworks/1735e8a2-a1db-478c-8104-60c8b0af87dd-0196/executors/23259148
Event: 15776.791 Thread 0x00007ff76c3c7800 Exception <a 'sun/net/ConnectionResetException'{0x00000007c7a9e6c8}: Connection reset> (0x00000007c7a9e6c8) thrown at [/scratch/mesos/slaves/07fc96ef-bf4d-487f-b22f-a84e49f5f44a-S27799/frameworks/1735e8a2-a1db-478c-8104-60c8b0af87dd-0196/executors/2325914
Event: 15776.819 Thread 0x00007ff76c3c7800 Exception <a 'java/net/ConnectException'{0x00000007c7a9f230}> (0x00000007c7a9f230) thrown at [/scratch/mesos/slaves/07fc96ef-bf4d-487f-b22f-a84e49f5f44a-S27799/frameworks/1735e8a2-a1db-478c-8104-60c8b0af87dd-0196/executors/23259148-f5c6-492a-83be-44c13ecc
Event: 15821.340 Thread 0x00007ff76b09a000 Implicit null exception at 0x000000011d232f1b to 0x000000011d2337d6
Event: 15908.194 Thread 0x00007ff76c6ba800 Exception <a 'java/net/ConnectException'{0x00000007c6a87d00}> (0x00000007c6a87d00) thrown at [/scratch/mesos/slaves/07fc96ef-bf4d-487f-b22f-a84e49f5f44a-S27799/frameworks/1735e8a2-a1db-478c-8104-60c8b0af87dd-0196/executors/23259148-f5c6-492a-83be-44c13ecc
Event: 15908.197 Thread 0x00007ff76c6ba800 Exception <a 'java/net/ConnectException'{0x00000007c6a88a68}> (0x00000007c6a88a68) thrown at [/scratch/mesos/slaves/07fc96ef-bf4d-487f-b22f-a84e49f5f44a-S27799/frameworks/1735e8a2-a1db-478c-8104-60c8b0af87dd-0196/executors/23259148-f5c6-492a-83be-44c13ecc
Event: 15909.198 Thread 0x00007ff76c6ba800 Exception <a 'java/net/ConnectException'{0x00000007c6a89a28}> (0x00000007c6a89a28) thrown at [/scratch/mesos/slaves/07fc96ef-bf4d-487f-b22f-a84e49f5f44a-S27799/frameworks/1735e8a2-a1db-478c-8104-60c8b0af87dd-0196/executors/23259148-f5c6-492a-83be-44c13ecc
Event: 15911.202 Thread 0x00007ff76c6ba800 Exception <a 'java/net/ConnectException'{0x00000007c6a8a7a0}> (0x00000007c6a8a7a0) thrown at [/scratch/mesos/slaves/07fc96ef-bf4d-487f-b22f-a84e49f5f44a-S27799/frameworks/1735e8a2-a1db-478c-8104-60c8b0af87dd-0196/executors/23259148-f5c6-492a-83be-44c13ecc
Event: 15915.206 Thread 0x00007ff76c6ba800 Exception <a 'java/net/ConnectException'{0x00000007c6a8b518}> (0x00000007c6a8b518) thrown at [/scratch/mesos/slaves/07fc96ef-bf4d-487f-b22f-a84e49f5f44a-S27799/frameworks/1735e8a2-a1db-478c-8104-60c8b0af87dd-0196/executors/23259148-f5c6-492a-83be-44c13ecc
Event: 15922.766 Thread 0x00007ff76bd7f800 Exception <a 'java/lang/InterruptedException'{0x00000007c67e2120}> (0x00000007c67e2120) thrown at [/scratch/mesos/slaves/07fc96ef-bf4d-487f-b22f-a84e49f5f44a-S27799/frameworks/1735e8a2-a1db-478c-8104-60c8b0af87dd-0196/executors/23259148-f5c6-492a-83be-44c

Events (10 events):
Event: 15922.645 Thread 0x00007ff76bd7f800 Thread added: 0x00007ff76bd7f800
Event: 15922.646 Executing VM operation: RevokeBias
Event: 15922.648 Executing VM operation: RevokeBias done
Event: 15922.720 Thread 0x00007ff76b099000 flushing nmethod 0x00000001152d8b90
Event: 15922.806 Thread 0x00007ff76b14c800 Thread added: 0x00007ff76b14c800
Event: 15922.814 Executing VM operation: BulkRevokeBias
Event: 15922.821 Executing VM operation: BulkRevokeBias done
Event: 15923.135 Thread 0x00007ff76bedd000 Uncommon trap: trap_request=0xffffffd6 fr.pc=0x000000011d3b9a88 relative=0x0000000000002048
Event: 15923.135 Thread 0x00007ff76bedd000 DEOPT PACKING pc=0x000000011d3b9a88 sp=0x000070000185da40
Event: 15923.135 Thread 0x00007ff76bedd000 DEOPT UNPACKING pc=0x0000000114d43b9f sp=0x000070000185d8a0 mode 2


Dynamic libraries:
0x00007fff8f5d7000 	/System/Library/Frameworks/Cocoa.framework/Versions/A/Cocoa
0x00007fff94b96000 	/System/Library/Frameworks/Security.framework/Versions/A/Security
0x00007fff8c3ba000 	/System/Library/Frameworks/ApplicationServices.framework/Versions/A/ApplicationServices
0x00007fff9c447000 	/usr/lib/libz.1.dylib
0x00007fff92fcc000 	/usr/lib/libSystem.B.dylib
0x00007fff8dbbe000 	/System/Library/Frameworks/CoreFoundation.framework/Versions/A/CoreFoundation
0x00007fff8f5d8000 	/System/Library/Frameworks/Foundation.framework/Versions/C/Foundation
0x00007fff9e12a000 	/usr/lib/libobjc.A.dylib
0x00007fff931b7000 	/System/Library/Frameworks/AppKit.framework/Versions/C/AppKit
0x00007fff92c92000 	/System/Library/Frameworks/CoreData.framework/Versions/A/CoreData
0x00007fff8d997000 	/System/Library/PrivateFrameworks/RemoteViewServices.framework/Versions/A/RemoteViewServices
0x00007fff8d818000 	/System/Library/PrivateFrameworks/UIFoundation.framework/Versions/A/UIFoundation
0x00007fff9248a000 	/usr/lib/libScreenReader.dylib
0x00007fff92fe7000 	/System/Library/Frameworks/Accelerate.framework/Versions/A/Accelerate
0x00007fff8cad0000 	/System/Library/Frameworks/IOSurface.framework/Versions/A/IOSurface
0x00007fff95624000 	/System/Library/Frameworks/AudioToolbox.framework/Versions/A/AudioToolbox
0x00007fff8d53f000 	/System/Library/Frameworks/AudioUnit.framework/Versions/A/AudioUnit
0x00007fff9c55b000 	/System/Library/PrivateFrameworks/DataDetectorsCore.framework/Versions/A/DataDetectorsCore
0x00007fff89fa1000 	/System/Library/PrivateFrameworks/DesktopServicesPriv.framework/Versions/A/DesktopServicesPriv
0x00007fff99e60000 	/System/Library/Frameworks/Carbon.framework/Versions/A/Frameworks/HIToolbox.framework/Versions/A/HIToolbox
0x00007fff948bf000 	/System/Library/Frameworks/QuartzCore.framework/Versions/A/QuartzCore
0x00007fff8a4e6000 	/System/Library/Frameworks/Carbon.framework/Versions/A/Frameworks/SpeechRecognition.framework/Versions/A/SpeechRecognition
0x00007fff9ee38000 	/usr/lib/libauto.dylib
0x00007fff8c097000 	/usr/lib/libicucore.A.dylib
0x00007fff92834000 	/usr/lib/libxml2.2.dylib
0x00007fff96861000 	/System/Library/PrivateFrameworks/CoreUI.framework/Versions/A/CoreUI
0x00007fff8a27e000 	/System/Library/Frameworks/CoreAudio.framework/Versions/A/CoreAudio
0x00007fff96471000 	/System/Library/Frameworks/DiskArbitration.framework/Versions/A/DiskArbitration
0x00007fff9818f000 	/usr/lib/liblangid.dylib
0x00007fff9c4ef000 	/System/Library/PrivateFrameworks/MultitouchSupport.framework/Versions/A/MultitouchSupport
0x00007fff9785f000 	/System/Library/Frameworks/IOKit.framework/Versions/A/IOKit
0x00007fff8a4e4000 	/usr/lib/libDiagnosticMessagesClient.dylib
0x00007fff9cce6000 	/System/Library/Frameworks/CoreServices.framework/Versions/A/CoreServices
0x00007fff89536000 	/System/Library/PrivateFrameworks/PerformanceAnalysis.framework/Versions/A/PerformanceAnalysis
0x00007fff9d1ac000 	/System/Library/PrivateFrameworks/GenerationalStorage.framework/Versions/A/GenerationalStorage
0x00007fff9ec1c000 	/System/Library/Frameworks/OpenGL.framework/Versions/A/OpenGL
0x00007fff8ee50000 	/System/Library/PrivateFrameworks/Sharing.framework/Versions/A/Sharing
0x00007fff9098f000 	/System/Library/Frameworks/CoreGraphics.framework/Versions/A/CoreGraphics
0x00007fff9e4a2000 	/System/Library/Frameworks/CoreImage.framework/Versions/A/CoreImage
0x00007fff9632a000 	/System/Library/Frameworks/CoreText.framework/Versions/A/CoreText
0x00007fff8f182000 	/System/Library/Frameworks/ImageIO.framework/Versions/A/ImageIO
0x00007fff9f2e4000 	/System/Library/PrivateFrameworks/Backup.framework/Versions/A/Backup
0x00007fff9e0c9000 	/usr/lib/libextension.dylib
0x00007fff8a505000 	/usr/lib/libarchive.2.dylib
0x00007fff8bb39000 	/System/Library/Frameworks/CFNetwork.framework/Versions/A/CFNetwork
0x00007fff92f60000 	/System/Library/Frameworks/SystemConfiguration.framework/Versions/A/SystemConfiguration
0x00007fff8bdc1000 	/usr/lib/libCRFSuite.dylib
0x00007fff8da60000 	/usr/lib/libc++.1.dylib
0x00007fff9585b000 	/usr/lib/libc++abi.dylib
0x00007fff95554000 	/usr/lib/system/libcache.dylib
0x00007fff95167000 	/usr/lib/system/libcommonCrypto.dylib
0x00007fff9d2bc000 	/usr/lib/system/libcompiler_rt.dylib
0x00007fff954fa000 	/usr/lib/system/libcopyfile.dylib
0x00007fff8f464000 	/usr/lib/system/libcorecrypto.dylib
0x00007fff8ae18000 	/usr/lib/system/libdispatch.dylib
0x00007fff92b11000 	/usr/lib/system/libdyld.dylib
0x00007fff8ea4c000 	/usr/lib/system/libkeymgr.dylib
0x00007fff9d2c4000 	/usr/lib/system/liblaunch.dylib
0x00007fff89434000 	/usr/lib/system/libmacho.dylib
0x00007fff924a8000 	/usr/lib/system/libquarantine.dylib
0x00007fff8a1f7000 	/usr/lib/system/libremovefile.dylib
0x00007fff8f93a000 	/usr/lib/system/libsystem_asl.dylib
0x00007fff893d8000 	/usr/lib/system/libsystem_blocks.dylib
0x00007fff8cde8000 	/usr/lib/system/libsystem_c.dylib
0x00007fff8ae12000 	/usr/lib/system/libsystem_configuration.dylib
0x00007fff8ba9e000 	/usr/lib/system/libsystem_coreservices.dylib
0x00007fff8b343000 	/usr/lib/system/libsystem_coretls.dylib
0x00007fff8d549000 	/usr/lib/system/libsystem_dnssd.dylib
0x00007fff8fafe000 	/usr/lib/system/libsystem_info.dylib
0x00007fff93008000 	/usr/lib/system/libsystem_kernel.dylib
0x00007fff92a7a000 	/usr/lib/system/libsystem_m.dylib
0x00007fff9e6c4000 	/usr/lib/system/libsystem_malloc.dylib
0x00007fff92aaa000 	/usr/lib/system/libsystem_network.dylib
0x00007fff9470f000 	/usr/lib/system/libsystem_networkextension.dylib
0x00007fff9af29000 	/usr/lib/system/libsystem_notify.dylib
0x00007fff9e6e1000 	/usr/lib/system/libsystem_platform.dylib
0x00007fff9cc1b000 	/usr/lib/system/libsystem_pthread.dylib
0x00007fff8f4dc000 	/usr/lib/system/libsystem_sandbox.dylib
0x00007fff8a1ff000 	/usr/lib/system/libsystem_secinit.dylib
0x00007fff95155000 	/usr/lib/system/libsystem_trace.dylib
0x00007fff91dd7000 	/usr/lib/system/libunc.dylib
0x00007fff8c3bb000 	/usr/lib/system/libunwind.dylib
0x00007fff89f59000 	/usr/lib/system/libxpc.dylib
0x00007fff96860000 	/usr/lib/libenergytrace.dylib
0x00007fff96460000 	/usr/lib/libbsm.0.dylib
0x00007fff8ae93000 	/usr/lib/system/libkxld.dylib
0x00007fff8a4c3000 	/usr/lib/libxar.1.dylib
0x00007fff92b74000 	/usr/lib/libsqlite3.dylib
0x00007fff89f83000 	/usr/lib/libpam.2.dylib
0x00007fff89f58000 	/usr/lib/libOpenScriptingUtil.dylib
0x00007fff8a4d5000 	/usr/lib/libbz2.1.0.dylib
0x00007fff954df000 	/usr/lib/liblzma.5.dylib
0x00007fff955ac000 	/System/Library/Frameworks/CoreServices.framework/Versions/A/Frameworks/FSEvents.framework/Versions/A/FSEvents
0x00007fff8ee73000 	/System/Library/Frameworks/CoreServices.framework/Versions/A/Frameworks/CarbonCore.framework/Versions/A/CarbonCore
0x00007fff9a9d6000 	/System/Library/Frameworks/CoreServices.framework/Versions/A/Frameworks/Metadata.framework/Versions/A/Metadata
0x00007fff96760000 	/System/Library/Frameworks/CoreServices.framework/Versions/A/Frameworks/OSServices.framework/Versions/A/OSServices
0x00007fff94764000 	/System/Library/Frameworks/CoreServices.framework/Versions/A/Frameworks/SearchKit.framework/Versions/A/SearchKit
0x00007fff903df000 	/System/Library/Frameworks/CoreServices.framework/Versions/A/Frameworks/AE.framework/Versions/A/AE
0x00007fff89dfe000 	/System/Library/Frameworks/CoreServices.framework/Versions/A/Frameworks/LaunchServices.framework/Versions/A/LaunchServices
0x00007fff977ae000 	/System/Library/Frameworks/CoreServices.framework/Versions/A/Frameworks/DictionaryServices.framework/Versions/A/DictionaryServices
0x00007fff8dab4000 	/System/Library/Frameworks/CoreServices.framework/Versions/A/Frameworks/SharedFileList.framework/Versions/A/SharedFileList
0x00007fff903d6000 	/System/Library/Frameworks/NetFS.framework/Versions/A/NetFS
0x00007fff93027000 	/System/Library/PrivateFrameworks/NetAuth.framework/Versions/A/NetAuth
0x00007fff8b12e000 	/System/Library/PrivateFrameworks/login.framework/Versions/A/Frameworks/loginsupport.framework/Versions/A/loginsupport
0x00007fff98191000 	/System/Library/PrivateFrameworks/TCC.framework/Versions/A/TCC
0x00007fff8ea4d000 	/usr/lib/libmecabra.dylib
0x00007fff8ae9f000 	/System/Library/Frameworks/ApplicationServices.framework/Versions/A/Frameworks/ATS.framework/Versions/A/ATS
0x00007fff9accf000 	/System/Library/Frameworks/ApplicationServices.framework/Versions/A/Frameworks/ColorSync.framework/Versions/A/ColorSync
0x00007fff893e7000 	/System/Library/Frameworks/ApplicationServices.framework/Versions/A/Frameworks/HIServices.framework/Versions/A/HIServices
0x00007fff8cc6f000 	/System/Library/Frameworks/ApplicationServices.framework/Versions/A/Frameworks/LangAnalysis.framework/Versions/A/LangAnalysis
0x00007fff953e4000 	/System/Library/Frameworks/ApplicationServices.framework/Versions/A/Frameworks/PrintCore.framework/Versions/A/PrintCore
0x00007fff8bafa000 	/System/Library/Frameworks/ApplicationServices.framework/Versions/A/Frameworks/QD.framework/Versions/A/QD
0x00007fff97852000 	/System/Library/Frameworks/ApplicationServices.framework/Versions/A/Frameworks/SpeechSynthesis.framework/Versions/A/SpeechSynthesis
0x00007fff9f292000 	/System/Library/Frameworks/Metal.framework/Versions/A/Metal
0x00007fff972ef000 	/System/Library/Frameworks/Accelerate.framework/Versions/A/Frameworks/vImage.framework/Versions/A/vImage
0x00007fff8943a000 	/System/Library/Frameworks/Accelerate.framework/Versions/A/Frameworks/vecLib.framework/Versions/A/vecLib
0x00007fff8c93d000 	/System/Library/Frameworks/Accelerate.framework/Versions/A/Frameworks/vecLib.framework/Versions/A/libvDSP.dylib
0x00007fff94f58000 	/System/Library/Frameworks/Accelerate.framework/Versions/A/Frameworks/vecLib.framework/Versions/A/libvMisc.dylib
0x00007fff984a1000 	/System/Library/Frameworks/Accelerate.framework/Versions/A/Frameworks/vecLib.framework/Versions/A/libLAPACK.dylib
0x00007fff98293000 	/System/Library/Frameworks/Accelerate.framework/Versions/A/Frameworks/vecLib.framework/Versions/A/libBLAS.dylib
0x00007fff8a2ff000 	/System/Library/Frameworks/Accelerate.framework/Versions/A/Frameworks/vecLib.framework/Versions/A/libLinearAlgebra.dylib
0x00007fff98264000 	/System/Library/Frameworks/Accelerate.framework/Versions/A/Frameworks/vecLib.framework/Versions/A/libSparseBLAS.dylib
0x00007fff96282000 	/System/Library/PrivateFrameworks/GPUCompiler.framework/libmetal_timestamp.dylib
0x00007fff8bb35000 	/System/Library/Frameworks/OpenGL.framework/Versions/A/Libraries/libCoreFSCache.dylib
0x00007fff96459000 	/System/Library/PrivateFrameworks/IOAccelerator.framework/Versions/A/IOAccelerator
0x00007fff96fc2000 	/System/Library/Frameworks/ApplicationServices.framework/Versions/A/Frameworks/ATS.framework/Versions/A/Resources/libFontParser.dylib
0x00007fff9c715000 	/System/Library/Frameworks/ApplicationServices.framework/Versions/A/Frameworks/ATS.framework/Versions/A/Resources/libFontRegistry.dylib
0x00007fff98941000 	/System/Library/PrivateFrameworks/AppleVPA.framework/Versions/A/AppleVPA
0x00007fff8ed13000 	/System/Library/PrivateFrameworks/AppleJPEG.framework/Versions/A/AppleJPEG
0x00007fff9e075000 	/System/Library/Frameworks/ImageIO.framework/Versions/A/Resources/libJPEG.dylib
0x00007fff8f518000 	/System/Library/Frameworks/ImageIO.framework/Versions/A/Resources/libTIFF.dylib
0x00007fff94f32000 	/System/Library/Frameworks/ImageIO.framework/Versions/A/Resources/libPng.dylib
0x00007fff98932000 	/System/Library/Frameworks/ImageIO.framework/Versions/A/Resources/libGIF.dylib
0x00007fff971ad000 	/System/Library/Frameworks/ImageIO.framework/Versions/A/Resources/libJP2.dylib
0x00007fff9aebd000 	/System/Library/Frameworks/ImageIO.framework/Versions/A/Resources/libRadiance.dylib
0x00007fff9c514000 	/System/Library/Frameworks/CoreVideo.framework/Versions/A/CoreVideo
0x00007fff9e80b000 	/System/Library/Frameworks/OpenGL.framework/Versions/A/Libraries/libGLU.dylib
0x00007fff8cd39000 	/System/Library/Frameworks/OpenGL.framework/Versions/A/Libraries/libGFXShared.dylib
0x00007fff9eb10000 	/System/Library/Frameworks/OpenGL.framework/Versions/A/Libraries/libGL.dylib
0x00007fff8e042000 	/System/Library/Frameworks/OpenGL.framework/Versions/A/Libraries/libGLImage.dylib
0x00007fff92429000 	/System/Library/Frameworks/OpenGL.framework/Versions/A/Libraries/libCVMSPluginSupport.dylib
0x00007fff9ec18000 	/System/Library/Frameworks/OpenGL.framework/Versions/A/Libraries/libCoreVMClient.dylib
0x00007fff8a3a9000 	/usr/lib/libcompression.dylib
0x00007fff8a3c3000 	/usr/lib/libcups.2.dylib
0x00007fff9250a000 	/System/Library/Frameworks/Kerberos.framework/Versions/A/Kerberos
0x00007fff8b995000 	/System/Library/Frameworks/GSS.framework/Versions/A/GSS
0x00007fff95138000 	/usr/lib/libresolv.9.dylib
0x00007fff95045000 	/usr/lib/libiconv.2.dylib
0x00007fff9ed2d000 	/System/Library/PrivateFrameworks/Heimdal.framework/Versions/A/Heimdal
0x00007fff92f5a000 	/usr/lib/libheimdal-asn1.dylib
0x00007fff972a0000 	/System/Library/Frameworks/OpenDirectory.framework/Versions/A/OpenDirectory
0x00007fff9475a000 	/System/Library/PrivateFrameworks/CommonAuth.framework/Versions/A/CommonAuth
0x00007fff9eda2000 	/System/Library/Frameworks/OpenDirectory.framework/Versions/A/Frameworks/CFOpenDirectory.framework/Versions/A/CFOpenDirectory
0x00007fff966eb000 	/System/Library/Frameworks/SecurityFoundation.framework/Versions/A/SecurityFoundation
0x00007fff8eda1000 	/System/Library/PrivateFrameworks/LanguageModeling.framework/Versions/A/LanguageModeling
0x00007fff9ef1b000 	/usr/lib/libmarisa.dylib
0x00007fff98287000 	/usr/lib/libChineseTokenizer.dylib
0x00007fff9c549000 	/usr/lib/libcmph.dylib
0x00007fff92b15000 	/System/Library/Frameworks/ServiceManagement.framework/Versions/A/ServiceManagement
0x00007fff8a8f3000 	/usr/lib/libxslt.1.dylib
0x00007fff9c9b6000 	/System/Library/Frameworks/Carbon.framework/Versions/A/Frameworks/Ink.framework/Versions/A/Ink
0x00007fff8994f000 	/usr/lib/libFosl_dynamic.dylib
0x00007fff9a2e1000 	/System/Library/PrivateFrameworks/FaceCore.framework/Versions/A/FaceCore
0x00007fff977e5000 	/System/Library/Frameworks/OpenCL.framework/Versions/A/OpenCL
0x00007fff9e6ea000 	/System/Library/PrivateFrameworks/CrashReporterSupport.framework/Versions/A/CrashReporterSupport
0x00007fff9683d000 	/System/Library/PrivateFrameworks/IconServices.framework/Versions/A/IconServices
0x00007fff92814000 	/System/Library/PrivateFrameworks/Apple80211.framework/Versions/A/Apple80211
0x00007fff9cce7000 	/System/Library/Frameworks/CoreWLAN.framework/Versions/A/CoreWLAN
0x00007fff96f1d000 	/System/Library/Frameworks/IOBluetooth.framework/Versions/A/IOBluetooth
0x00007fff98e82000 	/System/Library/PrivateFrameworks/CoreWiFi.framework/Versions/A/CoreWiFi
0x00007fff92fce000 	/System/Library/Frameworks/CoreBluetooth.framework/Versions/A/CoreBluetooth
0x00007fff972c7000 	/System/Library/PrivateFrameworks/ChunkingLibrary.framework/Versions/A/ChunkingLibrary
0x00007fff9471f000 	/System/Library/PrivateFrameworks/DebugSymbols.framework/Versions/A/DebugSymbols
0x00007fff8f360000 	/System/Library/PrivateFrameworks/CoreSymbolication.framework/Versions/A/CoreSymbolication
0x00007fff9e7ba000 	/System/Library/PrivateFrameworks/Symbolication.framework/Versions/A/Symbolication
0x00007fff8f92d000 	/System/Library/PrivateFrameworks/SpeechRecognitionCore.framework/Versions/A/SpeechRecognitionCore
0x000000010b6a5000 	/Library/Java/JavaVirtualMachines/jdk-11.0.2.jdk/Contents/Home/lib/server/libjvm.dylib
0x000000010c4f0000 	/Library/Java/JavaVirtualMachines/jdk-11.0.2.jdk/Contents/Home/lib/libverify.dylib
0x000000010c4fc000 	/Library/Java/JavaVirtualMachines/jdk-11.0.2.jdk/Contents/Home/lib/libjava.dylib
0x000000010c538000 	/Library/Java/JavaVirtualMachines/jdk-11.0.2.jdk/Contents/Home/lib/libzip.dylib
0x000000010c540000 	/Library/Java/JavaVirtualMachines/jdk-11.0.2.jdk/Contents/Home/lib/libjimage.dylib
0x000000010c5c2000 	/Library/Java/JavaVirtualMachines/jdk-11.0.2.jdk/Contents/Home/lib/libnio.dylib
0x000000010c5d0000 	/Library/Java/JavaVirtualMachines/jdk-11.0.2.jdk/Contents/Home/lib/./libnet.dylib
0x000000010c5e4000 	/Library/Java/JavaVirtualMachines/jdk-11.0.2.jdk/Contents/Home/lib/libmanagement.dylib
0x000000010c5e9000 	/Library/Java/JavaVirtualMachines/jdk-11.0.2.jdk/Contents/Home/lib/libmanagement_ext.dylib
0x000000010c5ef000 	/Library/Java/JavaVirtualMachines/jdk-11.0.2.jdk/Contents/Home/lib/libextnet.dylib
0x000000010c5f2000 	/Library/Java/JavaVirtualMachines/jdk-11.0.2.jdk/Contents/Home/lib/libattach.dylib
0x000000010c5f6000 	/Library/Java/JavaVirtualMachines/jdk-11.0.2.jdk/Contents/Home/lib/librmi.dylib


VM Arguments:
jvm_args: -Dspring.lsp.client-port=45556 -Dserver.port=45556 -Dsts.lsp.client=vscode -Dsts.log.file=/var/folders/4q/5cnrpjkj5db9w313741tctmc0000gn/T/vscode-spring-boot-1549334305263.log -Dlogging.file=/var/folders/4q/5cnrpjkj5db9w313741tctmc0000gn/T/vscode-spring-boot-1549334305263.log 
java_command: /Users/mac/.vscode/extensions/pivotal.vscode-spring-boot-1.3.0/jars/spring-boot-language-server-1.3.0-SNAPSHOT.jar
java_class_path (initial): /Users/mac/.vscode/extensions/pivotal.vscode-spring-boot-1.3.0/jars/spring-boot-language-server-1.3.0-SNAPSHOT.jar
Launcher Type: SUN_STANDARD

[Global flags]
     intx CICompilerCount                          = 2                                         {product} {ergonomic}
     uint ConcGCThreads                            = 1                                         {product} {ergonomic}
     uint G1ConcRefinementThreads                  = 2                                         {product} {ergonomic}
   size_t G1HeapRegionSize                         = 1048576                                   {product} {ergonomic}
    uintx GCDrainStackTargetSize                   = 64                                        {product} {ergonomic}
   size_t InitialHeapSize                          = 67108864                                  {product} {ergonomic}
   size_t MarkStackSize                            = 4194304                                   {product} {ergonomic}
   size_t MaxHeapSize                              = 1073741824                                {product} {ergonomic}
   size_t MaxNewSize                               = 643825664                                 {product} {ergonomic}
   size_t MinHeapDeltaBytes                        = 1048576                                   {product} {ergonomic}
    uintx NonNMethodCodeHeapSize                   = 5824844                                {pd product} {ergonomic}
    uintx NonProfiledCodeHeapSize                  = 122916698                              {pd product} {ergonomic}
    uintx ProfiledCodeHeapSize                     = 122916698                              {pd product} {ergonomic}
    uintx ReservedCodeCacheSize                    = 251658240                              {pd product} {ergonomic}
     bool SegmentedCodeCache                       = true                                      {product} {ergonomic}
     bool UseCompressedClassPointers               = true                                 {lp64_product} {ergonomic}
     bool UseCompressedOops                        = true                                 {lp64_product} {ergonomic}
     bool UseG1GC                                  = true                                      {product} {ergonomic}

Logging:
Log output configuration:
 #0: stdout all=warning uptime,level,tags
 #1: stderr all=off uptime,level,tags

Environment Variables:
PATH=/Users/mac/anaconda3/bin:/usr/local/bin:/usr/bin:/bin:/usr/sbin:/sbin:/Library/Frameworks/Mono.framework/Versions/Current/Commands:/Applications/Xamarin Workbooks.app/Contents/SharedSupport/path-bin
SHELL=/bin/bash

Signal Handlers:
SIGSEGV: [libjvm.dylib+0x740190], sa_mask[0]=11111111011111110111111111111111, sa_flags=SA_ONSTACK|SA_RESTART|SA_SIGINFO
SIGBUS: [libjvm.dylib+0x740190], sa_mask[0]=11111111011111110111111111111111, sa_flags=SA_RESTART|SA_SIGINFO
SIGFPE: [libjvm.dylib+0x740190], sa_mask[0]=11111111011111110111111111111111, sa_flags=SA_RESTART|SA_SIGINFO
SIGPIPE: [libjvm.dylib+0x5f2e42], sa_mask[0]=11111111011111110111111111111111, sa_flags=SA_RESTART|SA_SIGINFO
SIGXFSZ: [libjvm.dylib+0x5f2e42], sa_mask[0]=11111111011111110111111111111111, sa_flags=SA_RESTART|SA_SIGINFO
SIGILL: [libjvm.dylib+0x740190], sa_mask[0]=11111111011111110111111111111111, sa_flags=SA_RESTART|SA_SIGINFO
SIGUSR2: [libjvm.dylib+0x5f3427], sa_mask[0]=00000000000000000000000000000000, sa_flags=SA_RESTART|SA_SIGINFO
SIGHUP: [libjvm.dylib+0x5f1e83], sa_mask[0]=11111111011111110111111111111111, sa_flags=SA_RESTART|SA_SIGINFO
SIGINT: [libjvm.dylib+0x5f1e83], sa_mask[0]=11111111011111110111111111111111, sa_flags=SA_RESTART|SA_SIGINFO
SIGTERM: [libjvm.dylib+0x5f1e83], sa_mask[0]=11111111011111110111111111111111, sa_flags=SA_RESTART|SA_SIGINFO
SIGQUIT: [libjvm.dylib+0x5f1e83], sa_mask[0]=11111111011111110111111111111111, sa_flags=SA_RESTART|SA_SIGINFO


---------------  S Y S T E M  ---------------

OS:uname:Darwin 15.6.0 Darwin Kernel Version 15.6.0: Thu Jun 21 20:07:40 PDT 2018; root:xnu-3248.73.11~1/RELEASE_X86_64 x86_64
rlimit: STACK 8192k, CORE 0k, NPROC 709, NOFILE 10240, AS infinity, DATA infinity, FSIZE infinity
load average:5.80 4.50 4.22

CPU:total 2 (initial active 2) (2 cores per cpu, 1 threads per core) family 6 model 23 stepping 10, cmov, cx8, fxsr, mmx, sse, sse2, sse3, ssse3, sse4.1, tsc

Memory: 4k page, physical 4194304k(18092k free)

vm_info: Java HotSpot(TM) 64-Bit Server VM (11.0.2+9-LTS) for bsd-amd64 JRE (11.0.2+9-LTS), built on Jan 18 2019 08:16:46 by "mach5one" with gcc 4.2.1 Compatible Apple LLVM 9.1.0 (clang-902.0.39.2)

END.
