#
# A fatal error has been detected by the Java Runtime Environment:
#
#  SIGSEGV (0xb) at pc=0x000000010c4e7d1f, pid=602, tid=11779
#
# JRE version: Java(TM) SE Runtime Environment (11.0.2+9) (build 11.0.2+9-LTS)
# Java VM: Java HotSpot(TM) 64-Bit Server VM (11.0.2+9-LTS, mixed mode, tiered, compressed oops, g1 gc, bsd-amd64)
# Problematic frame:
# V  [libjvm.dylib+0x2fbd1f]  G1STWIsAliveClosure::do_object_b(oopDesc*)+0x1b
#
# No core dump will be written. Core dumps have been disabled. To enable core dumping, try "ulimit -c unlimited" before starting Java again
#
# If you would like to submit a bug report, please visit:
#   http://bugreport.java.com/bugreport/crash.jsp
#

---------------  S U M M A R Y ------------

Command Line: --add-modules=ALL-SYSTEM --add-opens=java.base/java.util=ALL-UNNAMED --add-opens=java.base/java.lang=ALL-UNNAMED -Declipse.application=org.eclipse.jdt.ls.core.id1 -Dosgi.bundles.defaultStartLevel=4 -Declipse.product=org.eclipse.jdt.ls.core.product -Xverify:none -Xmx1G -XX:+UseG1GC -XX:+UseStringDeduplication /Users/mac/.vscode/extensions/redhat.java-0.37.0/server/plugins/org.eclipse.equinox.launcher_1.5.200.v20180922-1751.jar -configuration /Users/mac/.vscode/extensions/redhat.java-0.37.0/server/config_mac -data /Users/mac/Library/Application Support/Code/User/workspaceStorage/be8ca4784b09ef5a6cd7a3d8209e4962/redhat.java/jdt_ws

Host: Macmini3,1 x86_64 2530 MHz, 2 cores, 4G, Darwin 15.6.0
Time: Thu Jan 31 12:13:14 2019 CET elapsed time: 8060 seconds (0d 2h 14m 20s)

---------------  T H R E A D  ---------------

Current thread (0x00007fbbba022000):  GCTaskThread "GC Thread#0" [stack: 0x000070000011a000,0x000070000021a000] [id=11779]

Stack: [0x000070000011a000,0x000070000021a000],  sp=0x0000700000219d60,  free space=1023k
Native frames: (J=compiled Java code, A=aot compiled Java code, j=interpreted, Vv=VM code, C=native code)
V  [libjvm.dylib+0x2fbd1f]  G1STWIsAliveClosure::do_object_b(oopDesc*)+0x1b
V  [libjvm.dylib+0x68c06b]  StringDedupTable::unlink_or_oops_do(StringDedupUnlinkOrOopsDoClosure*, unsigned long, unsigned long, unsigned int)+0x59
V  [libjvm.dylib+0x68bf5a]  StringDedupTable::unlink_or_oops_do(StringDedupUnlinkOrOopsDoClosure*, unsigned int)+0x74
V  [libjvm.dylib+0x3384f2]  G1StringDedupUnlinkOrOopsDoTask::work(unsigned int)+0x64
V  [libjvm.dylib+0x7663cb]  GangWorker::loop()+0x43
V  [libjvm.dylib+0x5f0da3]  thread_native_entry(Thread*)+0x135
C  [libsystem_pthread.dylib+0x399d]  _pthread_body+0x83
C  [libsystem_pthread.dylib+0x391a]  _pthread_body+0x0
C  [libsystem_pthread.dylib+0x1351]  thread_start+0xd


siginfo: si_signo: 11 (SIGSEGV), si_code: 1 (SEGV_MAPERR), si_addr: 0x00007fbbc1c34ceb

Register to memory mapping:

RAX=0x00007fbbba02d000 points into unknown readable memory: 00 00 00 00 00 00 00 00
RBX=0x000070000082b6c0 points into unknown readable memory: f0 b6 82 00 00 70 00 00
RCX=0x00007fbbba02d014 points into unknown readable memory: 00 00 00 00
RDX=0x0000000007c07ceb is an unknown value
RSP=0x0000700000219d60 points into unknown readable memory: b0 9d 21 00 00 70 00 00
RBP=0x0000700000219d60 points into unknown readable memory: b0 9d 21 00 00 70 00 00
RSI=0x00007c07ceb2412b is an unknown value
RDI=0x000070000082b6f0 points into unknown readable memory: 90 5d ac 0c 01 00 00 00
R8 =0x00000000001f3041 is an unknown value
R9 =0x0 is NULL
R10=0x00007fff8e990f8a: semaphore_signal_trap+0xa in /usr/lib/system/libsystem_kernel.dylib at 0x00007fff8e980000
R11=0x0000000000000202 is an unknown value
R12=0x000000000000412b is an unknown value
R13=0x0 is NULL
R14=0x0000000138849958 points into unknown readable memory: 10 18 d8 bc bb 7f 00 00
R15=0x00007fbbbcd81820 points into unknown readable memory: 2b 41 b2 ce 07 7c 00 00


Registers:
RAX=0x00007fbbba02d000, RBX=0x000070000082b6c0, RCX=0x00007fbbba02d014, RDX=0x0000000007c07ceb
RSP=0x0000700000219d60, RBP=0x0000700000219d60, RSI=0x00007c07ceb2412b, RDI=0x000070000082b6f0
R8 =0x00000000001f3041, R9 =0x0000000000000000, R10=0x00007fff8e990f8a, R11=0x0000000000000202
R12=0x000000000000412b, R13=0x0000000000000000, R14=0x0000000138849958, R15=0x00007fbbbcd81820
RIP=0x000000010c4e7d1f, EFLAGS=0x0000000000010206, ERR=0x0000000000000004
  TRAPNO=0x000000000000000e

Top of Stack: (sp=0x0000700000219d60)
0x0000700000219d60:   0000700000219db0 000000010c87806b
0x0000700000219d70:   40bf7ccc5e96a811 0000000000004200
0x0000700000219d80:   0000000100000001 0000000000004000
0x0000700000219d90:   0000000000000000 0000000000004200
0x0000700000219da0:   0000000000000000 0000000000010000
0x0000700000219db0:   0000700000219e00 000000010c877f5a
0x0000700000219dc0:   0000000000000200 000070000082b6c0
0x0000700000219dd0:   0000000100000000 0000700000219e10
0x0000700000219de0:   000070000082b6c0 0000000000002e03
0x0000700000219df0:   0000000000000001 0000700000219e10
0x0000700000219e00:   0000700000219e60 000000010c5244f2
0x0000700000219e10:   000000010cac69e8 00000754cefb0999
0x0000700000219e20:   0000000000000000 000000010000001a
0x0000700000219e30:   00007fbbb9c254d0 00007fbb00000001
0x0000700000219e40:   000070000082b6a8 0000000000000001
0x0000700000219e50:   0000700000219e78 00007fbbba022000
0x0000700000219e60:   0000700000219ea0 000000010c9523cb
0x0000700000219e70:   00007fbbba022000 00007fbbffffffff
0x0000700000219e80:   00007fbbb9c27970 00007fbbb9c279e0
0x0000700000219e90:   00007fbbba022000 0000000000000001
0x0000700000219ea0:   0000700000219ef0 000000010c7dcda3
0x0000700000219eb0:   0000000000001bd3 000070000021a0e0
0x0000700000219ec0:   000070000021a180 0000000600000000
0x0000700000219ed0:   000070000021a000 00000000000008ff
0x0000700000219ee0:   00007fbbba022000 000000010c7dcc6e
0x0000700000219ef0:   0000700000219f10 00007fff9859699d
0x0000700000219f00:   0000000000002e03 000070000021a000
0x0000700000219f10:   0000700000219f50 00007fff9859691a
0x0000700000219f20:   0000000000000000 0000000000000000
0x0000700000219f30:   0000000000000000 0000000000000000
0x0000700000219f40:   0000000000000000 0000000000000000
0x0000700000219f50:   0000700000219f78 00007fff98594351 

Instructions: (pc=0x000000010c4e7d1f)
0x000000010c4e7cff:   5e 41 5f 5d c3 55 48 89 e5 48 8b 47 08 8a 88 f0
0x000000010c4e7d0f:   06 00 00 48 89 f2 48 d3 ea 48 8b 80 e0 06 00 00
0x000000010c4e7d1f:   80 3c 10 00 7e 13 48 8b 06 83 e0 03 b9 03 00 00
0x000000010c4e7d2f:   00 48 39 c8 0f 94 c0 eb 02 b0 01 5d c3 55 48 89 

Stack slot to memory mapping:
stack at sp + 0 slots: 0x0000700000219db0 points into unknown readable memory: 00 9e 21 00 00 70 00 00
stack at sp + 1 slots: 0x000000010c87806b: _ZN16StringDedupTable17unlink_or_oops_doEP32StringDedupUnlinkOrOopsDoClosuremmj+0x59 in /Library/Java/JavaVirtualMachines/jdk-11.0.2.jdk/Contents/Home/lib/server/libjvm.dylib at 0x000000010c1ec000
stack at sp + 2 slots: 0x40bf7ccc5e96a811 is an unknown value
stack at sp + 3 slots: 0x0000000000004200 is an unknown value
stack at sp + 4 slots: 0x0000000100000001 is an unknown value
stack at sp + 5 slots: 0x0000000000004000 is an unknown value
stack at sp + 6 slots: 0x0 is NULL
stack at sp + 7 slots: 0x0000000000004200 is an unknown value


---------------  P R O C E S S  ---------------

Threads class SMR info:
_java_thread_list=0x00007fbbb9d320a0, length=35, elements={
0x00007fbbba016800, 0x00007fbbba85f000, 0x00007fbbba05f000, 0x00007fbbba86d000,
0x00007fbbba86b000, 0x00007fbbba8ce000, 0x00007fbbba8cf000, 0x00007fbbba8e2000,
0x00007fbbba08b000, 0x00007fbbba174000, 0x00007fbbba45a800, 0x00007fbbba925800,
0x00007fbbba330800, 0x00007fbbba759800, 0x00007fbbbb48c000, 0x00007fbbbbc28800,
0x00007fbbbba13000, 0x00007fbbbb5e6000, 0x00007fbbbb5af800, 0x00007fbbba74f800,
0x00007fbbba145000, 0x00007fbbbaa83800, 0x00007fbbbba7c000, 0x00007fbbbb857800,
0x00007fbbbb29b800, 0x00007fbbbb3d1800, 0x00007fbbbb84a800, 0x00007fbbbbd4b800,
0x00007fbbba77c800, 0x00007fbbbb40f800, 0x00007fbbbb4c5000, 0x00007fbbbb1f1800,
0x00007fbbbbb13800, 0x00007fbbba779800, 0x00007fbbba38a000
}

Java Threads: ( => current thread )
  0x00007fbbba016800 JavaThread "main" [_thread_blocked, id=5379, stack(0x000000010cf35000,0x000000010d035000)]
  0x00007fbbba85f000 JavaThread "Reference Handler" daemon [_thread_blocked, id=16131, stack(0x000070000082f000,0x000070000092f000)]
  0x00007fbbba05f000 JavaThread "Finalizer" daemon [_thread_blocked, id=16899, stack(0x0000700000932000,0x0000700000a32000)]
  0x00007fbbba86d000 JavaThread "Signal Dispatcher" daemon [_thread_blocked, id=21511, stack(0x0000700000b3b000,0x0000700000c3b000)]
  0x00007fbbba86b000 JavaThread "C2 CompilerThread0" daemon [_thread_blocked, id=22275, stack(0x0000700000c3e000,0x0000700000d3e000)]
  0x00007fbbba8ce000 JavaThread "C1 CompilerThread0" daemon [_thread_blocked, id=23043, stack(0x0000700000d41000,0x0000700000e41000)]
  0x00007fbbba8cf000 JavaThread "Sweeper thread" daemon [_thread_blocked, id=23811, stack(0x0000700000e44000,0x0000700000f44000)]
  0x00007fbbba8e2000 JavaThread "Common-Cleaner" daemon [_thread_blocked, id=24579, stack(0x0000700000f47000,0x0000700001047000)]
  0x00007fbbba08b000 JavaThread "Service Thread" daemon [_thread_blocked, id=25347, stack(0x000070000104a000,0x000070000114a000)]
  0x00007fbbba174000 JavaThread "Active Thread: Equinox Container: 5e3063a6-ec3f-4e02-8866-cb2a17d24df4" [_thread_blocked, id=28419, stack(0x000070000147d000,0x000070000157d000)]
  0x00007fbbba45a800 JavaThread "Framework Event Dispatcher: Equinox Container: 5e3063a6-ec3f-4e02-8866-cb2a17d24df4" daemon [_thread_blocked, id=29187, stack(0x0000700001580000,0x0000700001680000)]
  0x00007fbbba925800 JavaThread "Start Level: Equinox Container: 5e3063a6-ec3f-4e02-8866-cb2a17d24df4" daemon [_thread_blocked, id=29955, stack(0x0000700001683000,0x0000700001783000)]
  0x00007fbbba330800 JavaThread "Worker-JM" [_thread_blocked, id=43311, stack(0x0000700001809000,0x0000700001909000)]
  0x00007fbbba759800 JavaThread "Java indexing" daemon [_thread_blocked, id=46595, stack(0x0000700001a0f000,0x0000700001b0f000)]
  0x00007fbbbb48c000 JavaThread "pool-2-thread-1" [_thread_blocked, id=48131, stack(0x0000700001c15000,0x0000700001d15000)]
  0x00007fbbbbc28800 JavaThread "pool-1-thread-1" [_thread_blocked, id=48899, stack(0x0000700001d18000,0x0000700001e18000)]
  0x00007fbbbba13000 JavaThread "Bundle File Closer" daemon [_thread_blocked, id=8967, stack(0x0000700002021000,0x0000700002121000)]
  0x00007fbbbb5e6000 JavaThread "Attach Listener" daemon [_thread_blocked, id=8471, stack(0x0000700000a35000,0x0000700000b35000)]
  0x00007fbbbb5af800 JavaThread "RMI TCP Accept-0" daemon [_thread_in_native, id=52227, stack(0x0000700002124000,0x0000700002224000)]
  0x00007fbbba74f800 JavaThread "RMI TCP Connection(idle)" daemon [_thread_blocked, id=52995, stack(0x0000700002227000,0x0000700002327000)]
  0x00007fbbba145000 JavaThread "RMI Scheduler(0)" daemon [_thread_blocked, id=53763, stack(0x000070000232a000,0x000070000242a000)]
  0x00007fbbbaa83800 JavaThread "process reaper" daemon [_thread_in_native, id=26887, stack(0x0000700000097000,0x00007000000bb000)]
  0x00007fbbbba7c000 JavaThread "Java Debug Server" [_thread_in_native, id=47647, stack(0x000070000190c000,0x0000700001a0c000)]
  0x00007fbbbb857800 JavaThread "RxSchedulerPurge-1" daemon [_thread_blocked, id=46123, stack(0x0000700002530000,0x0000700002630000)]
  0x00007fbbbb29b800 JavaThread "RxCachedWorkerPoolEvictor-1" daemon [_thread_blocked, id=51211, stack(0x0000700002633000,0x0000700002733000)]
  0x00007fbbbb3d1800 JavaThread "RxNewThreadScheduler-1" daemon [_thread_blocked, id=55303, stack(0x0000700002736000,0x0000700002836000)]
  0x00007fbbbb84a800 JavaThread "JMX server connection timeout 105" daemon [_thread_blocked, id=50471, stack(0x0000700001b12000,0x0000700001c12000)]
  0x00007fbbbbd4b800 JavaThread "pool-3-thread-2" [_thread_in_native, id=49527, stack(0x0000700001e1b000,0x0000700001f1b000)]
  0x00007fbbba77c800 JavaThread "RxNewThreadScheduler-2" daemon [_thread_blocked, id=56079, stack(0x0000700002839000,0x0000700002939000)]
  0x00007fbbbb40f800 JavaThread "Thread-52" daemon [_thread_blocked, id=57863, stack(0x000070000293c000,0x0000700002a3c000)]
  0x00007fbbbb4c5000 JavaThread "Debuggee Stdout Handler" daemon [_thread_in_native, id=57095, stack(0x0000700002a3f000,0x0000700002b3f000)]
  0x00007fbbbb1f1800 JavaThread "Debuggee Stderr Handler" daemon [_thread_in_native, id=61711, stack(0x0000700002b42000,0x0000700002c42000)]
  0x00007fbbbbb13800 JavaThread "Worker-19" [_thread_blocked, id=54283, stack(0x000070000242d000,0x000070000252d000)]
  0x00007fbbba779800 JavaThread "Worker-20" [_thread_blocked, id=60207, stack(0x0000700001f1e000,0x000070000201e000)]
  0x00007fbbba38a000 JavaThread "process reaper" daemon [_thread_blocked, id=61471, stack(0x00007000000be000,0x00007000000e2000)]

Other Threads:
  0x00007fbbba060000 VMThread "VM Thread" [stack: 0x000070000072c000,0x000070000082c000] [id=15363]
  0x00007fbbba0f1000 WatcherThread [stack: 0x000070000114d000,0x000070000124d000] [id=25859]
=>0x00007fbbba022000 GCTaskThread "GC Thread#0" [stack: 0x000070000011a000,0x000070000021a000] [id=11779]
  0x00007fbbba8ec800 GCTaskThread "GC Thread#1" [stack: 0x0000700001277000,0x0000700001377000] [id=27139]
  0x00007fbbba03a000 ConcurrentGCThread "G1 Main Marker" [stack: 0x000070000021d000,0x000070000031d000] [id=12291]
  0x00007fbbba03b000 ConcurrentGCThread "G1 Conc#0" [stack: 0x0000700000320000,0x0000700000420000] [id=13315]
  0x00007fbbba82b800 ConcurrentGCThread "G1 Refine#0" [stack: 0x0000700000423000,0x0000700000523000] [id=13827]
  0x00007fbbba1d8800 ConcurrentGCThread "G1 Refine#1" [stack: 0x000070000137a000,0x000070000147a000] [id=27651]
  0x00007fbbba82c800 ConcurrentGCThread "G1 Young RemSet Sampling" [stack: 0x0000700000526000,0x0000700000626000] [id=14339]
  0x00007fbbba830000 ConcurrentGCThread "StrDedup" [stack: 0x0000700000629000,0x0000700000729000] [id=14851]

Threads with active compile tasks:
C2 CompilerThread012941       4       org.eclipse.core.internal.dtree.AbstractDataTreeNode::convertToAddedComparisonNode (82 bytes)

VM state:at safepoint (normal execution)

VM Mutex/Monitor currently owned by a thread:  ([mutex/lock_event])
[0x00007fbbb9c1cda0] Threads_lock - owner thread: 0x00007fbbba060000
[0x00007fbbb9c1d420] Heap_lock - owner thread: 0x00007fbbbbc28800

Heap address: 0x00000007c0000000, size: 1024 MB, Compressed Oops mode: Zero based, Oop shift amount: 3
Narrow klass base: 0x0000000800000000, Narrow klass shift: 0
Compressed class space size: 1073741824 Address: 0x0000000800000000

Heap:
 garbage-first heap   total 180224K, used 122997K [0x00000007c0000000, 0x0000000800000000)
  region size 1024K, 34 young (34816K), 3 survivors (3072K)
 Metaspace       used 69587K, capacity 72448K, committed 73248K, reserved 1114112K
  class space    used 6537K, capacity 7600K, committed 7888K, reserved 1048576K
Heap Regions: E=young(eden), S=young(survivor), O=old, HS=humongous(starts), HC=humongous(continues), CS=collection set, F=free, A=archive, TAMS=top-at-mark-start (previous, next)
|   0|0x00000007c0000000, 0x00000007c0100000, 0x00000007c0100000|100%| O|  |TAMS 0x00000007c0100000, 0x00000007c0000000| Complete 
|   1|0x00000007c0100000, 0x00000007c0200000, 0x00000007c0200000|100%| O|  |TAMS 0x00000007c0200000, 0x00000007c0100000| Complete 
|   2|0x00000007c0200000, 0x00000007c0300000, 0x00000007c0300000|100%| O|  |TAMS 0x00000007c0300000, 0x00000007c0200000| Complete 
|   3|0x00000007c0300000, 0x00000007c0400000, 0x00000007c0400000|100%| O|  |TAMS 0x00000007c0400000, 0x00000007c0300000| Untracked 
|   4|0x00000007c0400000, 0x00000007c04fe400, 0x00000007c0500000| 99%| O|  |TAMS 0x00000007c04fe400, 0x00000007c0400000| Untracked 
|   5|0x00000007c0500000, 0x00000007c0600000, 0x00000007c0600000|100%| O|  |TAMS 0x00000007c0600000, 0x00000007c0500000| Complete 
|   6|0x00000007c0600000, 0x00000007c0700000, 0x00000007c0700000|100%| O|  |TAMS 0x00000007c0700000, 0x00000007c0600000| Complete 
|   7|0x00000007c0700000, 0x00000007c0800000, 0x00000007c0800000|100%| O|  |TAMS 0x00000007c0800000, 0x00000007c0700000| Complete 
|   8|0x00000007c0800000, 0x00000007c0900000, 0x00000007c0900000|100%| O|  |TAMS 0x00000007c0900000, 0x00000007c0800000| Complete 
|   9|0x00000007c0900000, 0x00000007c0a00000, 0x00000007c0a00000|100%| O|  |TAMS 0x00000007c0a00000, 0x00000007c0900000| Complete 
|  10|0x00000007c0a00000, 0x00000007c0b00000, 0x00000007c0b00000|100%| O|  |TAMS 0x00000007c0b00000, 0x00000007c0a00000| Complete 
|  11|0x00000007c0b00000, 0x00000007c0c00000, 0x00000007c0c00000|100%| O|  |TAMS 0x00000007c0c00000, 0x00000007c0b00000| Complete 
|  12|0x00000007c0c00000, 0x00000007c0d00000, 0x00000007c0d00000|100%| O|  |TAMS 0x00000007c0d00000, 0x00000007c0c00000| Complete 
|  13|0x00000007c0d00000, 0x00000007c0e00000, 0x00000007c0e00000|100%| O|  |TAMS 0x00000007c0e00000, 0x00000007c0d00000| Complete 
|  14|0x00000007c0e00000, 0x00000007c0f00000, 0x00000007c0f00000|100%| O|  |TAMS 0x00000007c0f00000, 0x00000007c0e00000| Complete 
|  15|0x00000007c0f00000, 0x00000007c1000000, 0x00000007c1000000|100%| O|  |TAMS 0x00000007c1000000, 0x00000007c0f00000| Complete 
|  16|0x00000007c1000000, 0x00000007c1100000, 0x00000007c1100000|100%| O|  |TAMS 0x00000007c1100000, 0x00000007c1000000| Complete 
|  17|0x00000007c1100000, 0x00000007c1200000, 0x00000007c1200000|100%| O|  |TAMS 0x00000007c1200000, 0x00000007c1100000| Untracked 
|  18|0x00000007c1200000, 0x00000007c1300000, 0x00000007c1300000|100%| O|  |TAMS 0x00000007c1300000, 0x00000007c1200000| Untracked 
|  19|0x00000007c1300000, 0x00000007c1400000, 0x00000007c1400000|100%| O|  |TAMS 0x00000007c1400000, 0x00000007c1300000| Untracked 
|  20|0x00000007c1400000, 0x00000007c1500000, 0x00000007c1500000|100%| O|  |TAMS 0x00000007c1500000, 0x00000007c1400000| Complete 
|  21|0x00000007c1500000, 0x00000007c1600000, 0x00000007c1600000|100%| O|  |TAMS 0x00000007c1600000, 0x00000007c1500000| Complete 
|  22|0x00000007c1600000, 0x00000007c1700000, 0x00000007c1700000|100%| O|  |TAMS 0x00000007c1700000, 0x00000007c1600000| Untracked 
|  23|0x00000007c1700000, 0x00000007c1800000, 0x00000007c1800000|100%| O|  |TAMS 0x00000007c1800000, 0x00000007c1700000| Untracked 
|  24|0x00000007c1800000, 0x00000007c1900000, 0x00000007c1900000|100%| O|  |TAMS 0x00000007c1900000, 0x00000007c1800000| Complete 
|  25|0x00000007c1900000, 0x00000007c1a00000, 0x00000007c1a00000|100%| O|  |TAMS 0x00000007c1a00000, 0x00000007c1900000| Complete 
|  26|0x00000007c1a00000, 0x00000007c1b00000, 0x00000007c1b00000|100%| O|  |TAMS 0x00000007c1b00000, 0x00000007c1a00000| Untracked 
|  27|0x00000007c1b00000, 0x00000007c1c00000, 0x00000007c1c00000|100%| O|  |TAMS 0x00000007c1c00000, 0x00000007c1b00000| Complete 
|  28|0x00000007c1c00000, 0x00000007c1d00000, 0x00000007c1d00000|100%|HS|  |TAMS 0x00000007c1d00000, 0x00000007c1c00000| Complete 
|  29|0x00000007c1d00000, 0x00000007c1e00000, 0x00000007c1e00000|100%| O|  |TAMS 0x00000007c1e00000, 0x00000007c1d00000| Complete 
|  30|0x00000007c1e00000, 0x00000007c1f00000, 0x00000007c1f00000|100%| O|  |TAMS 0x00000007c1f00000, 0x00000007c1e00000| Untracked 
|  31|0x00000007c1f00000, 0x00000007c2000000, 0x00000007c2000000|100%| O|  |TAMS 0x00000007c2000000, 0x00000007c1f00000| Untracked 
|  32|0x00000007c2000000, 0x00000007c2100000, 0x00000007c2100000|100%| O|  |TAMS 0x00000007c2100000, 0x00000007c2000000| Untracked 
|  33|0x00000007c2100000, 0x00000007c2200000, 0x00000007c2200000|100%| O|  |TAMS 0x00000007c2200000, 0x00000007c2100000| Untracked 
|  34|0x00000007c2200000, 0x00000007c2300000, 0x00000007c2300000|100%| O|  |TAMS 0x00000007c2300000, 0x00000007c2200000| Untracked 
|  35|0x00000007c2300000, 0x00000007c2400000, 0x00000007c2400000|100%| O|  |TAMS 0x00000007c2400000, 0x00000007c2300000| Untracked 
|  36|0x00000007c2400000, 0x00000007c2500000, 0x00000007c2500000|100%| O|  |TAMS 0x00000007c2500000, 0x00000007c2400000| Untracked 
|  37|0x00000007c2500000, 0x00000007c2600000, 0x00000007c2600000|100%| O|  |TAMS 0x00000007c2600000, 0x00000007c2500000| Untracked 
|  38|0x00000007c2600000, 0x00000007c2700000, 0x00000007c2700000|100%| O|  |TAMS 0x00000007c2700000, 0x00000007c2600000| Untracked 
|  39|0x00000007c2700000, 0x00000007c2800000, 0x00000007c2800000|100%| O|  |TAMS 0x00000007c2800000, 0x00000007c2700000| Untracked 
|  40|0x00000007c2800000, 0x00000007c2900000, 0x00000007c2900000|100%| O|  |TAMS 0x00000007c2900000, 0x00000007c2800000| Untracked 
|  41|0x00000007c2900000, 0x00000007c2a00000, 0x00000007c2a00000|100%| O|  |TAMS 0x00000007c2a00000, 0x00000007c2900000| Untracked 
|  42|0x00000007c2a00000, 0x00000007c2b00000, 0x00000007c2b00000|100%| O|  |TAMS 0x00000007c2b00000, 0x00000007c2a00000| Untracked 
|  43|0x00000007c2b00000, 0x00000007c2c00000, 0x00000007c2c00000|100%|HS|  |TAMS 0x00000007c2c00000, 0x00000007c2b00000| Complete 
|  44|0x00000007c2c00000, 0x00000007c2d00000, 0x00000007c2d00000|100%| O|  |TAMS 0x00000007c2d00000, 0x00000007c2c00000| Complete 
|  45|0x00000007c2d00000, 0x00000007c2e00000, 0x00000007c2e00000|100%| O|  |TAMS 0x00000007c2e00000, 0x00000007c2d00000| Complete 
|  46|0x00000007c2e00000, 0x00000007c2f00000, 0x00000007c2f00000|100%| O|  |TAMS 0x00000007c2f00000, 0x00000007c2e00000| Untracked 
|  47|0x00000007c2f00000, 0x00000007c3000000, 0x00000007c3000000|100%| O|  |TAMS 0x00000007c3000000, 0x00000007c2f00000| Untracked 
|  48|0x00000007c3000000, 0x00000007c3000000, 0x00000007c3100000|  0%| F|  |TAMS 0x00000007c3000000, 0x00000007c3000000| Untracked 
|  49|0x00000007c3100000, 0x00000007c3200000, 0x00000007c3200000|100%| O|  |TAMS 0x00000007c3200000, 0x00000007c3100000| Complete 
|  50|0x00000007c3200000, 0x00000007c3300000, 0x00000007c3300000|100%| O|  |TAMS 0x00000007c3300000, 0x00000007c3200000| Untracked 
|  51|0x00000007c3300000, 0x00000007c3400000, 0x00000007c3400000|100%| O|  |TAMS 0x00000007c3400000, 0x00000007c3300000| Untracked 
|  52|0x00000007c3400000, 0x00000007c3500000, 0x00000007c3500000|100%| O|  |TAMS 0x00000007c3500000, 0x00000007c3400000| Untracked 
|  53|0x00000007c3500000, 0x00000007c3600000, 0x00000007c3600000|100%| O|  |TAMS 0x00000007c3600000, 0x00000007c3500000| Untracked 
|  54|0x00000007c3600000, 0x00000007c3700000, 0x00000007c3700000|100%| O|  |TAMS 0x00000007c3700000, 0x00000007c3600000| Complete 
|  55|0x00000007c3700000, 0x00000007c3800000, 0x00000007c3800000|100%| O|  |TAMS 0x00000007c3800000, 0x00000007c3700000| Complete 
|  56|0x00000007c3800000, 0x00000007c3900000, 0x00000007c3900000|100%| O|  |TAMS 0x00000007c3900000, 0x00000007c3800000| Untracked 
|  57|0x00000007c3900000, 0x00000007c3a00000, 0x00000007c3a00000|100%| O|  |TAMS 0x00000007c3a00000, 0x00000007c3900000| Untracked 
|  58|0x00000007c3a00000, 0x00000007c3b00000, 0x00000007c3b00000|100%| O|  |TAMS 0x00000007c3b00000, 0x00000007c3a00000| Untracked 
|  59|0x00000007c3b00000, 0x00000007c3c00000, 0x00000007c3c00000|100%| O|  |TAMS 0x00000007c3c00000, 0x00000007c3b00000| Untracked 
|  60|0x00000007c3c00000, 0x00000007c3d00000, 0x00000007c3d00000|100%| O|  |TAMS 0x00000007c3d00000, 0x00000007c3c00000| Untracked 
|  61|0x00000007c3d00000, 0x00000007c3e00000, 0x00000007c3e00000|100%| O|  |TAMS 0x00000007c3e00000, 0x00000007c3d00000| Untracked 
|  62|0x00000007c3e00000, 0x00000007c3f00000, 0x00000007c3f00000|100%| O|  |TAMS 0x00000007c3f00000, 0x00000007c3e00000| Untracked 
|  63|0x00000007c3f00000, 0x00000007c4000000, 0x00000007c4000000|100%| O|  |TAMS 0x00000007c4000000, 0x00000007c3f00000| Complete 
|  64|0x00000007c4000000, 0x00000007c4100000, 0x00000007c4100000|100%| O|  |TAMS 0x00000007c4100000, 0x00000007c4000000| Untracked 
|  65|0x00000007c4100000, 0x00000007c4200000, 0x00000007c4200000|100%| O|  |TAMS 0x00000007c4200000, 0x00000007c4100000| Untracked 
|  66|0x00000007c4200000, 0x00000007c4300000, 0x00000007c4300000|100%| O|  |TAMS 0x00000007c4300000, 0x00000007c4200000| Untracked 
|  67|0x00000007c4300000, 0x00000007c4400000, 0x00000007c4400000|100%| O|  |TAMS 0x00000007c4400000, 0x00000007c4300000| Untracked 
|  68|0x00000007c4400000, 0x00000007c4500000, 0x00000007c4500000|100%| O|  |TAMS 0x00000007c4500000, 0x00000007c4400000| Untracked 
|  69|0x00000007c4500000, 0x00000007c4600000, 0x00000007c4600000|100%| O|  |TAMS 0x00000007c4600000, 0x00000007c4500000| Untracked 
|  70|0x00000007c4600000, 0x00000007c4700000, 0x00000007c4700000|100%| O|  |TAMS 0x00000007c4700000, 0x00000007c4600000| Untracked 
|  71|0x00000007c4700000, 0x00000007c4800000, 0x00000007c4800000|100%| O|  |TAMS 0x00000007c4800000, 0x00000007c4700000| Untracked 
|  72|0x00000007c4800000, 0x00000007c4900000, 0x00000007c4900000|100%| O|  |TAMS 0x00000007c4900000, 0x00000007c4800000| Untracked 
|  73|0x00000007c4900000, 0x00000007c4900000, 0x00000007c4a00000|  0%| F|  |TAMS 0x00000007c4900000, 0x00000007c4900000| Untracked 
|  74|0x00000007c4a00000, 0x00000007c4b00000, 0x00000007c4b00000|100%| O|  |TAMS 0x00000007c4b00000, 0x00000007c4a00000| Untracked 
|  75|0x00000007c4b00000, 0x00000007c4b00000, 0x00000007c4c00000|  0%| F|  |TAMS 0x00000007c4b00000, 0x00000007c4b00000| Untracked 
|  76|0x00000007c4c00000, 0x00000007c4d00000, 0x00000007c4d00000|100%| O|  |TAMS 0x00000007c4d00000, 0x00000007c4c00000| Complete 
|  77|0x00000007c4d00000, 0x00000007c4e00000, 0x00000007c4e00000|100%| O|  |TAMS 0x00000007c4e00000, 0x00000007c4d00000| Complete 
|  78|0x00000007c4e00000, 0x00000007c4f00000, 0x00000007c4f00000|100%| O|  |TAMS 0x00000007c4f00000, 0x00000007c4e00000| Complete 
|  79|0x00000007c4f00000, 0x00000007c4f00000, 0x00000007c5000000|  0%| F|  |TAMS 0x00000007c4f00000, 0x00000007c4f00000| Untracked 
|  80|0x00000007c5000000, 0x00000007c5100000, 0x00000007c5100000|100%| O|  |TAMS 0x00000007c5100000, 0x00000007c5000000| Untracked 
|  81|0x00000007c5100000, 0x00000007c5200000, 0x00000007c5200000|100%| O|  |TAMS 0x00000007c5200000, 0x00000007c5100000| Untracked 
|  82|0x00000007c5200000, 0x00000007c5200000, 0x00000007c5300000|  0%| F|  |TAMS 0x00000007c5200000, 0x00000007c5200000| Untracked 
|  83|0x00000007c5300000, 0x00000007c5400000, 0x00000007c5400000|100%| O|  |TAMS 0x00000007c5400000, 0x00000007c5300000| Complete 
|  84|0x00000007c5400000, 0x00000007c5500000, 0x00000007c5500000|100%| O|  |TAMS 0x00000007c5500000, 0x00000007c5400000| Untracked 
|  85|0x00000007c5500000, 0x00000007c5600000, 0x00000007c5600000|100%| O|  |TAMS 0x00000007c5600000, 0x00000007c5500000| Complete 
|  86|0x00000007c5600000, 0x00000007c5600000, 0x00000007c5700000|  0%| F|  |TAMS 0x00000007c5600000, 0x00000007c5600000| Untracked 
|  87|0x00000007c5700000, 0x00000007c5700000, 0x00000007c5800000|  0%| F|  |TAMS 0x00000007c5700000, 0x00000007c5700000| Untracked 
|  88|0x00000007c5800000, 0x00000007c5800000, 0x00000007c5900000|  0%| F|  |TAMS 0x00000007c5800000, 0x00000007c5800000| Untracked 
|  89|0x00000007c5900000, 0x00000007c5900000, 0x00000007c5a00000|  0%| F|  |TAMS 0x00000007c5900000, 0x00000007c5900000| Untracked 
|  90|0x00000007c5a00000, 0x00000007c5a00000, 0x00000007c5b00000|  0%| F|  |TAMS 0x00000007c5a00000, 0x00000007c5a00000| Untracked 
|  91|0x00000007c5b00000, 0x00000007c5c00000, 0x00000007c5c00000|100%| O|  |TAMS 0x00000007c5c00000, 0x00000007c5b00000| Complete 
|  92|0x00000007c5c00000, 0x00000007c5c00000, 0x00000007c5d00000|  0%| F|  |TAMS 0x00000007c5c00000, 0x00000007c5c00000| Untracked 
|  93|0x00000007c5d00000, 0x00000007c5d00000, 0x00000007c5e00000|  0%| F|  |TAMS 0x00000007c5d00000, 0x00000007c5d00000| Untracked 
|  94|0x00000007c5e00000, 0x00000007c5f00000, 0x00000007c5f00000|100%| O|  |TAMS 0x00000007c5f00000, 0x00000007c5e00000| Complete 
|  95|0x00000007c5f00000, 0x00000007c6000000, 0x00000007c6000000|100%| O|  |TAMS 0x00000007c6000000, 0x00000007c5f00000| Complete 
|  96|0x00000007c6000000, 0x00000007c6000000, 0x00000007c6100000|  0%| F|  |TAMS 0x00000007c6000000, 0x00000007c6000000| Untracked 
|  97|0x00000007c6100000, 0x00000007c6100000, 0x00000007c6200000|  0%| F|  |TAMS 0x00000007c6100000, 0x00000007c6100000| Untracked 
|  98|0x00000007c6200000, 0x00000007c6200000, 0x00000007c6300000|  0%| F|  |TAMS 0x00000007c6200000, 0x00000007c6200000| Untracked 
|  99|0x00000007c6300000, 0x00000007c6300000, 0x00000007c6400000|  0%| F|  |TAMS 0x00000007c6300000, 0x00000007c6300000| Untracked 
| 100|0x00000007c6400000, 0x00000007c6500000, 0x00000007c6500000|100%| O|  |TAMS 0x00000007c6500000, 0x00000007c6400000| Complete 
| 101|0x00000007c6500000, 0x00000007c6600000, 0x00000007c6600000|100%| O|  |TAMS 0x00000007c6600000, 0x00000007c6500000| Complete 
| 102|0x00000007c6600000, 0x00000007c6600000, 0x00000007c6700000|  0%| F|  |TAMS 0x00000007c6600000, 0x00000007c6600000| Untracked 
| 103|0x00000007c6700000, 0x00000007c6700000, 0x00000007c6800000|  0%| F|  |TAMS 0x00000007c6700000, 0x00000007c6700000| Untracked 
| 104|0x00000007c6800000, 0x00000007c6800000, 0x00000007c6900000|  0%| F|  |TAMS 0x00000007c6800000, 0x00000007c6800000| Untracked 
| 105|0x00000007c6900000, 0x00000007c6a00000, 0x00000007c6a00000|100%| O|  |TAMS 0x00000007c6a00000, 0x00000007c6900000| Complete 
| 106|0x00000007c6a00000, 0x00000007c6a00000, 0x00000007c6b00000|  0%| F|  |TAMS 0x00000007c6a00000, 0x00000007c6a00000| Untracked 
| 107|0x00000007c6b00000, 0x00000007c6b00000, 0x00000007c6c00000|  0%| F|  |TAMS 0x00000007c6b00000, 0x00000007c6b00000| Untracked 
| 108|0x00000007c6c00000, 0x00000007c6d00000, 0x00000007c6d00000|100%| O|  |TAMS 0x00000007c6d00000, 0x00000007c6c00000| Untracked 
| 109|0x00000007c6d00000, 0x00000007c6d00000, 0x00000007c6e00000|  0%| F|  |TAMS 0x00000007c6d00000, 0x00000007c6d00000| Untracked 
| 110|0x00000007c6e00000, 0x00000007c6e00000, 0x00000007c6f00000|  0%| F|  |TAMS 0x00000007c6e00000, 0x00000007c6e00000| Untracked 
| 111|0x00000007c6f00000, 0x00000007c6f00000, 0x00000007c7000000|  0%| F|  |TAMS 0x00000007c6f00000, 0x00000007c6f00000| Untracked 
| 112|0x00000007c7000000, 0x00000007c7000000, 0x00000007c7100000|  0%| F|  |TAMS 0x00000007c7000000, 0x00000007c7000000| Untracked 
| 113|0x00000007c7100000, 0x00000007c7100000, 0x00000007c7200000|  0%| F|  |TAMS 0x00000007c7100000, 0x00000007c7100000| Untracked 
| 114|0x00000007c7200000, 0x00000007c7200000, 0x00000007c7300000|  0%| F|  |TAMS 0x00000007c7200000, 0x00000007c7200000| Untracked 
| 115|0x00000007c7300000, 0x00000007c7300000, 0x00000007c7400000|  0%| F|  |TAMS 0x00000007c7300000, 0x00000007c7300000| Untracked 
| 116|0x00000007c7400000, 0x00000007c7400000, 0x00000007c7500000|  0%| F|  |TAMS 0x00000007c7400000, 0x00000007c7400000| Untracked 
| 117|0x00000007c7500000, 0x00000007c7600000, 0x00000007c7600000|100%| O|  |TAMS 0x00000007c7600000, 0x00000007c7500000| Complete 
| 118|0x00000007c7600000, 0x00000007c7600000, 0x00000007c7700000|  0%| F|  |TAMS 0x00000007c7600000, 0x00000007c7600000| Untracked 
| 119|0x00000007c7700000, 0x00000007c7700000, 0x00000007c7800000|  0%| F|  |TAMS 0x00000007c7700000, 0x00000007c7700000| Untracked 
| 120|0x00000007c7800000, 0x00000007c7800000, 0x00000007c7900000|  0%| F|  |TAMS 0x00000007c7800000, 0x00000007c7800000| Untracked 
| 121|0x00000007c7900000, 0x00000007c7900000, 0x00000007c7a00000|  0%| F|  |TAMS 0x00000007c7900000, 0x00000007c7900000| Untracked 
| 122|0x00000007c7a00000, 0x00000007c7a00000, 0x00000007c7b00000|  0%| F|  |TAMS 0x00000007c7a00000, 0x00000007c7a00000| Untracked 
| 123|0x00000007c7b00000, 0x00000007c7b00000, 0x00000007c7c00000|  0%| F|  |TAMS 0x00000007c7b00000, 0x00000007c7b00000| Untracked 
| 124|0x00000007c7c00000, 0x00000007c7c00000, 0x00000007c7d00000|  0%| F|  |TAMS 0x00000007c7c00000, 0x00000007c7c00000| Untracked 
| 125|0x00000007c7d00000, 0x00000007c7d00000, 0x00000007c7e00000|  0%| F|  |TAMS 0x00000007c7d00000, 0x00000007c7d00000| Untracked 
| 126|0x00000007c7e00000, 0x00000007c7e00000, 0x00000007c7f00000|  0%| F|  |TAMS 0x00000007c7e00000, 0x00000007c7e00000| Untracked 
| 127|0x00000007c7f00000, 0x00000007c7f00000, 0x00000007c8000000|  0%| F|  |TAMS 0x00000007c7f00000, 0x00000007c7f00000| Untracked 
| 128|0x00000007c8000000, 0x00000007c8000000, 0x00000007c8100000|  0%| F|  |TAMS 0x00000007c8000000, 0x00000007c8000000| Untracked 
| 129|0x00000007c8100000, 0x00000007c8100000, 0x00000007c8200000|  0%| F|  |TAMS 0x00000007c8100000, 0x00000007c8100000| Untracked 
| 130|0x00000007c8200000, 0x00000007c8200000, 0x00000007c8300000|  0%| F|  |TAMS 0x00000007c8200000, 0x00000007c8200000| Untracked 
| 131|0x00000007c8300000, 0x00000007c8300000, 0x00000007c8400000|  0%| F|  |TAMS 0x00000007c8300000, 0x00000007c8300000| Untracked 
| 132|0x00000007c8400000, 0x00000007c8400000, 0x00000007c8500000|  0%| F|  |TAMS 0x00000007c8400000, 0x00000007c8400000| Untracked 
| 133|0x00000007c8500000, 0x00000007c8500000, 0x00000007c8600000|  0%| F|  |TAMS 0x00000007c8500000, 0x00000007c8500000| Untracked 
| 134|0x00000007c8600000, 0x00000007c8600000, 0x00000007c8700000|  0%| F|  |TAMS 0x00000007c8600000, 0x00000007c8600000| Untracked 
| 135|0x00000007c8700000, 0x00000007c8700000, 0x00000007c8800000|  0%| F|  |TAMS 0x00000007c8700000, 0x00000007c8700000| Untracked 
| 136|0x00000007c8800000, 0x00000007c8800000, 0x00000007c8900000|  0%| F|  |TAMS 0x00000007c8800000, 0x00000007c8800000| Untracked 
| 137|0x00000007c8900000, 0x00000007c8900000, 0x00000007c8a00000|  0%| F|  |TAMS 0x00000007c8900000, 0x00000007c8900000| Untracked 
| 138|0x00000007c8a00000, 0x00000007c8a00000, 0x00000007c8b00000|  0%| F|  |TAMS 0x00000007c8a00000, 0x00000007c8a00000| Untracked 
| 139|0x00000007c8b00000, 0x00000007c8b00000, 0x00000007c8c00000|  0%| F|  |TAMS 0x00000007c8b00000, 0x00000007c8b00000| Untracked 
| 140|0x00000007c8c00000, 0x00000007c8c00000, 0x00000007c8d00000|  0%| F|  |TAMS 0x00000007c8c00000, 0x00000007c8c00000| Untracked 
| 141|0x00000007c8d00000, 0x00000007c8d0f668, 0x00000007c8e00000|  6%| S|  |TAMS 0x00000007c8d00000, 0x00000007c8d00000| Complete 
| 142|0x00000007c8e00000, 0x00000007c8f00000, 0x00000007c8f00000|100%| S|  |TAMS 0x00000007c8e00000, 0x00000007c8e00000| Complete 
| 143|0x00000007c8f00000, 0x00000007c9000000, 0x00000007c9000000|100%| S|  |TAMS 0x00000007c8f00000, 0x00000007c8f00000| Complete 
| 144|0x00000007c9000000, 0x00000007c9100000, 0x00000007c9100000|100%| E|CS|TAMS 0x00000007c9000000, 0x00000007c9000000| Complete 
| 145|0x00000007c9100000, 0x00000007c9200000, 0x00000007c9200000|100%| E|CS|TAMS 0x00000007c9100000, 0x00000007c9100000| Complete 
| 146|0x00000007c9200000, 0x00000007c9300000, 0x00000007c9300000|100%| E|CS|TAMS 0x00000007c9200000, 0x00000007c9200000| Complete 
| 147|0x00000007c9300000, 0x00000007c9400000, 0x00000007c9400000|100%| E|CS|TAMS 0x00000007c9300000, 0x00000007c9300000| Complete 
| 148|0x00000007c9400000, 0x00000007c9500000, 0x00000007c9500000|100%| E|CS|TAMS 0x00000007c9400000, 0x00000007c9400000| Complete 
| 149|0x00000007c9500000, 0x00000007c9600000, 0x00000007c9600000|100%| E|CS|TAMS 0x00000007c9500000, 0x00000007c9500000| Complete 
| 150|0x00000007c9600000, 0x00000007c9700000, 0x00000007c9700000|100%| E|CS|TAMS 0x00000007c9600000, 0x00000007c9600000| Complete 
| 151|0x00000007c9700000, 0x00000007c9800000, 0x00000007c9800000|100%| E|CS|TAMS 0x00000007c9700000, 0x00000007c9700000| Complete 
| 152|0x00000007c9800000, 0x00000007c9900000, 0x00000007c9900000|100%| E|CS|TAMS 0x00000007c9800000, 0x00000007c9800000| Complete 
| 153|0x00000007c9900000, 0x00000007c9a00000, 0x00000007c9a00000|100%| E|CS|TAMS 0x00000007c9900000, 0x00000007c9900000| Complete 
| 154|0x00000007c9a00000, 0x00000007c9b00000, 0x00000007c9b00000|100%| E|CS|TAMS 0x00000007c9a00000, 0x00000007c9a00000| Complete 
| 155|0x00000007c9b00000, 0x00000007c9c00000, 0x00000007c9c00000|100%| E|CS|TAMS 0x00000007c9b00000, 0x00000007c9b00000| Complete 
| 156|0x00000007c9c00000, 0x00000007c9d00000, 0x00000007c9d00000|100%| E|CS|TAMS 0x00000007c9c00000, 0x00000007c9c00000| Complete 
| 157|0x00000007c9d00000, 0x00000007c9e00000, 0x00000007c9e00000|100%| E|CS|TAMS 0x00000007c9d00000, 0x00000007c9d00000| Complete 
| 158|0x00000007c9e00000, 0x00000007c9f00000, 0x00000007c9f00000|100%| E|CS|TAMS 0x00000007c9e00000, 0x00000007c9e00000| Complete 
| 159|0x00000007c9f00000, 0x00000007ca000000, 0x00000007ca000000|100%| E|CS|TAMS 0x00000007c9f00000, 0x00000007c9f00000| Complete 
| 160|0x00000007ca000000, 0x00000007ca100000, 0x00000007ca100000|100%| E|CS|TAMS 0x00000007ca000000, 0x00000007ca000000| Complete 
| 161|0x00000007ca100000, 0x00000007ca200000, 0x00000007ca200000|100%| E|CS|TAMS 0x00000007ca100000, 0x00000007ca100000| Complete 
| 162|0x00000007ca200000, 0x00000007ca300000, 0x00000007ca300000|100%| E|CS|TAMS 0x00000007ca200000, 0x00000007ca200000| Complete 
| 163|0x00000007ca300000, 0x00000007ca400000, 0x00000007ca400000|100%| E|CS|TAMS 0x00000007ca300000, 0x00000007ca300000| Complete 
| 164|0x00000007ca400000, 0x00000007ca500000, 0x00000007ca500000|100%| E|CS|TAMS 0x00000007ca400000, 0x00000007ca400000| Complete 
| 165|0x00000007ca500000, 0x00000007ca600000, 0x00000007ca600000|100%| E|CS|TAMS 0x00000007ca500000, 0x00000007ca500000| Complete 
| 166|0x00000007ca600000, 0x00000007ca700000, 0x00000007ca700000|100%| E|CS|TAMS 0x00000007ca600000, 0x00000007ca600000| Complete 
| 167|0x00000007ca700000, 0x00000007ca800000, 0x00000007ca800000|100%| E|CS|TAMS 0x00000007ca700000, 0x00000007ca700000| Complete 
| 168|0x00000007ca800000, 0x00000007ca81f298, 0x00000007ca900000| 12%| E|CS|TAMS 0x00000007ca800000, 0x00000007ca800000| Complete 
| 169|0x00000007ca900000, 0x00000007caa00000, 0x00000007caa00000|100%| E|CS|TAMS 0x00000007ca900000, 0x00000007ca900000| Complete 
| 170|0x00000007caa00000, 0x00000007cab00000, 0x00000007cab00000|100%| E|CS|TAMS 0x00000007caa00000, 0x00000007caa00000| Complete 
| 171|0x00000007cab00000, 0x00000007cac00000, 0x00000007cac00000|100%| E|CS|TAMS 0x00000007cab00000, 0x00000007cab00000| Complete 
| 172|0x00000007cac00000, 0x00000007cad00000, 0x00000007cad00000|100%| E|CS|TAMS 0x00000007cac00000, 0x00000007cac00000| Complete 
| 173|0x00000007cad00000, 0x00000007cae00000, 0x00000007cae00000|100%| E|CS|TAMS 0x00000007cad00000, 0x00000007cad00000| Complete 
| 174|0x00000007cae00000, 0x00000007caf00000, 0x00000007caf00000|100%| E|CS|TAMS 0x00000007cae00000, 0x00000007cae00000| Complete 
| 175|0x00000007caf00000, 0x00000007cb000000, 0x00000007cb000000|100%| E|CS|TAMS 0x00000007caf00000, 0x00000007caf00000| Complete 

Card table byte_map: [0x0000000124e07000,0x0000000125007000] _byte_map_base: 0x0000000121007000

Marking Bits (Prev, Next): (CMBitMap*) 0x00007fbbba035818, (CMBitMap*) 0x00007fbbba035850
 Prev Bits: [0x0000000125207000, 0x0000000126207000)
 Next Bits: [0x0000000126207000, 0x0000000127207000)

Polling page: 0x000000010d071000

Metaspace:

Usage:
  Non-class:     63.33 MB capacity,    61.57 MB ( 97%) used,     1.63 MB (  3%) free+waste,   132.38 KB ( <1%) overhead. 
      Class:      7.42 MB capacity,     6.38 MB ( 86%) used,  1004.81 KB ( 13%) free+waste,    57.38 KB ( <1%) overhead. 
       Both:     70.75 MB capacity,    67.96 MB ( 96%) used,     2.61 MB (  4%) free+waste,   189.75 KB ( <1%) overhead. 

Virtual space:
  Non-class space:       64.00 MB reserved,      63.83 MB (>99%) committed 
      Class space:        1.00 GB reserved,       7.70 MB ( <1%) committed 
             Both:        1.06 GB reserved,      71.53 MB (  7%) committed 

Chunk freelists:
   Non-Class:  59.00 KB
       Class:  22.00 KB
        Both:  81.00 KB

CodeHeap 'non-profiled nmethods': size=120036Kb used=4630Kb max_used=4680Kb free=115405Kb
 bounds [0x000000011d3e3000, 0x000000011d883000, 0x000000012491c000]
CodeHeap 'profiled nmethods': size=120032Kb used=23124Kb max_used=23631Kb free=96907Kb
 bounds [0x0000000115eab000, 0x00000001175eb000, 0x000000011d3e3000]
CodeHeap 'non-nmethods': size=5692Kb used=1287Kb max_used=1344Kb free=4404Kb
 bounds [0x000000011591c000, 0x0000000115b8c000, 0x0000000115eab000]
 total_blobs=15333 nmethods=10351 adapters=617
 compilation: enabled
              stopped_count=0, restarted_count=0
 full_count=0

Compilation events (10 events):
Event: 8060.696 Thread 0x00007fbbba8ce000 nmethod 12936 0x000000011658e910 code [0x000000011658ed60, 0x0000000116590898]
Event: 8060.697 Thread 0x00007fbbba8ce000 12937   !   3       org.eclipse.core.internal.jobs.JobManager::findBlockingJob (179 bytes)
Event: 8060.706 Thread 0x00007fbbba8ce000 nmethod 12937 0x000000011659f810 code [0x000000011659fb20, 0x00000001165a1268]
Event: 8060.711 Thread 0x00007fbbba8ce000 12938  s    1       org.eclipse.core.internal.jobs.ThreadJob::isRunning (5 bytes)
Event: 8060.711 Thread 0x00007fbbba8ce000 nmethod 12938 0x000000011d792510 code [0x000000011d7926c0, 0x000000011d792950]
Event: 8060.734 Thread 0x00007fbbba8ce000 12939       3       org.eclipse.core.internal.dtree.AbstractDataTreeNode::convertToAddedComparisonNode (82 bytes)
Event: 8060.735 Thread 0x00007fbbba8ce000 nmethod 12939 0x000000011618af90 code [0x000000011618b1c0, 0x000000011618bc28]
Event: 8060.735 Thread 0x00007fbbba8ce000 12940       3       org.eclipse.core.internal.dtree.NodeComparison::<init> (26 bytes)
Event: 8060.736 Thread 0x00007fbbba8ce000 nmethod 12940 0x0000000115ffe210 code [0x0000000115ffe3c0, 0x0000000115ffe650]
Event: 8060.736 Thread 0x00007fbbba86b000 12941       4       org.eclipse.core.internal.dtree.AbstractDataTreeNode::convertToAddedComparisonNode (82 bytes)

GC Heap History (10 events):
Event: 7434.846 GC heap after
{Heap after GC invocations=71 (full 0):
 garbage-first heap   total 180224K, used 121856K [0x00000007c0000000, 0x0000000800000000)
  region size 1024K, 3 young (3072K), 3 survivors (3072K)
 Metaspace       used 69288K, capacity 72191K, committed 73120K, reserved 1114112K
  class space    used 6513K, capacity 7563K, committed 7760K, reserved 1048576K
}
Event: 7586.135 GC heap before
{Heap before GC invocations=72 (full 0):
 garbage-first heap   total 180224K, used 142336K [0x00000007c0000000, 0x0000000800000000)
  region size 1024K, 23 young (23552K), 3 survivors (3072K)
 Metaspace       used 69392K, capacity 72256K, committed 73120K, reserved 1114112K
  class space    used 6522K, capacity 7563K, committed 7760K, reserved 1048576K
}
Event: 7586.328 GC heap after
{Heap after GC invocations=73 (full 0):
 garbage-first heap   total 180224K, used 117938K [0x00000007c0000000, 0x0000000800000000)
  region size 1024K, 3 young (3072K), 3 survivors (3072K)
 Metaspace       used 69392K, capacity 72256K, committed 73120K, reserved 1114112K
  class space    used 6522K, capacity 7563K, committed 7760K, reserved 1048576K
}
Event: 7628.559 GC heap before
{Heap before GC invocations=73 (full 0):
 garbage-first heap   total 180224K, used 124082K [0x00000007c0000000, 0x0000000800000000)
  region size 1024K, 8 young (8192K), 3 survivors (3072K)
 Metaspace       used 69409K, capacity 72292K, committed 73248K, reserved 1114112K
  class space    used 6533K, capacity 7595K, committed 7888K, reserved 1048576K
}
Event: 7628.758 GC heap after
{Heap after GC invocations=74 (full 0):
 garbage-first heap   total 180224K, used 97491K [0x00000007c0000000, 0x0000000800000000)
  region size 1024K, 1 young (1024K), 1 survivors (1024K)
 Metaspace       used 69409K, capacity 72292K, committed 73248K, reserved 1114112K
  class space    used 6533K, capacity 7595K, committed 7888K, reserved 1048576K
}
Event: 7734.118 GC heap before
{Heap before GC invocations=74 (full 0):
 garbage-first heap   total 180224K, used 103635K [0x00000007c0000000, 0x0000000800000000)
  region size 1024K, 8 young (8192K), 1 survivors (1024K)
 Metaspace       used 69418K, capacity 72292K, committed 73248K, reserved 1114112K
  class space    used 6534K, capacity 7595K, committed 7888K, reserved 1048576K
}
Event: 7734.268 GC heap after
{Heap after GC invocations=75 (full 0):
 garbage-first heap   total 180224K, used 96474K [0x00000007c0000000, 0x0000000800000000)
  region size 1024K, 1 young (1024K), 1 survivors (1024K)
 Metaspace       used 69418K, capacity 72292K, committed 73248K, reserved 1114112K
  class space    used 6534K, capacity 7595K, committed 7888K, reserved 1048576K
}
Event: 7758.039 GC heap before
{Heap before GC invocations=75 (full 0):
 garbage-first heap   total 180224K, used 103642K [0x00000007c0000000, 0x0000000800000000)
  region size 1024K, 8 young (8192K), 1 survivors (1024K)
 Metaspace       used 69465K, capacity 72356K, committed 73248K, reserved 1114112K
  class space    used 6534K, capacity 7595K, committed 7888K, reserved 1048576K
}
Event: 7758.110 GC heap after
{Heap after GC invocations=76 (full 0):
 garbage-first heap   total 180224K, used 96373K [0x00000007c0000000, 0x0000000800000000)
  region size 1024K, 1 young (1024K), 1 survivors (1024K)
 Metaspace       used 69465K, capacity 72356K, committed 73248K, reserved 1114112K
  class space    used 6534K, capacity 7595K, committed 7888K, reserved 1048576K
}
Event: 8060.748 GC heap before
{Heap before GC invocations=77 (full 0):
 garbage-first heap   total 180224K, used 121973K [0x00000007c0000000, 0x0000000800000000)
  region size 1024K, 32 young (32768K), 1 survivors (1024K)
 Metaspace       used 69587K, capacity 72448K, committed 73248K, reserved 1114112K
  class space    used 6537K, capacity 7600K, committed 7888K, reserved 1048576K
}

Deoptimization events (10 events):
Event: 7871.602 Thread 0x00007fbbbbc28800 Uncommon trap: reason=profile_predicate action=maybe_recompile pc=0x000000011d7917b4 method=org.eclipse.core.internal.resources.AliasManager$1.compare(Lorg/eclipse/core/filesystem/IFileStore;Lorg/eclipse/core/filesystem/IFileStore;)I @ 242 c2
Event: 7871.602 Thread 0x00007fbbbbc28800 Uncommon trap: reason=profile_predicate action=maybe_recompile pc=0x000000011d7917b4 method=org.eclipse.core.internal.resources.AliasManager$1.compare(Lorg/eclipse/core/filesystem/IFileStore;Lorg/eclipse/core/filesystem/IFileStore;)I @ 242 c2
Event: 7871.602 Thread 0x00007fbbbbc28800 Uncommon trap: reason=profile_predicate action=maybe_recompile pc=0x000000011d7917b4 method=org.eclipse.core.internal.resources.AliasManager$1.compare(Lorg/eclipse/core/filesystem/IFileStore;Lorg/eclipse/core/filesystem/IFileStore;)I @ 242 c2
Event: 7928.275 Thread 0x00007fbbbbb13800 Uncommon trap: reason=predicate action=maybe_recompile pc=0x000000011d79f634 method=java.util.AbstractCollection.toArray([Ljava/lang/Object;)[Ljava/lang/Object; @ 43 c2
Event: 8002.813 Thread 0x00007fbbbb48c000 Uncommon trap: reason=unstable_if action=reinterpret pc=0x000000011d7ed59c method=java.util.concurrent.SynchronousQueue$TransferStack.casHead(Ljava/util/concurrent/SynchronousQueue$TransferStack$SNode;Ljava/util/concurrent/SynchronousQueue$TransferStack$S
Event: 8060.711 Thread 0x00007fbbbbc28800 Uncommon trap: reason=unstable_if action=reinterpret pc=0x000000011d5665e8 method=org.eclipse.core.internal.localstore.UnifiedTree.addChildren(Lorg/eclipse/core/internal/localstore/UnifiedTreeNode;)V @ 238 c2
Event: 8060.711 Thread 0x00007fbbbbc28800 Uncommon trap: reason=unstable_if action=reinterpret pc=0x000000011d6fcfb4 method=org.eclipse.core.internal.localstore.UnifiedTreeNode.isErrorInFileSystem()Z @ 4 c2
Event: 8060.712 Thread 0x00007fbbbbc28800 Uncommon trap: reason=unstable_if action=reinterpret pc=0x000000011d7b3eb8 method=org.eclipse.core.internal.localstore.UnifiedTreeNode.existsInFileSystem()Z @ 4 c2
Event: 8060.714 Thread 0x00007fbbbbc28800 Uncommon trap: reason=unstable_if action=reinterpret pc=0x000000011d5999ac method=org.eclipse.core.internal.localstore.UnifiedTreeNode.isErrorInFileSystem()Z @ 4 c2
Event: 8060.733 Thread 0x00007fbbbbc28800 Uncommon trap: reason=unstable_if action=reinterpret pc=0x000000011d55597c method=org.eclipse.core.internal.resources.Resource.isLinked(I)Z @ 116 c2

Classes redefined (0 events):
No events

Internal exceptions (10 events):
Event: 7433.666 Thread 0x00007fbbba77c800 Exception <a 'java/lang/ArrayIndexOutOfBoundsException'{0x00000007c9d27600}> (0x00000007c9d27600) thrown at [/scratch/mesos/slaves/07fc96ef-bf4d-487f-b22f-a84e49f5f44a-S27799/frameworks/1735e8a2-a1db-478c-8104-60c8b0af87dd-0196/executors/23259148-f5c6-492
Event: 7433.673 Thread 0x00007fbbba77c800 Exception <a 'java/lang/ArrayIndexOutOfBoundsException'{0x00000007c9d75700}> (0x00000007c9d75700) thrown at [/scratch/mesos/slaves/07fc96ef-bf4d-487f-b22f-a84e49f5f44a-S27799/frameworks/1735e8a2-a1db-478c-8104-60c8b0af87dd-0196/executors/23259148-f5c6-492
Event: 7585.072 Thread 0x00007fbbbbc28800 Exception <a 'java/lang/ClassNotFoundException'{0x00000007ca1f4b18}: sun/util/logging/resources/spi/loggingProvider> (0x00000007ca1f4b18) thrown at [/scratch/mesos/slaves/07fc96ef-bf4d-487f-b22f-a84e49f5f44a-S27799/frameworks/1735e8a2-a1db-478c-8104-60c8b
Event: 7928.606 Thread 0x00007fbbbbb13800 Exception <a 'java/lang/NoSuchMethodError'{0x00000007c94498f8}: <clinit>> (0x00000007c94498f8) thrown at [/scratch/mesos/slaves/07fc96ef-bf4d-487f-b22f-a84e49f5f44a-S27799/frameworks/1735e8a2-a1db-478c-8104-60c8b0af87dd-0196/executors/23259148-f5c6-492a-8
Event: 7928.616 Thread 0x00007fbbbbb13800 Exception <a 'java/lang/NoSuchMethodError'{0x00000007c9477dc8}: <clinit>> (0x00000007c9477dc8) thrown at [/scratch/mesos/slaves/07fc96ef-bf4d-487f-b22f-a84e49f5f44a-S27799/frameworks/1735e8a2-a1db-478c-8104-60c8b0af87dd-0196/executors/23259148-f5c6-492a-8
Event: 7928.664 Thread 0x00007fbbbbb13800 Exception <a 'java/lang/NoSuchMethodError'{0x00000007c948f4b0}: <clinit>> (0x00000007c948f4b0) thrown at [/scratch/mesos/slaves/07fc96ef-bf4d-487f-b22f-a84e49f5f44a-S27799/frameworks/1735e8a2-a1db-478c-8104-60c8b0af87dd-0196/executors/23259148-f5c6-492a-8
Event: 7928.672 Thread 0x00007fbbbbb13800 Exception <a 'java/lang/NoSuchMethodError'{0x00000007c94b77b0}: <clinit>> (0x00000007c94b77b0) thrown at [/scratch/mesos/slaves/07fc96ef-bf4d-487f-b22f-a84e49f5f44a-S27799/frameworks/1735e8a2-a1db-478c-8104-60c8b0af87dd-0196/executors/23259148-f5c6-492a-8
Event: 8060.711 Thread 0x00007fbbbbc28800 Implicit null exception at 0x000000011d6fbf80 to 0x000000011d6fcf9a
Event: 8060.712 Thread 0x00007fbbbbc28800 Implicit null exception at 0x000000011d7b3e50 to 0x000000011d7b3ea6
Event: 8060.713 Thread 0x00007fbbbbc28800 Implicit null exception at 0x000000011d599950 to 0x000000011d59999a

Events (10 events):
Event: 8060.712 Thread 0x00007fbbbbc28800 DEOPT PACKING pc=0x000000011d7b3eb8 sp=0x0000700001e16de0
Event: 8060.712 Thread 0x00007fbbbbc28800 DEOPT UNPACKING pc=0x0000000115943b9f sp=0x0000700001e16da0 mode 2
Event: 8060.712 Thread 0x00007fbbba8cf000 flushing nmethod 0x0000000116c99190
Event: 8060.714 Thread 0x00007fbbbbc28800 Uncommon trap: trap_request=0xffffff4d fr.pc=0x000000011d5999ac relative=0x000000000000008c
Event: 8060.714 Thread 0x00007fbbbbc28800 DEOPT PACKING pc=0x000000011d5999ac sp=0x0000700001e16d00
Event: 8060.714 Thread 0x00007fbbbbc28800 DEOPT UNPACKING pc=0x0000000115943b9f sp=0x0000700001e16cc0 mode 2
Event: 8060.733 Thread 0x00007fbbbbc28800 Uncommon trap: trap_request=0xffffff4d fr.pc=0x000000011d55597c relative=0x00000000000000bc
Event: 8060.733 Thread 0x00007fbbbbc28800 DEOPT PACKING pc=0x000000011d55597c sp=0x0000700001e16a10
Event: 8060.734 Thread 0x00007fbbbbc28800 DEOPT UNPACKING pc=0x0000000115943b9f sp=0x0000700001e16990 mode 2
Event: 8060.748 Executing VM operation: G1CollectForAllocation


Dynamic libraries:
0x00007fff8af4f000 	/System/Library/Frameworks/Cocoa.framework/Versions/A/Cocoa
0x00007fff9050e000 	/System/Library/Frameworks/Security.framework/Versions/A/Security
0x00007fff87d32000 	/System/Library/Frameworks/ApplicationServices.framework/Versions/A/ApplicationServices
0x00007fff97dbf000 	/usr/lib/libz.1.dylib
0x00007fff8e944000 	/usr/lib/libSystem.B.dylib
0x00007fff89536000 	/System/Library/Frameworks/CoreFoundation.framework/Versions/A/CoreFoundation
0x00007fff8af50000 	/System/Library/Frameworks/Foundation.framework/Versions/C/Foundation
0x00007fff99aa2000 	/usr/lib/libobjc.A.dylib
0x00007fff8eb2f000 	/System/Library/Frameworks/AppKit.framework/Versions/C/AppKit
0x00007fff8e60a000 	/System/Library/Frameworks/CoreData.framework/Versions/A/CoreData
0x00007fff8930f000 	/System/Library/PrivateFrameworks/RemoteViewServices.framework/Versions/A/RemoteViewServices
0x00007fff89190000 	/System/Library/PrivateFrameworks/UIFoundation.framework/Versions/A/UIFoundation
0x00007fff8de02000 	/usr/lib/libScreenReader.dylib
0x00007fff8e95f000 	/System/Library/Frameworks/Accelerate.framework/Versions/A/Accelerate
0x00007fff88448000 	/System/Library/Frameworks/IOSurface.framework/Versions/A/IOSurface
0x00007fff90f9c000 	/System/Library/Frameworks/AudioToolbox.framework/Versions/A/AudioToolbox
0x00007fff88eb7000 	/System/Library/Frameworks/AudioUnit.framework/Versions/A/AudioUnit
0x00007fff97ed3000 	/System/Library/PrivateFrameworks/DataDetectorsCore.framework/Versions/A/DataDetectorsCore
0x00007fff85919000 	/System/Library/PrivateFrameworks/DesktopServicesPriv.framework/Versions/A/DesktopServicesPriv
0x00007fff957d8000 	/System/Library/Frameworks/Carbon.framework/Versions/A/Frameworks/HIToolbox.framework/Versions/A/HIToolbox
0x00007fff90237000 	/System/Library/Frameworks/QuartzCore.framework/Versions/A/QuartzCore
0x00007fff85e5e000 	/System/Library/Frameworks/Carbon.framework/Versions/A/Frameworks/SpeechRecognition.framework/Versions/A/SpeechRecognition
0x00007fff9a7b0000 	/usr/lib/libauto.dylib
0x00007fff87a0f000 	/usr/lib/libicucore.A.dylib
0x00007fff8e1ac000 	/usr/lib/libxml2.2.dylib
0x00007fff921d9000 	/System/Library/PrivateFrameworks/CoreUI.framework/Versions/A/CoreUI
0x00007fff85bf6000 	/System/Library/Frameworks/CoreAudio.framework/Versions/A/CoreAudio
0x00007fff91de9000 	/System/Library/Frameworks/DiskArbitration.framework/Versions/A/DiskArbitration
0x00007fff93b07000 	/usr/lib/liblangid.dylib
0x00007fff97e67000 	/System/Library/PrivateFrameworks/MultitouchSupport.framework/Versions/A/MultitouchSupport
0x00007fff931d7000 	/System/Library/Frameworks/IOKit.framework/Versions/A/IOKit
0x00007fff85e5c000 	/usr/lib/libDiagnosticMessagesClient.dylib
0x00007fff9865e000 	/System/Library/Frameworks/CoreServices.framework/Versions/A/CoreServices
0x00007fff84eae000 	/System/Library/PrivateFrameworks/PerformanceAnalysis.framework/Versions/A/PerformanceAnalysis
0x00007fff98b24000 	/System/Library/PrivateFrameworks/GenerationalStorage.framework/Versions/A/GenerationalStorage
0x00007fff9a594000 	/System/Library/Frameworks/OpenGL.framework/Versions/A/OpenGL
0x00007fff8a7c8000 	/System/Library/PrivateFrameworks/Sharing.framework/Versions/A/Sharing
0x00007fff8c307000 	/System/Library/Frameworks/CoreGraphics.framework/Versions/A/CoreGraphics
0x00007fff99e1a000 	/System/Library/Frameworks/CoreImage.framework/Versions/A/CoreImage
0x00007fff91ca2000 	/System/Library/Frameworks/CoreText.framework/Versions/A/CoreText
0x00007fff8aafa000 	/System/Library/Frameworks/ImageIO.framework/Versions/A/ImageIO
0x00007fff9ac5c000 	/System/Library/PrivateFrameworks/Backup.framework/Versions/A/Backup
0x00007fff99a41000 	/usr/lib/libextension.dylib
0x00007fff85e7d000 	/usr/lib/libarchive.2.dylib
0x00007fff874b1000 	/System/Library/Frameworks/CFNetwork.framework/Versions/A/CFNetwork
0x00007fff8e8d8000 	/System/Library/Frameworks/SystemConfiguration.framework/Versions/A/SystemConfiguration
0x00007fff87739000 	/usr/lib/libCRFSuite.dylib
0x00007fff893d8000 	/usr/lib/libc++.1.dylib
0x00007fff911d3000 	/usr/lib/libc++abi.dylib
0x00007fff90ecc000 	/usr/lib/system/libcache.dylib
0x00007fff90adf000 	/usr/lib/system/libcommonCrypto.dylib
0x00007fff98c34000 	/usr/lib/system/libcompiler_rt.dylib
0x00007fff90e72000 	/usr/lib/system/libcopyfile.dylib
0x00007fff8addc000 	/usr/lib/system/libcorecrypto.dylib
0x00007fff86790000 	/usr/lib/system/libdispatch.dylib
0x00007fff8e489000 	/usr/lib/system/libdyld.dylib
0x00007fff8a3c4000 	/usr/lib/system/libkeymgr.dylib
0x00007fff98c3c000 	/usr/lib/system/liblaunch.dylib
0x00007fff84dac000 	/usr/lib/system/libmacho.dylib
0x00007fff8de20000 	/usr/lib/system/libquarantine.dylib
0x00007fff85b6f000 	/usr/lib/system/libremovefile.dylib
0x00007fff8b2b2000 	/usr/lib/system/libsystem_asl.dylib
0x00007fff84d50000 	/usr/lib/system/libsystem_blocks.dylib
0x00007fff88760000 	/usr/lib/system/libsystem_c.dylib
0x00007fff8678a000 	/usr/lib/system/libsystem_configuration.dylib
0x00007fff87416000 	/usr/lib/system/libsystem_coreservices.dylib
0x00007fff86cbb000 	/usr/lib/system/libsystem_coretls.dylib
0x00007fff88ec1000 	/usr/lib/system/libsystem_dnssd.dylib
0x00007fff8b476000 	/usr/lib/system/libsystem_info.dylib
0x00007fff8e980000 	/usr/lib/system/libsystem_kernel.dylib
0x00007fff8e3f2000 	/usr/lib/system/libsystem_m.dylib
0x00007fff9a03c000 	/usr/lib/system/libsystem_malloc.dylib
0x00007fff8e422000 	/usr/lib/system/libsystem_network.dylib
0x00007fff90087000 	/usr/lib/system/libsystem_networkextension.dylib
0x00007fff968a1000 	/usr/lib/system/libsystem_notify.dylib
0x00007fff9a059000 	/usr/lib/system/libsystem_platform.dylib
0x00007fff98593000 	/usr/lib/system/libsystem_pthread.dylib
0x00007fff8ae54000 	/usr/lib/system/libsystem_sandbox.dylib
0x00007fff85b77000 	/usr/lib/system/libsystem_secinit.dylib
0x00007fff90acd000 	/usr/lib/system/libsystem_trace.dylib
0x00007fff8d74f000 	/usr/lib/system/libunc.dylib
0x00007fff87d33000 	/usr/lib/system/libunwind.dylib
0x00007fff858d1000 	/usr/lib/system/libxpc.dylib
0x00007fff921d8000 	/usr/lib/libenergytrace.dylib
0x00007fff91dd8000 	/usr/lib/libbsm.0.dylib
0x00007fff8680b000 	/usr/lib/system/libkxld.dylib
0x00007fff85e3b000 	/usr/lib/libxar.1.dylib
0x00007fff8e4ec000 	/usr/lib/libsqlite3.dylib
0x00007fff858fb000 	/usr/lib/libpam.2.dylib
0x00007fff858d0000 	/usr/lib/libOpenScriptingUtil.dylib
0x00007fff85e4d000 	/usr/lib/libbz2.1.0.dylib
0x00007fff90e57000 	/usr/lib/liblzma.5.dylib
0x00007fff90f24000 	/System/Library/Frameworks/CoreServices.framework/Versions/A/Frameworks/FSEvents.framework/Versions/A/FSEvents
0x00007fff8a7eb000 	/System/Library/Frameworks/CoreServices.framework/Versions/A/Frameworks/CarbonCore.framework/Versions/A/CarbonCore
0x00007fff9634e000 	/System/Library/Frameworks/CoreServices.framework/Versions/A/Frameworks/Metadata.framework/Versions/A/Metadata
0x00007fff920d8000 	/System/Library/Frameworks/CoreServices.framework/Versions/A/Frameworks/OSServices.framework/Versions/A/OSServices
0x00007fff900dc000 	/System/Library/Frameworks/CoreServices.framework/Versions/A/Frameworks/SearchKit.framework/Versions/A/SearchKit
0x00007fff8bd57000 	/System/Library/Frameworks/CoreServices.framework/Versions/A/Frameworks/AE.framework/Versions/A/AE
0x00007fff85776000 	/System/Library/Frameworks/CoreServices.framework/Versions/A/Frameworks/LaunchServices.framework/Versions/A/LaunchServices
0x00007fff93126000 	/System/Library/Frameworks/CoreServices.framework/Versions/A/Frameworks/DictionaryServices.framework/Versions/A/DictionaryServices
0x00007fff8942c000 	/System/Library/Frameworks/CoreServices.framework/Versions/A/Frameworks/SharedFileList.framework/Versions/A/SharedFileList
0x00007fff8bd4e000 	/System/Library/Frameworks/NetFS.framework/Versions/A/NetFS
0x00007fff8e99f000 	/System/Library/PrivateFrameworks/NetAuth.framework/Versions/A/NetAuth
0x00007fff86aa6000 	/System/Library/PrivateFrameworks/login.framework/Versions/A/Frameworks/loginsupport.framework/Versions/A/loginsupport
0x00007fff93b09000 	/System/Library/PrivateFrameworks/TCC.framework/Versions/A/TCC
0x00007fff8a3c5000 	/usr/lib/libmecabra.dylib
0x00007fff86817000 	/System/Library/Frameworks/ApplicationServices.framework/Versions/A/Frameworks/ATS.framework/Versions/A/ATS
0x00007fff96647000 	/System/Library/Frameworks/ApplicationServices.framework/Versions/A/Frameworks/ColorSync.framework/Versions/A/ColorSync
0x00007fff84d5f000 	/System/Library/Frameworks/ApplicationServices.framework/Versions/A/Frameworks/HIServices.framework/Versions/A/HIServices
0x00007fff885e7000 	/System/Library/Frameworks/ApplicationServices.framework/Versions/A/Frameworks/LangAnalysis.framework/Versions/A/LangAnalysis
0x00007fff90d5c000 	/System/Library/Frameworks/ApplicationServices.framework/Versions/A/Frameworks/PrintCore.framework/Versions/A/PrintCore
0x00007fff87472000 	/System/Library/Frameworks/ApplicationServices.framework/Versions/A/Frameworks/QD.framework/Versions/A/QD
0x00007fff931ca000 	/System/Library/Frameworks/ApplicationServices.framework/Versions/A/Frameworks/SpeechSynthesis.framework/Versions/A/SpeechSynthesis
0x00007fff9ac0a000 	/System/Library/Frameworks/Metal.framework/Versions/A/Metal
0x00007fff92c67000 	/System/Library/Frameworks/Accelerate.framework/Versions/A/Frameworks/vImage.framework/Versions/A/vImage
0x00007fff84db2000 	/System/Library/Frameworks/Accelerate.framework/Versions/A/Frameworks/vecLib.framework/Versions/A/vecLib
0x00007fff882b5000 	/System/Library/Frameworks/Accelerate.framework/Versions/A/Frameworks/vecLib.framework/Versions/A/libvDSP.dylib
0x00007fff908d0000 	/System/Library/Frameworks/Accelerate.framework/Versions/A/Frameworks/vecLib.framework/Versions/A/libvMisc.dylib
0x00007fff93e19000 	/System/Library/Frameworks/Accelerate.framework/Versions/A/Frameworks/vecLib.framework/Versions/A/libLAPACK.dylib
0x00007fff93c0b000 	/System/Library/Frameworks/Accelerate.framework/Versions/A/Frameworks/vecLib.framework/Versions/A/libBLAS.dylib
0x00007fff85c77000 	/System/Library/Frameworks/Accelerate.framework/Versions/A/Frameworks/vecLib.framework/Versions/A/libLinearAlgebra.dylib
0x00007fff93bdc000 	/System/Library/Frameworks/Accelerate.framework/Versions/A/Frameworks/vecLib.framework/Versions/A/libSparseBLAS.dylib
0x00007fff91bfa000 	/System/Library/PrivateFrameworks/GPUCompiler.framework/libmetal_timestamp.dylib
0x00007fff874ad000 	/System/Library/Frameworks/OpenGL.framework/Versions/A/Libraries/libCoreFSCache.dylib
0x00007fff91dd1000 	/System/Library/PrivateFrameworks/IOAccelerator.framework/Versions/A/IOAccelerator
0x00007fff9293a000 	/System/Library/Frameworks/ApplicationServices.framework/Versions/A/Frameworks/ATS.framework/Versions/A/Resources/libFontParser.dylib
0x00007fff9808d000 	/System/Library/Frameworks/ApplicationServices.framework/Versions/A/Frameworks/ATS.framework/Versions/A/Resources/libFontRegistry.dylib
0x00007fff942b9000 	/System/Library/PrivateFrameworks/AppleVPA.framework/Versions/A/AppleVPA
0x00007fff8a68b000 	/System/Library/PrivateFrameworks/AppleJPEG.framework/Versions/A/AppleJPEG
0x00007fff999ed000 	/System/Library/Frameworks/ImageIO.framework/Versions/A/Resources/libJPEG.dylib
0x00007fff8ae90000 	/System/Library/Frameworks/ImageIO.framework/Versions/A/Resources/libTIFF.dylib
0x00007fff908aa000 	/System/Library/Frameworks/ImageIO.framework/Versions/A/Resources/libPng.dylib
0x00007fff942aa000 	/System/Library/Frameworks/ImageIO.framework/Versions/A/Resources/libGIF.dylib
0x00007fff92b25000 	/System/Library/Frameworks/ImageIO.framework/Versions/A/Resources/libJP2.dylib
0x00007fff96835000 	/System/Library/Frameworks/ImageIO.framework/Versions/A/Resources/libRadiance.dylib
0x00007fff97e8c000 	/System/Library/Frameworks/CoreVideo.framework/Versions/A/CoreVideo
0x00007fff9a183000 	/System/Library/Frameworks/OpenGL.framework/Versions/A/Libraries/libGLU.dylib
0x00007fff886b1000 	/System/Library/Frameworks/OpenGL.framework/Versions/A/Libraries/libGFXShared.dylib
0x00007fff9a488000 	/System/Library/Frameworks/OpenGL.framework/Versions/A/Libraries/libGL.dylib
0x00007fff899ba000 	/System/Library/Frameworks/OpenGL.framework/Versions/A/Libraries/libGLImage.dylib
0x00007fff8dda1000 	/System/Library/Frameworks/OpenGL.framework/Versions/A/Libraries/libCVMSPluginSupport.dylib
0x00007fff9a590000 	/System/Library/Frameworks/OpenGL.framework/Versions/A/Libraries/libCoreVMClient.dylib
0x00007fff85d21000 	/usr/lib/libcompression.dylib
0x00007fff85d3b000 	/usr/lib/libcups.2.dylib
0x00007fff8de82000 	/System/Library/Frameworks/Kerberos.framework/Versions/A/Kerberos
0x00007fff8730d000 	/System/Library/Frameworks/GSS.framework/Versions/A/GSS
0x00007fff90ab0000 	/usr/lib/libresolv.9.dylib
0x00007fff909bd000 	/usr/lib/libiconv.2.dylib
0x00007fff9a6a5000 	/System/Library/PrivateFrameworks/Heimdal.framework/Versions/A/Heimdal
0x00007fff8e8d2000 	/usr/lib/libheimdal-asn1.dylib
0x00007fff92c18000 	/System/Library/Frameworks/OpenDirectory.framework/Versions/A/OpenDirectory
0x00007fff900d2000 	/System/Library/PrivateFrameworks/CommonAuth.framework/Versions/A/CommonAuth
0x00007fff9a71a000 	/System/Library/Frameworks/OpenDirectory.framework/Versions/A/Frameworks/CFOpenDirectory.framework/Versions/A/CFOpenDirectory
0x00007fff92063000 	/System/Library/Frameworks/SecurityFoundation.framework/Versions/A/SecurityFoundation
0x00007fff8a719000 	/System/Library/PrivateFrameworks/LanguageModeling.framework/Versions/A/LanguageModeling
0x00007fff9a893000 	/usr/lib/libmarisa.dylib
0x00007fff93bff000 	/usr/lib/libChineseTokenizer.dylib
0x00007fff97ec1000 	/usr/lib/libcmph.dylib
0x00007fff8e48d000 	/System/Library/Frameworks/ServiceManagement.framework/Versions/A/ServiceManagement
0x00007fff8626b000 	/usr/lib/libxslt.1.dylib
0x00007fff9832e000 	/System/Library/Frameworks/Carbon.framework/Versions/A/Frameworks/Ink.framework/Versions/A/Ink
0x00007fff852c7000 	/usr/lib/libFosl_dynamic.dylib
0x00007fff95c59000 	/System/Library/PrivateFrameworks/FaceCore.framework/Versions/A/FaceCore
0x00007fff9315d000 	/System/Library/Frameworks/OpenCL.framework/Versions/A/OpenCL
0x00007fff9a062000 	/System/Library/PrivateFrameworks/CrashReporterSupport.framework/Versions/A/CrashReporterSupport
0x00007fff921b5000 	/System/Library/PrivateFrameworks/IconServices.framework/Versions/A/IconServices
0x00007fff8e18c000 	/System/Library/PrivateFrameworks/Apple80211.framework/Versions/A/Apple80211
0x00007fff9865f000 	/System/Library/Frameworks/CoreWLAN.framework/Versions/A/CoreWLAN
0x00007fff92895000 	/System/Library/Frameworks/IOBluetooth.framework/Versions/A/IOBluetooth
0x00007fff947fa000 	/System/Library/PrivateFrameworks/CoreWiFi.framework/Versions/A/CoreWiFi
0x00007fff8e946000 	/System/Library/Frameworks/CoreBluetooth.framework/Versions/A/CoreBluetooth
0x00007fff92c3f000 	/System/Library/PrivateFrameworks/ChunkingLibrary.framework/Versions/A/ChunkingLibrary
0x00007fff90097000 	/System/Library/PrivateFrameworks/DebugSymbols.framework/Versions/A/DebugSymbols
0x00007fff8acd8000 	/System/Library/PrivateFrameworks/CoreSymbolication.framework/Versions/A/CoreSymbolication
0x00007fff9a132000 	/System/Library/PrivateFrameworks/Symbolication.framework/Versions/A/Symbolication
0x00007fff8b2a5000 	/System/Library/PrivateFrameworks/SpeechRecognitionCore.framework/Versions/A/SpeechRecognitionCore
0x000000010c1ec000 	/Library/Java/JavaVirtualMachines/jdk-11.0.2.jdk/Contents/Home/lib/server/libjvm.dylib
0x000000010d037000 	/Library/Java/JavaVirtualMachines/jdk-11.0.2.jdk/Contents/Home/lib/libverify.dylib
0x000000010d043000 	/Library/Java/JavaVirtualMachines/jdk-11.0.2.jdk/Contents/Home/lib/libjava.dylib
0x000000010d07f000 	/Library/Java/JavaVirtualMachines/jdk-11.0.2.jdk/Contents/Home/lib/libzip.dylib
0x000000010d087000 	/Library/Java/JavaVirtualMachines/jdk-11.0.2.jdk/Contents/Home/lib/libjimage.dylib
0x0000000129da3000 	/Library/Java/JavaVirtualMachines/jdk-11.0.2.jdk/Contents/Home/lib/libnio.dylib
0x0000000129db1000 	/Library/Java/JavaVirtualMachines/jdk-11.0.2.jdk/Contents/Home/lib/./libnet.dylib
0x0000000129d52000 	/Users/mac/.vscode/extensions/redhat.java-0.37.0/server/config_mac/org.eclipse.equinox.launcher/org.eclipse.equinox.launcher.cocoa.macosx.x86_64_1.1.900.v20180922-1751/eclipse_1801.so
0x00007fff9270b000 	/System/Library/PrivateFrameworks/CoreServicesInternal.framework/Versions/A/CoreServicesInternal
0x0000000129d03000 	/Library/Java/JavaVirtualMachines/jdk-11.0.2.jdk/Contents/Home/lib/libmanagement.dylib
0x0000000129d4b000 	/Library/Java/JavaVirtualMachines/jdk-11.0.2.jdk/Contents/Home/lib/libmanagement_ext.dylib
0x0000000129d69000 	/Library/Java/JavaVirtualMachines/jdk-11.0.2.jdk/Contents/Home/lib/libextnet.dylib


VM Arguments:
jvm_args: --add-modules=ALL-SYSTEM --add-opens=java.base/java.util=ALL-UNNAMED --add-opens=java.base/java.lang=ALL-UNNAMED -Declipse.application=org.eclipse.jdt.ls.core.id1 -Dosgi.bundles.defaultStartLevel=4 -Declipse.product=org.eclipse.jdt.ls.core.product -Xverify:none -Xmx1G -XX:+UseG1GC -XX:+UseStringDeduplication 
java_command: /Users/mac/.vscode/extensions/redhat.java-0.37.0/server/plugins/org.eclipse.equinox.launcher_1.5.200.v20180922-1751.jar -configuration /Users/mac/.vscode/extensions/redhat.java-0.37.0/server/config_mac -data /Users/mac/Library/Application Support/Code/User/workspaceStorage/be8ca4784b09ef5a6cd7a3d8209e4962/redhat.java/jdt_ws
java_class_path (initial): /Users/mac/.vscode/extensions/redhat.java-0.37.0/server/plugins/org.eclipse.equinox.launcher_1.5.200.v20180922-1751.jar
Launcher Type: SUN_STANDARD

[Global flags]
     bool BytecodeVerificationLocal                = false                                     {product} {command line}
     bool BytecodeVerificationRemote               = false                                     {product} {command line}
     intx CICompilerCount                          = 2                                         {product} {ergonomic}
     uint ConcGCThreads                            = 1                                         {product} {ergonomic}
     uint G1ConcRefinementThreads                  = 2                                         {product} {ergonomic}
   size_t G1HeapRegionSize                         = 1048576                                   {product} {ergonomic}
    uintx GCDrainStackTargetSize                   = 64                                        {product} {ergonomic}
   size_t InitialHeapSize                          = 67108864                                  {product} {ergonomic}
   size_t MarkStackSize                            = 4194304                                   {product} {ergonomic}
   size_t MaxHeapSize                              = 1073741824                                {product} {command line}
   size_t MaxNewSize                               = 643825664                                 {product} {ergonomic}
   size_t MinHeapDeltaBytes                        = 1048576                                   {product} {ergonomic}
    uintx NonNMethodCodeHeapSize                   = 5824844                                {pd product} {ergonomic}
    uintx NonProfiledCodeHeapSize                  = 122916698                              {pd product} {ergonomic}
    uintx ProfiledCodeHeapSize                     = 122916698                              {pd product} {ergonomic}
    uintx ReservedCodeCacheSize                    = 251658240                              {pd product} {ergonomic}
     bool SegmentedCodeCache                       = true                                      {product} {ergonomic}
     bool UseCompressedClassPointers               = true                                 {lp64_product} {ergonomic}
     bool UseCompressedOops                        = true                                 {lp64_product} {ergonomic}
     bool UseG1GC                                  = true                                      {product} {command line}
     bool UseStringDeduplication                   = true                                      {product} {command line}

Logging:
Log output configuration:
 #0: stdout all=warning uptime,level,tags
 #1: stderr all=off uptime,level,tags

Environment Variables:
PATH=/Users/mac/anaconda3/bin:/usr/local/bin:/usr/bin:/bin:/usr/sbin:/sbin:/Library/Frameworks/Mono.framework/Versions/Current/Commands:/Applications/Xamarin Workbooks.app/Contents/SharedSupport/path-bin
SHELL=/bin/bash

Signal Handlers:
SIGSEGV: [libjvm.dylib+0x740190], sa_mask[0]=11111111011111110111111111111111, sa_flags=SA_ONSTACK|SA_RESTART|SA_SIGINFO
SIGBUS: [libjvm.dylib+0x740190], sa_mask[0]=11111111011111110111111111111111, sa_flags=SA_RESTART|SA_SIGINFO
SIGFPE: [libjvm.dylib+0x740190], sa_mask[0]=11111111011111110111111111111111, sa_flags=SA_RESTART|SA_SIGINFO
SIGPIPE: [libjvm.dylib+0x5f2e42], sa_mask[0]=11111111011111110111111111111111, sa_flags=SA_RESTART|SA_SIGINFO
SIGXFSZ: [libjvm.dylib+0x5f2e42], sa_mask[0]=11111111011111110111111111111111, sa_flags=SA_RESTART|SA_SIGINFO
SIGILL: [libjvm.dylib+0x740190], sa_mask[0]=11111111011111110111111111111111, sa_flags=SA_RESTART|SA_SIGINFO
SIGUSR2: [libjvm.dylib+0x5f3427], sa_mask[0]=00000000000000000000000000000000, sa_flags=SA_RESTART|SA_SIGINFO
SIGHUP: [libjvm.dylib+0x5f1e83], sa_mask[0]=11111111011111110111111111111111, sa_flags=SA_RESTART|SA_SIGINFO
SIGINT: [libjvm.dylib+0x5f1e83], sa_mask[0]=11111111011111110111111111111111, sa_flags=SA_RESTART|SA_SIGINFO
SIGTERM: [libjvm.dylib+0x5f1e83], sa_mask[0]=11111111011111110111111111111111, sa_flags=SA_RESTART|SA_SIGINFO
SIGQUIT: [libjvm.dylib+0x5f1e83], sa_mask[0]=11111111011111110111111111111111, sa_flags=SA_RESTART|SA_SIGINFO


---------------  S Y S T E M  ---------------

OS:uname:Darwin 15.6.0 Darwin Kernel Version 15.6.0: Thu Jun 21 20:07:40 PDT 2018; root:xnu-3248.73.11~1/RELEASE_X86_64 x86_64
rlimit: STACK 8192k, CORE 0k, NPROC 709, NOFILE 10240, AS infinity, DATA infinity, FSIZE infinity
load average:8.29 7.02 4.92

CPU:total 2 (initial active 2) (2 cores per cpu, 1 threads per core) family 6 model 23 stepping 10, cmov, cx8, fxsr, mmx, sse, sse2, sse3, ssse3, sse4.1, tsc

Memory: 4k page, physical 4194304k(18532k free)

vm_info: Java HotSpot(TM) 64-Bit Server VM (11.0.2+9-LTS) for bsd-amd64 JRE (11.0.2+9-LTS), built on Jan 18 2019 08:16:46 by "mach5one" with gcc 4.2.1 Compatible Apple LLVM 9.1.0 (clang-902.0.39.2)

END.
