#
# A fatal error has been detected by the Java Runtime Environment:
#
#  SIGSEGV (0xb) at pc=0x000000010c226f9c, pid=19114, tid=13315
#
# JRE version: Java(TM) SE Runtime Environment (11.0.2+9) (build 11.0.2+9-LTS)
# Java VM: Java HotSpot(TM) 64-Bit Server VM (11.0.2+9-LTS, mixed mode, tiered, compressed oops, g1 gc, bsd-amd64)
# Problematic frame:
# V  [libjvm.dylib+0x20bf9c]  _ZN16G1ConcurrentMark19mark_in_next_bitmapEjP10HeapRegionP7oopDescm+0xcc
#
# No core dump will be written. Core dumps have been disabled. To enable core dumping, try "ulimit -c unlimited" before starting Java again
#
# If you would like to submit a bug report, please visit:
#   http://bugreport.java.com/bugreport/crash.jsp
#

---------------  S U M M A R Y ------------

Command Line: -Dcom.sun.management.jmxremote -Dcom.sun.management.jmxremote.port=58011 -Dcom.sun.management.jmxremote.authenticate=false -Dcom.sun.management.jmxremote.ssl=false -Djava.rmi.server.hostname=localhost -Dspring.application.admin.enabled=true -Dfile.encoding=UTF-8 com.IsaApplication

Host: Macmini3,1 x86_64 2530 MHz, 2 cores, 4G, Darwin 15.6.0
Time: Tue Feb  5 08:11:40 2019 CET elapsed time: 3170 seconds (0d 0h 52m 50s)

---------------  T H R E A D  ---------------

Current thread (0x00007f939480d000):  ConcurrentGCThread "G1 Conc#0" [stack: 0x0000700000320000,0x0000700000420000] [id=13315]

Stack: [0x0000700000320000,0x0000700000420000],  sp=0x000070000041fbf0,  free space=1022k
Native frames: (J=compiled Java code, A=aot compiled Java code, j=interpreted, Vv=VM code, C=native code)
V  [libjvm.dylib+0x20bf9c]  _ZN16G1ConcurrentMark19mark_in_next_bitmapEjP10HeapRegionP7oopDescm+0xcc
V  [libjvm.dylib+0x2ccbb3]  _ZN8G1CMTask19make_reference_greyEP7oopDesc+0x43
V  [libjvm.dylib+0x2ccb6d]  _ZN14G1CMOopClosure11do_oop_workIjEEvPT_+0x2d
V  [libjvm.dylib+0x20be03]  _ZN21OopOopIterateDispatchI14G1CMOopClosureE5Table15oop_oop_iterateI13InstanceKlassjEEvPS0_P7oopDescP5Klass+0x7b
V  [libjvm.dylib+0x30654f]  _ZN7oopDesc16oop_iterate_sizeI14G1CMOopClosureEEiPT_+0xaf
V  [libjvm.dylib+0x306466]  _ZN8G1CMTask23process_grey_task_entryILb1EEEv16G1TaskQueueEntry+0xf8
V  [libjvm.dylib+0x30114a]  _ZN8G1CMTask17drain_local_queueEb+0x1d2
V  [libjvm.dylib+0x3053f7]  _ZN8G1CMTask15do_marking_stepEdbb+0x139
V  [libjvm.dylib+0x30690c]  _ZN25G1CMConcurrentMarkingTask4workEj+0xa6
V  [libjvm.dylib+0x7663cb]  _ZN10GangWorker4loopEv+0x43
V  [libjvm.dylib+0x5f0da3]  _ZL19thread_native_entryP6Thread+0x135
C  [libsystem_pthread.dylib+0x399d]  _pthread_body+0x83
C  [libsystem_pthread.dylib+0x391a]  _pthread_body+0x0
C  [libsystem_pthread.dylib+0x1351]  thread_start+0xd


siginfo: si_signo: 11 (SIGSEGV), si_code: 1 (SEGV_MAPERR), si_addr: 0x000000000000c110

Register to memory mapping:

RAX=0x000000000000c000 is an unknown value
RBX=0x000000000000c80e is an unknown value
RCX=0x9108814000008400 is an unknown value
RDX=0x0000000000200001 is an unknown value
RSP=0x000070000041fbf0 points into unknown readable memory: 00 00 00 00 00 00 00 00
RBP=0x000070000041fc10 points into unknown readable memory: 50 fc 41 00 00 70 00 00
RSI=0x00000007c1901ca8 is pointing into object: java.util.LinkedHashMap 
{0x00000007c1901c88} - klass: 'java/util/LinkedHashMap'
RDI=0x0000000800000000 is pointing into metadata
R8 =0x0 is NULL
R9 =0x00007f939480d990 points into unknown readable memory: 39 00 00 00 00 00 00 00
R10=0x0 is NULL
R11=0x0000000000000206 is an unknown value
R12=0x00000007c1901ca8 is pointing into object: java.util.LinkedHashMap 
{0x00000007c1901c88} - klass: 'java/util/LinkedHashMap'
R13=0x000000080005ce08 is a pointer to class: 
java.util.Collections$UnmodifiableCollection$1 {0x000000080005ce08}
R14=0x0 is NULL
R15=0x00007f939403a800 points into unknown readable memory: 00 40 80 94 93 7f 00 00


Registers:
RAX=0x000000000000c000, RBX=0x000000000000c80e, RCX=0x9108814000008400, RDX=0x0000000000200001
RSP=0x000070000041fbf0, RBP=0x000070000041fc10, RSI=0x00000007c1901ca8, RDI=0x0000000800000000
R8 =0x0000000000000000, R9 =0x00007f939480d990, R10=0x0000000000000000, R11=0x0000000000000206
R12=0x00000007c1901ca8, R13=0x000000080005ce08, R14=0x0000000000000000, R15=0x00007f939403a800
RIP=0x000000010c226f9c, EFLAGS=0x0000000000010246, ERR=0x0000000000000004
  TRAPNO=0x000000000000000e

Top of Stack: (sp=0x000070000041fbf0)
0x000070000041fbf0:   0000000000000000 000070000041fd50
0x000070000041fc00:   00000007c1901ca8 00007f9393d0afb0
0x000070000041fc10:   000070000041fc50 000000010c2e7bb3
0x000070000041fc20:   00000007c1901c78 000000010c2e7bb3
0x000070000041fc30:   00000007c3c627a8 00000007c1901c84
0x000070000041fc40:   00000007c1901c88 000000080005ce00
0x000070000041fc50:   000070000041fc60 000000010c2e7b6d
0x000070000041fc60:   000070000041fca0 000000010c226e03
0x000070000041fc70:   00000007c1901c78 0000000000000002
0x000070000041fc80:   000000080005c9e8 0000000000000000
0x000070000041fc90:   000070000041fd50 00000007c1901c78
0x000070000041fca0:   000070000041fcd0 000000010c32154f
0x000070000041fcb0:   00007f9393d0afb0 000000000001ffff
0x000070000041fcc0:   00000007c1901c78 0000000000000040
0x000070000041fcd0:   000070000041fcf0 000000010c321466
0x000070000041fce0:   00007f9393d0afb0 000070000041fd08
0x000070000041fcf0:   000070000041fd40 000000010c31c14a
0x000070000041fd00:   00000007c1901c78 00000007c1901c78
0x000070000041fd10:   000000010c91ace8 00007f9393d0afb0
0x000070000041fd20:   00007f9393d0b0f0 0000000000000001
0x000070000041fd30:   00007f9393c1d1c0 0000000000000001
0x000070000041fd40:   000070000041fdf0 000000010c3203f7
0x000070000041fd50:   000000010c91a908 00007f9393d22fe0
0x000070000041fd60:   00007f939400e400 00007f9393d0afb0
0x000070000041fd70:   00007f939403a800 00007f9393d0afb0
0x000070000041fd80:   00000007c5600000 000000000001ffff
0x000070000041fd90:   00007f9393c21ec0 3fe0000000000000
0x000070000041fda0:   00007f9393d0b0f0 000070000031ccb0
0x000070000041fdb0:   3fc94f0900000001 000000000c5e7477
0x000070000041fdc0:   4024000000000000 00007f9393d0afb0
0x000070000041fdd0:   000000010c91d138 000000010c975a18
0x000070000041fde0:   0000000000000000 000070000031ccb0 

Instructions: (pc=0x000000010c226f9c)
0x000000010c226f7c:   38 eb 05 49 8b 7c 24 08 8b 47 08 85 c0 7e 09 a8
0x000000010c226f8c:   01 75 07 c1 e8 03 eb 46 78 0e 48 8b 07 4c 89 e6
0x000000010c226f9c:   ff 90 10 01 00 00 eb 36 31 c9 84 d2 0f 94 c1 49
0x000000010c226fac:   63 54 8c 0c 89 c1 48 d3 e2 c1 e8 10 0f b6 c8 48 

Stack slot to memory mapping:
stack at sp + 0 slots: 0x0 is NULL
stack at sp + 1 slots: 0x000070000041fd50 points into unknown readable memory: 08 a9 91 0c 01 00 00 00
stack at sp + 2 slots: 0x00000007c1901ca8 is pointing into object: java.util.LinkedHashMap 
{0x00000007c1901c88} - klass: 'java/util/LinkedHashMap'
stack at sp + 3 slots: 0x00007f9393d0afb0 points into unknown readable memory: 30 4f 8f 0c 01 00 00 00
stack at sp + 4 slots: 0x000070000041fc50 points into unknown readable memory: 60 fc 41 00 00 70 00 00
stack at sp + 5 slots: 0x000000010c2e7bb3: _ZN8G1CMTask19make_reference_greyEP7oopDesc+0x43 in /Library/Java/JavaVirtualMachines/jdk-11.0.2.jdk/Contents/Home/lib/server/libjvm.dylib at 0x000000010c01b000
stack at sp + 6 slots: 0x00000007c1901c78 is an oop: java.util.LinkedHashSet 
{0x00000007c1901c78} - klass: 'java/util/LinkedHashSet'
stack at sp + 7 slots: 0x000000010c2e7bb3: _ZN8G1CMTask19make_reference_greyEP7oopDesc+0x43 in /Library/Java/JavaVirtualMachines/jdk-11.0.2.jdk/Contents/Home/lib/server/libjvm.dylib at 0x000000010c01b000


---------------  P R O C E S S  ---------------

Threads class SMR info:
_java_thread_list=0x00007f93985efc70, length=37, elements={
0x00007f9394073000, 0x00007f9394073800, 0x00007f9394090000, 0x00007f9394093000,
0x00007f93940a5000, 0x00007f9394842800, 0x00007f9394845800, 0x00007f9394868800,
0x00007f93941a0000, 0x00007f939420e800, 0x00007f9394a22000, 0x00007f93947e2800,
0x00007f939476f800, 0x00007f93946ff800, 0x00007f939509a000, 0x00007f939714e000,
0x00007f93966cd800, 0x00007f93949dc800, 0x00007f939648d800, 0x00007f93972e7800,
0x00007f9396475800, 0x00007f939498c800, 0x00007f9396aa9000, 0x00007f93942fb000,
0x00007f9395344800, 0x00007f9394e61800, 0x00007f9395748000, 0x00007f9396605800,
0x00007f9394ceb000, 0x00007f9394ce2000, 0x00007f9395319800, 0x00007f9394cad000,
0x00007f9394c68800, 0x00007f939615f000, 0x00007f9394bb6800, 0x00007f93949d9800,
0x00007f9394936000
}

Java Threads: ( => current thread )
  0x00007f9394073000 JavaThread "Reference Handler" daemon [_thread_blocked, id=15619, stack(0x000070000072c000,0x000070000082c000)]
  0x00007f9394073800 JavaThread "Finalizer" daemon [_thread_blocked, id=16387, stack(0x000070000082f000,0x000070000092f000)]
  0x00007f9394090000 JavaThread "Signal Dispatcher" daemon [_thread_blocked, id=20487, stack(0x0000700000a38000,0x0000700000b38000)]
  0x00007f9394093000 JavaThread "C2 CompilerThread0" daemon [_thread_blocked, id=21251, stack(0x0000700000b3b000,0x0000700000c3b000)]
  0x00007f93940a5000 JavaThread "C1 CompilerThread0" daemon [_thread_blocked, id=22019, stack(0x0000700000c3e000,0x0000700000d3e000)]
  0x00007f9394842800 JavaThread "Sweeper thread" daemon [_thread_blocked, id=22787, stack(0x0000700000d41000,0x0000700000e41000)]
  0x00007f9394845800 JavaThread "Common-Cleaner" daemon [_thread_blocked, id=23555, stack(0x0000700000e44000,0x0000700000f44000)]
  0x00007f9394868800 JavaThread "Service Thread" daemon [_thread_blocked, id=24323, stack(0x0000700000f47000,0x0000700001047000)]
  0x00007f93941a0000 JavaThread "RMI TCP Accept-0" daemon [_thread_in_native, id=26883, stack(0x000070000114d000,0x000070000124d000)]
  0x00007f939420e800 JavaThread "RMI TCP Accept-58011" daemon [_thread_in_native, id=27651, stack(0x0000700001250000,0x0000700001350000)]
  0x00007f9394a22000 JavaThread "RMI TCP Accept-0" daemon [_thread_in_native, id=28419, stack(0x0000700001353000,0x0000700001453000)]
  0x00007f93947e2800 JavaThread "Attach Listener" daemon [_thread_blocked, id=29699, stack(0x0000700001559000,0x0000700001659000)]
  0x00007f939476f800 JavaThread "RMI TCP Connection(1)-127.0.0.1" daemon [_thread_in_native, id=32771, stack(0x0000700001965000,0x0000700001a65000)]
  0x00007f93946ff800 JavaThread "RMI Scheduler(0)" daemon [_thread_blocked, id=33539, stack(0x0000700001a68000,0x0000700001b68000)]
  0x00007f939509a000 JavaThread "JMX server connection timeout 21" daemon [_thread_blocked, id=34307, stack(0x0000700001b6b000,0x0000700001c6b000)]
  0x00007f939714e000 JavaThread "Abandoned connection cleanup thread" daemon [_thread_blocked, id=25611, stack(0x0000700000932000,0x0000700000a32000)]
  0x00007f93966cd800 JavaThread "Live Reload Server" daemon [_thread_in_native, id=37127, stack(0x0000700001ffa000,0x00007000020fa000)]
  0x00007f93949dc800 JavaThread "DestroyJavaVM" [_thread_blocked, id=7171, stack(0x000000010d200000,0x000000010d300000)]
  0x00007f939648d800 JavaThread "HikariPool-7 housekeeper" daemon [_thread_blocked, id=48167, stack(0x0000700001862000,0x0000700001962000)]
  0x00007f93972e7800 JavaThread "ContainerBackgroundProcessor[StandardEngine[Tomcat]]" daemon [_thread_blocked, id=37915, stack(0x0000700001d71000,0x0000700001e71000)]
  0x00007f9396475800 JavaThread "container-0" [_thread_blocked, id=31519, stack(0x0000700001e74000,0x0000700001f74000)]
  0x00007f939498c800 JavaThread "File Watcher" daemon [_thread_blocked, id=38939, stack(0x00007000020fd000,0x00007000021fd000)]
  0x00007f9396aa9000 JavaThread "NioBlockingSelector.BlockPoller-7" daemon [_thread_in_native, id=39195, stack(0x0000700002200000,0x0000700002300000)]
  0x00007f93942fb000 JavaThread "http-nio-8080-exec-1" daemon [_thread_blocked, id=17191, stack(0x0000700002303000,0x0000700002403000)]
  0x00007f9395344800 JavaThread "http-nio-8080-exec-2" daemon [_thread_blocked, id=43295, stack(0x0000700002406000,0x0000700002506000)]
  0x00007f9394e61800 JavaThread "http-nio-8080-exec-3" daemon [_thread_blocked, id=39963, stack(0x0000700002509000,0x0000700002609000)]
  0x00007f9395748000 JavaThread "http-nio-8080-exec-4" daemon [_thread_blocked, id=25375, stack(0x000070000260c000,0x000070000270c000)]
  0x00007f9396605800 JavaThread "http-nio-8080-exec-5" daemon [_thread_blocked, id=40483, stack(0x000070000270f000,0x000070000280f000)]
  0x00007f9394ceb000 JavaThread "http-nio-8080-exec-6" daemon [_thread_blocked, id=35615, stack(0x0000700002812000,0x0000700002912000)]
  0x00007f9394ce2000 JavaThread "http-nio-8080-exec-7" daemon [_thread_blocked, id=49167, stack(0x0000700002915000,0x0000700002a15000)]
  0x00007f9395319800 JavaThread "http-nio-8080-exec-8" daemon [_thread_blocked, id=45091, stack(0x0000700002a18000,0x0000700002b18000)]
  0x00007f9394cad000 JavaThread "http-nio-8080-exec-9" daemon [_thread_blocked, id=36127, stack(0x0000700002b1b000,0x0000700002c1b000)]
  0x00007f9394c68800 JavaThread "http-nio-8080-exec-10" daemon [_thread_blocked, id=30751, stack(0x0000700002c1e000,0x0000700002d1e000)]
  0x00007f939615f000 JavaThread "http-nio-8080-ClientPoller-0" daemon [_thread_in_native, id=42019, stack(0x0000700002d21000,0x0000700002e21000)]
  0x00007f9394bb6800 JavaThread "http-nio-8080-ClientPoller-1" daemon [_thread_in_native, id=46887, stack(0x0000700002e24000,0x0000700002f24000)]
  0x00007f93949d9800 JavaThread "http-nio-8080-Acceptor-0" daemon [_thread_in_native, id=44315, stack(0x0000700002f27000,0x0000700003027000)]
  0x00007f9394936000 JavaThread "http-nio-8080-AsyncTimeout" daemon [_thread_blocked, id=38427, stack(0x000070000302a000,0x000070000312a000)]

Other Threads:
  0x00007f939406f000 VMThread "VM Thread" [stack: 0x0000700000629000,0x0000700000729000] [id=14851]
  0x00007f93942d5000 WatcherThread [stack: 0x0000700001456000,0x0000700001556000] [id=28931]
  0x00007f9394026000 GCTaskThread "GC Thread#0" [stack: 0x000070000011a000,0x000070000021a000] [id=11779]
  0x00007f9394874000 GCTaskThread "GC Thread#1" [stack: 0x000070000104a000,0x000070000114a000] [id=24835]
  0x00007f9394804000 ConcurrentGCThread "G1 Main Marker" [stack: 0x000070000021d000,0x000070000031d000] [id=12291]
=>0x00007f939480d000 ConcurrentGCThread "G1 Conc#0" [stack: 0x0000700000320000,0x0000700000420000] [id=13315]
  0x00007f9394835000 ConcurrentGCThread "G1 Refine#0" [stack: 0x0000700000423000,0x0000700000523000] [id=13827]
  0x00007f9394836000 ConcurrentGCThread "G1 Young RemSet Sampling" [stack: 0x0000700000526000,0x0000700000626000] [id=14339]

Threads with active compile tasks:

VM state:not at safepoint (normal execution)

VM Mutex/Monitor currently owned by a thread: None

Heap address: 0x00000007c0000000, size: 1024 MB, Compressed Oops mode: Zero based, Oop shift amount: 3
Narrow klass base: 0x0000000800000000, Narrow klass shift: 0
Compressed class space size: 1073741824 Address: 0x0000000800000000

Heap:
 garbage-first heap   total 196608K, used 104869K [0x00000007c0000000, 0x0000000800000000)
  region size 1024K, 3 young (3072K), 2 survivors (2048K)
 Metaspace       used 92332K, capacity 94431K, committed 95052K, reserved 1132544K
  class space    used 10663K, capacity 11451K, committed 11596K, reserved 1048576K
Heap Regions: E=young(eden), S=young(survivor), O=old, HS=humongous(starts), HC=humongous(continues), CS=collection set, F=free, A=archive, TAMS=top-at-mark-start (previous, next)
|   0|0x00000007c0000000, 0x00000007c0100000, 0x00000007c0100000|100%|HS|  |TAMS 0x00000007c0100000, 0x00000007c0100000| Complete 
|   1|0x00000007c0100000, 0x00000007c01fffb0, 0x00000007c0200000| 99%| O|  |TAMS 0x00000007c01fffb0, 0x00000007c01fffb0| Untracked 
|   2|0x00000007c0200000, 0x00000007c02fe7d0, 0x00000007c0300000| 99%| O|  |TAMS 0x00000007c02fe7d0, 0x00000007c02fe7d0| Untracked 
|   3|0x00000007c0300000, 0x00000007c03ffff8, 0x00000007c0400000| 99%| O|  |TAMS 0x00000007c03ffff8, 0x00000007c03ffff8| Untracked 
|   4|0x00000007c0400000, 0x00000007c0500000, 0x00000007c0500000|100%| O|  |TAMS 0x00000007c0500000, 0x00000007c0500000| Untracked 
|   5|0x00000007c0500000, 0x00000007c05ffff8, 0x00000007c0600000| 99%| O|  |TAMS 0x00000007c05ffff8, 0x00000007c05ffff8| Untracked 
|   6|0x00000007c0600000, 0x00000007c0700000, 0x00000007c0700000|100%| O|  |TAMS 0x00000007c0700000, 0x00000007c0700000| Untracked 
|   7|0x00000007c0700000, 0x00000007c07ffff0, 0x00000007c0800000| 99%| O|  |TAMS 0x00000007c07ffff0, 0x00000007c07ffff0| Untracked 
|   8|0x00000007c0800000, 0x00000007c08fffe8, 0x00000007c0900000| 99%| O|  |TAMS 0x00000007c08fffe8, 0x00000007c08fffe8| Untracked 
|   9|0x00000007c0900000, 0x00000007c09ffff8, 0x00000007c0a00000| 99%| O|  |TAMS 0x00000007c09ffff8, 0x00000007c09ffff8| Untracked 
|  10|0x00000007c0a00000, 0x00000007c0affff8, 0x00000007c0b00000| 99%| O|  |TAMS 0x00000007c0affff8, 0x00000007c0affff8| Untracked 
|  11|0x00000007c0b00000, 0x00000007c0bfffe0, 0x00000007c0c00000| 99%| O|  |TAMS 0x00000007c0bfffe0, 0x00000007c0bfffe0| Untracked 
|  12|0x00000007c0c00000, 0x00000007c0cfffb8, 0x00000007c0d00000| 99%| O|  |TAMS 0x00000007c0cfffb8, 0x00000007c0cfffb8| Untracked 
|  13|0x00000007c0d00000, 0x00000007c0e00000, 0x00000007c0e00000|100%| O|  |TAMS 0x00000007c0e00000, 0x00000007c0e00000| Untracked 
|  14|0x00000007c0e00000, 0x00000007c0efff98, 0x00000007c0f00000| 99%| O|  |TAMS 0x00000007c0efff98, 0x00000007c0efff98| Untracked 
|  15|0x00000007c0f00000, 0x00000007c0fffff0, 0x00000007c1000000| 99%| O|  |TAMS 0x00000007c0fffff0, 0x00000007c0fffff0| Untracked 
|  16|0x00000007c1000000, 0x00000007c10f1fb8, 0x00000007c1100000| 94%| O|  |TAMS 0x00000007c10f1fb8, 0x00000007c10f1fb8| Untracked 
|  17|0x00000007c1100000, 0x00000007c11f87d0, 0x00000007c1200000| 97%| O|  |TAMS 0x00000007c11f87d0, 0x00000007c11f87d0| Untracked 
|  18|0x00000007c1200000, 0x00000007c12ffd38, 0x00000007c1300000| 99%| O|  |TAMS 0x00000007c12ffd38, 0x00000007c12ffd38| Untracked 
|  19|0x00000007c1300000, 0x00000007c13ffff8, 0x00000007c1400000| 99%| O|  |TAMS 0x00000007c13ffff8, 0x00000007c13ffff8| Untracked 
|  20|0x00000007c1400000, 0x00000007c1500000, 0x00000007c1500000|100%| O|  |TAMS 0x00000007c1500000, 0x00000007c1500000| Untracked 
|  21|0x00000007c1500000, 0x00000007c15ffff8, 0x00000007c1600000| 99%| O|  |TAMS 0x00000007c15ffff8, 0x00000007c15ffff8| Untracked 
|  22|0x00000007c1600000, 0x00000007c1700000, 0x00000007c1700000|100%| O|  |TAMS 0x00000007c1700000, 0x00000007c1700000| Untracked 
|  23|0x00000007c1700000, 0x00000007c17fffe8, 0x00000007c1800000| 99%| O|  |TAMS 0x00000007c17fffe8, 0x00000007c17fffe8| Untracked 
|  24|0x00000007c1800000, 0x00000007c18fffe8, 0x00000007c1900000| 99%| O|  |TAMS 0x00000007c18fffe8, 0x00000007c18fffe8| Untracked 
|  25|0x00000007c1900000, 0x00000007c19fe538, 0x00000007c1a00000| 99%| O|  |TAMS 0x00000007c19fe538, 0x00000007c19fe538| Untracked 
|  26|0x00000007c1a00000, 0x00000007c1b00000, 0x00000007c1b00000|100%| O|  |TAMS 0x00000007c1b00000, 0x00000007c1b00000| Untracked 
|  27|0x00000007c1b00000, 0x00000007c1bf9570, 0x00000007c1c00000| 97%| O|  |TAMS 0x00000007c1bf9570, 0x00000007c1bf9570| Untracked 
|  28|0x00000007c1c00000, 0x00000007c1cffff8, 0x00000007c1d00000| 99%| O|  |TAMS 0x00000007c1cffff8, 0x00000007c1cffff8| Untracked 
|  29|0x00000007c1d00000, 0x00000007c1e00000, 0x00000007c1e00000|100%| O|  |TAMS 0x00000007c1e00000, 0x00000007c1e00000| Untracked 
|  30|0x00000007c1e00000, 0x00000007c1f00000, 0x00000007c1f00000|100%| O|  |TAMS 0x00000007c1f00000, 0x00000007c1f00000| Untracked 
|  31|0x00000007c1f00000, 0x00000007c2000000, 0x00000007c2000000|100%| O|  |TAMS 0x00000007c2000000, 0x00000007c2000000| Untracked 
|  32|0x00000007c2000000, 0x00000007c20fefe8, 0x00000007c2100000| 99%| O|  |TAMS 0x00000007c20fefe8, 0x00000007c20fefe8| Untracked 
|  33|0x00000007c2100000, 0x00000007c2200000, 0x00000007c2200000|100%| O|  |TAMS 0x00000007c2200000, 0x00000007c2200000| Untracked 
|  34|0x00000007c2200000, 0x00000007c22ffff8, 0x00000007c2300000| 99%| O|  |TAMS 0x00000007c22ffff8, 0x00000007c22ffff8| Untracked 
|  35|0x00000007c2300000, 0x00000007c2400000, 0x00000007c2400000|100%| O|  |TAMS 0x00000007c2400000, 0x00000007c2400000| Untracked 
|  36|0x00000007c2400000, 0x00000007c24ffff8, 0x00000007c2500000| 99%| O|  |TAMS 0x00000007c24ffff8, 0x00000007c24ffff8| Untracked 
|  37|0x00000007c2500000, 0x00000007c25fffe0, 0x00000007c2600000| 99%| O|  |TAMS 0x00000007c25fffe0, 0x00000007c25fffe0| Untracked 
|  38|0x00000007c2600000, 0x00000007c2700000, 0x00000007c2700000|100%| O|  |TAMS 0x00000007c2700000, 0x00000007c2700000| Untracked 
|  39|0x00000007c2700000, 0x00000007c27fffe0, 0x00000007c2800000| 99%| O|  |TAMS 0x00000007c27fffe0, 0x00000007c27fffe0| Untracked 
|  40|0x00000007c2800000, 0x00000007c28fffe0, 0x00000007c2900000| 99%| O|  |TAMS 0x00000007c28fffe0, 0x00000007c28fffe0| Untracked 
|  41|0x00000007c2900000, 0x00000007c29fffd8, 0x00000007c2a00000| 99%| O|  |TAMS 0x00000007c29fffd8, 0x00000007c29fffd8| Untracked 
|  42|0x00000007c2a00000, 0x00000007c2affce8, 0x00000007c2b00000| 99%| O|  |TAMS 0x00000007c2affce8, 0x00000007c2affce8| Untracked 
|  43|0x00000007c2b00000, 0x00000007c2bffff8, 0x00000007c2c00000| 99%| O|  |TAMS 0x00000007c2bffff8, 0x00000007c2bffff8| Untracked 
|  44|0x00000007c2c00000, 0x00000007c2cfff90, 0x00000007c2d00000| 99%| O|  |TAMS 0x00000007c2cfff90, 0x00000007c2cfff90| Untracked 
|  45|0x00000007c2d00000, 0x00000007c2dffff8, 0x00000007c2e00000| 99%| O|  |TAMS 0x00000007c2dffff8, 0x00000007c2dffff8| Untracked 
|  46|0x00000007c2e00000, 0x00000007c2efffe0, 0x00000007c2f00000| 99%| O|  |TAMS 0x00000007c2efffe0, 0x00000007c2efffe0| Untracked 
|  47|0x00000007c2f00000, 0x00000007c2ffffd8, 0x00000007c3000000| 99%| O|  |TAMS 0x00000007c2ffffd8, 0x00000007c2ffffd8| Untracked 
|  48|0x00000007c3000000, 0x00000007c30fffe0, 0x00000007c3100000| 99%| O|  |TAMS 0x00000007c30fffe0, 0x00000007c30fffe0| Untracked 
|  49|0x00000007c3100000, 0x00000007c31ffb28, 0x00000007c3200000| 99%| O|  |TAMS 0x00000007c31ffb28, 0x00000007c31ffb28| Untracked 
|  50|0x00000007c3200000, 0x00000007c3300000, 0x00000007c3300000|100%| O|  |TAMS 0x00000007c3300000, 0x00000007c3300000| Untracked 
|  51|0x00000007c3300000, 0x00000007c3400000, 0x00000007c3400000|100%| O|  |TAMS 0x00000007c3400000, 0x00000007c3400000| Untracked 
|  52|0x00000007c3400000, 0x00000007c34fffc8, 0x00000007c3500000| 99%| O|  |TAMS 0x00000007c34fffc8, 0x00000007c34fffc8| Untracked 
|  53|0x00000007c3500000, 0x00000007c3600000, 0x00000007c3600000|100%| O|  |TAMS 0x00000007c3600000, 0x00000007c3600000| Untracked 
|  54|0x00000007c3600000, 0x00000007c36ffff0, 0x00000007c3700000| 99%| O|  |TAMS 0x00000007c36ffff0, 0x00000007c36ffff0| Untracked 
|  55|0x00000007c3700000, 0x00000007c37fffd0, 0x00000007c3800000| 99%| O|  |TAMS 0x00000007c37fffd0, 0x00000007c37fffd0| Untracked 
|  56|0x00000007c3800000, 0x00000007c38ffff0, 0x00000007c3900000| 99%| O|  |TAMS 0x00000007c38ffff0, 0x00000007c38ffff0| Untracked 
|  57|0x00000007c3900000, 0x00000007c39fffe0, 0x00000007c3a00000| 99%| O|  |TAMS 0x00000007c39fffe0, 0x00000007c39fffe0| Untracked 
|  58|0x00000007c3a00000, 0x00000007c3affc88, 0x00000007c3b00000| 99%| O|  |TAMS 0x00000007c3affc88, 0x00000007c3affc88| Untracked 
|  59|0x00000007c3b00000, 0x00000007c3bffff8, 0x00000007c3c00000| 99%| O|  |TAMS 0x00000007c3bffff8, 0x00000007c3bffff8| Untracked 
|  60|0x00000007c3c00000, 0x00000007c3cffff0, 0x00000007c3d00000| 99%| O|  |TAMS 0x00000007c3cffff0, 0x00000007c3cffff0| Untracked 
|  61|0x00000007c3d00000, 0x00000007c3dffff8, 0x00000007c3e00000| 99%| O|  |TAMS 0x00000007c3dffff8, 0x00000007c3dffff8| Untracked 
|  62|0x00000007c3e00000, 0x00000007c3effff0, 0x00000007c3f00000| 99%| O|  |TAMS 0x00000007c3effff0, 0x00000007c3effff0| Untracked 
|  63|0x00000007c3f00000, 0x00000007c3fffff8, 0x00000007c4000000| 99%| O|  |TAMS 0x00000007c3fffff8, 0x00000007c3fffff8| Untracked 
|  64|0x00000007c4000000, 0x00000007c4100000, 0x00000007c4100000|100%| O|  |TAMS 0x00000007c4100000, 0x00000007c4100000| Untracked 
|  65|0x00000007c4100000, 0x00000007c41ffff0, 0x00000007c4200000| 99%| O|  |TAMS 0x00000007c41ffff0, 0x00000007c41ffff0| Untracked 
|  66|0x00000007c4200000, 0x00000007c42fffe8, 0x00000007c4300000| 99%| O|  |TAMS 0x00000007c42fffe8, 0x00000007c42fffe8| Untracked 
|  67|0x00000007c4300000, 0x00000007c43fffc8, 0x00000007c4400000| 99%| O|  |TAMS 0x00000007c43fffc8, 0x00000007c43fffc8| Untracked 
|  68|0x00000007c4400000, 0x00000007c44fffe8, 0x00000007c4500000| 99%| O|  |TAMS 0x00000007c44fffe8, 0x00000007c44fffe8| Untracked 
|  69|0x00000007c4500000, 0x00000007c45ffe08, 0x00000007c4600000| 99%| O|  |TAMS 0x00000007c45ffe08, 0x00000007c45ffe08| Untracked 
|  70|0x00000007c4600000, 0x00000007c46fffd0, 0x00000007c4700000| 99%| O|  |TAMS 0x00000007c46fffd0, 0x00000007c46fffd0| Untracked 
|  71|0x00000007c4700000, 0x00000007c47fffb8, 0x00000007c4800000| 99%| O|  |TAMS 0x00000007c47fffb8, 0x00000007c47fffb8| Untracked 
|  72|0x00000007c4800000, 0x00000007c4900000, 0x00000007c4900000|100%| O|  |TAMS 0x00000007c4900000, 0x00000007c4900000| Untracked 
|  73|0x00000007c4900000, 0x00000007c49fffd0, 0x00000007c4a00000| 99%| O|  |TAMS 0x00000007c49fffd0, 0x00000007c49fffd0| Untracked 
|  74|0x00000007c4a00000, 0x00000007c4b00000, 0x00000007c4b00000|100%| O|  |TAMS 0x00000007c4b00000, 0x00000007c4b00000| Untracked 
|  75|0x00000007c4b00000, 0x00000007c4c00000, 0x00000007c4c00000|100%| O|  |TAMS 0x00000007c4c00000, 0x00000007c4c00000| Untracked 
|  76|0x00000007c4c00000, 0x00000007c4cfffd8, 0x00000007c4d00000| 99%| O|  |TAMS 0x00000007c4cfffd8, 0x00000007c4cfffd8| Untracked 
|  77|0x00000007c4d00000, 0x00000007c4dffff0, 0x00000007c4e00000| 99%| O|  |TAMS 0x00000007c4dffff0, 0x00000007c4dffff0| Untracked 
|  78|0x00000007c4e00000, 0x00000007c4efffd8, 0x00000007c4f00000| 99%| O|  |TAMS 0x00000007c4efffd8, 0x00000007c4efffd8| Untracked 
|  79|0x00000007c4f00000, 0x00000007c4ffffe0, 0x00000007c5000000| 99%| O|  |TAMS 0x00000007c4ffffe0, 0x00000007c4ffffe0| Untracked 
|  80|0x00000007c5000000, 0x00000007c50ffff0, 0x00000007c5100000| 99%| O|  |TAMS 0x00000007c50ffff0, 0x00000007c50ffff0| Untracked 
|  81|0x00000007c5100000, 0x00000007c51fffe8, 0x00000007c5200000| 99%| O|  |TAMS 0x00000007c51fffe8, 0x00000007c51fffe8| Untracked 
|  82|0x00000007c5200000, 0x00000007c52fffe8, 0x00000007c5300000| 99%| O|  |TAMS 0x00000007c52fffe8, 0x00000007c52fffe8| Untracked 
|  83|0x00000007c5300000, 0x00000007c5400000, 0x00000007c5400000|100%| O|  |TAMS 0x00000007c5400000, 0x00000007c5400000| Untracked 
|  84|0x00000007c5400000, 0x00000007c5500000, 0x00000007c5500000|100%| O|  |TAMS 0x00000007c5500000, 0x00000007c5500000| Untracked 
|  85|0x00000007c5500000, 0x00000007c55ffff8, 0x00000007c5600000| 99%| O|  |TAMS 0x00000007c55ffff8, 0x00000007c55ffff8| Untracked 
|  86|0x00000007c5600000, 0x00000007c56ffff8, 0x00000007c5700000| 99%| O|  |TAMS 0x00000007c56ffff8, 0x00000007c56ffff8| Untracked 
|  87|0x00000007c5700000, 0x00000007c5731228, 0x00000007c5800000| 19%| O|  |TAMS 0x00000007c5731228, 0x00000007c5731228| Untracked 
|  88|0x00000007c5800000, 0x00000007c5900000, 0x00000007c5900000|100%| O|  |TAMS 0x00000007c5900000, 0x00000007c5900000| Untracked 
|  89|0x00000007c5900000, 0x00000007c5a00000, 0x00000007c5a00000|100%| O|  |TAMS 0x00000007c5a00000, 0x00000007c5a00000| Untracked 
|  90|0x00000007c5a00000, 0x00000007c5b00000, 0x00000007c5b00000|100%| O|  |TAMS 0x00000007c5b00000, 0x00000007c5b00000| Untracked 
|  91|0x00000007c5b00000, 0x00000007c5c00000, 0x00000007c5c00000|100%| O|  |TAMS 0x00000007c5c00000, 0x00000007c5c00000| Untracked 
|  92|0x00000007c5c00000, 0x00000007c5d00000, 0x00000007c5d00000|100%| O|  |TAMS 0x00000007c5d00000, 0x00000007c5d00000| Untracked 
|  93|0x00000007c5d00000, 0x00000007c5e00000, 0x00000007c5e00000|100%| O|  |TAMS 0x00000007c5e00000, 0x00000007c5e00000| Untracked 
|  94|0x00000007c5e00000, 0x00000007c5f00000, 0x00000007c5f00000|100%| O|  |TAMS 0x00000007c5f00000, 0x00000007c5f00000| Untracked 
|  95|0x00000007c5f00000, 0x00000007c6000000, 0x00000007c6000000|100%| O|  |TAMS 0x00000007c6000000, 0x00000007c6000000| Untracked 
|  96|0x00000007c6000000, 0x00000007c6100000, 0x00000007c6100000|100%| O|  |TAMS 0x00000007c6100000, 0x00000007c6100000| Untracked 
|  97|0x00000007c6100000, 0x00000007c6200000, 0x00000007c6200000|100%| O|  |TAMS 0x00000007c6200000, 0x00000007c6200000| Untracked 
|  98|0x00000007c6200000, 0x00000007c6300000, 0x00000007c6300000|100%| O|  |TAMS 0x00000007c6300000, 0x00000007c6300000| Untracked 
|  99|0x00000007c6300000, 0x00000007c6400000, 0x00000007c6400000|100%| O|  |TAMS 0x00000007c6400000, 0x00000007c6400000| Untracked 
| 100|0x00000007c6400000, 0x00000007c6500000, 0x00000007c6500000|100%| O|  |TAMS 0x00000007c6500000, 0x00000007c6500000| Untracked 
| 101|0x00000007c6500000, 0x00000007c65a8800, 0x00000007c6600000| 65%| O|  |TAMS 0x00000007c65a8800, 0x00000007c65a8800| Untracked 
| 102|0x00000007c6600000, 0x00000007c6600000, 0x00000007c6700000|  0%| F|  |TAMS 0x00000007c6600000, 0x00000007c6600000| Untracked 
| 103|0x00000007c6700000, 0x00000007c6700000, 0x00000007c6800000|  0%| F|  |TAMS 0x00000007c6700000, 0x00000007c6700000| Untracked 
| 104|0x00000007c6800000, 0x00000007c6800000, 0x00000007c6900000|  0%| F|  |TAMS 0x00000007c6800000, 0x00000007c6800000| Untracked 
| 105|0x00000007c6900000, 0x00000007c6900000, 0x00000007c6a00000|  0%| F|  |TAMS 0x00000007c6900000, 0x00000007c6900000| Untracked 
| 106|0x00000007c6a00000, 0x00000007c6a00000, 0x00000007c6b00000|  0%| F|  |TAMS 0x00000007c6a00000, 0x00000007c6a00000| Untracked 
| 107|0x00000007c6b00000, 0x00000007c6b00000, 0x00000007c6c00000|  0%| F|  |TAMS 0x00000007c6b00000, 0x00000007c6b00000| Untracked 
| 108|0x00000007c6c00000, 0x00000007c6c00000, 0x00000007c6d00000|  0%| F|  |TAMS 0x00000007c6c00000, 0x00000007c6c00000| Untracked 
| 109|0x00000007c6d00000, 0x00000007c6d00000, 0x00000007c6e00000|  0%| F|  |TAMS 0x00000007c6d00000, 0x00000007c6d00000| Untracked 
| 110|0x00000007c6e00000, 0x00000007c6e00000, 0x00000007c6f00000|  0%| F|  |TAMS 0x00000007c6e00000, 0x00000007c6e00000| Untracked 
| 111|0x00000007c6f00000, 0x00000007c6f00000, 0x00000007c7000000|  0%| F|  |TAMS 0x00000007c6f00000, 0x00000007c6f00000| Untracked 
| 112|0x00000007c7000000, 0x00000007c7000000, 0x00000007c7100000|  0%| F|  |TAMS 0x00000007c7000000, 0x00000007c7000000| Untracked 
| 113|0x00000007c7100000, 0x00000007c7100000, 0x00000007c7200000|  0%| F|  |TAMS 0x00000007c7100000, 0x00000007c7100000| Untracked 
| 114|0x00000007c7200000, 0x00000007c7200000, 0x00000007c7300000|  0%| F|  |TAMS 0x00000007c7200000, 0x00000007c7200000| Untracked 
| 115|0x00000007c7300000, 0x00000007c7300000, 0x00000007c7400000|  0%| F|  |TAMS 0x00000007c7300000, 0x00000007c7300000| Untracked 
| 116|0x00000007c7400000, 0x00000007c7400000, 0x00000007c7500000|  0%| F|  |TAMS 0x00000007c7400000, 0x00000007c7400000| Untracked 
| 117|0x00000007c7500000, 0x00000007c7500000, 0x00000007c7600000|  0%| F|  |TAMS 0x00000007c7500000, 0x00000007c7500000| Untracked 
| 118|0x00000007c7600000, 0x00000007c7600000, 0x00000007c7700000|  0%| F|  |TAMS 0x00000007c7600000, 0x00000007c7600000| Untracked 
| 119|0x00000007c7700000, 0x00000007c7700000, 0x00000007c7800000|  0%| F|  |TAMS 0x00000007c7700000, 0x00000007c7700000| Untracked 
| 120|0x00000007c7800000, 0x00000007c7800000, 0x00000007c7900000|  0%| F|  |TAMS 0x00000007c7800000, 0x00000007c7800000| Untracked 
| 121|0x00000007c7900000, 0x00000007c7900000, 0x00000007c7a00000|  0%| F|  |TAMS 0x00000007c7900000, 0x00000007c7900000| Untracked 
| 122|0x00000007c7a00000, 0x00000007c7a07250, 0x00000007c7b00000|  2%| O|  |TAMS 0x00000007c7a07250, 0x00000007c7a07250| Untracked 
| 123|0x00000007c7b00000, 0x00000007c7b00000, 0x00000007c7c00000|  0%| F|  |TAMS 0x00000007c7b00000, 0x00000007c7b00000| Untracked 
| 124|0x00000007c7c00000, 0x00000007c7c00000, 0x00000007c7d00000|  0%| F|  |TAMS 0x00000007c7c00000, 0x00000007c7c00000| Untracked 
| 125|0x00000007c7d00000, 0x00000007c7d00000, 0x00000007c7e00000|  0%| F|  |TAMS 0x00000007c7d00000, 0x00000007c7d00000| Untracked 
| 126|0x00000007c7e00000, 0x00000007c7e00000, 0x00000007c7f00000|  0%| F|  |TAMS 0x00000007c7e00000, 0x00000007c7e00000| Untracked 
| 127|0x00000007c7f00000, 0x00000007c7f00000, 0x00000007c8000000|  0%| F|  |TAMS 0x00000007c7f00000, 0x00000007c7f00000| Untracked 
| 128|0x00000007c8000000, 0x00000007c80aa580, 0x00000007c8100000| 66%| S|CS|TAMS 0x00000007c8000000, 0x00000007c8000000| Complete 
| 129|0x00000007c8100000, 0x00000007c8100000, 0x00000007c8200000|  0%| F|  |TAMS 0x00000007c8100000, 0x00000007c8100000| Untracked 
| 130|0x00000007c8200000, 0x00000007c8200000, 0x00000007c8300000|  0%| F|  |TAMS 0x00000007c8200000, 0x00000007c8200000| Untracked 
| 131|0x00000007c8300000, 0x00000007c8400000, 0x00000007c8400000|100%| S|CS|TAMS 0x00000007c8300000, 0x00000007c8300000| Complete 
| 132|0x00000007c8400000, 0x00000007c8400000, 0x00000007c8500000|  0%| F|  |TAMS 0x00000007c8400000, 0x00000007c8400000| Untracked 
| 133|0x00000007c8500000, 0x00000007c8500000, 0x00000007c8600000|  0%| F|  |TAMS 0x00000007c8500000, 0x00000007c8500000| Untracked 
| 134|0x00000007c8600000, 0x00000007c8600000, 0x00000007c8700000|  0%| F|  |TAMS 0x00000007c8600000, 0x00000007c8600000| Untracked 
| 135|0x00000007c8700000, 0x00000007c8700000, 0x00000007c8800000|  0%| F|  |TAMS 0x00000007c8700000, 0x00000007c8700000| Untracked 
| 136|0x00000007c8800000, 0x00000007c8800000, 0x00000007c8900000|  0%| F|  |TAMS 0x00000007c8800000, 0x00000007c8800000| Untracked 
| 137|0x00000007c8900000, 0x00000007c8900000, 0x00000007c8a00000|  0%| F|  |TAMS 0x00000007c8900000, 0x00000007c8900000| Untracked 
| 138|0x00000007c8a00000, 0x00000007c8a00000, 0x00000007c8b00000|  0%| F|  |TAMS 0x00000007c8a00000, 0x00000007c8a00000| Untracked 
| 139|0x00000007c8b00000, 0x00000007c8b00000, 0x00000007c8c00000|  0%| F|  |TAMS 0x00000007c8b00000, 0x00000007c8b00000| Untracked 
| 140|0x00000007c8c00000, 0x00000007c8c00000, 0x00000007c8d00000|  0%| F|  |TAMS 0x00000007c8c00000, 0x00000007c8c00000| Untracked 
| 141|0x00000007c8d00000, 0x00000007c8d00000, 0x00000007c8e00000|  0%| F|  |TAMS 0x00000007c8d00000, 0x00000007c8d00000| Untracked 
| 142|0x00000007c8e00000, 0x00000007c8e00000, 0x00000007c8f00000|  0%| F|  |TAMS 0x00000007c8e00000, 0x00000007c8e00000| Untracked 
| 143|0x00000007c8f00000, 0x00000007c8f00000, 0x00000007c9000000|  0%| F|  |TAMS 0x00000007c8f00000, 0x00000007c8f00000| Untracked 
| 144|0x00000007c9000000, 0x00000007c9000000, 0x00000007c9100000|  0%| F|  |TAMS 0x00000007c9000000, 0x00000007c9000000| Untracked 
| 145|0x00000007c9100000, 0x00000007c9100000, 0x00000007c9200000|  0%| F|  |TAMS 0x00000007c9100000, 0x00000007c9100000| Untracked 
| 146|0x00000007c9200000, 0x00000007c9200000, 0x00000007c9300000|  0%| F|  |TAMS 0x00000007c9200000, 0x00000007c9200000| Untracked 
| 147|0x00000007c9300000, 0x00000007c9300000, 0x00000007c9400000|  0%| F|  |TAMS 0x00000007c9300000, 0x00000007c9300000| Untracked 
| 148|0x00000007c9400000, 0x00000007c9400000, 0x00000007c9500000|  0%| F|  |TAMS 0x00000007c9400000, 0x00000007c9400000| Untracked 
| 149|0x00000007c9500000, 0x00000007c9500000, 0x00000007c9600000|  0%| F|  |TAMS 0x00000007c9500000, 0x00000007c9500000| Untracked 
| 150|0x00000007c9600000, 0x00000007c9600000, 0x00000007c9700000|  0%| F|  |TAMS 0x00000007c9600000, 0x00000007c9600000| Untracked 
| 151|0x00000007c9700000, 0x00000007c9700000, 0x00000007c9800000|  0%| F|  |TAMS 0x00000007c9700000, 0x00000007c9700000| Untracked 
| 152|0x00000007c9800000, 0x00000007c9800000, 0x00000007c9900000|  0%| F|  |TAMS 0x00000007c9800000, 0x00000007c9800000| Untracked 
| 153|0x00000007c9900000, 0x00000007c9900000, 0x00000007c9a00000|  0%| F|  |TAMS 0x00000007c9900000, 0x00000007c9900000| Untracked 
| 154|0x00000007c9a00000, 0x00000007c9a00000, 0x00000007c9b00000|  0%| F|  |TAMS 0x00000007c9a00000, 0x00000007c9a00000| Untracked 
| 155|0x00000007c9b00000, 0x00000007c9b00000, 0x00000007c9c00000|  0%| F|  |TAMS 0x00000007c9b00000, 0x00000007c9b00000| Untracked 
| 156|0x00000007c9c00000, 0x00000007c9c00000, 0x00000007c9d00000|  0%| F|  |TAMS 0x00000007c9c00000, 0x00000007c9c00000| Untracked 
| 157|0x00000007c9d00000, 0x00000007c9d00000, 0x00000007c9e00000|  0%| F|  |TAMS 0x00000007c9d00000, 0x00000007c9d00000| Untracked 
| 158|0x00000007c9e00000, 0x00000007c9e00000, 0x00000007c9f00000|  0%| F|  |TAMS 0x00000007c9e00000, 0x00000007c9e00000| Untracked 
| 159|0x00000007c9f00000, 0x00000007c9f00000, 0x00000007ca000000|  0%| F|  |TAMS 0x00000007c9f00000, 0x00000007c9f00000| Untracked 
| 160|0x00000007ca000000, 0x00000007ca000000, 0x00000007ca100000|  0%| F|  |TAMS 0x00000007ca000000, 0x00000007ca000000| Untracked 
| 161|0x00000007ca100000, 0x00000007ca100000, 0x00000007ca200000|  0%| F|  |TAMS 0x00000007ca100000, 0x00000007ca100000| Untracked 
| 162|0x00000007ca200000, 0x00000007ca200000, 0x00000007ca300000|  0%| F|  |TAMS 0x00000007ca200000, 0x00000007ca200000| Untracked 
| 163|0x00000007ca300000, 0x00000007ca300000, 0x00000007ca400000|  0%| F|  |TAMS 0x00000007ca300000, 0x00000007ca300000| Untracked 
| 164|0x00000007ca400000, 0x00000007ca400000, 0x00000007ca500000|  0%| F|  |TAMS 0x00000007ca400000, 0x00000007ca400000| Untracked 
| 165|0x00000007ca500000, 0x00000007ca500000, 0x00000007ca600000|  0%| F|  |TAMS 0x00000007ca500000, 0x00000007ca500000| Untracked 
| 166|0x00000007ca600000, 0x00000007ca600000, 0x00000007ca700000|  0%| F|  |TAMS 0x00000007ca600000, 0x00000007ca600000| Untracked 
| 167|0x00000007ca700000, 0x00000007ca700000, 0x00000007ca800000|  0%| F|  |TAMS 0x00000007ca700000, 0x00000007ca700000| Untracked 
| 168|0x00000007ca800000, 0x00000007ca800000, 0x00000007ca900000|  0%| F|  |TAMS 0x00000007ca800000, 0x00000007ca800000| Untracked 
| 169|0x00000007ca900000, 0x00000007ca900000, 0x00000007caa00000|  0%| F|  |TAMS 0x00000007ca900000, 0x00000007ca900000| Untracked 
| 170|0x00000007caa00000, 0x00000007caa00000, 0x00000007cab00000|  0%| F|  |TAMS 0x00000007caa00000, 0x00000007caa00000| Untracked 
| 171|0x00000007cab00000, 0x00000007cab00000, 0x00000007cac00000|  0%| F|  |TAMS 0x00000007cab00000, 0x00000007cab00000| Untracked 
| 172|0x00000007cac00000, 0x00000007cac00000, 0x00000007cad00000|  0%| F|  |TAMS 0x00000007cac00000, 0x00000007cac00000| Untracked 
| 173|0x00000007cad00000, 0x00000007cad00000, 0x00000007cae00000|  0%| F|  |TAMS 0x00000007cad00000, 0x00000007cad00000| Untracked 
| 174|0x00000007cae00000, 0x00000007cae00000, 0x00000007caf00000|  0%| F|  |TAMS 0x00000007cae00000, 0x00000007cae00000| Untracked 
| 175|0x00000007caf00000, 0x00000007caf00000, 0x00000007cb000000|  0%| F|  |TAMS 0x00000007caf00000, 0x00000007caf00000| Untracked 
| 176|0x00000007cb000000, 0x00000007cb000000, 0x00000007cb100000|  0%| F|  |TAMS 0x00000007cb000000, 0x00000007cb000000| Untracked 
| 177|0x00000007cb100000, 0x00000007cb100000, 0x00000007cb200000|  0%| F|  |TAMS 0x00000007cb100000, 0x00000007cb100000| Untracked 
| 178|0x00000007cb200000, 0x00000007cb200000, 0x00000007cb300000|  0%| F|  |TAMS 0x00000007cb200000, 0x00000007cb200000| Untracked 
| 179|0x00000007cb300000, 0x00000007cb300000, 0x00000007cb400000|  0%| F|  |TAMS 0x00000007cb300000, 0x00000007cb300000| Untracked 
| 180|0x00000007cb400000, 0x00000007cb400000, 0x00000007cb500000|  0%| F|  |TAMS 0x00000007cb400000, 0x00000007cb400000| Untracked 
| 181|0x00000007cb500000, 0x00000007cb500000, 0x00000007cb600000|  0%| F|  |TAMS 0x00000007cb500000, 0x00000007cb500000| Untracked 
| 182|0x00000007cb600000, 0x00000007cb600000, 0x00000007cb700000|  0%| F|  |TAMS 0x00000007cb600000, 0x00000007cb600000| Untracked 
| 183|0x00000007cb700000, 0x00000007cb700000, 0x00000007cb800000|  0%| F|  |TAMS 0x00000007cb700000, 0x00000007cb700000| Untracked 
| 184|0x00000007cb800000, 0x00000007cb800000, 0x00000007cb900000|  0%| F|  |TAMS 0x00000007cb800000, 0x00000007cb800000| Untracked 
| 185|0x00000007cb900000, 0x00000007cb900000, 0x00000007cba00000|  0%| F|  |TAMS 0x00000007cb900000, 0x00000007cb900000| Untracked 
| 186|0x00000007cba00000, 0x00000007cba00000, 0x00000007cbb00000|  0%| F|  |TAMS 0x00000007cba00000, 0x00000007cba00000| Untracked 
| 187|0x00000007cbb00000, 0x00000007cbb00000, 0x00000007cbc00000|  0%| F|  |TAMS 0x00000007cbb00000, 0x00000007cbb00000| Untracked 
| 188|0x00000007cbc00000, 0x00000007cbc00000, 0x00000007cbd00000|  0%| F|  |TAMS 0x00000007cbc00000, 0x00000007cbc00000| Untracked 
| 189|0x00000007cbd00000, 0x00000007cbd00000, 0x00000007cbe00000|  0%| F|  |TAMS 0x00000007cbd00000, 0x00000007cbd00000| Untracked 
| 190|0x00000007cbe00000, 0x00000007cbe00000, 0x00000007cbf00000|  0%| F|  |TAMS 0x00000007cbe00000, 0x00000007cbe00000| Untracked 
| 191|0x00000007cbf00000, 0x00000007cbf64d10, 0x00000007cc000000| 39%| E|  |TAMS 0x00000007cbf00000, 0x00000007cbf00000| Complete 

Card table byte_map: [0x0000000124bf4000,0x0000000124df4000] _byte_map_base: 0x0000000120df4000

Marking Bits (Prev, Next): (CMBitMap*) 0x00007f939403a850, (CMBitMap*) 0x00007f939403a818
 Prev Bits: [0x0000000125ff4000, 0x0000000126ff4000)
 Next Bits: [0x0000000124ff4000, 0x0000000125ff4000)

Polling page: 0x000000010cda2000

Metaspace:

Usage:
  Non-class:     81.04 MB capacity,    79.75 MB ( 98%) used,     1.03 MB (  1%) free+waste,   256.12 KB ( <1%) overhead. 
      Class:     11.18 MB capacity,    10.41 MB ( 93%) used,   680.07 KB (  6%) free+waste,   107.62 KB ( <1%) overhead. 
       Both:     92.22 MB capacity,    90.17 MB ( 98%) used,     1.69 MB (  2%) free+waste,   363.75 KB ( <1%) overhead. 

Virtual space:
  Non-class space:       82.00 MB reserved,      81.50 MB (>99%) committed 
      Class space:        1.00 GB reserved,      11.32 MB (  1%) committed 
             Both:        1.08 GB reserved,      92.82 MB (  8%) committed 

Chunk freelists:
   Non-Class:  43.00 KB
       Class:  12.62 KB
        Both:  55.62 KB

CodeHeap 'non-profiled nmethods': size=120036Kb used=8643Kb max_used=8643Kb free=111392Kb
 bounds [0x000000011d0e5000, 0x000000011d965000, 0x000000012461e000]
CodeHeap 'profiled nmethods': size=120032Kb used=25975Kb max_used=25975Kb free=94056Kb
 bounds [0x0000000115bad000, 0x000000011756d000, 0x000000011d0e5000]
CodeHeap 'non-nmethods': size=5692Kb used=1251Kb max_used=1313Kb free=4440Kb
 bounds [0x000000011561e000, 0x000000011588e000, 0x0000000115bad000]
 total_blobs=19576 nmethods=13267 adapters=559
 compilation: enabled
              stopped_count=0, restarted_count=0
 full_count=0

Compilation events (10 events):
Event: 3162.222 Thread 0x00007f93940a5000 nmethod 16514 0x0000000116c87890 code [0x0000000116c87b00, 0x0000000116c88458]
Event: 3162.238 Thread 0x00007f93940a5000 16515       3       org.hibernate.event.spi.PreLoadEvent::<init> (6 bytes)
Event: 3162.239 Thread 0x00007f93940a5000 nmethod 16515 0x0000000116a12f10 code [0x0000000116a130e0, 0x0000000116a13350]
Event: 3162.243 Thread 0x00007f9394093000 nmethod 16510 0x000000011d956310 code [0x000000011d956520, 0x000000011d956e10]
Event: 3162.280 Thread 0x00007f93940a5000 16517       3       org.apache.catalina.mapper.Mapper::find (14 bytes)
Event: 3162.280 Thread 0x00007f93940a5000 nmethod 16517 0x0000000116a57910 code [0x0000000116a57ae0, 0x0000000116a57d88]
Event: 3162.280 Thread 0x00007f93940a5000 16516       1       org.apache.catalina.connector.OutputBuffer::setSuspended (6 bytes)
Event: 3162.280 Thread 0x00007f93940a5000 nmethod 16516 0x000000011d957210 code [0x000000011d9573c0, 0x000000011d9574d0]
Event: 3162.280 Thread 0x00007f9394093000 16518       4       javax.servlet.ServletRequestWrapper::getCharacterEncoding (10 bytes)
Event: 3162.281 Thread 0x00007f9394093000 nmethod 16518 0x000000011d957590 code [0x000000011d957720, 0x000000011d9577b8]

GC Heap History (10 events):
Event: 2762.383 GC heap before
{Heap before GC invocations=109 (full 6):
 garbage-first heap   total 196608K, used 165342K [0x00000007c0000000, 0x0000000800000000)
  region size 1024K, 70 young (71680K), 5 survivors (5120K)
 Metaspace       used 91000K, capacity 93051K, committed 93772K, reserved 1132544K
  class space    used 10598K, capacity 11370K, committed 11596K, reserved 1048576K
}
Event: 2762.429 GC heap after
{Heap after GC invocations=110 (full 6):
 garbage-first heap   total 196608K, used 101194K [0x00000007c0000000, 0x0000000800000000)
  region size 1024K, 6 young (6144K), 6 survivors (6144K)
 Metaspace       used 91000K, capacity 93051K, committed 93772K, reserved 1132544K
  class space    used 10598K, capacity 11370K, committed 11596K, reserved 1048576K
}
Event: 2764.658 GC heap before
{Heap before GC invocations=111 (full 6):
 garbage-first heap   total 196608K, used 165706K [0x00000007c0000000, 0x0000000800000000)
  region size 1024K, 69 young (70656K), 6 survivors (6144K)
 Metaspace       used 91874K, capacity 94004K, committed 94540K, reserved 1132544K
  class space    used 10655K, capacity 11443K, committed 11596K, reserved 1048576K
}
Event: 2764.760 GC heap after
{Heap after GC invocations=112 (full 6):
 garbage-first heap   total 196608K, used 104670K [0x00000007c0000000, 0x0000000800000000)
  region size 1024K, 8 young (8192K), 8 survivors (8192K)
 Metaspace       used 91874K, capacity 94004K, committed 94540K, reserved 1132544K
  class space    used 10655K, capacity 11443K, committed 11596K, reserved 1048576K
}
Event: 2862.289 GC heap before
{Heap before GC invocations=112 (full 6):
 garbage-first heap   total 196608K, used 163038K [0x00000007c0000000, 0x0000000800000000)
  region size 1024K, 66 young (67584K), 8 survivors (8192K)
 Metaspace       used 91984K, capacity 94072K, committed 94796K, reserved 1132544K
  class space    used 10657K, capacity 11444K, committed 11596K, reserved 1048576K
}
Event: 2862.437 GC heap after
{Heap after GC invocations=113 (full 6):
 garbage-first heap   total 196608K, used 104700K [0x00000007c0000000, 0x0000000800000000)
  region size 1024K, 2 young (2048K), 2 survivors (2048K)
 Metaspace       used 91984K, capacity 94072K, committed 94796K, reserved 1132544K
  class space    used 10657K, capacity 11444K, committed 11596K, reserved 1048576K
}
Event: 3009.192 GC heap before
{Heap before GC invocations=114 (full 6):
 garbage-first heap   total 196608K, used 164092K [0x00000007c0000000, 0x0000000800000000)
  region size 1024K, 61 young (62464K), 2 survivors (2048K)
 Metaspace       used 92208K, capacity 94269K, committed 94796K, reserved 1132544K
  class space    used 10659K, capacity 11445K, committed 11596K, reserved 1048576K
}
Event: 3009.283 GC heap after
{Heap after GC invocations=115 (full 6):
 garbage-first heap   total 196608K, used 104718K [0x00000007c0000000, 0x0000000800000000)
  region size 1024K, 2 young (2048K), 2 survivors (2048K)
 Metaspace       used 92208K, capacity 94269K, committed 94796K, reserved 1132544K
  class space    used 10659K, capacity 11445K, committed 11596K, reserved 1048576K
}
Event: 3169.828 GC heap before
{Heap before GC invocations=115 (full 6):
 garbage-first heap   total 196608K, used 165134K [0x00000007c0000000, 0x0000000800000000)
  region size 1024K, 62 young (63488K), 2 survivors (2048K)
 Metaspace       used 92332K, capacity 94431K, committed 95052K, reserved 1132544K
  class space    used 10663K, capacity 11451K, committed 11596K, reserved 1048576K
}
Event: 3169.864 GC heap after
{Heap after GC invocations=116 (full 6):
 garbage-first heap   total 196608K, used 104869K [0x00000007c0000000, 0x0000000800000000)
  region size 1024K, 2 young (2048K), 2 survivors (2048K)
 Metaspace       used 92332K, capacity 94431K, committed 95052K, reserved 1132544K
  class space    used 10663K, capacity 11451K, committed 11596K, reserved 1048576K
}

Deoptimization events (10 events):
Event: 2754.511 Thread 0x00007f9396bb5000 Uncommon trap: reason=bimorphic_or_optimized_type_check action=maybe_recompile pc=0x000000011d8da120 method=org.springframework.core.type.filter.AbstractTypeHierarchyTraversingFilter.match(Lorg/springframework/core/type/classreading/MetadataReader;Lorg/sp
Event: 2757.330 Thread 0x00007f9396bb5000 Uncommon trap: reason=class_check action=maybe_recompile pc=0x000000011d708a20 method=org.springframework.core.type.filter.AbstractTypeHierarchyTraversingFilter.match(Lorg/springframework/core/type/classreading/MetadataReader;Lorg/springframework/core/typ
Event: 2757.330 Thread 0x00007f9396bb5000 Uncommon trap: reason=class_check action=maybe_recompile pc=0x000000011d708a20 method=org.springframework.core.type.filter.AbstractTypeHierarchyTraversingFilter.match(Lorg/springframework/core/type/classreading/MetadataReader;Lorg/springframework/core/typ
Event: 2757.332 Thread 0x00007f9396bb5000 Uncommon trap: reason=class_check action=maybe_recompile pc=0x000000011d708a20 method=org.springframework.core.type.filter.AbstractTypeHierarchyTraversingFilter.match(Lorg/springframework/core/type/classreading/MetadataReader;Lorg/springframework/core/typ
Event: 2757.332 Thread 0x00007f9396bb5000 Uncommon trap: reason=class_check action=maybe_recompile pc=0x000000011d708a20 method=org.springframework.core.type.filter.AbstractTypeHierarchyTraversingFilter.match(Lorg/springframework/core/type/classreading/MetadataReader;Lorg/springframework/core/typ
Event: 2761.798 Thread 0x00007f9396bb5000 Uncommon trap: reason=array_check action=maybe_recompile pc=0x000000011d905a68 method=sun.reflect.annotation.AnnotationParser.parseArrayElements([Ljava/lang/Object;Ljava/nio/ByteBuffer;ILjava/util/function/Supplier;)Ljava/lang/Object; @ 61 c2
Event: 2761.798 Thread 0x00007f9396bb5000 Uncommon trap: reason=array_check action=maybe_recompile pc=0x000000011d905a68 method=sun.reflect.annotation.AnnotationParser.parseArrayElements([Ljava/lang/Object;Ljava/nio/ByteBuffer;ILjava/util/function/Supplier;)Ljava/lang/Object; @ 61 c2
Event: 2761.809 Thread 0x00007f9396bb5000 Uncommon trap: reason=array_check action=maybe_recompile pc=0x000000011d905a68 method=sun.reflect.annotation.AnnotationParser.parseArrayElements([Ljava/lang/Object;Ljava/nio/ByteBuffer;ILjava/util/function/Supplier;)Ljava/lang/Object; @ 61 c2
Event: 2761.811 Thread 0x00007f9396bb5000 Uncommon trap: reason=array_check action=maybe_recompile pc=0x000000011d905a68 method=sun.reflect.annotation.AnnotationParser.parseArrayElements([Ljava/lang/Object;Ljava/nio/ByteBuffer;ILjava/util/function/Supplier;)Ljava/lang/Object; @ 61 c2
Event: 2762.570 Thread 0x00007f9396bb5000 Uncommon trap: reason=unstable_if action=reinterpret pc=0x000000011d8f1b20 method=java.lang.Class.arrayContentsEq([Ljava/lang/Object;[Ljava/lang/Object;)Z @ 38 c2

Classes redefined (0 events):
No events

Internal exceptions (10 events):
Event: 3168.599 Thread 0x00007f939476f800 Exception <a 'java/security/PrivilegedActionException'{0x00000007c84746d8}> (0x00000007c84746d8) thrown at [/scratch/mesos/slaves/07fc96ef-bf4d-487f-b22f-a84e49f5f44a-S27799/frameworks/1735e8a2-a1db-478c-8104-60c8b0af87dd-0196/executors/23259148-f5c6-492a
Event: 3168.601 Thread 0x00007f939476f800 Exception <a 'java/security/PrivilegedActionException'{0x00000007c8480f40}> (0x00000007c8480f40) thrown at [/scratch/mesos/slaves/07fc96ef-bf4d-487f-b22f-a84e49f5f44a-S27799/frameworks/1735e8a2-a1db-478c-8104-60c8b0af87dd-0196/executors/23259148-f5c6-492a
Event: 3168.605 Thread 0x00007f939476f800 Exception <a 'java/security/PrivilegedActionException'{0x00000007c848e1b8}> (0x00000007c848e1b8) thrown at [/scratch/mesos/slaves/07fc96ef-bf4d-487f-b22f-a84e49f5f44a-S27799/frameworks/1735e8a2-a1db-478c-8104-60c8b0af87dd-0196/executors/23259148-f5c6-492a
Event: 3168.608 Thread 0x00007f939476f800 Exception <a 'java/security/PrivilegedActionException'{0x00000007c8499d38}> (0x00000007c8499d38) thrown at [/scratch/mesos/slaves/07fc96ef-bf4d-487f-b22f-a84e49f5f44a-S27799/frameworks/1735e8a2-a1db-478c-8104-60c8b0af87dd-0196/executors/23259148-f5c6-492a
Event: 3168.613 Thread 0x00007f939476f800 Exception <a 'java/security/PrivilegedActionException'{0x00000007c84a58c8}> (0x00000007c84a58c8) thrown at [/scratch/mesos/slaves/07fc96ef-bf4d-487f-b22f-a84e49f5f44a-S27799/frameworks/1735e8a2-a1db-478c-8104-60c8b0af87dd-0196/executors/23259148-f5c6-492a
Event: 3168.618 Thread 0x00007f939476f800 Exception <a 'java/security/PrivilegedActionException'{0x00000007c84b13f0}> (0x00000007c84b13f0) thrown at [/scratch/mesos/slaves/07fc96ef-bf4d-487f-b22f-a84e49f5f44a-S27799/frameworks/1735e8a2-a1db-478c-8104-60c8b0af87dd-0196/executors/23259148-f5c6-492a
Event: 3168.621 Thread 0x00007f939476f800 Exception <a 'java/security/PrivilegedActionException'{0x00000007c84bce60}> (0x00000007c84bce60) thrown at [/scratch/mesos/slaves/07fc96ef-bf4d-487f-b22f-a84e49f5f44a-S27799/frameworks/1735e8a2-a1db-478c-8104-60c8b0af87dd-0196/executors/23259148-f5c6-492a
Event: 3168.623 Thread 0x00007f939476f800 Exception <a 'java/security/PrivilegedActionException'{0x00000007c84c8930}> (0x00000007c84c8930) thrown at [/scratch/mesos/slaves/07fc96ef-bf4d-487f-b22f-a84e49f5f44a-S27799/frameworks/1735e8a2-a1db-478c-8104-60c8b0af87dd-0196/executors/23259148-f5c6-492a
Event: 3168.625 Thread 0x00007f939476f800 Exception <a 'java/security/PrivilegedActionException'{0x00000007c84d44c0}> (0x00000007c84d44c0) thrown at [/scratch/mesos/slaves/07fc96ef-bf4d-487f-b22f-a84e49f5f44a-S27799/frameworks/1735e8a2-a1db-478c-8104-60c8b0af87dd-0196/executors/23259148-f5c6-492a
Event: 3168.627 Thread 0x00007f939476f800 Exception <a 'java/security/PrivilegedActionException'{0x00000007c84dffe0}> (0x00000007c84dffe0) thrown at [/scratch/mesos/slaves/07fc96ef-bf4d-487f-b22f-a84e49f5f44a-S27799/frameworks/1735e8a2-a1db-478c-8104-60c8b0af87dd-0196/executors/23259148-f5c6-492a

Events (10 events):
Event: 3163.024 Executing VM operation: RevokeBias
Event: 3163.024 Executing VM operation: RevokeBias done
Event: 3163.024 Executing VM operation: RevokeBias
Event: 3163.024 Executing VM operation: RevokeBias done
Event: 3163.024 Executing VM operation: RevokeBias
Event: 3163.024 Executing VM operation: RevokeBias done
Event: 3163.024 Executing VM operation: RevokeBias
Event: 3163.024 Executing VM operation: RevokeBias done
Event: 3169.828 Executing VM operation: G1CollectForAllocation
Event: 3169.864 Executing VM operation: G1CollectForAllocation done


Dynamic libraries:
0x00007fff8f5d7000 	/System/Library/Frameworks/Cocoa.framework/Versions/A/Cocoa
0x00007fff94b96000 	/System/Library/Frameworks/Security.framework/Versions/A/Security
0x00007fff8c3ba000 	/System/Library/Frameworks/ApplicationServices.framework/Versions/A/ApplicationServices
0x00007fff9c447000 	/usr/lib/libz.1.dylib
0x00007fff92fcc000 	/usr/lib/libSystem.B.dylib
0x00007fff8dbbe000 	/System/Library/Frameworks/CoreFoundation.framework/Versions/A/CoreFoundation
0x00007fff8f5d8000 	/System/Library/Frameworks/Foundation.framework/Versions/C/Foundation
0x00007fff9e12a000 	/usr/lib/libobjc.A.dylib
0x00007fff931b7000 	/System/Library/Frameworks/AppKit.framework/Versions/C/AppKit
0x00007fff92c92000 	/System/Library/Frameworks/CoreData.framework/Versions/A/CoreData
0x00007fff8d997000 	/System/Library/PrivateFrameworks/RemoteViewServices.framework/Versions/A/RemoteViewServices
0x00007fff8d818000 	/System/Library/PrivateFrameworks/UIFoundation.framework/Versions/A/UIFoundation
0x00007fff9248a000 	/usr/lib/libScreenReader.dylib
0x00007fff92fe7000 	/System/Library/Frameworks/Accelerate.framework/Versions/A/Accelerate
0x00007fff8cad0000 	/System/Library/Frameworks/IOSurface.framework/Versions/A/IOSurface
0x00007fff95624000 	/System/Library/Frameworks/AudioToolbox.framework/Versions/A/AudioToolbox
0x00007fff8d53f000 	/System/Library/Frameworks/AudioUnit.framework/Versions/A/AudioUnit
0x00007fff9c55b000 	/System/Library/PrivateFrameworks/DataDetectorsCore.framework/Versions/A/DataDetectorsCore
0x00007fff89fa1000 	/System/Library/PrivateFrameworks/DesktopServicesPriv.framework/Versions/A/DesktopServicesPriv
0x00007fff99e60000 	/System/Library/Frameworks/Carbon.framework/Versions/A/Frameworks/HIToolbox.framework/Versions/A/HIToolbox
0x00007fff948bf000 	/System/Library/Frameworks/QuartzCore.framework/Versions/A/QuartzCore
0x00007fff8a4e6000 	/System/Library/Frameworks/Carbon.framework/Versions/A/Frameworks/SpeechRecognition.framework/Versions/A/SpeechRecognition
0x00007fff9ee38000 	/usr/lib/libauto.dylib
0x00007fff8c097000 	/usr/lib/libicucore.A.dylib
0x00007fff92834000 	/usr/lib/libxml2.2.dylib
0x00007fff96861000 	/System/Library/PrivateFrameworks/CoreUI.framework/Versions/A/CoreUI
0x00007fff8a27e000 	/System/Library/Frameworks/CoreAudio.framework/Versions/A/CoreAudio
0x00007fff96471000 	/System/Library/Frameworks/DiskArbitration.framework/Versions/A/DiskArbitration
0x00007fff9818f000 	/usr/lib/liblangid.dylib
0x00007fff9c4ef000 	/System/Library/PrivateFrameworks/MultitouchSupport.framework/Versions/A/MultitouchSupport
0x00007fff9785f000 	/System/Library/Frameworks/IOKit.framework/Versions/A/IOKit
0x00007fff8a4e4000 	/usr/lib/libDiagnosticMessagesClient.dylib
0x00007fff9cce6000 	/System/Library/Frameworks/CoreServices.framework/Versions/A/CoreServices
0x00007fff89536000 	/System/Library/PrivateFrameworks/PerformanceAnalysis.framework/Versions/A/PerformanceAnalysis
0x00007fff9d1ac000 	/System/Library/PrivateFrameworks/GenerationalStorage.framework/Versions/A/GenerationalStorage
0x00007fff9ec1c000 	/System/Library/Frameworks/OpenGL.framework/Versions/A/OpenGL
0x00007fff8ee50000 	/System/Library/PrivateFrameworks/Sharing.framework/Versions/A/Sharing
0x00007fff9098f000 	/System/Library/Frameworks/CoreGraphics.framework/Versions/A/CoreGraphics
0x00007fff9e4a2000 	/System/Library/Frameworks/CoreImage.framework/Versions/A/CoreImage
0x00007fff9632a000 	/System/Library/Frameworks/CoreText.framework/Versions/A/CoreText
0x00007fff8f182000 	/System/Library/Frameworks/ImageIO.framework/Versions/A/ImageIO
0x00007fff9f2e4000 	/System/Library/PrivateFrameworks/Backup.framework/Versions/A/Backup
0x00007fff9e0c9000 	/usr/lib/libextension.dylib
0x00007fff8a505000 	/usr/lib/libarchive.2.dylib
0x00007fff8bb39000 	/System/Library/Frameworks/CFNetwork.framework/Versions/A/CFNetwork
0x00007fff92f60000 	/System/Library/Frameworks/SystemConfiguration.framework/Versions/A/SystemConfiguration
0x00007fff8bdc1000 	/usr/lib/libCRFSuite.dylib
0x00007fff8da60000 	/usr/lib/libc++.1.dylib
0x00007fff9585b000 	/usr/lib/libc++abi.dylib
0x00007fff95554000 	/usr/lib/system/libcache.dylib
0x00007fff95167000 	/usr/lib/system/libcommonCrypto.dylib
0x00007fff9d2bc000 	/usr/lib/system/libcompiler_rt.dylib
0x00007fff954fa000 	/usr/lib/system/libcopyfile.dylib
0x00007fff8f464000 	/usr/lib/system/libcorecrypto.dylib
0x00007fff8ae18000 	/usr/lib/system/libdispatch.dylib
0x00007fff92b11000 	/usr/lib/system/libdyld.dylib
0x00007fff8ea4c000 	/usr/lib/system/libkeymgr.dylib
0x00007fff9d2c4000 	/usr/lib/system/liblaunch.dylib
0x00007fff89434000 	/usr/lib/system/libmacho.dylib
0x00007fff924a8000 	/usr/lib/system/libquarantine.dylib
0x00007fff8a1f7000 	/usr/lib/system/libremovefile.dylib
0x00007fff8f93a000 	/usr/lib/system/libsystem_asl.dylib
0x00007fff893d8000 	/usr/lib/system/libsystem_blocks.dylib
0x00007fff8cde8000 	/usr/lib/system/libsystem_c.dylib
0x00007fff8ae12000 	/usr/lib/system/libsystem_configuration.dylib
0x00007fff8ba9e000 	/usr/lib/system/libsystem_coreservices.dylib
0x00007fff8b343000 	/usr/lib/system/libsystem_coretls.dylib
0x00007fff8d549000 	/usr/lib/system/libsystem_dnssd.dylib
0x00007fff8fafe000 	/usr/lib/system/libsystem_info.dylib
0x00007fff93008000 	/usr/lib/system/libsystem_kernel.dylib
0x00007fff92a7a000 	/usr/lib/system/libsystem_m.dylib
0x00007fff9e6c4000 	/usr/lib/system/libsystem_malloc.dylib
0x00007fff92aaa000 	/usr/lib/system/libsystem_network.dylib
0x00007fff9470f000 	/usr/lib/system/libsystem_networkextension.dylib
0x00007fff9af29000 	/usr/lib/system/libsystem_notify.dylib
0x00007fff9e6e1000 	/usr/lib/system/libsystem_platform.dylib
0x00007fff9cc1b000 	/usr/lib/system/libsystem_pthread.dylib
0x00007fff8f4dc000 	/usr/lib/system/libsystem_sandbox.dylib
0x00007fff8a1ff000 	/usr/lib/system/libsystem_secinit.dylib
0x00007fff95155000 	/usr/lib/system/libsystem_trace.dylib
0x00007fff91dd7000 	/usr/lib/system/libunc.dylib
0x00007fff8c3bb000 	/usr/lib/system/libunwind.dylib
0x00007fff89f59000 	/usr/lib/system/libxpc.dylib
0x00007fff96860000 	/usr/lib/libenergytrace.dylib
0x00007fff96460000 	/usr/lib/libbsm.0.dylib
0x00007fff8ae93000 	/usr/lib/system/libkxld.dylib
0x00007fff8a4c3000 	/usr/lib/libxar.1.dylib
0x00007fff92b74000 	/usr/lib/libsqlite3.dylib
0x00007fff89f83000 	/usr/lib/libpam.2.dylib
0x00007fff89f58000 	/usr/lib/libOpenScriptingUtil.dylib
0x00007fff8a4d5000 	/usr/lib/libbz2.1.0.dylib
0x00007fff954df000 	/usr/lib/liblzma.5.dylib
0x00007fff955ac000 	/System/Library/Frameworks/CoreServices.framework/Versions/A/Frameworks/FSEvents.framework/Versions/A/FSEvents
0x00007fff8ee73000 	/System/Library/Frameworks/CoreServices.framework/Versions/A/Frameworks/CarbonCore.framework/Versions/A/CarbonCore
0x00007fff9a9d6000 	/System/Library/Frameworks/CoreServices.framework/Versions/A/Frameworks/Metadata.framework/Versions/A/Metadata
0x00007fff96760000 	/System/Library/Frameworks/CoreServices.framework/Versions/A/Frameworks/OSServices.framework/Versions/A/OSServices
0x00007fff94764000 	/System/Library/Frameworks/CoreServices.framework/Versions/A/Frameworks/SearchKit.framework/Versions/A/SearchKit
0x00007fff903df000 	/System/Library/Frameworks/CoreServices.framework/Versions/A/Frameworks/AE.framework/Versions/A/AE
0x00007fff89dfe000 	/System/Library/Frameworks/CoreServices.framework/Versions/A/Frameworks/LaunchServices.framework/Versions/A/LaunchServices
0x00007fff977ae000 	/System/Library/Frameworks/CoreServices.framework/Versions/A/Frameworks/DictionaryServices.framework/Versions/A/DictionaryServices
0x00007fff8dab4000 	/System/Library/Frameworks/CoreServices.framework/Versions/A/Frameworks/SharedFileList.framework/Versions/A/SharedFileList
0x00007fff903d6000 	/System/Library/Frameworks/NetFS.framework/Versions/A/NetFS
0x00007fff93027000 	/System/Library/PrivateFrameworks/NetAuth.framework/Versions/A/NetAuth
0x00007fff8b12e000 	/System/Library/PrivateFrameworks/login.framework/Versions/A/Frameworks/loginsupport.framework/Versions/A/loginsupport
0x00007fff98191000 	/System/Library/PrivateFrameworks/TCC.framework/Versions/A/TCC
0x00007fff8ea4d000 	/usr/lib/libmecabra.dylib
0x00007fff8ae9f000 	/System/Library/Frameworks/ApplicationServices.framework/Versions/A/Frameworks/ATS.framework/Versions/A/ATS
0x00007fff9accf000 	/System/Library/Frameworks/ApplicationServices.framework/Versions/A/Frameworks/ColorSync.framework/Versions/A/ColorSync
0x00007fff893e7000 	/System/Library/Frameworks/ApplicationServices.framework/Versions/A/Frameworks/HIServices.framework/Versions/A/HIServices
0x00007fff8cc6f000 	/System/Library/Frameworks/ApplicationServices.framework/Versions/A/Frameworks/LangAnalysis.framework/Versions/A/LangAnalysis
0x00007fff953e4000 	/System/Library/Frameworks/ApplicationServices.framework/Versions/A/Frameworks/PrintCore.framework/Versions/A/PrintCore
0x00007fff8bafa000 	/System/Library/Frameworks/ApplicationServices.framework/Versions/A/Frameworks/QD.framework/Versions/A/QD
0x00007fff97852000 	/System/Library/Frameworks/ApplicationServices.framework/Versions/A/Frameworks/SpeechSynthesis.framework/Versions/A/SpeechSynthesis
0x00007fff9f292000 	/System/Library/Frameworks/Metal.framework/Versions/A/Metal
0x00007fff972ef000 	/System/Library/Frameworks/Accelerate.framework/Versions/A/Frameworks/vImage.framework/Versions/A/vImage
0x00007fff8943a000 	/System/Library/Frameworks/Accelerate.framework/Versions/A/Frameworks/vecLib.framework/Versions/A/vecLib
0x00007fff8c93d000 	/System/Library/Frameworks/Accelerate.framework/Versions/A/Frameworks/vecLib.framework/Versions/A/libvDSP.dylib
0x00007fff94f58000 	/System/Library/Frameworks/Accelerate.framework/Versions/A/Frameworks/vecLib.framework/Versions/A/libvMisc.dylib
0x00007fff984a1000 	/System/Library/Frameworks/Accelerate.framework/Versions/A/Frameworks/vecLib.framework/Versions/A/libLAPACK.dylib
0x00007fff98293000 	/System/Library/Frameworks/Accelerate.framework/Versions/A/Frameworks/vecLib.framework/Versions/A/libBLAS.dylib
0x00007fff8a2ff000 	/System/Library/Frameworks/Accelerate.framework/Versions/A/Frameworks/vecLib.framework/Versions/A/libLinearAlgebra.dylib
0x00007fff98264000 	/System/Library/Frameworks/Accelerate.framework/Versions/A/Frameworks/vecLib.framework/Versions/A/libSparseBLAS.dylib
0x00007fff96282000 	/System/Library/PrivateFrameworks/GPUCompiler.framework/libmetal_timestamp.dylib
0x00007fff8bb35000 	/System/Library/Frameworks/OpenGL.framework/Versions/A/Libraries/libCoreFSCache.dylib
0x00007fff96459000 	/System/Library/PrivateFrameworks/IOAccelerator.framework/Versions/A/IOAccelerator
0x00007fff96fc2000 	/System/Library/Frameworks/ApplicationServices.framework/Versions/A/Frameworks/ATS.framework/Versions/A/Resources/libFontParser.dylib
0x00007fff9c715000 	/System/Library/Frameworks/ApplicationServices.framework/Versions/A/Frameworks/ATS.framework/Versions/A/Resources/libFontRegistry.dylib
0x00007fff98941000 	/System/Library/PrivateFrameworks/AppleVPA.framework/Versions/A/AppleVPA
0x00007fff8ed13000 	/System/Library/PrivateFrameworks/AppleJPEG.framework/Versions/A/AppleJPEG
0x00007fff9e075000 	/System/Library/Frameworks/ImageIO.framework/Versions/A/Resources/libJPEG.dylib
0x00007fff8f518000 	/System/Library/Frameworks/ImageIO.framework/Versions/A/Resources/libTIFF.dylib
0x00007fff94f32000 	/System/Library/Frameworks/ImageIO.framework/Versions/A/Resources/libPng.dylib
0x00007fff98932000 	/System/Library/Frameworks/ImageIO.framework/Versions/A/Resources/libGIF.dylib
0x00007fff971ad000 	/System/Library/Frameworks/ImageIO.framework/Versions/A/Resources/libJP2.dylib
0x00007fff9aebd000 	/System/Library/Frameworks/ImageIO.framework/Versions/A/Resources/libRadiance.dylib
0x00007fff9c514000 	/System/Library/Frameworks/CoreVideo.framework/Versions/A/CoreVideo
0x00007fff9e80b000 	/System/Library/Frameworks/OpenGL.framework/Versions/A/Libraries/libGLU.dylib
0x00007fff8cd39000 	/System/Library/Frameworks/OpenGL.framework/Versions/A/Libraries/libGFXShared.dylib
0x00007fff9eb10000 	/System/Library/Frameworks/OpenGL.framework/Versions/A/Libraries/libGL.dylib
0x00007fff8e042000 	/System/Library/Frameworks/OpenGL.framework/Versions/A/Libraries/libGLImage.dylib
0x00007fff92429000 	/System/Library/Frameworks/OpenGL.framework/Versions/A/Libraries/libCVMSPluginSupport.dylib
0x00007fff9ec18000 	/System/Library/Frameworks/OpenGL.framework/Versions/A/Libraries/libCoreVMClient.dylib
0x00007fff8a3a9000 	/usr/lib/libcompression.dylib
0x00007fff8a3c3000 	/usr/lib/libcups.2.dylib
0x00007fff9250a000 	/System/Library/Frameworks/Kerberos.framework/Versions/A/Kerberos
0x00007fff8b995000 	/System/Library/Frameworks/GSS.framework/Versions/A/GSS
0x00007fff95138000 	/usr/lib/libresolv.9.dylib
0x00007fff95045000 	/usr/lib/libiconv.2.dylib
0x00007fff9ed2d000 	/System/Library/PrivateFrameworks/Heimdal.framework/Versions/A/Heimdal
0x00007fff92f5a000 	/usr/lib/libheimdal-asn1.dylib
0x00007fff972a0000 	/System/Library/Frameworks/OpenDirectory.framework/Versions/A/OpenDirectory
0x00007fff9475a000 	/System/Library/PrivateFrameworks/CommonAuth.framework/Versions/A/CommonAuth
0x00007fff9eda2000 	/System/Library/Frameworks/OpenDirectory.framework/Versions/A/Frameworks/CFOpenDirectory.framework/Versions/A/CFOpenDirectory
0x00007fff966eb000 	/System/Library/Frameworks/SecurityFoundation.framework/Versions/A/SecurityFoundation
0x00007fff8eda1000 	/System/Library/PrivateFrameworks/LanguageModeling.framework/Versions/A/LanguageModeling
0x00007fff9ef1b000 	/usr/lib/libmarisa.dylib
0x00007fff98287000 	/usr/lib/libChineseTokenizer.dylib
0x00007fff9c549000 	/usr/lib/libcmph.dylib
0x00007fff92b15000 	/System/Library/Frameworks/ServiceManagement.framework/Versions/A/ServiceManagement
0x00007fff8a8f3000 	/usr/lib/libxslt.1.dylib
0x00007fff9c9b6000 	/System/Library/Frameworks/Carbon.framework/Versions/A/Frameworks/Ink.framework/Versions/A/Ink
0x00007fff8994f000 	/usr/lib/libFosl_dynamic.dylib
0x00007fff9a2e1000 	/System/Library/PrivateFrameworks/FaceCore.framework/Versions/A/FaceCore
0x00007fff977e5000 	/System/Library/Frameworks/OpenCL.framework/Versions/A/OpenCL
0x00007fff9e6ea000 	/System/Library/PrivateFrameworks/CrashReporterSupport.framework/Versions/A/CrashReporterSupport
0x00007fff9683d000 	/System/Library/PrivateFrameworks/IconServices.framework/Versions/A/IconServices
0x00007fff92814000 	/System/Library/PrivateFrameworks/Apple80211.framework/Versions/A/Apple80211
0x00007fff9cce7000 	/System/Library/Frameworks/CoreWLAN.framework/Versions/A/CoreWLAN
0x00007fff96f1d000 	/System/Library/Frameworks/IOBluetooth.framework/Versions/A/IOBluetooth
0x00007fff98e82000 	/System/Library/PrivateFrameworks/CoreWiFi.framework/Versions/A/CoreWiFi
0x00007fff92fce000 	/System/Library/Frameworks/CoreBluetooth.framework/Versions/A/CoreBluetooth
0x00007fff972c7000 	/System/Library/PrivateFrameworks/ChunkingLibrary.framework/Versions/A/ChunkingLibrary
0x00007fff9471f000 	/System/Library/PrivateFrameworks/DebugSymbols.framework/Versions/A/DebugSymbols
0x00007fff8f360000 	/System/Library/PrivateFrameworks/CoreSymbolication.framework/Versions/A/CoreSymbolication
0x00007fff9e7ba000 	/System/Library/PrivateFrameworks/Symbolication.framework/Versions/A/Symbolication
0x00007fff8f92d000 	/System/Library/PrivateFrameworks/SpeechRecognitionCore.framework/Versions/A/SpeechRecognitionCore
0x000000010c01b000 	/Library/Java/JavaVirtualMachines/jdk-11.0.2.jdk/Contents/Home/lib/server/libjvm.dylib
0x000000010cd68000 	/Library/Java/JavaVirtualMachines/jdk-11.0.2.jdk/Contents/Home/lib/libverify.dylib
0x000000010cd74000 	/Library/Java/JavaVirtualMachines/jdk-11.0.2.jdk/Contents/Home/lib/libjava.dylib
0x000000010cdac000 	/Library/Java/JavaVirtualMachines/jdk-11.0.2.jdk/Contents/Home/lib/libzip.dylib
0x000000010cdb4000 	/Library/Java/JavaVirtualMachines/jdk-11.0.2.jdk/Contents/Home/lib/libjimage.dylib
0x000000010cdef000 	/Library/Java/JavaVirtualMachines/jdk-11.0.2.jdk/Contents/Home/lib/libnio.dylib
0x0000000129bf8000 	/Library/Java/JavaVirtualMachines/jdk-11.0.2.jdk/Contents/Home/lib/./libnet.dylib
0x0000000129c94000 	/Library/Java/JavaVirtualMachines/jdk-11.0.2.jdk/Contents/Home/lib/libmanagement.dylib
0x0000000129c99000 	/Library/Java/JavaVirtualMachines/jdk-11.0.2.jdk/Contents/Home/lib/libmanagement_ext.dylib
0x000000010cdfd000 	/Library/Java/JavaVirtualMachines/jdk-11.0.2.jdk/Contents/Home/lib/libextnet.dylib
0x0000000129bbd000 	/Library/Java/JavaVirtualMachines/jdk-11.0.2.jdk/Contents/Home/lib/libsunec.dylib


VM Arguments:
jvm_args: -Dcom.sun.management.jmxremote -Dcom.sun.management.jmxremote.port=58011 -Dcom.sun.management.jmxremote.authenticate=false -Dcom.sun.management.jmxremote.ssl=false -Djava.rmi.server.hostname=localhost -Dspring.application.admin.enabled=true -Dfile.encoding=UTF-8 
java_command: com.IsaApplication
java_class_path (initial): /Users/mac/git/ISA/target/classes:/Users/mac/.m2/repository/org/springframework/boot/spring-boot-starter-web/2.1.0.RELEASE/spring-boot-starter-web-2.1.0.RELEASE.jar:/Users/mac/.m2/repository/org/springframework/boot/spring-boot-starter/2.1.0.RELEASE/spring-boot-starter-2.1.0.RELEASE.jar:/Users/mac/.m2/repository/org/springframework/boot/spring-boot-starter-logging/2.1.0.RELEASE/spring-boot-starter-logging-2.1.0.RELEASE.jar:/Users/mac/.m2/repository/ch/qos/logback/logback-classic/1.2.3/logback-classic-1.2.3.jar:/Users/mac/.m2/repository/ch/qos/logback/logback-core/1.2.3/logback-core-1.2.3.jar:/Users/mac/.m2/repository/org/apache/logging/log4j/log4j-to-slf4j/2.11.1/log4j-to-slf4j-2.11.1.jar:/Users/mac/.m2/repository/org/apache/logging/log4j/log4j-api/2.11.1/log4j-api-2.11.1.jar:/Users/mac/.m2/repository/org/slf4j/jul-to-slf4j/1.7.25/jul-to-slf4j-1.7.25.jar:/Users/mac/.m2/repository/javax/annotation/javax.annotation-api/1.3.2/javax.annotation-api-1.3.2.jar:/Users/mac/.m2/repository/org/yaml/snakeyaml/1.23/snakeyaml-1.23.jar:/Users/mac/.m2/repository/org/springframework/boot/spring-boot-starter-json/2.1.0.RELEASE/spring-boot-starter-json-2.1.0.RELEASE.jar:/Users/mac/.m2/repository/com/fasterxml/jackson/datatype/jackson-datatype-jdk8/2.9.7/jackson-datatype-jdk8-2.9.7.jar:/Users/mac/.m2/repository/com/fasterxml/jackson/datatype/jackson-datatype-jsr310/2.9.7/jackson-datatype-jsr310-2.9.7.jar:/Users/mac/.m2/repository/com/fasterxml/jackson/module/jackson-module-parameter-names/2.9.7/jackson-module-parameter-names-2.9.7.jar:/Users/mac/.m2/repository/org/springframework/boot/spring-boot-starter-tomcat/2.1.0.RELEASE/spring-boot-starter-tomcat-2.1.0.RELEASE.jar:/Users/mac/.m2/repository/org/apache/tomcat/embed/tomcat-embed-core/9.0.12/tomcat-embed-core-9.0.12.jar:/Users/mac/.m2/repository/org/apache/tomcat/embed/tomcat-embed-el/9.0.12/tomcat-embed-el-9.0.12.jar:/Users/mac/.m2/repository/org/apache/tomcat/embed/tomcat-embed-websocket/9.0.12/tomcat-em
Launcher Type: SUN_STANDARD

[Global flags]
     intx CICompilerCount                          = 2                                         {product} {ergonomic}
     uint ConcGCThreads                            = 1                                         {product} {ergonomic}
     uint G1ConcRefinementThreads                  = 2                                         {product} {ergonomic}
   size_t G1HeapRegionSize                         = 1048576                                   {product} {ergonomic}
    uintx GCDrainStackTargetSize                   = 64                                        {product} {ergonomic}
   size_t InitialHeapSize                          = 67108864                                  {product} {ergonomic}
     bool ManagementServer                         = true                                      {product} {command line}
   size_t MarkStackSize                            = 4194304                                   {product} {ergonomic}
   size_t MaxHeapSize                              = 1073741824                                {product} {ergonomic}
   size_t MaxNewSize                               = 643825664                                 {product} {ergonomic}
   size_t MinHeapDeltaBytes                        = 1048576                                   {product} {ergonomic}
    uintx NonNMethodCodeHeapSize                   = 5824844                                {pd product} {ergonomic}
    uintx NonProfiledCodeHeapSize                  = 122916698                              {pd product} {ergonomic}
    uintx ProfiledCodeHeapSize                     = 122916698                              {pd product} {ergonomic}
    uintx ReservedCodeCacheSize                    = 251658240                              {pd product} {ergonomic}
     bool SegmentedCodeCache                       = true                                      {product} {ergonomic}
     bool UseCompressedClassPointers               = true                                 {lp64_product} {ergonomic}
     bool UseCompressedOops                        = true                                 {lp64_product} {ergonomic}
     bool UseG1GC                                  = true                                      {product} {ergonomic}

Logging:
Log output configuration:
 #0: stdout all=warning uptime,level,tags
 #1: stderr all=off uptime,level,tags

Environment Variables:
PATH=/Users/mac/anaconda3/bin:/usr/local/bin:/usr/bin:/bin:/usr/sbin:/sbin:/Library/Frameworks/Mono.framework/Versions/Current/Commands:/Applications/Xamarin Workbooks.app/Contents/SharedSupport/path-bin
SHELL=/bin/bash

Signal Handlers:
SIGSEGV: [libjvm.dylib+0x740190], sa_mask[0]=11111111011111110111111111111111, sa_flags=SA_ONSTACK|SA_RESTART|SA_SIGINFO
SIGBUS: [libjvm.dylib+0x740190], sa_mask[0]=11111111011111110111111111111111, sa_flags=SA_RESTART|SA_SIGINFO
SIGFPE: [libjvm.dylib+0x740190], sa_mask[0]=11111111011111110111111111111111, sa_flags=SA_RESTART|SA_SIGINFO
SIGPIPE: [libjvm.dylib+0x5f2e42], sa_mask[0]=11111111011111110111111111111111, sa_flags=SA_RESTART|SA_SIGINFO
SIGXFSZ: [libjvm.dylib+0x5f2e42], sa_mask[0]=11111111011111110111111111111111, sa_flags=SA_RESTART|SA_SIGINFO
SIGILL: [libjvm.dylib+0x740190], sa_mask[0]=11111111011111110111111111111111, sa_flags=SA_RESTART|SA_SIGINFO
SIGUSR2: [libjvm.dylib+0x5f3427], sa_mask[0]=00100000000000000000000000000000, sa_flags=SA_RESTART|SA_SIGINFO
SIGHUP: [libjvm.dylib+0x5f1e83], sa_mask[0]=11111111011111110111111111111111, sa_flags=SA_RESTART|SA_SIGINFO
SIGINT: [libjvm.dylib+0x5f1e83], sa_mask[0]=11111111011111110111111111111111, sa_flags=SA_RESTART|SA_SIGINFO
SIGTERM: [libjvm.dylib+0x5f1e83], sa_mask[0]=11111111011111110111111111111111, sa_flags=SA_RESTART|SA_SIGINFO
SIGQUIT: [libjvm.dylib+0x5f1e83], sa_mask[0]=11111111011111110111111111111111, sa_flags=SA_RESTART|SA_SIGINFO


---------------  S Y S T E M  ---------------

OS:uname:Darwin 15.6.0 Darwin Kernel Version 15.6.0: Thu Jun 21 20:07:40 PDT 2018; root:xnu-3248.73.11~1/RELEASE_X86_64 x86_64
rlimit: STACK 8192k, CORE 0k, NPROC 709, NOFILE 10240, AS infinity, DATA infinity, FSIZE infinity
load average:5.78 4.46 4.20

CPU:total 2 (initial active 2) (2 cores per cpu, 1 threads per core) family 6 model 23 stepping 10, cmov, cx8, fxsr, mmx, sse, sse2, sse3, ssse3, sse4.1, tsc

Memory: 4k page, physical 4194304k(27804k free)

vm_info: Java HotSpot(TM) 64-Bit Server VM (11.0.2+9-LTS) for bsd-amd64 JRE (11.0.2+9-LTS), built on Jan 18 2019 08:16:46 by "mach5one" with gcc 4.2.1 Compatible Apple LLVM 9.1.0 (clang-902.0.39.2)

END.
