#
# A fatal error has been detected by the Java Runtime Environment:
#
#  SIGSEGV (0xb) at pc=0x0000000108ee835a, pid=714, tid=13315
#
# JRE version: Java(TM) SE Runtime Environment (11.0.2+9) (build 11.0.2+9-LTS)
# Java VM: Java HotSpot(TM) 64-Bit Server VM (11.0.2+9-LTS, mixed mode, tiered, compressed oops, g1 gc, bsd-amd64)
# Problematic frame:
# V  [libjvm.dylib+0x37135a]  HeapRegion::block_size(HeapWord const*) const+0x10e
#
# No core dump will be written. Core dumps have been disabled. To enable core dumping, try "ulimit -c unlimited" before starting Java again
#
# If you would like to submit a bug report, please visit:
#   http://bugreport.java.com/bugreport/crash.jsp
#

---------------  S U M M A R Y ------------

Command Line: --add-modules=ALL-SYSTEM --add-opens=java.base/java.util=ALL-UNNAMED --add-opens=java.base/java.lang=ALL-UNNAMED -Declipse.application=org.eclipse.jdt.ls.core.id1 -Dosgi.bundles.defaultStartLevel=4 -Declipse.product=org.eclipse.jdt.ls.core.product -Xverify:none -Xmx1G -XX:+UseG1GC -XX:+UseStringDeduplication /Users/mac/.vscode/extensions/redhat.java-0.37.0/server/plugins/org.eclipse.equinox.launcher_1.5.200.v20180922-1751.jar -configuration /Users/mac/.vscode/extensions/redhat.java-0.37.0/server/config_mac -data /Users/mac/Library/Application Support/Code/User/workspaceStorage/be8ca4784b09ef5a6cd7a3d8209e4962/redhat.java/jdt_ws

Host: Macmini3,1 x86_64 2530 MHz, 2 cores, 4G, Darwin 15.6.0
Time: Thu Jan 31 02:28:11 2019 CET elapsed time: 16 seconds (0d 0h 0m 16s)

---------------  T H R E A D  ---------------

Current thread (0x00007fa85b03e000):  ConcurrentGCThread "G1 Refine#0" [stack: 0x0000700000423000,0x0000700000523000] [id=13315]

Stack: [0x0000700000423000,0x0000700000523000],  sp=0x0000700000522c60,  free space=1023k
Native frames: (J=compiled Java code, A=aot compiled Java code, j=interpreted, Vv=VM code, C=native code)
V  [libjvm.dylib+0x37135a]  HeapRegion::block_size(HeapWord const*) const+0x10e
V  [libjvm.dylib+0x2f32a9]  G1BlockOffsetTablePart::forward_to_block_containing_addr_slow(HeapWord*, HeapWord*, void const*)+0xc5
V  [libjvm.dylib+0x32ad19]  bool HeapRegion::oops_on_card_seq_iterate_careful<false, G1ConcurrentRefineOopClosure>(MemRegion, G1ConcurrentRefineOopClosure*)+0x55
V  [libjvm.dylib+0x32ac60]  G1RemSet::refine_card_concurrently(signed char*, unsigned int)+0x122
V  [libjvm.dylib+0x2ccb02]  G1RefineCardConcurrentlyClosure::do_card_ptr(signed char*, unsigned int)+0x24
V  [libjvm.dylib+0x2cc746]  DirtyCardQueueSet::apply_closure_to_completed_buffer(CardTableEntryClosure*, unsigned int, unsigned long, bool)+0x58
V  [libjvm.dylib+0x2cc6e8]  DirtyCardQueueSet::refine_completed_buffer_concurrently(unsigned int, unsigned long)+0x28
V  [libjvm.dylib+0x30b41c]  G1ConcurrentRefineThread::run_service()+0xb0
V  [libjvm.dylib+0x239caa]  ConcurrentGCThread::run()+0x22
V  [libjvm.dylib+0x5f0da3]  thread_native_entry(Thread*)+0x135
C  [libsystem_pthread.dylib+0x399d]  _pthread_body+0x83
C  [libsystem_pthread.dylib+0x391a]  _pthread_body+0x0
C  [libsystem_pthread.dylib+0x1351]  thread_start+0xd


siginfo: si_signo: 11 (SIGSEGV), si_code: 1 (SEGV_MAPERR), si_addr: 0x0000002000000111

Register to memory mapping:

RAX=0x0000002000000001 is an unknown value
RBX=0x00007fa85ac2b210 points into unknown readable memory: 10 35 45 09 01 00 00 00
RCX=0x0000000000020000 is an unknown value
RDX=0x00007fa85ad09601 points into unknown readable memory: 74 81 5b a8 7f 00 00
RSP=0x0000700000522c60 points into unknown readable memory: 68 ff 6a c2 07 00 00 00
RBP=0x0000700000522c70 points into unknown readable memory: c0 2c 52 00 00 70 00 00
RSI=0x00000007c26aff68 is an oop: 
[error occurred during error reporting (printing register info), id 0xb, SIGSEGV (0xb) at pc=0x000000010915bcb1]

Registers:
RAX=0x0000002000000001, RBX=0x00007fa85ac2b210, RCX=0x0000000000020000, RDX=0x00007fa85ad09601
RSP=0x0000700000522c60, RBP=0x0000700000522c70, RSI=0x00000007c26aff68, RDI=0x000000080002d03c
R8 =0x00000007c26afe08, R9 =0x00007fa85ac32f40, R10=0x00000000ffffffff, R11=0xffffffff00000000
R12=0x00000007c26aff68, R13=0x00000007c26b0000, R14=0x00000007c26aff68, R15=0x00007fa85ac2b268
RIP=0x0000000108ee835a, EFLAGS=0x0000000000010246, ERR=0x0000000000000004
  TRAPNO=0x000000000000000e

Top of Stack: (sp=0x0000700000522c60)
0x0000700000522c60:   00000007c26aff68 000000010949a4a0
0x0000700000522c70:   0000700000522cc0 0000000108e6a2a9
0x0000700000522c80:   0000000000013580 00000007c26b0000
0x0000700000522c90:   00000007c26b9200 0000700000522d78
0x0000700000522ca0:   00007fa85ac2b210 00007fa85ac2b210
0x0000700000522cb0:   00007fa85b801c00 00000007c26b9400
0x0000700000522cc0:   0000700000522d40 0000000108ea1d19
0x0000700000522cd0:   00007fa85ac32f28 00007fa85ac32f68
0x0000700000522ce0:   00007fa85ac32f88 00007fff9a323e9a
0x0000700000522cf0:   00007fa85ac32f68 0000000000000000
0x0000700000522d00:   00000007c26b9200 0000700000522d78
0x0000700000522d10:   0000700000522d58 00000007c26b9200
0x0000700000522d20:   00007fa85ac2b210 000000012172c5c9
0x0000700000522d30:   00007fa85ad09560 0000000000000002
0x0000700000522d40:   0000700000522db0 0000000108ea1c60
0x0000700000522d50:   0000700000522d80 0000000109477c98
0x0000700000522d60:   0000000000000000 00007fa85b801c00
0x0000700000522d70:   00007fa800000002 00000007c26b9200
0x0000700000522d80:   0000000000000040 000000012172c5c9
0x0000700000522d90:   0000000000000002 00007fa85b42ba00
0x0000700000522da0:   0000000000000002 0000000000000091
0x0000700000522db0:   0000700000522dd0 0000000108e43b02
0x0000700000522dc0:   0000700000522e38 0000000000000100
0x0000700000522dd0:   0000700000522e20 0000000108e43746
0x0000700000522de0:   3ff0000000000000 0000000000000000
0x0000700000522df0:   00000001094bdff0 00007fa85b03e000
0x0000700000522e00:   0000000000000000 0000000000003403
0x0000700000522e10:   00000001094d1a18 00000001094bdff0
0x0000700000522e20:   0000700000522e40 0000000108e436e8
0x0000700000522e30:   00000001094d1a18 0000000109475e10
0x0000700000522e40:   0000700000522e80 0000000108e8241c
0x0000700000522e50:   00000001094512e8 00007fa85b03e000 

Instructions: (pc=0x0000000108ee835a)
0x0000000108ee833a:   5b 49 8b 7e 08 8b 47 08 85 c0 7e 0c a8 01 75 0a
0x0000000108ee834a:   c1 e8 03 e9 8d 00 00 00 78 55 48 8b 07 4c 89 f6
0x0000000108ee835a:   ff 90 10 01 00 00 eb 7d 48 8d 4e ff 48 c1 e9 06
0x0000000108ee836a:   48 39 cb 73 24 48 8d 43 01 48 c1 e3 06 48 83 c3 

Stack slot to memory mapping:
stack at sp + 0 slots: 0x00000007c26aff68 is an oop: 
[error occurred during error reporting (inspecting top of stack), id 0xb, SIGSEGV (0xb) at pc=0x000000010915bcb1]


---------------  P R O C E S S  ---------------

Threads class SMR info:
_java_thread_list=0x00007fa85d6b4b00, length=23, elements={
0x00007fa85b015000, 0x00007fa85b869800, 0x00007fa85b069800, 0x00007fa85b08d800,
0x00007fa85b849000, 0x00007fa85b07a000, 0x00007fa85b07a800, 0x00007fa85b852000,
0x00007fa85b09a800, 0x00007fa85ba4a800, 0x00007fa85b087800, 0x00007fa85b21e000,
0x00007fa85b325000, 0x00007fa85b1ea000, 0x00007fa85b602800, 0x00007fa85b303800,
0x00007fa85b48a800, 0x00007fa85cac6000, 0x00007fa85c891800, 0x00007fa85c8e8000,
0x00007fa85cac1000, 0x00007fa85c503800, 0x00007fa85c0f7800
}

Java Threads: ( => current thread )
  0x00007fa85b015000 JavaThread "main" [_thread_blocked, id=5379, stack(0x00000001098c0000,0x00000001099c0000)]
  0x00007fa85b869800 JavaThread "Reference Handler" daemon [_thread_blocked, id=15619, stack(0x000070000082f000,0x000070000092f000)]
  0x00007fa85b069800 JavaThread "Finalizer" daemon [_thread_blocked, id=16387, stack(0x0000700000932000,0x0000700000a32000)]
  0x00007fa85b08d800 JavaThread "Signal Dispatcher" daemon [_thread_blocked, id=21255, stack(0x0000700000b3b000,0x0000700000c3b000)]
  0x00007fa85b849000 JavaThread "C2 CompilerThread0" daemon [_thread_in_native, id=22019, stack(0x0000700000c3e000,0x0000700000d3e000)]
  0x00007fa85b07a000 JavaThread "C1 CompilerThread0" daemon [_thread_blocked, id=22787, stack(0x0000700000d41000,0x0000700000e41000)]
  0x00007fa85b07a800 JavaThread "Sweeper thread" daemon [_thread_blocked, id=23555, stack(0x0000700000e44000,0x0000700000f44000)]
  0x00007fa85b852000 JavaThread "Common-Cleaner" daemon [_thread_blocked, id=24323, stack(0x0000700000f47000,0x0000700001047000)]
  0x00007fa85b09a800 JavaThread "Service Thread" daemon [_thread_blocked, id=25091, stack(0x000070000104a000,0x000070000114a000)]
  0x00007fa85ba4a800 JavaThread "process reaper" daemon [_thread_blocked, id=26371, stack(0x0000700001250000,0x0000700001274000)]
  0x00007fa85b087800 JavaThread "Active Thread: Equinox Container: 21b27a80-f85d-42ea-89d0-0e67ce2c76c9" [_thread_blocked, id=28163, stack(0x000070000147d000,0x000070000157d000)]
  0x00007fa85b21e000 JavaThread "Framework Event Dispatcher: Equinox Container: 21b27a80-f85d-42ea-89d0-0e67ce2c76c9" daemon [_thread_blocked, id=28931, stack(0x0000700001580000,0x0000700001680000)]
  0x00007fa85b325000 JavaThread "Start Level: Equinox Container: 21b27a80-f85d-42ea-89d0-0e67ce2c76c9" daemon [_thread_blocked, id=29699, stack(0x0000700001683000,0x0000700001783000)]
  0x00007fa85b1ea000 JavaThread "Worker-JM" [_thread_blocked, id=43051, stack(0x0000700001809000,0x0000700001909000)]
  0x00007fa85b602800 JavaThread "Worker-0" [_thread_blocked, id=45571, stack(0x000070000190c000,0x0000700001a0c000)]
  0x00007fa85b303800 JavaThread "Java indexing" daemon [_thread_blocked, id=46339, stack(0x0000700001a0f000,0x0000700001b0f000)]
  0x00007fa85b48a800 JavaThread "Worker-1" [_thread_blocked, id=47107, stack(0x0000700001b12000,0x0000700001c12000)]
  0x00007fa85cac6000 JavaThread "pool-2-thread-1" [_thread_blocked, id=47875, stack(0x0000700001c15000,0x0000700001d15000)]
  0x00007fa85c891800 JavaThread "pool-1-thread-1" [_thread_in_native, id=48643, stack(0x0000700001d18000,0x0000700001e18000)]
  0x00007fa85c8e8000 JavaThread "Worker-2" [_thread_blocked, id=49411, stack(0x0000700001e1b000,0x0000700001f1b000)]
  0x00007fa85cac1000 JavaThread "Worker-3: Building workspace" [_thread_blocked, id=50179, stack(0x0000700001f1e000,0x000070000201e000)]
  0x00007fa85c503800 JavaThread "Worker-4" [_thread_blocked, id=50947, stack(0x0000700002021000,0x0000700002121000)]
  0x00007fa85c0f7800 JavaThread "Thread-1" [_thread_in_vm, id=17927, stack(0x0000700000a35000,0x0000700000b35000)]

Other Threads:
  0x00007fa85b04e000 VMThread "VM Thread" [stack: 0x000070000072c000,0x000070000082c000] [id=14851]
  0x00007fa85b903000 WatcherThread [stack: 0x000070000114d000,0x000070000124d000] [id=25603]
  0x00007fa85b803000 GCTaskThread "GC Thread#0" [stack: 0x000070000011a000,0x000070000021a000] [id=11011]
  0x00007fa85b170800 GCTaskThread "GC Thread#1" [stack: 0x0000700001277000,0x0000700001377000] [id=26883]
  0x00007fa85b81e800 ConcurrentGCThread "G1 Main Marker" [stack: 0x000070000021d000,0x000070000031d000] [id=11779]
  0x00007fa85b81f800 ConcurrentGCThread "G1 Conc#0" [stack: 0x0000700000320000,0x0000700000420000] [id=12803]
=>0x00007fa85b03e000 ConcurrentGCThread "G1 Refine#0" [stack: 0x0000700000423000,0x0000700000523000] [id=13315]
  0x00007fa85ba09000 ConcurrentGCThread "G1 Refine#1" [stack: 0x000070000137a000,0x000070000147a000] [id=27395]
  0x00007fa85b03e800 ConcurrentGCThread "G1 Young RemSet Sampling" [stack: 0x0000700000526000,0x0000700000626000] [id=13827]
  0x00007fa85b042800 ConcurrentGCThread "StrDedup" [stack: 0x0000700000629000,0x0000700000729000] [id=14339]

Threads with active compile tasks:
C2 CompilerThread04986   !   4       org.eclipse.core.internal.localstore.UnifiedTree::addChildren (452 bytes)
C1 CompilerThread05160       3       org.eclipse.core.internal.dtree.AbstractDataTreeNode::storeStrings (42 bytes)

VM state:not at safepoint (normal execution)

VM Mutex/Monitor currently owned by a thread:  ([mutex/lock_event])
[0x00007fa85ac1bde0] Compile_lock - owner thread: 0x00007fa85cac1000
[0x00007fa85ac1bf60] MethodCompileQueue_lock - owner thread: 0x00007fa85b07a000

Heap address: 0x00000007c0000000, size: 1024 MB, Compressed Oops mode: Zero based, Oop shift amount: 3
Narrow klass base: 0x0000000800000000, Narrow klass shift: 0
Compressed class space size: 1073741824 Address: 0x0000000800000000

Heap:
 garbage-first heap   total 154624K, used 91948K [0x00000007c0000000, 0x0000000800000000)
  region size 1024K, 53 young (54272K), 5 survivors (5120K)
 Metaspace       used 43734K, capacity 46065K, committed 46160K, reserved 1089536K
  class space    used 4458K, capacity 5331K, committed 5376K, reserved 1048576K
Heap Regions: E=young(eden), S=young(survivor), O=old, HS=humongous(starts), HC=humongous(continues), CS=collection set, F=free, A=archive, TAMS=top-at-mark-start (previous, next)
|   0|0x00000007c0000000, 0x00000007c0100000, 0x00000007c0100000|100%| O|  |TAMS 0x00000007c0100000, 0x00000007c0000000| Untracked 
|   1|0x00000007c0100000, 0x00000007c0200000, 0x00000007c0200000|100%| O|  |TAMS 0x00000007c0200000, 0x00000007c0100000| Untracked 
|   2|0x00000007c0200000, 0x00000007c0300000, 0x00000007c0300000|100%| O|  |TAMS 0x00000007c0300000, 0x00000007c0200000| Untracked 
|   3|0x00000007c0300000, 0x00000007c0400000, 0x00000007c0400000|100%| O|  |TAMS 0x00000007c0400000, 0x00000007c0300000| Untracked 
|   4|0x00000007c0400000, 0x00000007c0500000, 0x00000007c0500000|100%| O|  |TAMS 0x00000007c0500000, 0x00000007c0400000| Untracked 
|   5|0x00000007c0500000, 0x00000007c0600000, 0x00000007c0600000|100%| O|  |TAMS 0x00000007c0600000, 0x00000007c0500000| Untracked 
|   6|0x00000007c0600000, 0x00000007c0700000, 0x00000007c0700000|100%| O|  |TAMS 0x00000007c0700000, 0x00000007c0600000| Untracked 
|   7|0x00000007c0700000, 0x00000007c0800000, 0x00000007c0800000|100%| O|  |TAMS 0x00000007c0800000, 0x00000007c0700000| Untracked 
|   8|0x00000007c0800000, 0x00000007c0900000, 0x00000007c0900000|100%| O|  |TAMS 0x00000007c0900000, 0x00000007c0800000| Untracked 
|   9|0x00000007c0900000, 0x00000007c0a00000, 0x00000007c0a00000|100%| O|  |TAMS 0x00000007c0a00000, 0x00000007c0900000| Untracked 
|  10|0x00000007c0a00000, 0x00000007c0b00000, 0x00000007c0b00000|100%| O|  |TAMS 0x00000007c0b00000, 0x00000007c0a00000| Untracked 
|  11|0x00000007c0b00000, 0x00000007c0c00000, 0x00000007c0c00000|100%| O|  |TAMS 0x00000007c0c00000, 0x00000007c0b00000| Untracked 
|  12|0x00000007c0c00000, 0x00000007c0d00000, 0x00000007c0d00000|100%| O|  |TAMS 0x00000007c0d00000, 0x00000007c0c00000| Untracked 
|  13|0x00000007c0d00000, 0x00000007c0e00000, 0x00000007c0e00000|100%| O|  |TAMS 0x00000007c0e00000, 0x00000007c0d00000| Untracked 
|  14|0x00000007c0e00000, 0x00000007c0f00000, 0x00000007c0f00000|100%| O|  |TAMS 0x00000007c0f00000, 0x00000007c0e00000| Untracked 
|  15|0x00000007c0f00000, 0x00000007c1000000, 0x00000007c1000000|100%| O|  |TAMS 0x00000007c1000000, 0x00000007c0f00000| Untracked 
|  16|0x00000007c1000000, 0x00000007c1100000, 0x00000007c1100000|100%| O|  |TAMS 0x00000007c10f0c00, 0x00000007c1000000| Untracked 
|  17|0x00000007c1100000, 0x00000007c1200000, 0x00000007c1200000|100%| O|  |TAMS 0x00000007c1100000, 0x00000007c1100000| Untracked 
|  18|0x00000007c1200000, 0x00000007c1300000, 0x00000007c1300000|100%| O|  |TAMS 0x00000007c1200000, 0x00000007c1200000| Untracked 
|  19|0x00000007c1300000, 0x00000007c1400000, 0x00000007c1400000|100%| O|  |TAMS 0x00000007c1300000, 0x00000007c1300000| Untracked 
|  20|0x00000007c1400000, 0x00000007c1500000, 0x00000007c1500000|100%| O|  |TAMS 0x00000007c1400000, 0x00000007c1400000| Untracked 
|  21|0x00000007c1500000, 0x00000007c1600000, 0x00000007c1600000|100%| O|  |TAMS 0x00000007c1500000, 0x00000007c1500000| Untracked 
|  22|0x00000007c1600000, 0x00000007c1700000, 0x00000007c1700000|100%| O|  |TAMS 0x00000007c1600000, 0x00000007c1600000| Untracked 
|  23|0x00000007c1700000, 0x00000007c1800000, 0x00000007c1800000|100%|HS|  |TAMS 0x00000007c1700000, 0x00000007c1700000| Complete 
|  24|0x00000007c1800000, 0x00000007c1900000, 0x00000007c1900000|100%| O|  |TAMS 0x00000007c1800000, 0x00000007c1800000| Untracked 
|  25|0x00000007c1900000, 0x00000007c1a00000, 0x00000007c1a00000|100%| O|  |TAMS 0x00000007c1900000, 0x00000007c1900000| Untracked 
|  26|0x00000007c1a00000, 0x00000007c1b00000, 0x00000007c1b00000|100%| O|  |TAMS 0x00000007c1a00000, 0x00000007c1a00000| Untracked 
|  27|0x00000007c1b00000, 0x00000007c1c00000, 0x00000007c1c00000|100%| O|  |TAMS 0x00000007c1b00000, 0x00000007c1b00000| Untracked 
|  28|0x00000007c1c00000, 0x00000007c1d00000, 0x00000007c1d00000|100%| O|  |TAMS 0x00000007c1c00000, 0x00000007c1c00000| Untracked 
|  29|0x00000007c1d00000, 0x00000007c1e00000, 0x00000007c1e00000|100%| O|  |TAMS 0x00000007c1d00000, 0x00000007c1d00000| Untracked 
|  30|0x00000007c1e00000, 0x00000007c1f00000, 0x00000007c1f00000|100%| O|  |TAMS 0x00000007c1e00000, 0x00000007c1e00000| Untracked 
|  31|0x00000007c1f00000, 0x00000007c2000000, 0x00000007c2000000|100%| O|  |TAMS 0x00000007c1f00000, 0x00000007c1f00000| Untracked 
|  32|0x00000007c2000000, 0x00000007c2100000, 0x00000007c2100000|100%| O|  |TAMS 0x00000007c2000000, 0x00000007c2000000| Untracked 
|  33|0x00000007c2100000, 0x00000007c2200000, 0x00000007c2200000|100%| O|  |TAMS 0x00000007c2100000, 0x00000007c2100000| Untracked 
|  34|0x00000007c2200000, 0x00000007c2300000, 0x00000007c2300000|100%| O|  |TAMS 0x00000007c2200000, 0x00000007c2200000| Untracked 
|  35|0x00000007c2300000, 0x00000007c2400000, 0x00000007c2400000|100%| O|  |TAMS 0x00000007c2300000, 0x00000007c2300000| Untracked 
|  36|0x00000007c2400000, 0x00000007c2500000, 0x00000007c2500000|100%| O|  |TAMS 0x00000007c2400000, 0x00000007c2400000| Untracked 
|  37|0x00000007c2500000, 0x00000007c2600000, 0x00000007c2600000|100%| O|  |TAMS 0x00000007c2500000, 0x00000007c2500000| Untracked 
|  38|0x00000007c2600000, 0x00000007c2700000, 0x00000007c2700000|100%| O|  |TAMS 0x00000007c2600000, 0x00000007c2600000| Untracked 
|  39|0x00000007c2700000, 0x00000007c2700000, 0x00000007c2800000|  0%| F|  |TAMS 0x00000007c2700000, 0x00000007c2700000| Untracked 
|  40|0x00000007c2800000, 0x00000007c2800000, 0x00000007c2900000|  0%| F|  |TAMS 0x00000007c2800000, 0x00000007c2800000| Untracked 
|  41|0x00000007c2900000, 0x00000007c2900000, 0x00000007c2a00000|  0%| F|  |TAMS 0x00000007c2900000, 0x00000007c2900000| Untracked 
|  42|0x00000007c2a00000, 0x00000007c2a00000, 0x00000007c2b00000|  0%| F|  |TAMS 0x00000007c2a00000, 0x00000007c2a00000| Untracked 
|  43|0x00000007c2b00000, 0x00000007c2b00000, 0x00000007c2c00000|  0%| F|  |TAMS 0x00000007c2b00000, 0x00000007c2b00000| Untracked 
|  44|0x00000007c2c00000, 0x00000007c2c00000, 0x00000007c2d00000|  0%| F|  |TAMS 0x00000007c2c00000, 0x00000007c2c00000| Untracked 
|  45|0x00000007c2d00000, 0x00000007c2d00000, 0x00000007c2e00000|  0%| F|  |TAMS 0x00000007c2d00000, 0x00000007c2d00000| Untracked 
|  46|0x00000007c2e00000, 0x00000007c2e00000, 0x00000007c2f00000|  0%| F|  |TAMS 0x00000007c2e00000, 0x00000007c2e00000| Untracked 
|  47|0x00000007c2f00000, 0x00000007c2f00000, 0x00000007c3000000|  0%| F|  |TAMS 0x00000007c2f00000, 0x00000007c2f00000| Untracked 
|  48|0x00000007c3000000, 0x00000007c3000000, 0x00000007c3100000|  0%| F|  |TAMS 0x00000007c3000000, 0x00000007c3000000| Untracked 
|  49|0x00000007c3100000, 0x00000007c3100000, 0x00000007c3200000|  0%| F|  |TAMS 0x00000007c3100000, 0x00000007c3100000| Untracked 
|  50|0x00000007c3200000, 0x00000007c3200000, 0x00000007c3300000|  0%| F|  |TAMS 0x00000007c3200000, 0x00000007c3200000| Untracked 
|  51|0x00000007c3300000, 0x00000007c3300000, 0x00000007c3400000|  0%| F|  |TAMS 0x00000007c3300000, 0x00000007c3300000| Untracked 
|  52|0x00000007c3400000, 0x00000007c3400000, 0x00000007c3500000|  0%| F|  |TAMS 0x00000007c3400000, 0x00000007c3400000| Untracked 
|  53|0x00000007c3500000, 0x00000007c3500000, 0x00000007c3600000|  0%| F|  |TAMS 0x00000007c3500000, 0x00000007c3500000| Untracked 
|  54|0x00000007c3600000, 0x00000007c3600000, 0x00000007c3700000|  0%| F|  |TAMS 0x00000007c3600000, 0x00000007c3600000| Untracked 
|  55|0x00000007c3700000, 0x00000007c3700000, 0x00000007c3800000|  0%| F|  |TAMS 0x00000007c3700000, 0x00000007c3700000| Untracked 
|  56|0x00000007c3800000, 0x00000007c3800000, 0x00000007c3900000|  0%| F|  |TAMS 0x00000007c3800000, 0x00000007c3800000| Untracked 
|  57|0x00000007c3900000, 0x00000007c3900000, 0x00000007c3a00000|  0%| F|  |TAMS 0x00000007c3900000, 0x00000007c3900000| Untracked 
|  58|0x00000007c3a00000, 0x00000007c3a00000, 0x00000007c3b00000|  0%| F|  |TAMS 0x00000007c3a00000, 0x00000007c3a00000| Untracked 
|  59|0x00000007c3b00000, 0x00000007c3b00000, 0x00000007c3c00000|  0%| F|  |TAMS 0x00000007c3b00000, 0x00000007c3b00000| Untracked 
|  60|0x00000007c3c00000, 0x00000007c3c00000, 0x00000007c3d00000|  0%| F|  |TAMS 0x00000007c3c00000, 0x00000007c3c00000| Untracked 
|  61|0x00000007c3d00000, 0x00000007c3d00000, 0x00000007c3e00000|  0%| F|  |TAMS 0x00000007c3d00000, 0x00000007c3d00000| Untracked 
|  62|0x00000007c3e00000, 0x00000007c3e00000, 0x00000007c3f00000|  0%| F|  |TAMS 0x00000007c3e00000, 0x00000007c3e00000| Untracked 
|  63|0x00000007c3f00000, 0x00000007c3f00000, 0x00000007c4000000|  0%| F|  |TAMS 0x00000007c3f00000, 0x00000007c3f00000| Untracked 
|  64|0x00000007c4000000, 0x00000007c4000000, 0x00000007c4100000|  0%| F|  |TAMS 0x00000007c4000000, 0x00000007c4000000| Untracked 
|  65|0x00000007c4100000, 0x00000007c4100000, 0x00000007c4200000|  0%| F|  |TAMS 0x00000007c4100000, 0x00000007c4100000| Untracked 
|  66|0x00000007c4200000, 0x00000007c4200000, 0x00000007c4300000|  0%| F|  |TAMS 0x00000007c4200000, 0x00000007c4200000| Untracked 
|  67|0x00000007c4300000, 0x00000007c4300000, 0x00000007c4400000|  0%| F|  |TAMS 0x00000007c4300000, 0x00000007c4300000| Untracked 
|  68|0x00000007c4400000, 0x00000007c4400000, 0x00000007c4500000|  0%| F|  |TAMS 0x00000007c4400000, 0x00000007c4400000| Untracked 
|  69|0x00000007c4500000, 0x00000007c4500000, 0x00000007c4600000|  0%| F|  |TAMS 0x00000007c4500000, 0x00000007c4500000| Untracked 
|  70|0x00000007c4600000, 0x00000007c4600000, 0x00000007c4700000|  0%| F|  |TAMS 0x00000007c4600000, 0x00000007c4600000| Untracked 
|  71|0x00000007c4700000, 0x00000007c4700000, 0x00000007c4800000|  0%| F|  |TAMS 0x00000007c4700000, 0x00000007c4700000| Untracked 
|  72|0x00000007c4800000, 0x00000007c4800000, 0x00000007c4900000|  0%| F|  |TAMS 0x00000007c4800000, 0x00000007c4800000| Untracked 
|  73|0x00000007c4900000, 0x00000007c4900000, 0x00000007c4a00000|  0%| F|  |TAMS 0x00000007c4900000, 0x00000007c4900000| Untracked 
|  74|0x00000007c4a00000, 0x00000007c4a00000, 0x00000007c4b00000|  0%| F|  |TAMS 0x00000007c4a00000, 0x00000007c4a00000| Untracked 
|  75|0x00000007c4b00000, 0x00000007c4b00000, 0x00000007c4c00000|  0%| F|  |TAMS 0x00000007c4b00000, 0x00000007c4b00000| Untracked 
|  76|0x00000007c4c00000, 0x00000007c4c00000, 0x00000007c4d00000|  0%| F|  |TAMS 0x00000007c4c00000, 0x00000007c4c00000| Untracked 
|  77|0x00000007c4d00000, 0x00000007c4d00000, 0x00000007c4e00000|  0%| F|  |TAMS 0x00000007c4d00000, 0x00000007c4d00000| Untracked 
|  78|0x00000007c4e00000, 0x00000007c4e00000, 0x00000007c4f00000|  0%| F|  |TAMS 0x00000007c4e00000, 0x00000007c4e00000| Untracked 
|  79|0x00000007c4f00000, 0x00000007c4f00000, 0x00000007c5000000|  0%| F|  |TAMS 0x00000007c4f00000, 0x00000007c4f00000| Untracked 
|  80|0x00000007c5000000, 0x00000007c5000000, 0x00000007c5100000|  0%| F|  |TAMS 0x00000007c5000000, 0x00000007c5000000| Untracked 
|  81|0x00000007c5100000, 0x00000007c5100000, 0x00000007c5200000|  0%| F|  |TAMS 0x00000007c5100000, 0x00000007c5100000| Untracked 
|  82|0x00000007c5200000, 0x00000007c5200000, 0x00000007c5300000|  0%| F|  |TAMS 0x00000007c5200000, 0x00000007c5200000| Untracked 
|  83|0x00000007c5300000, 0x00000007c5300000, 0x00000007c5400000|  0%| F|  |TAMS 0x00000007c5300000, 0x00000007c5300000| Untracked 
|  84|0x00000007c5400000, 0x00000007c5400000, 0x00000007c5500000|  0%| F|  |TAMS 0x00000007c5400000, 0x00000007c5400000| Untracked 
|  85|0x00000007c5500000, 0x00000007c5500000, 0x00000007c5600000|  0%| F|  |TAMS 0x00000007c5500000, 0x00000007c5500000| Untracked 
|  86|0x00000007c5600000, 0x00000007c5600000, 0x00000007c5700000|  0%| F|  |TAMS 0x00000007c5600000, 0x00000007c5600000| Untracked 
|  87|0x00000007c5700000, 0x00000007c5700000, 0x00000007c5800000|  0%| F|  |TAMS 0x00000007c5700000, 0x00000007c5700000| Untracked 
|  88|0x00000007c5800000, 0x00000007c5800000, 0x00000007c5900000|  0%| F|  |TAMS 0x00000007c5800000, 0x00000007c5800000| Untracked 
|  89|0x00000007c5900000, 0x00000007c5900000, 0x00000007c5a00000|  0%| F|  |TAMS 0x00000007c5900000, 0x00000007c5900000| Untracked 
|  90|0x00000007c5a00000, 0x00000007c5a00000, 0x00000007c5b00000|  0%| F|  |TAMS 0x00000007c5a00000, 0x00000007c5a00000| Untracked 
|  91|0x00000007c5b00000, 0x00000007c5bcb250, 0x00000007c5c00000| 79%| S|CS|TAMS 0x00000007c5b00000, 0x00000007c5b00000| Complete 
|  92|0x00000007c5c00000, 0x00000007c5d00000, 0x00000007c5d00000|100%| S|CS|TAMS 0x00000007c5c00000, 0x00000007c5c00000| Complete 
|  93|0x00000007c5d00000, 0x00000007c5e00000, 0x00000007c5e00000|100%| S|CS|TAMS 0x00000007c5d00000, 0x00000007c5d00000| Complete 
|  94|0x00000007c5e00000, 0x00000007c5f00000, 0x00000007c5f00000|100%| S|CS|TAMS 0x00000007c5e00000, 0x00000007c5e00000| Complete 
|  95|0x00000007c5f00000, 0x00000007c6000000, 0x00000007c6000000|100%| S|CS|TAMS 0x00000007c5f00000, 0x00000007c5f00000| Complete 
|  96|0x00000007c6000000, 0x00000007c6000000, 0x00000007c6100000|  0%| F|  |TAMS 0x00000007c6000000, 0x00000007c6000000| Untracked 
|  97|0x00000007c6100000, 0x00000007c6100000, 0x00000007c6200000|  0%| F|  |TAMS 0x00000007c6100000, 0x00000007c6100000| Untracked 
|  98|0x00000007c6200000, 0x00000007c6200000, 0x00000007c6300000|  0%| F|  |TAMS 0x00000007c6200000, 0x00000007c6200000| Untracked 
|  99|0x00000007c6300000, 0x00000007c6300000, 0x00000007c6400000|  0%| F|  |TAMS 0x00000007c6300000, 0x00000007c6300000| Untracked 
| 100|0x00000007c6400000, 0x00000007c6400000, 0x00000007c6500000|  0%| F|  |TAMS 0x00000007c6400000, 0x00000007c6400000| Untracked 
| 101|0x00000007c6500000, 0x00000007c6500000, 0x00000007c6600000|  0%| F|  |TAMS 0x00000007c6500000, 0x00000007c6500000| Untracked 
| 102|0x00000007c6600000, 0x00000007c6600000, 0x00000007c6700000|  0%| F|  |TAMS 0x00000007c6600000, 0x00000007c6600000| Untracked 
| 103|0x00000007c6700000, 0x00000007c673ebb0, 0x00000007c6800000| 24%| E|  |TAMS 0x00000007c6700000, 0x00000007c6700000| Complete 
| 104|0x00000007c6800000, 0x00000007c6900000, 0x00000007c6900000|100%| E|CS|TAMS 0x00000007c6800000, 0x00000007c6800000| Complete 
| 105|0x00000007c6900000, 0x00000007c6a00000, 0x00000007c6a00000|100%| E|CS|TAMS 0x00000007c6900000, 0x00000007c6900000| Complete 
| 106|0x00000007c6a00000, 0x00000007c6b00000, 0x00000007c6b00000|100%| E|CS|TAMS 0x00000007c6a00000, 0x00000007c6a00000| Complete 
| 107|0x00000007c6b00000, 0x00000007c6c00000, 0x00000007c6c00000|100%| E|CS|TAMS 0x00000007c6b00000, 0x00000007c6b00000| Complete 
| 108|0x00000007c6c00000, 0x00000007c6d00000, 0x00000007c6d00000|100%| E|CS|TAMS 0x00000007c6c00000, 0x00000007c6c00000| Complete 
| 109|0x00000007c6d00000, 0x00000007c6e00000, 0x00000007c6e00000|100%| E|CS|TAMS 0x00000007c6d00000, 0x00000007c6d00000| Complete 
| 110|0x00000007c6e00000, 0x00000007c6f00000, 0x00000007c6f00000|100%| E|  |TAMS 0x00000007c6e00000, 0x00000007c6e00000| Complete 
| 111|0x00000007c6f00000, 0x00000007c7000000, 0x00000007c7000000|100%| E|CS|TAMS 0x00000007c6f00000, 0x00000007c6f00000| Complete 
| 112|0x00000007c7000000, 0x00000007c7100000, 0x00000007c7100000|100%| E|CS|TAMS 0x00000007c7000000, 0x00000007c7000000| Complete 
| 113|0x00000007c7100000, 0x00000007c7200000, 0x00000007c7200000|100%| E|CS|TAMS 0x00000007c7100000, 0x00000007c7100000| Complete 
| 114|0x00000007c7200000, 0x00000007c7300000, 0x00000007c7300000|100%| E|CS|TAMS 0x00000007c7200000, 0x00000007c7200000| Complete 
| 115|0x00000007c7300000, 0x00000007c7400000, 0x00000007c7400000|100%| E|CS|TAMS 0x00000007c7300000, 0x00000007c7300000| Complete 
| 116|0x00000007c7400000, 0x00000007c7500000, 0x00000007c7500000|100%| E|CS|TAMS 0x00000007c7400000, 0x00000007c7400000| Complete 
| 117|0x00000007c7500000, 0x00000007c7600000, 0x00000007c7600000|100%| E|CS|TAMS 0x00000007c7500000, 0x00000007c7500000| Complete 
| 118|0x00000007c7600000, 0x00000007c7700000, 0x00000007c7700000|100%| E|CS|TAMS 0x00000007c7600000, 0x00000007c7600000| Complete 
| 119|0x00000007c7700000, 0x00000007c7800000, 0x00000007c7800000|100%| E|CS|TAMS 0x00000007c7700000, 0x00000007c7700000| Complete 
| 120|0x00000007c7800000, 0x00000007c7900000, 0x00000007c7900000|100%| E|CS|TAMS 0x00000007c7800000, 0x00000007c7800000| Complete 
| 121|0x00000007c7900000, 0x00000007c7a00000, 0x00000007c7a00000|100%| E|CS|TAMS 0x00000007c7900000, 0x00000007c7900000| Complete 
| 122|0x00000007c7a00000, 0x00000007c7b00000, 0x00000007c7b00000|100%| E|CS|TAMS 0x00000007c7a00000, 0x00000007c7a00000| Complete 
| 123|0x00000007c7b00000, 0x00000007c7c00000, 0x00000007c7c00000|100%| E|CS|TAMS 0x00000007c7b00000, 0x00000007c7b00000| Complete 
| 124|0x00000007c7c00000, 0x00000007c7d00000, 0x00000007c7d00000|100%| E|CS|TAMS 0x00000007c7c00000, 0x00000007c7c00000| Complete 
| 125|0x00000007c7d00000, 0x00000007c7e00000, 0x00000007c7e00000|100%| E|CS|TAMS 0x00000007c7d00000, 0x00000007c7d00000| Complete 
| 126|0x00000007c7e00000, 0x00000007c7f00000, 0x00000007c7f00000|100%| E|CS|TAMS 0x00000007c7e00000, 0x00000007c7e00000| Complete 
| 127|0x00000007c7f00000, 0x00000007c8000000, 0x00000007c8000000|100%| E|CS|TAMS 0x00000007c7f00000, 0x00000007c7f00000| Complete 
| 128|0x00000007c8000000, 0x00000007c8100000, 0x00000007c8100000|100%| E|CS|TAMS 0x00000007c8000000, 0x00000007c8000000| Complete 
| 129|0x00000007c8100000, 0x00000007c8200000, 0x00000007c8200000|100%| E|CS|TAMS 0x00000007c8100000, 0x00000007c8100000| Complete 
| 130|0x00000007c8200000, 0x00000007c8300000, 0x00000007c8300000|100%| E|CS|TAMS 0x00000007c8200000, 0x00000007c8200000| Complete 
| 131|0x00000007c8300000, 0x00000007c8400000, 0x00000007c8400000|100%| E|CS|TAMS 0x00000007c8300000, 0x00000007c8300000| Complete 
| 132|0x00000007c8400000, 0x00000007c8500000, 0x00000007c8500000|100%| E|CS|TAMS 0x00000007c8400000, 0x00000007c8400000| Complete 
| 133|0x00000007c8500000, 0x00000007c8600000, 0x00000007c8600000|100%| E|CS|TAMS 0x00000007c8500000, 0x00000007c8500000| Complete 
| 134|0x00000007c8600000, 0x00000007c8700000, 0x00000007c8700000|100%| E|CS|TAMS 0x00000007c8600000, 0x00000007c8600000| Complete 
| 135|0x00000007c8700000, 0x00000007c8800000, 0x00000007c8800000|100%| E|CS|TAMS 0x00000007c8700000, 0x00000007c8700000| Complete 
| 136|0x00000007c8800000, 0x00000007c8900000, 0x00000007c8900000|100%| E|CS|TAMS 0x00000007c8800000, 0x00000007c8800000| Complete 
| 137|0x00000007c8900000, 0x00000007c8a00000, 0x00000007c8a00000|100%| E|CS|TAMS 0x00000007c8900000, 0x00000007c8900000| Complete 
| 138|0x00000007c8a00000, 0x00000007c8b00000, 0x00000007c8b00000|100%| E|CS|TAMS 0x00000007c8a00000, 0x00000007c8a00000| Complete 
| 139|0x00000007c8b00000, 0x00000007c8c00000, 0x00000007c8c00000|100%| E|CS|TAMS 0x00000007c8b00000, 0x00000007c8b00000| Complete 
| 140|0x00000007c8c00000, 0x00000007c8d00000, 0x00000007c8d00000|100%| E|CS|TAMS 0x00000007c8c00000, 0x00000007c8c00000| Complete 
| 141|0x00000007c8d00000, 0x00000007c8e00000, 0x00000007c8e00000|100%| E|CS|TAMS 0x00000007c8d00000, 0x00000007c8d00000| Complete 
| 142|0x00000007c8e00000, 0x00000007c8f00000, 0x00000007c8f00000|100%| E|CS|TAMS 0x00000007c8e00000, 0x00000007c8e00000| Complete 
| 143|0x00000007c8f00000, 0x00000007c9000000, 0x00000007c9000000|100%| E|CS|TAMS 0x00000007c8f00000, 0x00000007c8f00000| Complete 
| 144|0x00000007c9000000, 0x00000007c9100000, 0x00000007c9100000|100%| E|CS|TAMS 0x00000007c9000000, 0x00000007c9000000| Complete 
| 145|0x00000007c9100000, 0x00000007c9200000, 0x00000007c9200000|100%| E|CS|TAMS 0x00000007c9100000, 0x00000007c9100000| Complete 
| 146|0x00000007c9200000, 0x00000007c9300000, 0x00000007c9300000|100%| E|CS|TAMS 0x00000007c9200000, 0x00000007c9200000| Complete 
| 147|0x00000007c9300000, 0x00000007c9400000, 0x00000007c9400000|100%| E|CS|TAMS 0x00000007c9300000, 0x00000007c9300000| Complete 
| 148|0x00000007c9400000, 0x00000007c9500000, 0x00000007c9500000|100%| E|CS|TAMS 0x00000007c9400000, 0x00000007c9400000| Complete 
| 149|0x00000007c9500000, 0x00000007c9600000, 0x00000007c9600000|100%| E|CS|TAMS 0x00000007c9500000, 0x00000007c9500000| Complete 
| 150|0x00000007c9600000, 0x00000007c9700000, 0x00000007c9700000|100%| E|CS|TAMS 0x00000007c9600000, 0x00000007c9600000| Complete 

Card table byte_map: [0x0000000121719000,0x0000000121919000] _byte_map_base: 0x000000011d919000

Marking Bits (Prev, Next): (CMBitMap*) 0x00007fa85b81a018, (CMBitMap*) 0x00007fa85b81a050
 Prev Bits: [0x0000000121b19000, 0x0000000122b19000)
 Next Bits: [0x0000000122b19000, 0x0000000123b19000)

Polling page: 0x00000001099fc000

Metaspace:

Usage:
  Non-class:     39.78 MB capacity,    38.36 MB ( 96%) used,     1.34 MB (  3%) free+waste,    84.19 KB ( <1%) overhead. 
      Class:      5.21 MB capacity,     4.35 MB ( 84%) used,   832.41 KB ( 16%) free+waste,    40.12 KB ( <1%) overhead. 
       Both:     44.99 MB capacity,    42.71 MB ( 95%) used,     2.15 MB (  5%) free+waste,   124.31 KB ( <1%) overhead. 

Virtual space:
  Non-class space:       40.00 MB reserved,      39.83 MB (>99%) committed 
      Class space:        1.00 GB reserved,       5.25 MB ( <1%) committed 
             Both:        1.04 GB reserved,      45.08 MB (  4%) committed 

Chunk freelists:
   Non-Class:  3.25 KB
       Class:  1.62 KB
        Both:  4.88 KB

CodeHeap 'non-profiled nmethods': size=120036Kb used=1610Kb max_used=1610Kb free=118425Kb
 bounds [0x0000000119bfe000, 0x0000000119e6e000, 0x0000000121137000]
CodeHeap 'profiled nmethods': size=120032Kb used=9267Kb max_used=9267Kb free=110764Kb
 bounds [0x00000001126c6000, 0x0000000112fe6000, 0x0000000119bfe000]
CodeHeap 'non-nmethods': size=5692Kb used=1192Kb max_used=1222Kb free=4499Kb
 bounds [0x0000000112137000, 0x00000001123a7000, 0x00000001126c6000]
 total_blobs=6505 nmethods=4548 adapters=476
 compilation: enabled
              stopped_count=0, restarted_count=0
 full_count=0

Compilation events (10 events):
Event: 16.234 Thread 0x00007fa85b07a000 nmethod 5152 0x0000000112fdba10 code [0x0000000112fdbbc0, 0x0000000112fdbd88]
Event: 16.238 Thread 0x00007fa85b07a000 5153       2       java.lang.AbstractStringBuilder::append (60 bytes)
Event: 16.244 Thread 0x00007fa85b07a000 nmethod 5153 0x0000000112fdbe10 code [0x0000000112fdbfe0, 0x0000000112fdc238]
Event: 16.244 Thread 0x00007fa85b07a000 5156       2       org.eclipse.core.internal.dtree.AbstractDataTreeNode::storeStrings (42 bytes)
Event: 16.244 Thread 0x00007fa85b07a000 nmethod 5156 0x0000000112fdc390 code [0x0000000112fdc560, 0x0000000112fdc858]
Event: 16.244 Thread 0x00007fa85b07a000 5154       2       org.eclipse.core.internal.utils.StringPool::add (59 bytes)
Event: 16.245 Thread 0x00007fa85b07a000 nmethod 5154 0x0000000112fdca10 code [0x0000000112fdcc00, 0x0000000112fdcf28]
Event: 16.245 Thread 0x00007fa85b07a000 5155       2       org.eclipse.core.internal.dtree.DataTreeNode::storeStrings (28 bytes)
Event: 16.245 Thread 0x00007fa85b07a000 nmethod 5155 0x0000000112fdd110 code [0x0000000112fdd2e0, 0x0000000112fdd578]
Event: 16.245 Thread 0x00007fa85b07a000 5157       2       org.eclipse.core.internal.resources.ResourceInfo::shareStrings (43 bytes)

GC Heap History (10 events):
Event: 9.719 GC heap before
{Heap before GC invocations=11 (full 0):
 garbage-first heap   total 119808K, used 65475K [0x00000007c0000000, 0x0000000800000000)
  region size 1024K, 48 young (49152K), 5 survivors (5120K)
 Metaspace       used 40294K, capacity 42590K, committed 42960K, reserved 1087488K
  class space    used 4160K, capacity 4968K, committed 4992K, reserved 1048576K
}
Event: 9.760 GC heap after
{Heap after GC invocations=12 (full 0):
 garbage-first heap   total 119808K, used 26384K [0x00000007c0000000, 0x0000000800000000)
  region size 1024K, 4 young (4096K), 4 survivors (4096K)
 Metaspace       used 40294K, capacity 42590K, committed 42960K, reserved 1087488K
  class space    used 4160K, capacity 4968K, committed 4992K, reserved 1048576K
}
Event: 10.399 GC heap before
{Heap before GC invocations=12 (full 0):
 garbage-first heap   total 119808K, used 73488K [0x00000007c0000000, 0x0000000800000000)
  region size 1024K, 50 young (51200K), 4 survivors (4096K)
 Metaspace       used 40792K, capacity 43045K, committed 43344K, reserved 1087488K
  class space    used 4204K, capacity 5033K, committed 5120K, reserved 1048576K
}
Event: 10.436 GC heap after
{Heap after GC invocations=13 (full 0):
 garbage-first heap   total 119808K, used 30456K [0x00000007c0000000, 0x0000000800000000)
  region size 1024K, 7 young (7168K), 7 survivors (7168K)
 Metaspace       used 40792K, capacity 43045K, committed 43344K, reserved 1087488K
  class space    used 4204K, capacity 5033K, committed 5120K, reserved 1048576K
}
Event: 11.346 GC heap before
{Heap before GC invocations=13 (full 0):
 garbage-first heap   total 119808K, used 79608K [0x00000007c0000000, 0x0000000800000000)
  region size 1024K, 54 young (55296K), 7 survivors (7168K)
 Metaspace       used 42138K, capacity 44513K, committed 44752K, reserved 1089536K
  class space    used 4340K, capacity 5200K, committed 5248K, reserved 1048576K
}
Event: 11.387 GC heap after
{Heap after GC invocations=14 (full 0):
 garbage-first heap   total 119808K, used 35406K [0x00000007c0000000, 0x0000000800000000)
  region size 1024K, 4 young (4096K), 4 survivors (4096K)
 Metaspace       used 42138K, capacity 44513K, committed 44752K, reserved 1089536K
  class space    used 4340K, capacity 5200K, committed 5248K, reserved 1048576K
}
Event: 11.599 GC heap before
{Heap before GC invocations=14 (full 0):
 garbage-first heap   total 119808K, used 83534K [0x00000007c0000000, 0x0000000800000000)
  region size 1024K, 51 young (52224K), 4 survivors (4096K)
 Metaspace       used 42138K, capacity 44513K, committed 44752K, reserved 1089536K
  class space    used 4340K, capacity 5200K, committed 5248K, reserved 1048576K
}
Event: 11.639 GC heap after
{Heap after GC invocations=15 (full 0):
 garbage-first heap   total 154624K, used 40310K [0x00000007c0000000, 0x0000000800000000)
  region size 1024K, 5 young (5120K), 5 survivors (5120K)
 Metaspace       used 42138K, capacity 44513K, committed 44752K, reserved 1089536K
  class space    used 4340K, capacity 5200K, committed 5248K, reserved 1048576K
}
Event: 13.928 GC heap before
{Heap before GC invocations=15 (full 0):
 garbage-first heap   total 154624K, used 96630K [0x00000007c0000000, 0x0000000800000000)
  region size 1024K, 60 young (61440K), 5 survivors (5120K)
 Metaspace       used 42762K, capacity 45067K, committed 45264K, reserved 1089536K
  class space    used 4374K, capacity 5235K, committed 5248K, reserved 1048576K
}
Event: 13.980 GC heap after
{Heap after GC invocations=16 (full 0):
 garbage-first heap   total 154624K, used 44844K [0x00000007c0000000, 0x0000000800000000)
  region size 1024K, 5 young (5120K), 5 survivors (5120K)
 Metaspace       used 42762K, capacity 45067K, committed 45264K, reserved 1089536K
  class space    used 4374K, capacity 5235K, committed 5248K, reserved 1048576K
}

Deoptimization events (10 events):
Event: 16.048 Thread 0x00007fa85c0f7800 Uncommon trap: reason=unstable_if action=reinterpret pc=0x0000000119d6c1d8 method=org.eclipse.core.runtime.Path.computeSegments(Ljava/lang/String;)[Ljava/lang/String; @ 61 c2
Event: 16.048 Thread 0x00007fa85c0f7800 Uncommon trap: reason=unstable_if action=reinterpret pc=0x0000000119d6ec08 method=org.eclipse.core.runtime.Path.computeLength()I @ 37 c2
Event: 16.048 Thread 0x00007fa85c0f7800 Uncommon trap: reason=unstable_if action=reinterpret pc=0x0000000119d7c350 method=org.eclipse.core.runtime.Path.append(Lorg/eclipse/core/runtime/IPath;)Lorg/eclipse/core/runtime/IPath; @ 10 c2
Event: 16.048 Thread 0x00007fa85c0f7800 Uncommon trap: reason=unstable_if action=reinterpret pc=0x0000000119d7ecf8 method=org.eclipse.core.internal.resources.Workspace.newResource(Lorg/eclipse/core/runtime/IPath;I)Lorg/eclipse/core/internal/resources/Resource; @ 1 c2
Event: 16.049 Thread 0x00007fa85c0f7800 Uncommon trap: reason=predicate action=maybe_recompile pc=0x0000000119d19ae4 method=java.util.TreeMap.getEntryUsingComparator(Ljava/lang/Object;)Ljava/util/TreeMap$Entry; @ 19 c2
Event: 16.050 Thread 0x00007fa85c0f7800 Uncommon trap: reason=unstable_if action=reinterpret pc=0x0000000119d6dc70 method=org.eclipse.core.runtime.Path.computeSegmentCount(Ljava/lang/String;)I @ 11 c2
Event: 16.051 Thread 0x00007fa85c0f7800 Uncommon trap: reason=null_check action=make_not_entrant pc=0x0000000119d810b8 method=sun.nio.fs.UnixPath.encode(Lsun/nio/fs/UnixFileSystem;Ljava/lang/String;)[B @ 6 c2
Event: 16.051 Thread 0x00007fa85c0f7800 Uncommon trap: reason=null_check action=make_not_entrant pc=0x0000000119d73934 method=sun.nio.fs.NativeBuffers.getNativeBufferFromCache(I)Lsun/nio/fs/NativeBuffer; @ 6 c2
Event: 16.129 Thread 0x00007fa85c0f7800 Uncommon trap: reason=unstable_if action=reinterpret pc=0x0000000119c625b8 method=java.nio.Buffer.position(I)Ljava/nio/Buffer; @ 45 c2
Event: 16.235 Thread 0x00007fa85c8e8000 Uncommon trap: reason=null_check action=make_not_entrant pc=0x0000000119d83a84 method=sun.nio.fs.UnixPath.encode(Lsun/nio/fs/UnixFileSystem;Ljava/lang/String;)[B @ 6 c2

Classes redefined (0 events):
No events

Internal exceptions (10 events):
Event: 16.030 Thread 0x00007fa85c0f7800 Exception <a 'java/lang/NoSuchMethodError'{0x00000007c6dadc30}: java.lang.invoke.DirectMethodHandle$Holder.invokeStatic(Ljava/lang/Object;Ljava/lang/Object;Ljava/lang/Object;Ljava/lang/Object;Ljava/lang/Object;Ljava/lang/Object;)V> (0x00000007c6dadc30) th
Event: 16.047 Thread 0x00007fa85c8e8000 Exception <a 'java/lang/NoSuchMethodError'{0x00000007c6a53728}: <clinit>> (0x00000007c6a53728) thrown at [/scratch/mesos/slaves/07fc96ef-bf4d-487f-b22f-a84e49f5f44a-S27799/frameworks/1735e8a2-a1db-478c-8104-60c8b0af87dd-0196/executors/23259148-f5c6-492a-8
Event: 16.047 Thread 0x00007fa85c0f7800 Exception <a 'java/lang/NoSuchMethodError'{0x00000007c6dc6ac8}: java.lang.invoke.DirectMethodHandle$Holder.invokeInterface(Ljava/lang/Object;Ljava/lang/Object;Ljava/lang/Object;)Ljava/lang/Object;> (0x00000007c6dc6ac8) thrown at [/scratch/mesos/slaves/07f
Event: 16.051 Thread 0x00007fa85c0f7800 Implicit null exception at 0x0000000119d80074 to 0x0000000119d810ae
Event: 16.051 Thread 0x00007fa85c0f7800 Implicit null exception at 0x0000000119d72f3e to 0x0000000119d73916
Event: 16.116 Thread 0x00007fa85c8e8000 Exception <a 'java/lang/NoSuchMethodError'{0x00000007c6a5b828}: <clinit>> (0x00000007c6a5b828) thrown at [/scratch/mesos/slaves/07fc96ef-bf4d-487f-b22f-a84e49f5f44a-S27799/frameworks/1735e8a2-a1db-478c-8104-60c8b0af87dd-0196/executors/23259148-f5c6-492a-8
Event: 16.169 Thread 0x00007fa85c8e8000 Exception <a 'java/io/FileNotFoundException'{0x00000007c69f25e8}> (0x00000007c69f25e8) thrown at [/scratch/mesos/slaves/07fc96ef-bf4d-487f-b22f-a84e49f5f44a-S27799/frameworks/1735e8a2-a1db-478c-8104-60c8b0af87dd-0196/executors/23259148-f5c6-492a-83be-44c1
Event: 16.198 Thread 0x00007fa85c8e8000 Exception <a 'java/lang/NoSuchMethodError'{0x00000007c680e3a8}: java.lang.invoke.DirectMethodHandle$Holder.invokeSpecial(Ljava/lang/Object;Ljava/lang/Object;Ljava/lang/Object;Ljava/lang/Object;Ljava/lang/Object;Ljava/lang/Object;Ljava/lang/Object;Ljava/la
Event: 16.199 Thread 0x00007fa85c8e8000 Exception <a 'java/lang/NoSuchMethodError'{0x00000007c6812050}: java.lang.invoke.Invokers$Holder.linkToTargetMethod(Ljava/lang/Object;Ljava/lang/Object;Ljava/lang/Object;Ljava/lang/Object;Ljava/lang/Object;Ljava/lang/Object;Ljava/lang/Object;Ljava/lang/Ob
Event: 16.235 Thread 0x00007fa85c8e8000 Implicit null exception at 0x0000000119d82df0 to 0x0000000119d83a72

Events (10 events):
Event: 16.196 loading class org/eclipse/core/internal/watson/ElementTree done
Event: 16.196 loading class org/eclipse/core/internal/resources/MarkerManager
Event: 16.196 loading class org/eclipse/core/internal/resources/MarkerManager done
Event: 16.197 loading class org/eclipse/core/internal/watson/ElementTree
Event: 16.197 loading class org/eclipse/core/internal/watson/ElementTree done
Event: 16.197 loading class org/eclipse/core/internal/resources/SaveManager
Event: 16.197 loading class org/eclipse/core/internal/resources/SaveManager done
Event: 16.235 Thread 0x00007fa85c8e8000 Uncommon trap: trap_request=0xfffffff4 fr.pc=0x0000000119d83a84 relative=0x0000000000000d44
Event: 16.235 Thread 0x00007fa85c8e8000 DEOPT PACKING pc=0x0000000119d83a84 sp=0x0000700001f1a400
Event: 16.235 Thread 0x00007fa85c8e8000 DEOPT UNPACKING pc=0x000000011215eb9f sp=0x0000700001f1a398 mode 2


Dynamic libraries:
0x00007fff8ccd9000 	/System/Library/Frameworks/Cocoa.framework/Versions/A/Cocoa
0x00007fff92298000 	/System/Library/Frameworks/Security.framework/Versions/A/Security
0x00007fff89abc000 	/System/Library/Frameworks/ApplicationServices.framework/Versions/A/ApplicationServices
0x00007fff99b49000 	/usr/lib/libz.1.dylib
0x00007fff906ce000 	/usr/lib/libSystem.B.dylib
0x00007fff8b2c0000 	/System/Library/Frameworks/CoreFoundation.framework/Versions/A/CoreFoundation
0x00007fff8ccda000 	/System/Library/Frameworks/Foundation.framework/Versions/C/Foundation
0x00007fff9b82c000 	/usr/lib/libobjc.A.dylib
0x00007fff908b9000 	/System/Library/Frameworks/AppKit.framework/Versions/C/AppKit
0x00007fff90394000 	/System/Library/Frameworks/CoreData.framework/Versions/A/CoreData
0x00007fff8b099000 	/System/Library/PrivateFrameworks/RemoteViewServices.framework/Versions/A/RemoteViewServices
0x00007fff8af1a000 	/System/Library/PrivateFrameworks/UIFoundation.framework/Versions/A/UIFoundation
0x00007fff8fb8c000 	/usr/lib/libScreenReader.dylib
0x00007fff906e9000 	/System/Library/Frameworks/Accelerate.framework/Versions/A/Accelerate
0x00007fff8a1d2000 	/System/Library/Frameworks/IOSurface.framework/Versions/A/IOSurface
0x00007fff92d26000 	/System/Library/Frameworks/AudioToolbox.framework/Versions/A/AudioToolbox
0x00007fff8ac41000 	/System/Library/Frameworks/AudioUnit.framework/Versions/A/AudioUnit
0x00007fff99c5d000 	/System/Library/PrivateFrameworks/DataDetectorsCore.framework/Versions/A/DataDetectorsCore
0x00007fff876a3000 	/System/Library/PrivateFrameworks/DesktopServicesPriv.framework/Versions/A/DesktopServicesPriv
0x00007fff97562000 	/System/Library/Frameworks/Carbon.framework/Versions/A/Frameworks/HIToolbox.framework/Versions/A/HIToolbox
0x00007fff91fc1000 	/System/Library/Frameworks/QuartzCore.framework/Versions/A/QuartzCore
0x00007fff87be8000 	/System/Library/Frameworks/Carbon.framework/Versions/A/Frameworks/SpeechRecognition.framework/Versions/A/SpeechRecognition
0x00007fff9c53a000 	/usr/lib/libauto.dylib
0x00007fff89799000 	/usr/lib/libicucore.A.dylib
0x00007fff8ff36000 	/usr/lib/libxml2.2.dylib
0x00007fff93f63000 	/System/Library/PrivateFrameworks/CoreUI.framework/Versions/A/CoreUI
0x00007fff87980000 	/System/Library/Frameworks/CoreAudio.framework/Versions/A/CoreAudio
0x00007fff93b73000 	/System/Library/Frameworks/DiskArbitration.framework/Versions/A/DiskArbitration
0x00007fff95891000 	/usr/lib/liblangid.dylib
0x00007fff99bf1000 	/System/Library/PrivateFrameworks/MultitouchSupport.framework/Versions/A/MultitouchSupport
0x00007fff94f61000 	/System/Library/Frameworks/IOKit.framework/Versions/A/IOKit
0x00007fff87be6000 	/usr/lib/libDiagnosticMessagesClient.dylib
0x00007fff9a3e8000 	/System/Library/Frameworks/CoreServices.framework/Versions/A/CoreServices
0x00007fff86c38000 	/System/Library/PrivateFrameworks/PerformanceAnalysis.framework/Versions/A/PerformanceAnalysis
0x00007fff9a8ae000 	/System/Library/PrivateFrameworks/GenerationalStorage.framework/Versions/A/GenerationalStorage
0x00007fff9c31e000 	/System/Library/Frameworks/OpenGL.framework/Versions/A/OpenGL
0x00007fff8c552000 	/System/Library/PrivateFrameworks/Sharing.framework/Versions/A/Sharing
0x00007fff8e091000 	/System/Library/Frameworks/CoreGraphics.framework/Versions/A/CoreGraphics
0x00007fff9bba4000 	/System/Library/Frameworks/CoreImage.framework/Versions/A/CoreImage
0x00007fff93a2c000 	/System/Library/Frameworks/CoreText.framework/Versions/A/CoreText
0x00007fff8c884000 	/System/Library/Frameworks/ImageIO.framework/Versions/A/ImageIO
0x00007fff9c9e6000 	/System/Library/PrivateFrameworks/Backup.framework/Versions/A/Backup
0x00007fff9b7cb000 	/usr/lib/libextension.dylib
0x00007fff87c07000 	/usr/lib/libarchive.2.dylib
0x00007fff8923b000 	/System/Library/Frameworks/CFNetwork.framework/Versions/A/CFNetwork
0x00007fff90662000 	/System/Library/Frameworks/SystemConfiguration.framework/Versions/A/SystemConfiguration
0x00007fff894c3000 	/usr/lib/libCRFSuite.dylib
0x00007fff8b162000 	/usr/lib/libc++.1.dylib
0x00007fff92f5d000 	/usr/lib/libc++abi.dylib
0x00007fff92c56000 	/usr/lib/system/libcache.dylib
0x00007fff92869000 	/usr/lib/system/libcommonCrypto.dylib
0x00007fff9a9be000 	/usr/lib/system/libcompiler_rt.dylib
0x00007fff92bfc000 	/usr/lib/system/libcopyfile.dylib
0x00007fff8cb66000 	/usr/lib/system/libcorecrypto.dylib
0x00007fff8851a000 	/usr/lib/system/libdispatch.dylib
0x00007fff90213000 	/usr/lib/system/libdyld.dylib
0x00007fff8c14e000 	/usr/lib/system/libkeymgr.dylib
0x00007fff9a9c6000 	/usr/lib/system/liblaunch.dylib
0x00007fff86b36000 	/usr/lib/system/libmacho.dylib
0x00007fff8fbaa000 	/usr/lib/system/libquarantine.dylib
0x00007fff878f9000 	/usr/lib/system/libremovefile.dylib
0x00007fff8d03c000 	/usr/lib/system/libsystem_asl.dylib
0x00007fff86ada000 	/usr/lib/system/libsystem_blocks.dylib
0x00007fff8a4ea000 	/usr/lib/system/libsystem_c.dylib
0x00007fff88514000 	/usr/lib/system/libsystem_configuration.dylib
0x00007fff891a0000 	/usr/lib/system/libsystem_coreservices.dylib
0x00007fff88a45000 	/usr/lib/system/libsystem_coretls.dylib
0x00007fff8ac4b000 	/usr/lib/system/libsystem_dnssd.dylib
0x00007fff8d200000 	/usr/lib/system/libsystem_info.dylib
0x00007fff9070a000 	/usr/lib/system/libsystem_kernel.dylib
0x00007fff9017c000 	/usr/lib/system/libsystem_m.dylib
0x00007fff9bdc6000 	/usr/lib/system/libsystem_malloc.dylib
0x00007fff901ac000 	/usr/lib/system/libsystem_network.dylib
0x00007fff91e11000 	/usr/lib/system/libsystem_networkextension.dylib
0x00007fff9862b000 	/usr/lib/system/libsystem_notify.dylib
0x00007fff9bde3000 	/usr/lib/system/libsystem_platform.dylib
0x00007fff9a31d000 	/usr/lib/system/libsystem_pthread.dylib
0x00007fff8cbde000 	/usr/lib/system/libsystem_sandbox.dylib
0x00007fff87901000 	/usr/lib/system/libsystem_secinit.dylib
0x00007fff92857000 	/usr/lib/system/libsystem_trace.dylib
0x00007fff8f4d9000 	/usr/lib/system/libunc.dylib
0x00007fff89abd000 	/usr/lib/system/libunwind.dylib
0x00007fff8765b000 	/usr/lib/system/libxpc.dylib
0x00007fff93f62000 	/usr/lib/libenergytrace.dylib
0x00007fff93b62000 	/usr/lib/libbsm.0.dylib
0x00007fff88595000 	/usr/lib/system/libkxld.dylib
0x00007fff87bc5000 	/usr/lib/libxar.1.dylib
0x00007fff90276000 	/usr/lib/libsqlite3.dylib
0x00007fff87685000 	/usr/lib/libpam.2.dylib
0x00007fff8765a000 	/usr/lib/libOpenScriptingUtil.dylib
0x00007fff87bd7000 	/usr/lib/libbz2.1.0.dylib
0x00007fff92be1000 	/usr/lib/liblzma.5.dylib
0x00007fff92cae000 	/System/Library/Frameworks/CoreServices.framework/Versions/A/Frameworks/FSEvents.framework/Versions/A/FSEvents
0x00007fff8c575000 	/System/Library/Frameworks/CoreServices.framework/Versions/A/Frameworks/CarbonCore.framework/Versions/A/CarbonCore
0x00007fff980d8000 	/System/Library/Frameworks/CoreServices.framework/Versions/A/Frameworks/Metadata.framework/Versions/A/Metadata
0x00007fff93e62000 	/System/Library/Frameworks/CoreServices.framework/Versions/A/Frameworks/OSServices.framework/Versions/A/OSServices
0x00007fff91e66000 	/System/Library/Frameworks/CoreServices.framework/Versions/A/Frameworks/SearchKit.framework/Versions/A/SearchKit
0x00007fff8dae1000 	/System/Library/Frameworks/CoreServices.framework/Versions/A/Frameworks/AE.framework/Versions/A/AE
0x00007fff87500000 	/System/Library/Frameworks/CoreServices.framework/Versions/A/Frameworks/LaunchServices.framework/Versions/A/LaunchServices
0x00007fff94eb0000 	/System/Library/Frameworks/CoreServices.framework/Versions/A/Frameworks/DictionaryServices.framework/Versions/A/DictionaryServices
0x00007fff8b1b6000 	/System/Library/Frameworks/CoreServices.framework/Versions/A/Frameworks/SharedFileList.framework/Versions/A/SharedFileList
0x00007fff8dad8000 	/System/Library/Frameworks/NetFS.framework/Versions/A/NetFS
0x00007fff90729000 	/System/Library/PrivateFrameworks/NetAuth.framework/Versions/A/NetAuth
0x00007fff88830000 	/System/Library/PrivateFrameworks/login.framework/Versions/A/Frameworks/loginsupport.framework/Versions/A/loginsupport
0x00007fff95893000 	/System/Library/PrivateFrameworks/TCC.framework/Versions/A/TCC
0x00007fff8c14f000 	/usr/lib/libmecabra.dylib
0x00007fff885a1000 	/System/Library/Frameworks/ApplicationServices.framework/Versions/A/Frameworks/ATS.framework/Versions/A/ATS
0x00007fff983d1000 	/System/Library/Frameworks/ApplicationServices.framework/Versions/A/Frameworks/ColorSync.framework/Versions/A/ColorSync
0x00007fff86ae9000 	/System/Library/Frameworks/ApplicationServices.framework/Versions/A/Frameworks/HIServices.framework/Versions/A/HIServices
0x00007fff8a371000 	/System/Library/Frameworks/ApplicationServices.framework/Versions/A/Frameworks/LangAnalysis.framework/Versions/A/LangAnalysis
0x00007fff92ae6000 	/System/Library/Frameworks/ApplicationServices.framework/Versions/A/Frameworks/PrintCore.framework/Versions/A/PrintCore
0x00007fff891fc000 	/System/Library/Frameworks/ApplicationServices.framework/Versions/A/Frameworks/QD.framework/Versions/A/QD
0x00007fff94f54000 	/System/Library/Frameworks/ApplicationServices.framework/Versions/A/Frameworks/SpeechSynthesis.framework/Versions/A/SpeechSynthesis
0x00007fff9c994000 	/System/Library/Frameworks/Metal.framework/Versions/A/Metal
0x00007fff949f1000 	/System/Library/Frameworks/Accelerate.framework/Versions/A/Frameworks/vImage.framework/Versions/A/vImage
0x00007fff86b3c000 	/System/Library/Frameworks/Accelerate.framework/Versions/A/Frameworks/vecLib.framework/Versions/A/vecLib
0x00007fff8a03f000 	/System/Library/Frameworks/Accelerate.framework/Versions/A/Frameworks/vecLib.framework/Versions/A/libvDSP.dylib
0x00007fff9265a000 	/System/Library/Frameworks/Accelerate.framework/Versions/A/Frameworks/vecLib.framework/Versions/A/libvMisc.dylib
0x00007fff95ba3000 	/System/Library/Frameworks/Accelerate.framework/Versions/A/Frameworks/vecLib.framework/Versions/A/libLAPACK.dylib
0x00007fff95995000 	/System/Library/Frameworks/Accelerate.framework/Versions/A/Frameworks/vecLib.framework/Versions/A/libBLAS.dylib
0x00007fff87a01000 	/System/Library/Frameworks/Accelerate.framework/Versions/A/Frameworks/vecLib.framework/Versions/A/libLinearAlgebra.dylib
0x00007fff95966000 	/System/Library/Frameworks/Accelerate.framework/Versions/A/Frameworks/vecLib.framework/Versions/A/libSparseBLAS.dylib
0x00007fff93984000 	/System/Library/PrivateFrameworks/GPUCompiler.framework/libmetal_timestamp.dylib
0x00007fff89237000 	/System/Library/Frameworks/OpenGL.framework/Versions/A/Libraries/libCoreFSCache.dylib
0x00007fff93b5b000 	/System/Library/PrivateFrameworks/IOAccelerator.framework/Versions/A/IOAccelerator
0x00007fff946c4000 	/System/Library/Frameworks/ApplicationServices.framework/Versions/A/Frameworks/ATS.framework/Versions/A/Resources/libFontParser.dylib
0x00007fff99e17000 	/System/Library/Frameworks/ApplicationServices.framework/Versions/A/Frameworks/ATS.framework/Versions/A/Resources/libFontRegistry.dylib
0x00007fff96043000 	/System/Library/PrivateFrameworks/AppleVPA.framework/Versions/A/AppleVPA
0x00007fff8c415000 	/System/Library/PrivateFrameworks/AppleJPEG.framework/Versions/A/AppleJPEG
0x00007fff9b777000 	/System/Library/Frameworks/ImageIO.framework/Versions/A/Resources/libJPEG.dylib
0x00007fff8cc1a000 	/System/Library/Frameworks/ImageIO.framework/Versions/A/Resources/libTIFF.dylib
0x00007fff92634000 	/System/Library/Frameworks/ImageIO.framework/Versions/A/Resources/libPng.dylib
0x00007fff96034000 	/System/Library/Frameworks/ImageIO.framework/Versions/A/Resources/libGIF.dylib
0x00007fff948af000 	/System/Library/Frameworks/ImageIO.framework/Versions/A/Resources/libJP2.dylib
0x00007fff985bf000 	/System/Library/Frameworks/ImageIO.framework/Versions/A/Resources/libRadiance.dylib
0x00007fff99c16000 	/System/Library/Frameworks/CoreVideo.framework/Versions/A/CoreVideo
0x00007fff9bf0d000 	/System/Library/Frameworks/OpenGL.framework/Versions/A/Libraries/libGLU.dylib
0x00007fff8a43b000 	/System/Library/Frameworks/OpenGL.framework/Versions/A/Libraries/libGFXShared.dylib
0x00007fff9c212000 	/System/Library/Frameworks/OpenGL.framework/Versions/A/Libraries/libGL.dylib
0x00007fff8b744000 	/System/Library/Frameworks/OpenGL.framework/Versions/A/Libraries/libGLImage.dylib
0x00007fff8fb2b000 	/System/Library/Frameworks/OpenGL.framework/Versions/A/Libraries/libCVMSPluginSupport.dylib
0x00007fff9c31a000 	/System/Library/Frameworks/OpenGL.framework/Versions/A/Libraries/libCoreVMClient.dylib
0x00007fff87aab000 	/usr/lib/libcompression.dylib
0x00007fff87ac5000 	/usr/lib/libcups.2.dylib
0x00007fff8fc0c000 	/System/Library/Frameworks/Kerberos.framework/Versions/A/Kerberos
0x00007fff89097000 	/System/Library/Frameworks/GSS.framework/Versions/A/GSS
0x00007fff9283a000 	/usr/lib/libresolv.9.dylib
0x00007fff92747000 	/usr/lib/libiconv.2.dylib
0x00007fff9c42f000 	/System/Library/PrivateFrameworks/Heimdal.framework/Versions/A/Heimdal
0x00007fff9065c000 	/usr/lib/libheimdal-asn1.dylib
0x00007fff949a2000 	/System/Library/Frameworks/OpenDirectory.framework/Versions/A/OpenDirectory
0x00007fff91e5c000 	/System/Library/PrivateFrameworks/CommonAuth.framework/Versions/A/CommonAuth
0x00007fff9c4a4000 	/System/Library/Frameworks/OpenDirectory.framework/Versions/A/Frameworks/CFOpenDirectory.framework/Versions/A/CFOpenDirectory
0x00007fff93ded000 	/System/Library/Frameworks/SecurityFoundation.framework/Versions/A/SecurityFoundation
0x00007fff8c4a3000 	/System/Library/PrivateFrameworks/LanguageModeling.framework/Versions/A/LanguageModeling
0x00007fff9c61d000 	/usr/lib/libmarisa.dylib
0x00007fff95989000 	/usr/lib/libChineseTokenizer.dylib
0x00007fff99c4b000 	/usr/lib/libcmph.dylib
0x00007fff90217000 	/System/Library/Frameworks/ServiceManagement.framework/Versions/A/ServiceManagement
0x00007fff87ff5000 	/usr/lib/libxslt.1.dylib
0x00007fff9a0b8000 	/System/Library/Frameworks/Carbon.framework/Versions/A/Frameworks/Ink.framework/Versions/A/Ink
0x00007fff87051000 	/usr/lib/libFosl_dynamic.dylib
0x00007fff979e3000 	/System/Library/PrivateFrameworks/FaceCore.framework/Versions/A/FaceCore
0x00007fff94ee7000 	/System/Library/Frameworks/OpenCL.framework/Versions/A/OpenCL
0x00007fff9bdec000 	/System/Library/PrivateFrameworks/CrashReporterSupport.framework/Versions/A/CrashReporterSupport
0x00007fff93f3f000 	/System/Library/PrivateFrameworks/IconServices.framework/Versions/A/IconServices
0x00007fff8ff16000 	/System/Library/PrivateFrameworks/Apple80211.framework/Versions/A/Apple80211
0x00007fff9a3e9000 	/System/Library/Frameworks/CoreWLAN.framework/Versions/A/CoreWLAN
0x00007fff9461f000 	/System/Library/Frameworks/IOBluetooth.framework/Versions/A/IOBluetooth
0x00007fff96584000 	/System/Library/PrivateFrameworks/CoreWiFi.framework/Versions/A/CoreWiFi
0x00007fff906d0000 	/System/Library/Frameworks/CoreBluetooth.framework/Versions/A/CoreBluetooth
0x00007fff949c9000 	/System/Library/PrivateFrameworks/ChunkingLibrary.framework/Versions/A/ChunkingLibrary
0x00007fff91e21000 	/System/Library/PrivateFrameworks/DebugSymbols.framework/Versions/A/DebugSymbols
0x00007fff8ca62000 	/System/Library/PrivateFrameworks/CoreSymbolication.framework/Versions/A/CoreSymbolication
0x00007fff9bebc000 	/System/Library/PrivateFrameworks/Symbolication.framework/Versions/A/Symbolication
0x00007fff8d02f000 	/System/Library/PrivateFrameworks/SpeechRecognitionCore.framework/Versions/A/SpeechRecognitionCore
0x0000000108b77000 	/Library/Java/JavaVirtualMachines/jdk-11.0.2.jdk/Contents/Home/lib/server/libjvm.dylib
0x00000001099c2000 	/Library/Java/JavaVirtualMachines/jdk-11.0.2.jdk/Contents/Home/lib/libverify.dylib
0x00000001099ce000 	/Library/Java/JavaVirtualMachines/jdk-11.0.2.jdk/Contents/Home/lib/libjava.dylib
0x0000000109e0c000 	/Library/Java/JavaVirtualMachines/jdk-11.0.2.jdk/Contents/Home/lib/libzip.dylib
0x0000000109e14000 	/Library/Java/JavaVirtualMachines/jdk-11.0.2.jdk/Contents/Home/lib/libjimage.dylib
0x0000000126722000 	/Library/Java/JavaVirtualMachines/jdk-11.0.2.jdk/Contents/Home/lib/libnio.dylib
0x0000000126730000 	/Library/Java/JavaVirtualMachines/jdk-11.0.2.jdk/Contents/Home/lib/./libnet.dylib
0x0000000126f5a000 	/Users/mac/.vscode/extensions/redhat.java-0.37.0/server/config_mac/org.eclipse.equinox.launcher/org.eclipse.equinox.launcher.cocoa.macosx.x86_64_1.1.900.v20180922-1751/eclipse_1801.so
0x00007fff94495000 	/System/Library/PrivateFrameworks/CoreServicesInternal.framework/Versions/A/CoreServicesInternal


VM Arguments:
jvm_args: --add-modules=ALL-SYSTEM --add-opens=java.base/java.util=ALL-UNNAMED --add-opens=java.base/java.lang=ALL-UNNAMED -Declipse.application=org.eclipse.jdt.ls.core.id1 -Dosgi.bundles.defaultStartLevel=4 -Declipse.product=org.eclipse.jdt.ls.core.product -Xverify:none -Xmx1G -XX:+UseG1GC -XX:+UseStringDeduplication 
java_command: /Users/mac/.vscode/extensions/redhat.java-0.37.0/server/plugins/org.eclipse.equinox.launcher_1.5.200.v20180922-1751.jar -configuration /Users/mac/.vscode/extensions/redhat.java-0.37.0/server/config_mac -data /Users/mac/Library/Application Support/Code/User/workspaceStorage/be8ca4784b09ef5a6cd7a3d8209e4962/redhat.java/jdt_ws
java_class_path (initial): /Users/mac/.vscode/extensions/redhat.java-0.37.0/server/plugins/org.eclipse.equinox.launcher_1.5.200.v20180922-1751.jar
Launcher Type: SUN_STANDARD

[Global flags]
     bool BytecodeVerificationLocal                = false                                     {product} {command line}
     bool BytecodeVerificationRemote               = false                                     {product} {command line}
     intx CICompilerCount                          = 2                                         {product} {ergonomic}
     uint ConcGCThreads                            = 1                                         {product} {ergonomic}
     uint G1ConcRefinementThreads                  = 2                                         {product} {ergonomic}
   size_t G1HeapRegionSize                         = 1048576                                   {product} {ergonomic}
    uintx GCDrainStackTargetSize                   = 64                                        {product} {ergonomic}
   size_t InitialHeapSize                          = 67108864                                  {product} {ergonomic}
   size_t MarkStackSize                            = 4194304                                   {product} {ergonomic}
   size_t MaxHeapSize                              = 1073741824                                {product} {command line}
   size_t MaxNewSize                               = 643825664                                 {product} {ergonomic}
   size_t MinHeapDeltaBytes                        = 1048576                                   {product} {ergonomic}
    uintx NonNMethodCodeHeapSize                   = 5824844                                {pd product} {ergonomic}
    uintx NonProfiledCodeHeapSize                  = 122916698                              {pd product} {ergonomic}
    uintx ProfiledCodeHeapSize                     = 122916698                              {pd product} {ergonomic}
    uintx ReservedCodeCacheSize                    = 251658240                              {pd product} {ergonomic}
     bool SegmentedCodeCache                       = true                                      {product} {ergonomic}
     bool UseCompressedClassPointers               = true                                 {lp64_product} {ergonomic}
     bool UseCompressedOops                        = true                                 {lp64_product} {ergonomic}
     bool UseG1GC                                  = true                                      {product} {command line}
     bool UseStringDeduplication                   = true                                      {product} {command line}

Logging:
Log output configuration:
 #0: stdout all=warning uptime,level,tags
 #1: stderr all=off uptime,level,tags

Environment Variables:
PATH=/Users/mac/anaconda3/bin:/usr/local/bin:/usr/bin:/bin:/usr/sbin:/sbin:/Library/Frameworks/Mono.framework/Versions/Current/Commands:/Applications/Xamarin Workbooks.app/Contents/SharedSupport/path-bin
SHELL=/bin/bash

Signal Handlers:
SIGSEGV: [libjvm.dylib+0x740190], sa_mask[0]=11111111011111110111111111111111, sa_flags=SA_ONSTACK|SA_RESTART|SA_SIGINFO
SIGBUS: [libjvm.dylib+0x740190], sa_mask[0]=11111111011111110111111111111111, sa_flags=SA_RESTART|SA_SIGINFO
SIGFPE: [libjvm.dylib+0x740190], sa_mask[0]=11111111011111110111111111111111, sa_flags=SA_RESTART|SA_SIGINFO
SIGPIPE: [libjvm.dylib+0x5f2e42], sa_mask[0]=11111111011111110111111111111111, sa_flags=SA_RESTART|SA_SIGINFO
SIGXFSZ: [libjvm.dylib+0x5f2e42], sa_mask[0]=11111111011111110111111111111111, sa_flags=SA_RESTART|SA_SIGINFO
SIGILL: [libjvm.dylib+0x740190], sa_mask[0]=11111111011111110111111111111111, sa_flags=SA_RESTART|SA_SIGINFO
SIGUSR2: [libjvm.dylib+0x5f3427], sa_mask[0]=00000000000000000000000000000000, sa_flags=SA_RESTART|SA_SIGINFO
SIGHUP: [libjvm.dylib+0x5f1e83], sa_mask[0]=11111111011111110111111111111111, sa_flags=SA_RESTART|SA_SIGINFO
SIGINT: [libjvm.dylib+0x5f1e83], sa_mask[0]=11111111011111110111111111111111, sa_flags=SA_RESTART|SA_SIGINFO
SIGTERM: [libjvm.dylib+0x5f1e83], sa_mask[0]=11111111011111110111111111111111, sa_flags=SA_RESTART|SA_SIGINFO
SIGQUIT: [libjvm.dylib+0x5f1e83], sa_mask[0]=11111111011111110111111111111111, sa_flags=SA_RESTART|SA_SIGINFO


---------------  S Y S T E M  ---------------

OS:uname:Darwin 15.6.0 Darwin Kernel Version 15.6.0: Thu Jun 21 20:07:40 PDT 2018; root:xnu-3248.73.11~1/RELEASE_X86_64 x86_64
rlimit: STACK 8192k, CORE 0k, NPROC 709, NOFILE 10240, AS infinity, DATA infinity, FSIZE infinity
load average:8.08 7.31 3.39

CPU:total 2 (initial active 2) (2 cores per cpu, 1 threads per core) family 6 model 23 stepping 10, cmov, cx8, fxsr, mmx, sse, sse2, sse3, ssse3, sse4.1, tsc

Memory: 4k page, physical 4194304k(33280k free)

vm_info: Java HotSpot(TM) 64-Bit Server VM (11.0.2+9-LTS) for bsd-amd64 JRE (11.0.2+9-LTS), built on Jan 18 2019 08:16:46 by "mach5one" with gcc 4.2.1 Compatible Apple LLVM 9.1.0 (clang-902.0.39.2)

END.
