#
# A fatal error has been detected by the Java Runtime Environment:
#
#  SIGBUS (0xa) at pc=0x000000010d90af84, pid=798, tid=13059
#
# JRE version: Java(TM) SE Runtime Environment (11.0.2+9) (build 11.0.2+9-LTS)
# Java VM: Java HotSpot(TM) 64-Bit Server VM (11.0.2+9-LTS, mixed mode, tiered, compressed oops, g1 gc, bsd-amd64)
# Problematic frame:
# V  [libjvm.dylib+0x20bf84]  _ZN16G1ConcurrentMark19mark_in_next_bitmapEjP10HeapRegionP7oopDescm+0xb4
#
# No core dump will be written. Core dumps have been disabled. To enable core dumping, try "ulimit -c unlimited" before starting Java again
#
# If you would like to submit a bug report, please visit:
#   http://bugreport.java.com/bugreport/crash.jsp
#

---------------  S U M M A R Y ------------

Command Line: -Dspring.lsp.client-port=45556 -Dserver.port=45556 -Dsts.lsp.client=vscode -Dsts.log.file=/var/folders/4q/5cnrpjkj5db9w313741tctmc0000gn/T/vscode-spring-boot-1549444153900.log -Dlogging.file=/var/folders/4q/5cnrpjkj5db9w313741tctmc0000gn/T/vscode-spring-boot-1549444153900.log /Users/mac/.vscode/extensions/pivotal.vscode-spring-boot-1.3.0/jars/spring-boot-language-server-1.3.0-SNAPSHOT.jar

Host: Macmini3,1 x86_64 2530 MHz, 2 cores, 4G, Darwin 15.6.0
Time: Wed Feb  6 16:54:29 2019 CET elapsed time: 20957 seconds (0d 5h 49m 17s)

---------------  T H R E A D  ---------------

Current thread (0x00007ff11b826800):  ConcurrentGCThread "G1 Conc#0" [stack: 0x0000700000320000,0x0000700000420000] [id=13059]

Stack: [0x0000700000320000,0x0000700000420000],  sp=0x000070000041fbe0,  free space=1022k
Native frames: (J=compiled Java code, A=aot compiled Java code, j=interpreted, Vv=VM code, C=native code)
V  [libjvm.dylib+0x20bf84]  _ZN16G1ConcurrentMark19mark_in_next_bitmapEjP10HeapRegionP7oopDescm+0xb4
V  [libjvm.dylib+0x2ccbb3]  _ZN8G1CMTask19make_reference_greyEP7oopDesc+0x43
V  [libjvm.dylib+0x2ccb6d]  _ZN14G1CMOopClosure11do_oop_workIjEEvPT_+0x2d
V  [libjvm.dylib+0x20be03]  _ZN21OopOopIterateDispatchI14G1CMOopClosureE5Table15oop_oop_iterateI13InstanceKlassjEEvPS0_P7oopDescP5Klass+0x7b
V  [libjvm.dylib+0x30654f]  _ZN7oopDesc16oop_iterate_sizeI14G1CMOopClosureEEiPT_+0xaf
V  [libjvm.dylib+0x306466]  _ZN8G1CMTask23process_grey_task_entryILb1EEEv16G1TaskQueueEntry+0xf8
V  [libjvm.dylib+0x300f47]  _ZN17G1CMBitMapClosure7do_addrEP8HeapWord+0x27
V  [libjvm.dylib+0x305b6f]  _ZN10G1CMBitMap7iterateEP17G1CMBitMapClosure9MemRegion+0x1e1
V  [libjvm.dylib+0x30549a]  _ZN8G1CMTask15do_marking_stepEdbb+0x1dc
V  [libjvm.dylib+0x30690c]  _ZN25G1CMConcurrentMarkingTask4workEj+0xa6
V  [libjvm.dylib+0x7663cb]  _ZN10GangWorker4loopEv+0x43
V  [libjvm.dylib+0x5f0da3]  _ZL19thread_native_entryP6Thread+0x135
C  [libsystem_pthread.dylib+0x399d]  _pthread_body+0x83
C  [libsystem_pthread.dylib+0x391a]  _pthread_body+0x0
C  [libsystem_pthread.dylib+0x1351]  thread_start+0xd


siginfo: si_signo: 10 (SIGBUS), si_code: 2 (BUS_ADRERR), si_addr: 0x000000080061007a

Register to memory mapping:

RAX=0x000000010e0224a0: _ZN8Universe13_narrow_klassE+0 in /Library/Java/JavaVirtualMachines/jdk-11.0.2.jdk/Contents/Home/lib/server/libjvm.dylib at 0x000000010d6ff000
RBX=0x0000000000018d03 is an unknown value
RCX=0x0 is NULL
RDX=0x0000000000100001 is an unknown value
RSP=0x000070000041fbe0 points into unknown readable memory: 00 00 00 00 00 00 00 00
RBP=0x000070000041fc00 points into unknown readable memory: 40 fc 41 00 00 70 00 00
RSI=0x00000001267b8818 points into unknown readable memory: 00 00 10 00 00 00 00 00
RDI=0x0000000800610072 is an unknown value
R8 =0x0 is NULL
R9 =0x0 is NULL
R10=0x00000001266f2000 points into unknown readable memory: 01 00 00 00 00 00 00 00
R11=0x0000000000000206 is an unknown value
R12=0x00000007c31a06a0 is pointing into object: [C 
{0x00000007c31a0680} - klass: {type array char}
 - length: 56
R13=0x00000008004c1e00 is a pointer to class: 
org.eclipse.jdt.internal.compiler.lookup.AnnotationBinding {0x00000008004c1e00}
R14=0x0 is NULL
R15=0x00007ff11b821600 points into unknown readable memory: 00 60 82 1b f1 7f 00 00


Registers:
RAX=0x000000010e0224a0, RBX=0x0000000000018d03, RCX=0x0000000000000000, RDX=0x0000000000100001
RSP=0x000070000041fbe0, RBP=0x000070000041fc00, RSI=0x00000001267b8818, RDI=0x0000000800610072
R8 =0x0000000000000000, R9 =0x0000000000000000, R10=0x00000001266f2000, R11=0x0000000000000206
R12=0x00000007c31a06a0, R13=0x00000008004c1e00, R14=0x0000000000000000, R15=0x00007ff11b821600
RIP=0x000000010d90af84, EFLAGS=0x0000000000010206, ERR=0x0000000000000004
  TRAPNO=0x000000000000000e

Top of Stack: (sp=0x000070000041fbe0)
0x000070000041fbe0:   0000000000000000 000070000041fd50
0x000070000041fbf0:   00000007c31a06a0 00007ff11ad165d0
0x000070000041fc00:   000070000041fc40 000000010d9cbbb3
0x000070000041fc10:   000070000041fc50 000000010d9cbbb3
0x000070000041fc20:   000000080051bdb0 00000007c319c3d0
0x000070000041fc30:   00000007c319c3dc 00000008004c1df0
0x000070000041fc40:   000070000041fc50 000000010d9cbb6d
0x000070000041fc50:   000070000041fc90 000000010d90ae03
0x000070000041fc60:   00000007c319c398 0000000000000010
0x000070000041fc70:   00000008004c15d0 0000000000640000
0x000070000041fc80:   000070000041fd50 00000007c319c398
0x000070000041fc90:   000070000041fcc0 000000010da0554f
0x000070000041fca0:   00007ff11ad165d0 00000007c319c398
0x000070000041fcb0:   00000007c319c398 00007ff11b821618
0x000070000041fcc0:   000070000041fce0 000000010da05466
0x000070000041fcd0:   000070000041fd70 0000000000018fff
0x000070000041fce0:   000070000041fd00 000000010d9fff47
0x000070000041fcf0:   00000007c319c398 0000000000633873
0x000070000041fd00:   000070000041fd40 000000010da04b6f
0x000070000041fd10:   000070000041fd70 00007ff11ad165d0
0x000070000041fd20:   00007ff11ad16660 0000000000000000
0x000070000041fd30:   000070000041fd70 0000000000000001
0x000070000041fd40:   000070000041fdf0 000000010da0449a
0x000070000041fd50:   000000010dffe908 00007ff11ac1a910
0x000070000041fd60:   00007ff11b808000 00007ff11ad165d0
0x000070000041fd70:   00007ff11b821600 00007ff11ad165d0
0x000070000041fd80:   00000007c315cfb8 0000000000014609
0x000070000041fd90:   00007ff11ac162c0 3fe0000000000000
0x000070000041fda0:   00007ff11ad16710 000070000031ccb0
0x000070000041fdb0:   4001ebfa00000001 000000000dccb477
0x000070000041fdc0:   4024000000000001 00007ff11ad165d0
0x000070000041fdd0:   000000010e001138 000000010e059a18 

Instructions: (pc=0x000000010d90af84)
0x000000010d90af64:   84 d2 74 17 48 8d 05 31 75 71 00 8a 48 08 41 8b
0x000000010d90af74:   7c 24 08 48 d3 e7 48 03 38 eb 05 49 8b 7c 24 08
0x000000010d90af84:   8b 47 08 85 c0 7e 09 a8 01 75 07 c1 e8 03 eb 46
0x000000010d90af94:   78 0e 48 8b 07 4c 89 e6 ff 90 10 01 00 00 eb 36 

Stack slot to memory mapping:
stack at sp + 0 slots: 0x0 is NULL
stack at sp + 1 slots: 0x000070000041fd50 points into unknown readable memory: 08 e9 ff 0d 01 00 00 00
stack at sp + 2 slots: 0x00000007c31a06a0 is pointing into object: [C 
{0x00000007c31a0680} - klass: {type array char}
 - length: 56
stack at sp + 3 slots: 0x00007ff11ad165d0 points into unknown readable memory: 30 8f fd 0d 01 00 00 00
stack at sp + 4 slots: 0x000070000041fc40 points into unknown readable memory: 50 fc 41 00 00 70 00 00
stack at sp + 5 slots: 0x000000010d9cbbb3: _ZN8G1CMTask19make_reference_greyEP7oopDesc+0x43 in /Library/Java/JavaVirtualMachines/jdk-11.0.2.jdk/Contents/Home/lib/server/libjvm.dylib at 0x000000010d6ff000
stack at sp + 6 slots: 0x000070000041fc50 points into unknown readable memory: 90 fc 41 00 00 70 00 00
stack at sp + 7 slots: 0x000000010d9cbbb3: _ZN8G1CMTask19make_reference_greyEP7oopDesc+0x43 in /Library/Java/JavaVirtualMachines/jdk-11.0.2.jdk/Contents/Home/lib/server/libjvm.dylib at 0x000000010d6ff000


---------------  P R O C E S S  ---------------

Threads class SMR info:
_java_thread_list=0x00007ff11d2a0990, length=49, elements={
0x00007ff11b04b800, 0x00007ff11b035000, 0x00007ff11b873000, 0x00007ff11b874000,
0x00007ff11b03c800, 0x00007ff11b03d800, 0x00007ff11b966800, 0x00007ff11b0b9800,
0x00007ff11c7f6800, 0x00007ff11c066000, 0x00007ff11c466000, 0x00007ff11c01f000,
0x00007ff11da27800, 0x00007ff11dd5c800, 0x00007ff11b2ed800, 0x00007ff11d920000,
0x00007ff11d9c4000, 0x00007ff11dd20800, 0x00007ff11cca3800, 0x00007ff11cfda000,
0x00007ff11df95000, 0x00007ff11c89d000, 0x00007ff11dbd1000, 0x00007ff11bb21000,
0x00007ff11ba46800, 0x00007ff11be4f000, 0x00007ff11ba66800, 0x00007ff11cd0e800,
0x00007ff11c89c000, 0x00007ff11cfdf000, 0x00007ff11bff2800, 0x00007ff11bcd3800,
0x00007ff11b94f800, 0x00007ff11df53000, 0x00007ff11caad000, 0x00007ff11bc6e800,
0x00007ff11cfcd000, 0x00007ff11c84f000, 0x00007ff11b9fb800, 0x00007ff11cf7a800,
0x00007ff11b99d000, 0x00007ff11b97d800, 0x00007ff11b9f8800, 0x00007ff11bdff000,
0x00007ff11b71f800, 0x00007ff11de74800, 0x00007ff11de26800, 0x00007ff11d898000,
0x00007ff11d811000
}

Java Threads: ( => current thread )
  0x00007ff11b04b800 JavaThread "Reference Handler" daemon [_thread_blocked, id=15619, stack(0x000070000072c000,0x000070000082c000)]
  0x00007ff11b035000 JavaThread "Finalizer" daemon [_thread_blocked, id=16387, stack(0x000070000082f000,0x000070000092f000)]
  0x00007ff11b873000 JavaThread "Signal Dispatcher" daemon [_thread_blocked, id=20483, stack(0x00007000009b5000,0x0000700000ab5000)]
  0x00007ff11b874000 JavaThread "C2 CompilerThread0" daemon [_thread_blocked, id=21251, stack(0x0000700000ab8000,0x0000700000bb8000)]
  0x00007ff11b03c800 JavaThread "C1 CompilerThread0" daemon [_thread_blocked, id=22019, stack(0x0000700000bbb000,0x0000700000cbb000)]
  0x00007ff11b03d800 JavaThread "Sweeper thread" daemon [_thread_blocked, id=22787, stack(0x0000700000cbe000,0x0000700000dbe000)]
  0x00007ff11b966800 JavaThread "Service Thread" daemon [_thread_blocked, id=23555, stack(0x0000700000dc1000,0x0000700000ec1000)]
  0x00007ff11b0b9800 JavaThread "Common-Cleaner" daemon [_thread_blocked, id=24835, stack(0x0000700000fc7000,0x00007000010c7000)]
  0x00007ff11c7f6800 JavaThread "LanguageServerApp-lifecycle" [_thread_blocked, id=6935, stack(0x00007000011cd000,0x00007000012cd000)]
  0x00007ff11c066000 JavaThread "DestroyJavaVM" [_thread_blocked, id=3847, stack(0x000000010e448000,0x000000010e548000)]
  0x00007ff11c466000 JavaThread "pool-3-thread-1" [_thread_in_native, id=27143, stack(0x00007000012d0000,0x00007000013d0000)]
  0x00007ff11c01f000 JavaThread "SimpleLanguaserver main thread" daemon [_thread_blocked, id=27651, stack(0x00007000013d3000,0x00007000014d3000)]
  0x00007ff11da27800 JavaThread "Reconciler-1" daemon [_thread_blocked, id=28419, stack(0x00007000014d6000,0x00007000015d6000)]
  0x00007ff11dd5c800 JavaThread "pool-2-thread-1" [_thread_blocked, id=29187, stack(0x00007000015d9000,0x00007000016d9000)]
  0x00007ff11b2ed800 JavaThread "pool-4-thread-1" [_thread_in_native, id=29955, stack(0x00007000016dc000,0x00007000017dc000)]
  0x00007ff11d920000 JavaThread "elastic-evictor-1" daemon [_thread_blocked, id=30723, stack(0x00007000017df000,0x00007000018df000)]
  0x00007ff11d9c4000 JavaThread "parallel-1" daemon [_thread_blocked, id=31491, stack(0x00007000018e2000,0x00007000019e2000)]
  0x00007ff11dd20800 JavaThread "parallel-2" daemon [_thread_blocked, id=33027, stack(0x0000700001ae8000,0x0000700001be8000)]
  0x00007ff11cca3800 JavaThread "RMI RenewClean-[192.168.0.16:49296]" daemon [_thread_blocked, id=34563, stack(0x0000700001cee000,0x0000700001dee000)]
  0x00007ff11cfda000 JavaThread "RMI GC Daemon" daemon [_thread_blocked, id=35331, stack(0x0000700001df1000,0x0000700001ef1000)]
  0x00007ff11df95000 JavaThread "RMI Scheduler(0)" daemon [_thread_blocked, id=36099, stack(0x0000700001ef4000,0x0000700001ff4000)]
  0x00007ff11c89d000 JavaThread "JMX client heartbeat 2" daemon [_thread_blocked, id=36867, stack(0x0000700001ff7000,0x00007000020f7000)]
  0x00007ff11dbd1000 JavaThread "elastic-6" daemon [_thread_blocked, id=33547, stack(0x00007000019e5000,0x0000700001ae5000)]
  0x00007ff11bb21000 JavaThread "elastic-7" daemon [_thread_blocked, id=33811, stack(0x0000700001beb000,0x0000700001ceb000)]
  0x00007ff11ba46800 JavaThread "elastic-14" daemon [_thread_blocked, id=37643, stack(0x00007000021fd000,0x00007000022fd000)]
  0x00007ff11be4f000 JavaThread "RMI RenewClean-[localhost:49552]" daemon [_thread_blocked, id=38407, stack(0x0000700002300000,0x0000700002400000)]
  0x00007ff11ba66800 JavaThread "JMX client heartbeat 3" daemon [_thread_blocked, id=39171, stack(0x0000700002403000,0x0000700002503000)]
  0x00007ff11cd0e800 JavaThread "elastic-15" daemon [_thread_blocked, id=37955, stack(0x00007000020fa000,0x00007000021fa000)]
  0x00007ff11c89c000 JavaThread "elastic-16" daemon [_thread_blocked, id=40259, stack(0x0000700002506000,0x0000700002606000)]
  0x00007ff11cfdf000 JavaThread "elastic-17" daemon [_thread_blocked, id=40707, stack(0x0000700002609000,0x0000700002709000)]
  0x00007ff11bff2800 JavaThread "elastic-18" daemon [_thread_blocked, id=41475, stack(0x000070000270c000,0x000070000280c000)]
  0x00007ff11bcd3800 JavaThread "elastic-19" daemon [_thread_blocked, id=42243, stack(0x000070000280f000,0x000070000290f000)]
  0x00007ff11b94f800 JavaThread "elastic-20" daemon [_thread_blocked, id=43011, stack(0x0000700002912000,0x0000700002a12000)]
  0x00007ff11df53000 JavaThread "elastic-21" daemon [_thread_blocked, id=43779, stack(0x0000700002a15000,0x0000700002b15000)]
  0x00007ff11caad000 JavaThread "elastic-22" daemon [_thread_blocked, id=45059, stack(0x0000700002b18000,0x0000700002c18000)]
  0x00007ff11bc6e800 JavaThread "elastic-23" daemon [_thread_blocked, id=45827, stack(0x0000700002c1b000,0x0000700002d1b000)]
  0x00007ff11cfcd000 JavaThread "elastic-24" daemon [_thread_blocked, id=44551, stack(0x0000700002d1e000,0x0000700002e1e000)]
  0x00007ff11c84f000 JavaThread "elastic-25" daemon [_thread_blocked, id=46851, stack(0x0000700002e21000,0x0000700002f21000)]
  0x00007ff11b9fb800 JavaThread "elastic-26" daemon [_thread_blocked, id=47619, stack(0x0000700002f24000,0x0000700003024000)]
  0x00007ff11cf7a800 JavaThread "elastic-27" daemon [_thread_blocked, id=48387, stack(0x0000700003027000,0x0000700003127000)]
  0x00007ff11b99d000 JavaThread "elastic-28" daemon [_thread_blocked, id=49155, stack(0x000070000312a000,0x000070000322a000)]
  0x00007ff11b97d800 JavaThread "elastic-29" daemon [_thread_blocked, id=49923, stack(0x000070000322d000,0x000070000332d000)]
  0x00007ff11b9f8800 JavaThread "elastic-30" daemon [_thread_blocked, id=50691, stack(0x0000700003330000,0x0000700003430000)]
  0x00007ff11bdff000 JavaThread "elastic-31" daemon [_thread_blocked, id=51459, stack(0x0000700003433000,0x0000700003533000)]
  0x00007ff11b71f800 JavaThread "elastic-32" daemon [_thread_blocked, id=52231, stack(0x0000700003536000,0x0000700003636000)]
  0x00007ff11de74800 JavaThread "elastic-33" daemon [_thread_blocked, id=52743, stack(0x0000700003639000,0x0000700003739000)]
  0x00007ff11de26800 JavaThread "elastic-34" daemon [_thread_blocked, id=53763, stack(0x000070000373c000,0x000070000383c000)]
  0x00007ff11d898000 JavaThread "elastic-35" daemon [_thread_blocked, id=54531, stack(0x000070000383f000,0x000070000393f000)]
  0x00007ff11d811000 JavaThread "elastic-36" daemon [_thread_blocked, id=55299, stack(0x0000700003942000,0x0000700003a42000)]

Other Threads:
  0x00007ff11b030000 VMThread "VM Thread" [stack: 0x0000700000629000,0x0000700000729000] [id=14851]
  0x00007ff11b00a800 WatcherThread [stack: 0x0000700000ec4000,0x0000700000fc4000] [id=24067]
  0x00007ff11b800800 GCTaskThread "GC Thread#0" [stack: 0x000070000011a000,0x000070000021a000] [id=11523]
  0x00007ff11ba00800 GCTaskThread "GC Thread#1" [stack: 0x00007000010ca000,0x00007000011ca000] [id=25347]
  0x00007ff11b826000 ConcurrentGCThread "G1 Main Marker" [stack: 0x000070000021d000,0x000070000031d000] [id=12035]
=>0x00007ff11b826800 ConcurrentGCThread "G1 Conc#0" [stack: 0x0000700000320000,0x0000700000420000] [id=13059]
  0x00007ff11b84f800 ConcurrentGCThread "G1 Refine#0" [stack: 0x0000700000423000,0x0000700000523000] [id=13827]
  0x00007ff11b850000 ConcurrentGCThread "G1 Young RemSet Sampling" [stack: 0x0000700000526000,0x0000700000626000] [id=14339]

Threads with active compile tasks:

VM state:not at safepoint (normal execution)

VM Mutex/Monitor currently owned by a thread: None

Heap address: 0x00000007c0000000, size: 1024 MB, Compressed Oops mode: Zero based, Oop shift amount: 3
Narrow klass base: 0x0000000800000000, Narrow klass shift: 0
Compressed class space size: 1073741824 Address: 0x0000000800000000

Heap:
 garbage-first heap   total 280576K, used 69577K [0x00000007c0000000, 0x0000000800000000)
  region size 1024K, 22 young (22528K), 3 survivors (3072K)
 Metaspace       used 52033K, capacity 53127K, committed 53888K, reserved 1097728K
  class space    used 5148K, capacity 5545K, committed 5760K, reserved 1048576K
Heap Regions: E=young(eden), S=young(survivor), O=old, HS=humongous(starts), HC=humongous(continues), CS=collection set, F=free, A=archive, TAMS=top-at-mark-start (previous, next)
|   0|0x00000007c0000000, 0x00000007c0100000, 0x00000007c0100000|100%| O|  |TAMS 0x00000007c0100000, 0x00000007c0100000| Untracked 
|   1|0x00000007c0100000, 0x00000007c0200000, 0x00000007c0200000|100%| O|  |TAMS 0x00000007c0200000, 0x00000007c0200000| Untracked 
|   2|0x00000007c0200000, 0x00000007c0300000, 0x00000007c0300000|100%| O|  |TAMS 0x00000007c0300000, 0x00000007c0300000| Untracked 
|   3|0x00000007c0300000, 0x00000007c0400000, 0x00000007c0400000|100%| O|  |TAMS 0x00000007c0400000, 0x00000007c0400000| Untracked 
|   4|0x00000007c0400000, 0x00000007c0500000, 0x00000007c0500000|100%| O|  |TAMS 0x00000007c0500000, 0x00000007c0500000| Untracked 
|   5|0x00000007c0500000, 0x00000007c0600000, 0x00000007c0600000|100%| O|  |TAMS 0x00000007c0600000, 0x00000007c0600000| Untracked 
|   6|0x00000007c0600000, 0x00000007c0700000, 0x00000007c0700000|100%| O|  |TAMS 0x00000007c0700000, 0x00000007c0700000| Untracked 
|   7|0x00000007c0700000, 0x00000007c0800000, 0x00000007c0800000|100%| O|  |TAMS 0x00000007c0800000, 0x00000007c0800000| Untracked 
|   8|0x00000007c0800000, 0x00000007c0900000, 0x00000007c0900000|100%| O|  |TAMS 0x00000007c0900000, 0x00000007c0900000| Untracked 
|   9|0x00000007c0900000, 0x00000007c0a00000, 0x00000007c0a00000|100%| O|  |TAMS 0x00000007c0a00000, 0x00000007c0a00000| Untracked 
|  10|0x00000007c0a00000, 0x00000007c0b00000, 0x00000007c0b00000|100%| O|  |TAMS 0x00000007c0b00000, 0x00000007c0b00000| Untracked 
|  11|0x00000007c0b00000, 0x00000007c0c00000, 0x00000007c0c00000|100%| O|  |TAMS 0x00000007c0c00000, 0x00000007c0c00000| Untracked 
|  12|0x00000007c0c00000, 0x00000007c0d00000, 0x00000007c0d00000|100%| O|  |TAMS 0x00000007c0d00000, 0x00000007c0d00000| Untracked 
|  13|0x00000007c0d00000, 0x00000007c0e00000, 0x00000007c0e00000|100%| O|  |TAMS 0x00000007c0e00000, 0x00000007c0e00000| Untracked 
|  14|0x00000007c0e00000, 0x00000007c0f00000, 0x00000007c0f00000|100%| O|  |TAMS 0x00000007c0f00000, 0x00000007c0f00000| Untracked 
|  15|0x00000007c0f00000, 0x00000007c0f77e00, 0x00000007c1000000| 46%| O|  |TAMS 0x00000007c0f00000, 0x00000007c0f77e00| Untracked 
|  16|0x00000007c1000000, 0x00000007c1000000, 0x00000007c1100000|  0%| F|  |TAMS 0x00000007c1000000, 0x00000007c1000000| Untracked 
|  17|0x00000007c1100000, 0x00000007c1200000, 0x00000007c1200000|100%| O|  |TAMS 0x00000007c1200000, 0x00000007c1200000| Untracked 
|  18|0x00000007c1200000, 0x00000007c1300000, 0x00000007c1300000|100%| O|  |TAMS 0x00000007c1300000, 0x00000007c1300000| Untracked 
|  19|0x00000007c1300000, 0x00000007c1400000, 0x00000007c1400000|100%| O|  |TAMS 0x00000007c1400000, 0x00000007c1400000| Untracked 
|  20|0x00000007c1400000, 0x00000007c1500000, 0x00000007c1500000|100%| O|  |TAMS 0x00000007c1500000, 0x00000007c1500000| Untracked 
|  21|0x00000007c1500000, 0x00000007c1600000, 0x00000007c1600000|100%| O|  |TAMS 0x00000007c1600000, 0x00000007c1600000| Untracked 
|  22|0x00000007c1600000, 0x00000007c1700000, 0x00000007c1700000|100%| O|  |TAMS 0x00000007c1700000, 0x00000007c1700000| Untracked 
|  23|0x00000007c1700000, 0x00000007c1700000, 0x00000007c1800000|  0%| F|  |TAMS 0x00000007c1700000, 0x00000007c1700000| Untracked 
|  24|0x00000007c1800000, 0x00000007c1800000, 0x00000007c1900000|  0%| F|  |TAMS 0x00000007c1800000, 0x00000007c1800000| Untracked 
|  25|0x00000007c1900000, 0x00000007c1a00000, 0x00000007c1a00000|100%| O|  |TAMS 0x00000007c1a00000, 0x00000007c1a00000| Untracked 
|  26|0x00000007c1a00000, 0x00000007c1a00000, 0x00000007c1b00000|  0%| F|  |TAMS 0x00000007c1a00000, 0x00000007c1a00000| Untracked 
|  27|0x00000007c1b00000, 0x00000007c1c00000, 0x00000007c1c00000|100%|HS|  |TAMS 0x00000007c1c00000, 0x00000007c1c00000| Complete 
|  28|0x00000007c1c00000, 0x00000007c1d00000, 0x00000007c1d00000|100%| O|  |TAMS 0x00000007c1d00000, 0x00000007c1d00000| Untracked 
|  29|0x00000007c1d00000, 0x00000007c1e00000, 0x00000007c1e00000|100%| O|  |TAMS 0x00000007c1e00000, 0x00000007c1e00000| Untracked 
|  30|0x00000007c1e00000, 0x00000007c1e00000, 0x00000007c1f00000|  0%| F|  |TAMS 0x00000007c1e00000, 0x00000007c1e00000| Untracked 
|  31|0x00000007c1f00000, 0x00000007c1f00000, 0x00000007c2000000|  0%| F|  |TAMS 0x00000007c1f00000, 0x00000007c1f00000| Untracked 
|  32|0x00000007c2000000, 0x00000007c2000000, 0x00000007c2100000|  0%| F|  |TAMS 0x00000007c2000000, 0x00000007c2000000| Untracked 
|  33|0x00000007c2100000, 0x00000007c2200000, 0x00000007c2200000|100%| O|  |TAMS 0x00000007c2200000, 0x00000007c2200000| Untracked 
|  34|0x00000007c2200000, 0x00000007c2300000, 0x00000007c2300000|100%| O|  |TAMS 0x00000007c2300000, 0x00000007c2300000| Untracked 
|  35|0x00000007c2300000, 0x00000007c2400000, 0x00000007c2400000|100%| O|  |TAMS 0x00000007c2400000, 0x00000007c2400000| Untracked 
|  36|0x00000007c2400000, 0x00000007c2500000, 0x00000007c2500000|100%| O|  |TAMS 0x00000007c2500000, 0x00000007c2500000| Untracked 
|  37|0x00000007c2500000, 0x00000007c2500000, 0x00000007c2600000|  0%| F|  |TAMS 0x00000007c2500000, 0x00000007c2500000| Untracked 
|  38|0x00000007c2600000, 0x00000007c2700000, 0x00000007c2700000|100%|HS|  |TAMS 0x00000007c2700000, 0x00000007c2700000| Complete 
|  39|0x00000007c2700000, 0x00000007c2800000, 0x00000007c2800000|100%|HC|  |TAMS 0x00000007c2800000, 0x00000007c2800000| Complete 
|  40|0x00000007c2800000, 0x00000007c2900000, 0x00000007c2900000|100%| O|  |TAMS 0x00000007c2900000, 0x00000007c2900000| Untracked 
|  41|0x00000007c2900000, 0x00000007c2a00000, 0x00000007c2a00000|100%|HS|  |TAMS 0x00000007c2a00000, 0x00000007c2a00000| Complete 
|  42|0x00000007c2a00000, 0x00000007c2b00000, 0x00000007c2b00000|100%| O|  |TAMS 0x00000007c2b00000, 0x00000007c2b00000| Untracked 
|  43|0x00000007c2b00000, 0x00000007c2c00000, 0x00000007c2c00000|100%| O|  |TAMS 0x00000007c2c00000, 0x00000007c2c00000| Untracked 
|  44|0x00000007c2c00000, 0x00000007c2d00000, 0x00000007c2d00000|100%| O|  |TAMS 0x00000007c2d00000, 0x00000007c2d00000| Untracked 
|  45|0x00000007c2d00000, 0x00000007c2e00000, 0x00000007c2e00000|100%| O|  |TAMS 0x00000007c2e00000, 0x00000007c2e00000| Untracked 
|  46|0x00000007c2e00000, 0x00000007c2f00000, 0x00000007c2f00000|100%| O|  |TAMS 0x00000007c2f00000, 0x00000007c2f00000| Untracked 
|  47|0x00000007c2f00000, 0x00000007c3000000, 0x00000007c3000000|100%| O|  |TAMS 0x00000007c3000000, 0x00000007c3000000| Untracked 
|  48|0x00000007c3000000, 0x00000007c3100000, 0x00000007c3100000|100%| O|  |TAMS 0x00000007c3100000, 0x00000007c3100000| Untracked 
|  49|0x00000007c3100000, 0x00000007c3200000, 0x00000007c3200000|100%| O|  |TAMS 0x00000007c3200000, 0x00000007c3200000| Untracked 
|  50|0x00000007c3200000, 0x00000007c3300000, 0x00000007c3300000|100%| O|  |TAMS 0x00000007c3300000, 0x00000007c3300000| Untracked 
|  51|0x00000007c3300000, 0x00000007c3400000, 0x00000007c3400000|100%| O|  |TAMS 0x00000007c3400000, 0x00000007c3400000| Untracked 
|  52|0x00000007c3400000, 0x00000007c3500000, 0x00000007c3500000|100%| O|  |TAMS 0x00000007c3500000, 0x00000007c3500000| Untracked 
|  53|0x00000007c3500000, 0x00000007c3600000, 0x00000007c3600000|100%| O|  |TAMS 0x00000007c3600000, 0x00000007c3600000| Untracked 
|  54|0x00000007c3600000, 0x00000007c3700000, 0x00000007c3700000|100%| O|  |TAMS 0x00000007c3604e00, 0x00000007c3700000| Untracked 
|  55|0x00000007c3700000, 0x00000007c3700000, 0x00000007c3800000|  0%| F|  |TAMS 0x00000007c3700000, 0x00000007c3700000| Untracked 
|  56|0x00000007c3800000, 0x00000007c3900000, 0x00000007c3900000|100%| O|  |TAMS 0x00000007c3900000, 0x00000007c3900000| Untracked 
|  57|0x00000007c3900000, 0x00000007c3900000, 0x00000007c3a00000|  0%| F|  |TAMS 0x00000007c3900000, 0x00000007c3900000| Untracked 
|  58|0x00000007c3a00000, 0x00000007c3a00000, 0x00000007c3b00000|  0%| F|  |TAMS 0x00000007c3a00000, 0x00000007c3a00000| Untracked 
|  59|0x00000007c3b00000, 0x00000007c3b00000, 0x00000007c3c00000|  0%| F|  |TAMS 0x00000007c3b00000, 0x00000007c3b00000| Untracked 
|  60|0x00000007c3c00000, 0x00000007c3c00000, 0x00000007c3d00000|  0%| F|  |TAMS 0x00000007c3c00000, 0x00000007c3c00000| Untracked 
|  61|0x00000007c3d00000, 0x00000007c3d00000, 0x00000007c3e00000|  0%| F|  |TAMS 0x00000007c3d00000, 0x00000007c3d00000| Untracked 
|  62|0x00000007c3e00000, 0x00000007c3e00000, 0x00000007c3f00000|  0%| F|  |TAMS 0x00000007c3e00000, 0x00000007c3e00000| Untracked 
|  63|0x00000007c3f00000, 0x00000007c3f00000, 0x00000007c4000000|  0%| F|  |TAMS 0x00000007c3f00000, 0x00000007c3f00000| Untracked 
|  64|0x00000007c4000000, 0x00000007c4000000, 0x00000007c4100000|  0%| F|  |TAMS 0x00000007c4000000, 0x00000007c4000000| Untracked 
|  65|0x00000007c4100000, 0x00000007c4100000, 0x00000007c4200000|  0%| F|  |TAMS 0x00000007c4100000, 0x00000007c4100000| Untracked 
|  66|0x00000007c4200000, 0x00000007c4200000, 0x00000007c4300000|  0%| F|  |TAMS 0x00000007c4200000, 0x00000007c4200000| Untracked 
|  67|0x00000007c4300000, 0x00000007c4300000, 0x00000007c4400000|  0%| F|  |TAMS 0x00000007c4300000, 0x00000007c4300000| Untracked 
|  68|0x00000007c4400000, 0x00000007c4400000, 0x00000007c4500000|  0%| F|  |TAMS 0x00000007c4400000, 0x00000007c4400000| Untracked 
|  69|0x00000007c4500000, 0x00000007c4500000, 0x00000007c4600000|  0%| F|  |TAMS 0x00000007c4500000, 0x00000007c4500000| Untracked 
|  70|0x00000007c4600000, 0x00000007c4600000, 0x00000007c4700000|  0%| F|  |TAMS 0x00000007c4600000, 0x00000007c4600000| Untracked 
|  71|0x00000007c4700000, 0x00000007c4700000, 0x00000007c4800000|  0%| F|  |TAMS 0x00000007c4700000, 0x00000007c4700000| Untracked 
|  72|0x00000007c4800000, 0x00000007c4800000, 0x00000007c4900000|  0%| F|  |TAMS 0x00000007c4800000, 0x00000007c4800000| Untracked 
|  73|0x00000007c4900000, 0x00000007c4900000, 0x00000007c4a00000|  0%| F|  |TAMS 0x00000007c4900000, 0x00000007c4900000| Untracked 
|  74|0x00000007c4a00000, 0x00000007c4a00000, 0x00000007c4b00000|  0%| F|  |TAMS 0x00000007c4a00000, 0x00000007c4a00000| Untracked 
|  75|0x00000007c4b00000, 0x00000007c4b00000, 0x00000007c4c00000|  0%| F|  |TAMS 0x00000007c4b00000, 0x00000007c4b00000| Untracked 
|  76|0x00000007c4c00000, 0x00000007c4c00000, 0x00000007c4d00000|  0%| F|  |TAMS 0x00000007c4c00000, 0x00000007c4c00000| Untracked 
|  77|0x00000007c4d00000, 0x00000007c4d00000, 0x00000007c4e00000|  0%| F|  |TAMS 0x00000007c4d00000, 0x00000007c4d00000| Untracked 
|  78|0x00000007c4e00000, 0x00000007c4e00000, 0x00000007c4f00000|  0%| F|  |TAMS 0x00000007c4e00000, 0x00000007c4e00000| Untracked 
|  79|0x00000007c4f00000, 0x00000007c4f00000, 0x00000007c5000000|  0%| F|  |TAMS 0x00000007c4f00000, 0x00000007c4f00000| Untracked 
|  80|0x00000007c5000000, 0x00000007c5000000, 0x00000007c5100000|  0%| F|  |TAMS 0x00000007c5000000, 0x00000007c5000000| Untracked 
|  81|0x00000007c5100000, 0x00000007c5100000, 0x00000007c5200000|  0%| F|  |TAMS 0x00000007c5100000, 0x00000007c5100000| Untracked 
|  82|0x00000007c5200000, 0x00000007c5200000, 0x00000007c5300000|  0%| F|  |TAMS 0x00000007c5200000, 0x00000007c5200000| Untracked 
|  83|0x00000007c5300000, 0x00000007c5300000, 0x00000007c5400000|  0%| F|  |TAMS 0x00000007c5300000, 0x00000007c5300000| Untracked 
|  84|0x00000007c5400000, 0x00000007c5400000, 0x00000007c5500000|  0%| F|  |TAMS 0x00000007c5400000, 0x00000007c5400000| Untracked 
|  85|0x00000007c5500000, 0x00000007c5500000, 0x00000007c5600000|  0%| F|  |TAMS 0x00000007c5500000, 0x00000007c5500000| Untracked 
|  86|0x00000007c5600000, 0x00000007c5600000, 0x00000007c5700000|  0%| F|  |TAMS 0x00000007c5600000, 0x00000007c5600000| Untracked 
|  87|0x00000007c5700000, 0x00000007c5700000, 0x00000007c5800000|  0%| F|  |TAMS 0x00000007c5700000, 0x00000007c5700000| Untracked 
|  88|0x00000007c5800000, 0x00000007c5800000, 0x00000007c5900000|  0%| F|  |TAMS 0x00000007c5800000, 0x00000007c5800000| Untracked 
|  89|0x00000007c5900000, 0x00000007c5900000, 0x00000007c5a00000|  0%| F|  |TAMS 0x00000007c5900000, 0x00000007c5900000| Untracked 
|  90|0x00000007c5a00000, 0x00000007c5a00000, 0x00000007c5b00000|  0%| F|  |TAMS 0x00000007c5a00000, 0x00000007c5a00000| Untracked 
|  91|0x00000007c5b00000, 0x00000007c5b00000, 0x00000007c5c00000|  0%| F|  |TAMS 0x00000007c5b00000, 0x00000007c5b00000| Untracked 
|  92|0x00000007c5c00000, 0x00000007c5c00000, 0x00000007c5d00000|  0%| F|  |TAMS 0x00000007c5c00000, 0x00000007c5c00000| Untracked 
|  93|0x00000007c5d00000, 0x00000007c5d00000, 0x00000007c5e00000|  0%| F|  |TAMS 0x00000007c5d00000, 0x00000007c5d00000| Untracked 
|  94|0x00000007c5e00000, 0x00000007c5e00000, 0x00000007c5f00000|  0%| F|  |TAMS 0x00000007c5e00000, 0x00000007c5e00000| Untracked 
|  95|0x00000007c5f00000, 0x00000007c5f00000, 0x00000007c6000000|  0%| F|  |TAMS 0x00000007c5f00000, 0x00000007c5f00000| Untracked 
|  96|0x00000007c6000000, 0x00000007c6000000, 0x00000007c6100000|  0%| F|  |TAMS 0x00000007c6000000, 0x00000007c6000000| Untracked 
|  97|0x00000007c6100000, 0x00000007c6100000, 0x00000007c6200000|  0%| F|  |TAMS 0x00000007c6100000, 0x00000007c6100000| Untracked 
|  98|0x00000007c6200000, 0x00000007c6200000, 0x00000007c6300000|  0%| F|  |TAMS 0x00000007c6200000, 0x00000007c6200000| Untracked 
|  99|0x00000007c6300000, 0x00000007c6300000, 0x00000007c6400000|  0%| F|  |TAMS 0x00000007c6300000, 0x00000007c6300000| Untracked 
| 100|0x00000007c6400000, 0x00000007c6400000, 0x00000007c6500000|  0%| F|  |TAMS 0x00000007c6400000, 0x00000007c6400000| Untracked 
| 101|0x00000007c6500000, 0x00000007c6500000, 0x00000007c6600000|  0%| F|  |TAMS 0x00000007c6500000, 0x00000007c6500000| Untracked 
| 102|0x00000007c6600000, 0x00000007c6600000, 0x00000007c6700000|  0%| F|  |TAMS 0x00000007c6600000, 0x00000007c6600000| Untracked 
| 103|0x00000007c6700000, 0x00000007c6700000, 0x00000007c6800000|  0%| F|  |TAMS 0x00000007c6700000, 0x00000007c6700000| Untracked 
| 104|0x00000007c6800000, 0x00000007c6800000, 0x00000007c6900000|  0%| F|  |TAMS 0x00000007c6800000, 0x00000007c6800000| Untracked 
| 105|0x00000007c6900000, 0x00000007c6900000, 0x00000007c6a00000|  0%| F|  |TAMS 0x00000007c6900000, 0x00000007c6900000| Untracked 
| 106|0x00000007c6a00000, 0x00000007c6a00000, 0x00000007c6b00000|  0%| F|  |TAMS 0x00000007c6a00000, 0x00000007c6a00000| Untracked 
| 107|0x00000007c6b00000, 0x00000007c6b00000, 0x00000007c6c00000|  0%| F|  |TAMS 0x00000007c6b00000, 0x00000007c6b00000| Untracked 
| 108|0x00000007c6c00000, 0x00000007c6c00000, 0x00000007c6d00000|  0%| F|  |TAMS 0x00000007c6c00000, 0x00000007c6c00000| Untracked 
| 109|0x00000007c6d00000, 0x00000007c6d00000, 0x00000007c6e00000|  0%| F|  |TAMS 0x00000007c6d00000, 0x00000007c6d00000| Untracked 
| 110|0x00000007c6e00000, 0x00000007c6e00000, 0x00000007c6f00000|  0%| F|  |TAMS 0x00000007c6e00000, 0x00000007c6e00000| Untracked 
| 111|0x00000007c6f00000, 0x00000007c6f00000, 0x00000007c7000000|  0%| F|  |TAMS 0x00000007c6f00000, 0x00000007c6f00000| Untracked 
| 112|0x00000007c7000000, 0x00000007c7000000, 0x00000007c7100000|  0%| F|  |TAMS 0x00000007c7000000, 0x00000007c7000000| Untracked 
| 113|0x00000007c7100000, 0x00000007c7100000, 0x00000007c7200000|  0%| F|  |TAMS 0x00000007c7100000, 0x00000007c7100000| Untracked 
| 114|0x00000007c7200000, 0x00000007c7200000, 0x00000007c7300000|  0%| F|  |TAMS 0x00000007c7200000, 0x00000007c7200000| Untracked 
| 115|0x00000007c7300000, 0x00000007c7300000, 0x00000007c7400000|  0%| F|  |TAMS 0x00000007c7300000, 0x00000007c7300000| Untracked 
| 116|0x00000007c7400000, 0x00000007c7400000, 0x00000007c7500000|  0%| F|  |TAMS 0x00000007c7400000, 0x00000007c7400000| Untracked 
| 117|0x00000007c7500000, 0x00000007c7500000, 0x00000007c7600000|  0%| F|  |TAMS 0x00000007c7500000, 0x00000007c7500000| Untracked 
| 118|0x00000007c7600000, 0x00000007c7600000, 0x00000007c7700000|  0%| F|  |TAMS 0x00000007c7600000, 0x00000007c7600000| Untracked 
| 119|0x00000007c7700000, 0x00000007c7700000, 0x00000007c7800000|  0%| F|  |TAMS 0x00000007c7700000, 0x00000007c7700000| Untracked 
| 120|0x00000007c7800000, 0x00000007c7800000, 0x00000007c7900000|  0%| F|  |TAMS 0x00000007c7800000, 0x00000007c7800000| Untracked 
| 121|0x00000007c7900000, 0x00000007c7900000, 0x00000007c7a00000|  0%| F|  |TAMS 0x00000007c7900000, 0x00000007c7900000| Untracked 
| 122|0x00000007c7a00000, 0x00000007c7a00000, 0x00000007c7b00000|  0%| F|  |TAMS 0x00000007c7a00000, 0x00000007c7a00000| Untracked 
| 123|0x00000007c7b00000, 0x00000007c7b00000, 0x00000007c7c00000|  0%| F|  |TAMS 0x00000007c7b00000, 0x00000007c7b00000| Untracked 
| 124|0x00000007c7c00000, 0x00000007c7c00000, 0x00000007c7d00000|  0%| F|  |TAMS 0x00000007c7c00000, 0x00000007c7c00000| Untracked 
| 125|0x00000007c7d00000, 0x00000007c7d00000, 0x00000007c7e00000|  0%| F|  |TAMS 0x00000007c7d00000, 0x00000007c7d00000| Untracked 
| 126|0x00000007c7e00000, 0x00000007c7e00000, 0x00000007c7f00000|  0%| F|  |TAMS 0x00000007c7e00000, 0x00000007c7e00000| Untracked 
| 127|0x00000007c7f00000, 0x00000007c7f00000, 0x00000007c8000000|  0%| F|  |TAMS 0x00000007c7f00000, 0x00000007c7f00000| Untracked 
| 128|0x00000007c8000000, 0x00000007c8000000, 0x00000007c8100000|  0%| F|  |TAMS 0x00000007c8000000, 0x00000007c8000000| Untracked 
| 129|0x00000007c8100000, 0x00000007c8100000, 0x00000007c8200000|  0%| F|  |TAMS 0x00000007c8100000, 0x00000007c8100000| Untracked 
| 130|0x00000007c8200000, 0x00000007c8200000, 0x00000007c8300000|  0%| F|  |TAMS 0x00000007c8200000, 0x00000007c8200000| Untracked 
| 131|0x00000007c8300000, 0x00000007c8300000, 0x00000007c8400000|  0%| F|  |TAMS 0x00000007c8300000, 0x00000007c8300000| Untracked 
| 132|0x00000007c8400000, 0x00000007c8400000, 0x00000007c8500000|  0%| F|  |TAMS 0x00000007c8400000, 0x00000007c8400000| Untracked 
| 133|0x00000007c8500000, 0x00000007c8500000, 0x00000007c8600000|  0%| F|  |TAMS 0x00000007c8500000, 0x00000007c8500000| Untracked 
| 134|0x00000007c8600000, 0x00000007c8600000, 0x00000007c8700000|  0%| F|  |TAMS 0x00000007c8600000, 0x00000007c8600000| Untracked 
| 135|0x00000007c8700000, 0x00000007c8700000, 0x00000007c8800000|  0%| F|  |TAMS 0x00000007c8700000, 0x00000007c8700000| Untracked 
| 136|0x00000007c8800000, 0x00000007c8800000, 0x00000007c8900000|  0%| F|  |TAMS 0x00000007c8800000, 0x00000007c8800000| Untracked 
| 137|0x00000007c8900000, 0x00000007c8900000, 0x00000007c8a00000|  0%| F|  |TAMS 0x00000007c8900000, 0x00000007c8900000| Untracked 
| 138|0x00000007c8a00000, 0x00000007c8a00000, 0x00000007c8b00000|  0%| F|  |TAMS 0x00000007c8a00000, 0x00000007c8a00000| Untracked 
| 139|0x00000007c8b00000, 0x00000007c8b00000, 0x00000007c8c00000|  0%| F|  |TAMS 0x00000007c8b00000, 0x00000007c8b00000| Untracked 
| 140|0x00000007c8c00000, 0x00000007c8c00000, 0x00000007c8d00000|  0%| F|  |TAMS 0x00000007c8c00000, 0x00000007c8c00000| Untracked 
| 141|0x00000007c8d00000, 0x00000007c8d00000, 0x00000007c8e00000|  0%| F|  |TAMS 0x00000007c8d00000, 0x00000007c8d00000| Untracked 
| 142|0x00000007c8e00000, 0x00000007c8e00000, 0x00000007c8f00000|  0%| F|  |TAMS 0x00000007c8e00000, 0x00000007c8e00000| Untracked 
| 143|0x00000007c8f00000, 0x00000007c8f00000, 0x00000007c9000000|  0%| F|  |TAMS 0x00000007c8f00000, 0x00000007c8f00000| Untracked 
| 144|0x00000007c9000000, 0x00000007c9000000, 0x00000007c9100000|  0%| F|  |TAMS 0x00000007c9000000, 0x00000007c9000000| Untracked 
| 145|0x00000007c9100000, 0x00000007c9100000, 0x00000007c9200000|  0%| F|  |TAMS 0x00000007c9100000, 0x00000007c9100000| Untracked 
| 146|0x00000007c9200000, 0x00000007c9200000, 0x00000007c9300000|  0%| F|  |TAMS 0x00000007c9200000, 0x00000007c9200000| Untracked 
| 147|0x00000007c9300000, 0x00000007c9300000, 0x00000007c9400000|  0%| F|  |TAMS 0x00000007c9300000, 0x00000007c9300000| Untracked 
| 148|0x00000007c9400000, 0x00000007c9400000, 0x00000007c9500000|  0%| F|  |TAMS 0x00000007c9400000, 0x00000007c9400000| Untracked 
| 149|0x00000007c9500000, 0x00000007c9500000, 0x00000007c9600000|  0%| F|  |TAMS 0x00000007c9500000, 0x00000007c9500000| Untracked 
| 150|0x00000007c9600000, 0x00000007c9600000, 0x00000007c9700000|  0%| F|  |TAMS 0x00000007c9600000, 0x00000007c9600000| Untracked 
| 151|0x00000007c9700000, 0x00000007c9700000, 0x00000007c9800000|  0%| F|  |TAMS 0x00000007c9700000, 0x00000007c9700000| Untracked 
| 152|0x00000007c9800000, 0x00000007c9800000, 0x00000007c9900000|  0%| F|  |TAMS 0x00000007c9800000, 0x00000007c9800000| Untracked 
| 153|0x00000007c9900000, 0x00000007c9900000, 0x00000007c9a00000|  0%| F|  |TAMS 0x00000007c9900000, 0x00000007c9900000| Untracked 
| 154|0x00000007c9a00000, 0x00000007c9a00000, 0x00000007c9b00000|  0%| F|  |TAMS 0x00000007c9a00000, 0x00000007c9a00000| Untracked 
| 155|0x00000007c9b00000, 0x00000007c9b00000, 0x00000007c9c00000|  0%| F|  |TAMS 0x00000007c9b00000, 0x00000007c9b00000| Untracked 
| 156|0x00000007c9c00000, 0x00000007c9c00000, 0x00000007c9d00000|  0%| F|  |TAMS 0x00000007c9c00000, 0x00000007c9c00000| Untracked 
| 157|0x00000007c9d00000, 0x00000007c9d00000, 0x00000007c9e00000|  0%| F|  |TAMS 0x00000007c9d00000, 0x00000007c9d00000| Untracked 
| 158|0x00000007c9e00000, 0x00000007c9e00000, 0x00000007c9f00000|  0%| F|  |TAMS 0x00000007c9e00000, 0x00000007c9e00000| Untracked 
| 159|0x00000007c9f00000, 0x00000007c9f00000, 0x00000007ca000000|  0%| F|  |TAMS 0x00000007c9f00000, 0x00000007c9f00000| Untracked 
| 160|0x00000007ca000000, 0x00000007ca000000, 0x00000007ca100000|  0%| F|  |TAMS 0x00000007ca000000, 0x00000007ca000000| Untracked 
| 161|0x00000007ca100000, 0x00000007ca100000, 0x00000007ca200000|  0%| F|  |TAMS 0x00000007ca100000, 0x00000007ca100000| Untracked 
| 162|0x00000007ca200000, 0x00000007ca200000, 0x00000007ca300000|  0%| F|  |TAMS 0x00000007ca200000, 0x00000007ca200000| Untracked 
| 163|0x00000007ca300000, 0x00000007ca300000, 0x00000007ca400000|  0%| F|  |TAMS 0x00000007ca300000, 0x00000007ca300000| Untracked 
| 164|0x00000007ca400000, 0x00000007ca400000, 0x00000007ca500000|  0%| F|  |TAMS 0x00000007ca400000, 0x00000007ca400000| Untracked 
| 165|0x00000007ca500000, 0x00000007ca500000, 0x00000007ca600000|  0%| F|  |TAMS 0x00000007ca500000, 0x00000007ca500000| Untracked 
| 166|0x00000007ca600000, 0x00000007ca600000, 0x00000007ca700000|  0%| F|  |TAMS 0x00000007ca600000, 0x00000007ca600000| Untracked 
| 167|0x00000007ca700000, 0x00000007ca700000, 0x00000007ca800000|  0%| F|  |TAMS 0x00000007ca700000, 0x00000007ca700000| Untracked 
| 168|0x00000007ca800000, 0x00000007ca800000, 0x00000007ca900000|  0%| F|  |TAMS 0x00000007ca800000, 0x00000007ca800000| Untracked 
| 169|0x00000007ca900000, 0x00000007ca900000, 0x00000007caa00000|  0%| F|  |TAMS 0x00000007ca900000, 0x00000007ca900000| Untracked 
| 170|0x00000007caa00000, 0x00000007caa00000, 0x00000007cab00000|  0%| F|  |TAMS 0x00000007caa00000, 0x00000007caa00000| Untracked 
| 171|0x00000007cab00000, 0x00000007cab00000, 0x00000007cac00000|  0%| F|  |TAMS 0x00000007cab00000, 0x00000007cab00000| Untracked 
| 172|0x00000007cac00000, 0x00000007cac00000, 0x00000007cad00000|  0%| F|  |TAMS 0x00000007cac00000, 0x00000007cac00000| Untracked 
| 173|0x00000007cad00000, 0x00000007cad00000, 0x00000007cae00000|  0%| F|  |TAMS 0x00000007cad00000, 0x00000007cad00000| Untracked 
| 174|0x00000007cae00000, 0x00000007cae00000, 0x00000007caf00000|  0%| F|  |TAMS 0x00000007cae00000, 0x00000007cae00000| Untracked 
| 175|0x00000007caf00000, 0x00000007caf00000, 0x00000007cb000000|  0%| F|  |TAMS 0x00000007caf00000, 0x00000007caf00000| Untracked 
| 176|0x00000007cb000000, 0x00000007cb000000, 0x00000007cb100000|  0%| F|  |TAMS 0x00000007cb000000, 0x00000007cb000000| Untracked 
| 177|0x00000007cb100000, 0x00000007cb100000, 0x00000007cb200000|  0%| F|  |TAMS 0x00000007cb100000, 0x00000007cb100000| Untracked 
| 178|0x00000007cb200000, 0x00000007cb200000, 0x00000007cb300000|  0%| F|  |TAMS 0x00000007cb200000, 0x00000007cb200000| Untracked 
| 179|0x00000007cb300000, 0x00000007cb300000, 0x00000007cb400000|  0%| F|  |TAMS 0x00000007cb300000, 0x00000007cb300000| Untracked 
| 180|0x00000007cb400000, 0x00000007cb400000, 0x00000007cb500000|  0%| F|  |TAMS 0x00000007cb400000, 0x00000007cb400000| Untracked 
| 181|0x00000007cb500000, 0x00000007cb500000, 0x00000007cb600000|  0%| F|  |TAMS 0x00000007cb500000, 0x00000007cb500000| Untracked 
| 182|0x00000007cb600000, 0x00000007cb600000, 0x00000007cb700000|  0%| F|  |TAMS 0x00000007cb600000, 0x00000007cb600000| Untracked 
| 183|0x00000007cb700000, 0x00000007cb700000, 0x00000007cb800000|  0%| F|  |TAMS 0x00000007cb700000, 0x00000007cb700000| Untracked 
| 184|0x00000007cb800000, 0x00000007cb800000, 0x00000007cb900000|  0%| F|  |TAMS 0x00000007cb800000, 0x00000007cb800000| Untracked 
| 185|0x00000007cb900000, 0x00000007cb900000, 0x00000007cba00000|  0%| F|  |TAMS 0x00000007cb900000, 0x00000007cb900000| Untracked 
| 186|0x00000007cba00000, 0x00000007cba00000, 0x00000007cbb00000|  0%| F|  |TAMS 0x00000007cba00000, 0x00000007cba00000| Untracked 
| 187|0x00000007cbb00000, 0x00000007cbb00000, 0x00000007cbc00000|  0%| F|  |TAMS 0x00000007cbb00000, 0x00000007cbb00000| Untracked 
| 188|0x00000007cbc00000, 0x00000007cbc00000, 0x00000007cbd00000|  0%| F|  |TAMS 0x00000007cbc00000, 0x00000007cbc00000| Untracked 
| 189|0x00000007cbd00000, 0x00000007cbd00000, 0x00000007cbe00000|  0%| F|  |TAMS 0x00000007cbd00000, 0x00000007cbd00000| Untracked 
| 190|0x00000007cbe00000, 0x00000007cbe00000, 0x00000007cbf00000|  0%| F|  |TAMS 0x00000007cbe00000, 0x00000007cbe00000| Untracked 
| 191|0x00000007cbf00000, 0x00000007cbf00000, 0x00000007cc000000|  0%| F|  |TAMS 0x00000007cbf00000, 0x00000007cbf00000| Untracked 
| 192|0x00000007cc000000, 0x00000007cc000000, 0x00000007cc100000|  0%| F|  |TAMS 0x00000007cc000000, 0x00000007cc000000| Untracked 
| 193|0x00000007cc100000, 0x00000007cc100000, 0x00000007cc200000|  0%| F|  |TAMS 0x00000007cc100000, 0x00000007cc100000| Untracked 
| 194|0x00000007cc200000, 0x00000007cc200000, 0x00000007cc300000|  0%| F|  |TAMS 0x00000007cc200000, 0x00000007cc200000| Untracked 
| 195|0x00000007cc300000, 0x00000007cc300000, 0x00000007cc400000|  0%| F|  |TAMS 0x00000007cc300000, 0x00000007cc300000| Untracked 
| 196|0x00000007cc400000, 0x00000007cc400000, 0x00000007cc500000|  0%| F|  |TAMS 0x00000007cc400000, 0x00000007cc400000| Untracked 
| 197|0x00000007cc500000, 0x00000007cc500000, 0x00000007cc600000|  0%| F|  |TAMS 0x00000007cc500000, 0x00000007cc500000| Untracked 
| 198|0x00000007cc600000, 0x00000007cc600000, 0x00000007cc700000|  0%| F|  |TAMS 0x00000007cc600000, 0x00000007cc600000| Untracked 
| 199|0x00000007cc700000, 0x00000007cc700000, 0x00000007cc800000|  0%| F|  |TAMS 0x00000007cc700000, 0x00000007cc700000| Untracked 
| 200|0x00000007cc800000, 0x00000007cc800000, 0x00000007cc900000|  0%| F|  |TAMS 0x00000007cc800000, 0x00000007cc800000| Untracked 
| 201|0x00000007cc900000, 0x00000007cc900000, 0x00000007cca00000|  0%| F|  |TAMS 0x00000007cc900000, 0x00000007cc900000| Untracked 
| 202|0x00000007cca00000, 0x00000007cca00000, 0x00000007ccb00000|  0%| F|  |TAMS 0x00000007cca00000, 0x00000007cca00000| Untracked 
| 203|0x00000007ccb00000, 0x00000007ccb00000, 0x00000007ccc00000|  0%| F|  |TAMS 0x00000007ccb00000, 0x00000007ccb00000| Untracked 
| 204|0x00000007ccc00000, 0x00000007ccc00000, 0x00000007ccd00000|  0%| F|  |TAMS 0x00000007ccc00000, 0x00000007ccc00000| Untracked 
| 205|0x00000007ccd00000, 0x00000007ccd00000, 0x00000007cce00000|  0%| F|  |TAMS 0x00000007ccd00000, 0x00000007ccd00000| Untracked 
| 206|0x00000007cce00000, 0x00000007cce00000, 0x00000007ccf00000|  0%| F|  |TAMS 0x00000007cce00000, 0x00000007cce00000| Untracked 
| 207|0x00000007ccf00000, 0x00000007ccf00000, 0x00000007cd000000|  0%| F|  |TAMS 0x00000007ccf00000, 0x00000007ccf00000| Untracked 
| 208|0x00000007cd000000, 0x00000007cd000000, 0x00000007cd100000|  0%| F|  |TAMS 0x00000007cd000000, 0x00000007cd000000| Untracked 
| 209|0x00000007cd100000, 0x00000007cd100000, 0x00000007cd200000|  0%| F|  |TAMS 0x00000007cd100000, 0x00000007cd100000| Untracked 
| 210|0x00000007cd200000, 0x00000007cd200000, 0x00000007cd300000|  0%| F|  |TAMS 0x00000007cd200000, 0x00000007cd200000| Untracked 
| 211|0x00000007cd300000, 0x00000007cd300000, 0x00000007cd400000|  0%| F|  |TAMS 0x00000007cd300000, 0x00000007cd300000| Untracked 
| 212|0x00000007cd400000, 0x00000007cd400000, 0x00000007cd500000|  0%| F|  |TAMS 0x00000007cd400000, 0x00000007cd400000| Untracked 
| 213|0x00000007cd500000, 0x00000007cd500000, 0x00000007cd600000|  0%| F|  |TAMS 0x00000007cd500000, 0x00000007cd500000| Untracked 
| 214|0x00000007cd600000, 0x00000007cd600000, 0x00000007cd700000|  0%| F|  |TAMS 0x00000007cd600000, 0x00000007cd600000| Untracked 
| 215|0x00000007cd700000, 0x00000007cd700000, 0x00000007cd800000|  0%| F|  |TAMS 0x00000007cd700000, 0x00000007cd700000| Untracked 
| 216|0x00000007cd800000, 0x00000007cd800000, 0x00000007cd900000|  0%| F|  |TAMS 0x00000007cd800000, 0x00000007cd800000| Untracked 
| 217|0x00000007cd900000, 0x00000007cd900000, 0x00000007cda00000|  0%| F|  |TAMS 0x00000007cd900000, 0x00000007cd900000| Untracked 
| 218|0x00000007cda00000, 0x00000007cda00000, 0x00000007cdb00000|  0%| F|  |TAMS 0x00000007cda00000, 0x00000007cda00000| Untracked 
| 219|0x00000007cdb00000, 0x00000007cdb00000, 0x00000007cdc00000|  0%| F|  |TAMS 0x00000007cdb00000, 0x00000007cdb00000| Untracked 
| 220|0x00000007cdc00000, 0x00000007cdc00000, 0x00000007cdd00000|  0%| F|  |TAMS 0x00000007cdc00000, 0x00000007cdc00000| Untracked 
| 221|0x00000007cdd00000, 0x00000007cdd00000, 0x00000007cde00000|  0%| F|  |TAMS 0x00000007cdd00000, 0x00000007cdd00000| Untracked 
| 222|0x00000007cde00000, 0x00000007cde00000, 0x00000007cdf00000|  0%| F|  |TAMS 0x00000007cde00000, 0x00000007cde00000| Untracked 
| 223|0x00000007cdf00000, 0x00000007cdf00000, 0x00000007ce000000|  0%| F|  |TAMS 0x00000007cdf00000, 0x00000007cdf00000| Untracked 
| 224|0x00000007ce000000, 0x00000007ce000000, 0x00000007ce100000|  0%| F|  |TAMS 0x00000007ce000000, 0x00000007ce000000| Untracked 
| 225|0x00000007ce100000, 0x00000007ce100000, 0x00000007ce200000|  0%| F|  |TAMS 0x00000007ce100000, 0x00000007ce100000| Untracked 
| 226|0x00000007ce200000, 0x00000007ce200000, 0x00000007ce300000|  0%| F|  |TAMS 0x00000007ce200000, 0x00000007ce200000| Untracked 
| 227|0x00000007ce300000, 0x00000007ce300000, 0x00000007ce400000|  0%| F|  |TAMS 0x00000007ce300000, 0x00000007ce300000| Untracked 
| 228|0x00000007ce400000, 0x00000007ce400000, 0x00000007ce500000|  0%| F|  |TAMS 0x00000007ce400000, 0x00000007ce400000| Untracked 
| 229|0x00000007ce500000, 0x00000007ce500000, 0x00000007ce600000|  0%| F|  |TAMS 0x00000007ce500000, 0x00000007ce500000| Untracked 
| 230|0x00000007ce600000, 0x00000007ce600000, 0x00000007ce700000|  0%| F|  |TAMS 0x00000007ce600000, 0x00000007ce600000| Untracked 
| 231|0x00000007ce700000, 0x00000007ce700000, 0x00000007ce800000|  0%| F|  |TAMS 0x00000007ce700000, 0x00000007ce700000| Untracked 
| 232|0x00000007ce800000, 0x00000007ce800000, 0x00000007ce900000|  0%| F|  |TAMS 0x00000007ce800000, 0x00000007ce800000| Untracked 
| 233|0x00000007ce900000, 0x00000007ce900000, 0x00000007cea00000|  0%| F|  |TAMS 0x00000007ce900000, 0x00000007ce900000| Untracked 
| 234|0x00000007cea00000, 0x00000007cea00000, 0x00000007ceb00000|  0%| F|  |TAMS 0x00000007cea00000, 0x00000007cea00000| Untracked 
| 235|0x00000007ceb00000, 0x00000007ceb00000, 0x00000007cec00000|  0%| F|  |TAMS 0x00000007ceb00000, 0x00000007ceb00000| Untracked 
| 236|0x00000007cec00000, 0x00000007cec00000, 0x00000007ced00000|  0%| F|  |TAMS 0x00000007cec00000, 0x00000007cec00000| Untracked 
| 237|0x00000007ced00000, 0x00000007ced00000, 0x00000007cee00000|  0%| F|  |TAMS 0x00000007ced00000, 0x00000007ced00000| Untracked 
| 238|0x00000007cee00000, 0x00000007cee00000, 0x00000007cef00000|  0%| F|  |TAMS 0x00000007cee00000, 0x00000007cee00000| Untracked 
| 239|0x00000007cef00000, 0x00000007cef00000, 0x00000007cf000000|  0%| F|  |TAMS 0x00000007cef00000, 0x00000007cef00000| Untracked 
| 240|0x00000007cf000000, 0x00000007cf000000, 0x00000007cf100000|  0%| F|  |TAMS 0x00000007cf000000, 0x00000007cf000000| Untracked 
| 241|0x00000007cf100000, 0x00000007cf17a7d0, 0x00000007cf200000| 47%| S|CS|TAMS 0x00000007cf100000, 0x00000007cf100000| Complete 
| 242|0x00000007cf200000, 0x00000007cf300000, 0x00000007cf300000|100%| S|CS|TAMS 0x00000007cf200000, 0x00000007cf200000| Complete 
| 243|0x00000007cf300000, 0x00000007cf400000, 0x00000007cf400000|100%| S|CS|TAMS 0x00000007cf300000, 0x00000007cf300000| Complete 
| 244|0x00000007cf400000, 0x00000007cf400000, 0x00000007cf500000|  0%| F|  |TAMS 0x00000007cf400000, 0x00000007cf400000| Untracked 
| 245|0x00000007cf500000, 0x00000007cf500000, 0x00000007cf600000|  0%| F|  |TAMS 0x00000007cf500000, 0x00000007cf500000| Untracked 
| 246|0x00000007cf600000, 0x00000007cf600000, 0x00000007cf700000|  0%| F|  |TAMS 0x00000007cf600000, 0x00000007cf600000| Untracked 
| 247|0x00000007cf700000, 0x00000007cf700000, 0x00000007cf800000|  0%| F|  |TAMS 0x00000007cf700000, 0x00000007cf700000| Untracked 
| 248|0x00000007cf800000, 0x00000007cf800000, 0x00000007cf900000|  0%| F|  |TAMS 0x00000007cf800000, 0x00000007cf800000| Untracked 
| 249|0x00000007cf900000, 0x00000007cf900000, 0x00000007cfa00000|  0%| F|  |TAMS 0x00000007cf900000, 0x00000007cf900000| Untracked 
| 250|0x00000007cfa00000, 0x00000007cfa00000, 0x00000007cfb00000|  0%| F|  |TAMS 0x00000007cfa00000, 0x00000007cfa00000| Untracked 
| 251|0x00000007cfb00000, 0x00000007cfb00000, 0x00000007cfc00000|  0%| F|  |TAMS 0x00000007cfb00000, 0x00000007cfb00000| Untracked 
| 252|0x00000007cfc00000, 0x00000007cfc00000, 0x00000007cfd00000|  0%| F|  |TAMS 0x00000007cfc00000, 0x00000007cfc00000| Untracked 
| 253|0x00000007cfd00000, 0x00000007cfd00000, 0x00000007cfe00000|  0%| F|  |TAMS 0x00000007cfd00000, 0x00000007cfd00000| Untracked 
| 254|0x00000007cfe00000, 0x00000007cfe00000, 0x00000007cff00000|  0%| F|  |TAMS 0x00000007cfe00000, 0x00000007cfe00000| Untracked 
| 255|0x00000007cff00000, 0x00000007cff81260, 0x00000007d0000000| 50%| E|  |TAMS 0x00000007cff00000, 0x00000007cff00000| Complete 
| 256|0x00000007d0000000, 0x00000007d0100000, 0x00000007d0100000|100%| E|CS|TAMS 0x00000007d0000000, 0x00000007d0000000| Complete 
| 257|0x00000007d0100000, 0x00000007d0200000, 0x00000007d0200000|100%| E|CS|TAMS 0x00000007d0100000, 0x00000007d0100000| Complete 
| 258|0x00000007d0200000, 0x00000007d0300000, 0x00000007d0300000|100%| E|CS|TAMS 0x00000007d0200000, 0x00000007d0200000| Complete 
| 259|0x00000007d0300000, 0x00000007d0400000, 0x00000007d0400000|100%| E|CS|TAMS 0x00000007d0300000, 0x00000007d0300000| Complete 
| 260|0x00000007d0400000, 0x00000007d0500000, 0x00000007d0500000|100%| E|CS|TAMS 0x00000007d0400000, 0x00000007d0400000| Complete 
| 261|0x00000007d0500000, 0x00000007d0600000, 0x00000007d0600000|100%| E|CS|TAMS 0x00000007d0500000, 0x00000007d0500000| Complete 
| 262|0x00000007d0600000, 0x00000007d0700000, 0x00000007d0700000|100%| E|CS|TAMS 0x00000007d0600000, 0x00000007d0600000| Complete 
| 263|0x00000007d0700000, 0x00000007d0800000, 0x00000007d0800000|100%| E|CS|TAMS 0x00000007d0700000, 0x00000007d0700000| Complete 
| 264|0x00000007d0800000, 0x00000007d0900000, 0x00000007d0900000|100%| E|CS|TAMS 0x00000007d0800000, 0x00000007d0800000| Complete 
| 265|0x00000007d0900000, 0x00000007d0a00000, 0x00000007d0a00000|100%| E|CS|TAMS 0x00000007d0900000, 0x00000007d0900000| Complete 
| 266|0x00000007d0a00000, 0x00000007d0b00000, 0x00000007d0b00000|100%| E|CS|TAMS 0x00000007d0a00000, 0x00000007d0a00000| Complete 
| 267|0x00000007d0b00000, 0x00000007d0c00000, 0x00000007d0c00000|100%| E|CS|TAMS 0x00000007d0b00000, 0x00000007d0b00000| Complete 
| 268|0x00000007d0c00000, 0x00000007d0d00000, 0x00000007d0d00000|100%| E|CS|TAMS 0x00000007d0c00000, 0x00000007d0c00000| Complete 
| 269|0x00000007d0d00000, 0x00000007d0e00000, 0x00000007d0e00000|100%| E|CS|TAMS 0x00000007d0d00000, 0x00000007d0d00000| Complete 
| 270|0x00000007d0e00000, 0x00000007d0f00000, 0x00000007d0f00000|100%| E|CS|TAMS 0x00000007d0e00000, 0x00000007d0e00000| Complete 
| 271|0x00000007d0f00000, 0x00000007d1000000, 0x00000007d1000000|100%| E|CS|TAMS 0x00000007d0f00000, 0x00000007d0f00000| Complete 
| 272|0x00000007d1000000, 0x00000007d1100000, 0x00000007d1100000|100%| E|CS|TAMS 0x00000007d1000000, 0x00000007d1000000| Complete 
| 273|0x00000007d1100000, 0x00000007d1200000, 0x00000007d1200000|100%| E|CS|TAMS 0x00000007d1100000, 0x00000007d1100000| Complete 

Card table byte_map: [0x00000001262f2000,0x00000001264f2000] _byte_map_base: 0x00000001224f2000

Marking Bits (Prev, Next): (CMBitMap*) 0x00007ff11b821650, (CMBitMap*) 0x00007ff11b821618
 Prev Bits: [0x00000001276f2000, 0x00000001286f2000)
 Next Bits: [0x00000001266f2000, 0x00000001276f2000)

Polling page: 0x000000010e584000

Metaspace:

Usage:
  Non-class:     46.47 MB capacity,    45.79 MB ( 99%) used,   556.55 KB (  1%) free+waste,   140.56 KB ( <1%) overhead. 
      Class:      5.42 MB capacity,     5.03 MB ( 93%) used,   338.52 KB (  6%) free+waste,    58.06 KB (  1%) overhead. 
       Both:     51.88 MB capacity,    50.81 MB ( 98%) used,   895.08 KB (  2%) free+waste,   198.62 KB ( <1%) overhead. 

Virtual space:
  Non-class space:       48.00 MB reserved,      47.00 MB ( 98%) committed 
      Class space:        1.00 GB reserved,       5.62 MB ( <1%) committed 
             Both:        1.05 GB reserved,      52.62 MB (  5%) committed 

Chunk freelists:
   Non-Class:  57.75 KB
       Class:  22.88 KB
        Both:  80.62 KB

CodeHeap 'non-profiled nmethods': size=120036Kb used=12894Kb max_used=13505Kb free=107141Kb
 bounds [0x000000011e7e3000, 0x000000011f523000, 0x0000000125d1c000]
CodeHeap 'profiled nmethods': size=120032Kb used=18197Kb max_used=22508Kb free=101835Kb
 bounds [0x00000001172ab000, 0x000000011894b000, 0x000000011e7e3000]
CodeHeap 'non-nmethods': size=5692Kb used=1188Kb max_used=1247Kb free=4503Kb
 bounds [0x0000000116d1c000, 0x0000000116f8c000, 0x00000001172ab000]
 total_blobs=21854 nmethods=9981 adapters=466
 compilation: enabled
              stopped_count=0, restarted_count=0
 full_count=0

Compilation events (10 events):
Event: 20951.295 Thread 0x00007ff11b03c800 15306       3       ch.qos.logback.classic.pattern.ThrowableProxyConverter::subjoinSTEPArray (210 bytes)
Event: 20951.331 Thread 0x00007ff11b03c800 nmethod 15306 0x0000000117abad90 code [0x0000000117abb180, 0x0000000117abc908]
Event: 20951.715 Thread 0x00007ff11b874000 15307       4       ch.qos.logback.classic.pattern.TargetLengthBasedClassNameAbbreviator::abbreviate (154 bytes)
Event: 20951.759 Thread 0x00007ff11b03c800 15309       3       ch.qos.logback.classic.pattern.ThrowableProxyConverter::recursiveAppend (105 bytes)
Event: 20951.765 Thread 0x00007ff11b03c800 nmethod 15309 0x0000000117ab9810 code [0x0000000117ab9ae0, 0x0000000117aba768]
Event: 20954.159 Thread 0x00007ff11b874000 nmethod 15307 0x000000011f14a090 code [0x000000011f14a340, 0x000000011f14e058]
Event: 20954.160 Thread 0x00007ff11b874000 15308       4       ch.qos.logback.classic.spi.ThrowableProxyUtil::indent (21 bytes)
Event: 20954.170 Thread 0x00007ff11b874000 nmethod 15308 0x000000011ee6a790 code [0x000000011ee6a940, 0x000000011ee6ae38]
Event: 20957.123 Thread 0x00007ff11b874000 15310       4       org.eclipse.jdt.internal.compiler.parser.Parser::consumeReduceImports (59 bytes)
Event: 20957.133 Thread 0x00007ff11b874000 nmethod 15310 0x000000011ee82d10 code [0x000000011ee82ec0, 0x000000011ee83258]

GC Heap History (10 events):
Event: 20922.868 GC heap before
{Heap before GC invocations=2369 (full 0):
 garbage-first heap   total 280576K, used 65249K [0x00000007c0000000, 0x0000000800000000)
  region size 1024K, 15 young (15360K), 1 survivors (1024K)
 Metaspace       used 52029K, capacity 53127K, committed 53888K, reserved 1097728K
  class space    used 5148K, capacity 5545K, committed 5760K, reserved 1048576K
}
Event: 20922.882 GC heap after
{Heap after GC invocations=2370 (full 0):
 garbage-first heap   total 280576K, used 51286K [0x00000007c0000000, 0x0000000800000000)
  region size 1024K, 1 young (1024K), 1 survivors (1024K)
 Metaspace       used 52029K, capacity 53127K, committed 53888K, reserved 1097728K
  class space    used 5148K, capacity 5545K, committed 5760K, reserved 1048576K
}
Event: 20937.798 GC heap before
{Heap before GC invocations=2371 (full 0):
 garbage-first heap   total 280576K, used 151638K [0x00000007c0000000, 0x0000000800000000)
  region size 1024K, 100 young (102400K), 1 survivors (1024K)
 Metaspace       used 52029K, capacity 53127K, committed 53888K, reserved 1097728K
  class space    used 5148K, capacity 5545K, committed 5760K, reserved 1048576K
}
Event: 20937.964 GC heap after
{Heap after GC invocations=2372 (full 0):
 garbage-first heap   total 280576K, used 56362K [0x00000007c0000000, 0x0000000800000000)
  region size 1024K, 7 young (7168K), 7 survivors (7168K)
 Metaspace       used 52029K, capacity 53127K, committed 53888K, reserved 1097728K
  class space    used 5148K, capacity 5545K, committed 5760K, reserved 1048576K
}
Event: 20938.263 GC heap before
{Heap before GC invocations=2372 (full 0):
 garbage-first heap   total 280576K, used 75818K [0x00000007c0000000, 0x0000000800000000)
  region size 1024K, 26 young (26624K), 7 survivors (7168K)
 Metaspace       used 52029K, capacity 53127K, committed 53888K, reserved 1097728K
  class space    used 5148K, capacity 5545K, committed 5760K, reserved 1048576K
}
Event: 20938.339 GC heap after
{Heap after GC invocations=2373 (full 0):
 garbage-first heap   total 280576K, used 57875K [0x00000007c0000000, 0x0000000800000000)
  region size 1024K, 2 young (2048K), 2 survivors (2048K)
 Metaspace       used 52029K, capacity 53127K, committed 53888K, reserved 1097728K
  class space    used 5148K, capacity 5545K, committed 5760K, reserved 1048576K
}
Event: 20944.307 GC heap before
{Heap before GC invocations=2374 (full 0):
 garbage-first heap   total 280576K, used 72211K [0x00000007c0000000, 0x0000000800000000)
  region size 1024K, 25 young (25600K), 2 survivors (2048K)
 Metaspace       used 52029K, capacity 53127K, committed 53888K, reserved 1097728K
  class space    used 5148K, capacity 5545K, committed 5760K, reserved 1048576K
}
Event: 20944.341 GC heap after
{Heap after GC invocations=2375 (full 0):
 garbage-first heap   total 280576K, used 50084K [0x00000007c0000000, 0x0000000800000000)
  region size 1024K, 3 young (3072K), 3 survivors (3072K)
 Metaspace       used 52029K, capacity 53127K, committed 53888K, reserved 1097728K
  class space    used 5148K, capacity 5545K, committed 5760K, reserved 1048576K
}
Event: 20956.899 GC heap before
{Heap before GC invocations=2375 (full 0):
 garbage-first heap   total 280576K, used 77732K [0x00000007c0000000, 0x0000000800000000)
  region size 1024K, 30 young (30720K), 3 survivors (3072K)
 Metaspace       used 52033K, capacity 53127K, committed 53888K, reserved 1097728K
  class space    used 5148K, capacity 5545K, committed 5760K, reserved 1048576K
}
Event: 20957.028 GC heap after
{Heap after GC invocations=2376 (full 0):
 garbage-first heap   total 280576K, used 51145K [0x00000007c0000000, 0x0000000800000000)
  region size 1024K, 3 young (3072K), 3 survivors (3072K)
 Metaspace       used 52033K, capacity 53127K, committed 53888K, reserved 1097728K
  class space    used 5148K, capacity 5545K, committed 5760K, reserved 1048576K
}

Deoptimization events (10 events):
Event: 19928.893 Thread 0x00007ff11b2ed800 Uncommon trap: reason=unstable_if action=reinterpret pc=0x000000011eb49294 method=org.eclipse.jdt.internal.compiler.parser.Scanner.getNextChar(CC)I @ 8 c2
Event: 19929.708 Thread 0x00007ff11b2ed800 Uncommon trap: reason=unstable_if action=reinterpret pc=0x000000011eef708c method=org.eclipse.jdt.internal.compiler.parser.diagnose.DiagnoseParser.parseCheck([IIII)I @ 870 c2
Event: 19931.425 Thread 0x00007ff11b2ed800 Uncommon trap: reason=unstable_if action=reinterpret pc=0x000000011f147690 method=org.eclipse.jdt.internal.compiler.parser.Parser.consumeAssignment()V @ 60 c2
Event: 19931.468 Thread 0x00007ff11b2ed800 Uncommon trap: reason=unstable_if action=reinterpret pc=0x000000011f288230 method=org.eclipse.jdt.internal.compiler.ast.Expression.checkCastTypesCompatibility(Lorg/eclipse/jdt/internal/compiler/lookup/Scope;Lorg/eclipse/jdt/internal/compiler/lookup/TypeBi
Event: 19931.470 Thread 0x00007ff11b2ed800 Uncommon trap: reason=unstable_if action=reinterpret pc=0x000000011f4e01d4 method=org.eclipse.jdt.core.dom.ASTConverter.convert(Lorg/eclipse/jdt/internal/compiler/ast/Expression;)Lorg/eclipse/jdt/core/dom/Expression; @ 149 c2
Event: 19971.068 Thread 0x00007ff11b2ed800 Uncommon trap: reason=unstable_if action=reinterpret pc=0x000000011edd4260 method=org.eclipse.jdt.internal.compiler.parser.Parser.pushIdentifier([CJ)V @ 164 c2
Event: 19971.699 Thread 0x00007ff11b2ed800 Uncommon trap: reason=unstable_if action=reinterpret pc=0x000000011ee9f440 method=org.eclipse.jdt.internal.compiler.parser.Scanner.getNextToken0()I @ 791 c2
Event: 19973.555 Thread 0x00007ff11c01f000 Uncommon trap: reason=unstable_if action=reinterpret pc=0x000000011ef01994 method=org.eclipse.jdt.internal.compiler.codegen.CodeStream.fieldAccess(BI[C[C[C)V @ 174 c2
Event: 20417.569 Thread 0x00007ff11b2ed800 Uncommon trap: reason=intrinsic_or_type_checked_inlining action=make_not_entrant pc=0x000000011eb8793c method=org.eclipse.jdt.internal.compiler.parser.Parser.consumeReduceImports()V @ 55 c2
Event: 20624.264 Thread 0x00007ff11b2ed800 Uncommon trap: reason=intrinsic_or_type_checked_inlining action=make_not_entrant pc=0x000000011ee043d0 method=org.eclipse.jdt.internal.compiler.parser.Parser.consumeInternalCompilationUnitWithTypes()V @ 126 c2

Classes redefined (0 events):
No events

Internal exceptions (10 events):
Event: 16505.372 Thread 0x00007ff11ba66800 Exception <a 'java/lang/NoSuchMethodError'{0x00000007ca2e3290}: <clinit>> (0x00000007ca2e3290) thrown at [/scratch/mesos/slaves/07fc96ef-bf4d-487f-b22f-a84e49f5f44a-S27799/frameworks/1735e8a2-a1db-478c-8104-60c8b0af87dd-0196/executors/23259148-f5c6-492a-8
Event: 16505.677 Thread 0x00007ff11ba66800 Exception <a 'java/lang/NoSuchMethodError'{0x00000007ca2e42d8}: <clinit>> (0x00000007ca2e42d8) thrown at [/scratch/mesos/slaves/07fc96ef-bf4d-487f-b22f-a84e49f5f44a-S27799/frameworks/1735e8a2-a1db-478c-8104-60c8b0af87dd-0196/executors/23259148-f5c6-492a-8
Event: 16505.678 Thread 0x00007ff11ba66800 Exception <a 'java/lang/NoSuchMethodError'{0x00000007ca2e4fe0}: <clinit>> (0x00000007ca2e4fe0) thrown at [/scratch/mesos/slaves/07fc96ef-bf4d-487f-b22f-a84e49f5f44a-S27799/frameworks/1735e8a2-a1db-478c-8104-60c8b0af87dd-0196/executors/23259148-f5c6-492a-8
Event: 19715.810 Thread 0x00007ff11df53000 Implicit null exception at 0x000000011f114cf2 to 0x000000011f1150e6
Event: 19721.590 Thread 0x00007ff11bc6e800 Implicit null exception at 0x000000011f0d3c1d to 0x000000011f0d3f4e
Event: 19824.894 Thread 0x00007ff11b2ed800 Implicit null exception at 0x000000011f482ce5 to 0x000000011f48953a
Event: 19972.823 Thread 0x00007ff11b2ed800 Exception <a 'java/lang/ArrayIndexOutOfBoundsException'{0x00000007c6fa7ff8}> (0x00000007c6fa7ff8) thrown at [/scratch/mesos/slaves/07fc96ef-bf4d-487f-b22f-a84e49f5f44a-S27799/frameworks/1735e8a2-a1db-478c-8104-60c8b0af87dd-0196/executors/23259148-f5c6-492
Event: 19973.444 Thread 0x00007ff11c01f000 Exception <a 'java/lang/ArrayIndexOutOfBoundsException'{0x00000007cfd0db10}> (0x00000007cfd0db10) thrown at [/scratch/mesos/slaves/07fc96ef-bf4d-487f-b22f-a84e49f5f44a-S27799/frameworks/1735e8a2-a1db-478c-8104-60c8b0af87dd-0196/executors/23259148-f5c6-492
Event: 19980.258 Thread 0x00007ff11b2ed800 Exception <a 'java/lang/ArrayIndexOutOfBoundsException'{0x00000007ce1b39f0}> (0x00000007ce1b39f0) thrown at [/scratch/mesos/slaves/07fc96ef-bf4d-487f-b22f-a84e49f5f44a-S27799/frameworks/1735e8a2-a1db-478c-8104-60c8b0af87dd-0196/executors/23259148-f5c6-492
Event: 19980.606 Thread 0x00007ff11b2ed800 Exception <a 'java/lang/ArrayIndexOutOfBoundsException'{0x00000007cc69ffb8}> (0x00000007cc69ffb8) thrown at [/scratch/mesos/slaves/07fc96ef-bf4d-487f-b22f-a84e49f5f44a-S27799/frameworks/1735e8a2-a1db-478c-8104-60c8b0af87dd-0196/executors/23259148-f5c6-492

Events (10 events):
Event: 20939.405 Executing VM operation: CGC_Operation
Event: 20939.413 Executing VM operation: CGC_Operation done
Event: 20939.415 Thread 0x00007ff11b03d800 flushing nmethod 0x0000000117d0e910
Event: 20939.415 Thread 0x00007ff11b03d800 flushing nmethod 0x0000000117d47d90
Event: 20944.300 Executing VM operation: G1CollectForAllocation
Event: 20944.342 Executing VM operation: G1CollectForAllocation done
Event: 20951.149 Executing VM operation: RevokeBias
Event: 20951.150 Executing VM operation: RevokeBias done
Event: 20956.895 Executing VM operation: G1CollectForAllocation
Event: 20957.028 Executing VM operation: G1CollectForAllocation done


Dynamic libraries:
0x00007fff912be000 	/System/Library/Frameworks/Cocoa.framework/Versions/A/Cocoa
0x00007fff9687d000 	/System/Library/Frameworks/Security.framework/Versions/A/Security
0x00007fff8e0a1000 	/System/Library/Frameworks/ApplicationServices.framework/Versions/A/ApplicationServices
0x00007fff9e12e000 	/usr/lib/libz.1.dylib
0x00007fff94cb3000 	/usr/lib/libSystem.B.dylib
0x00007fff8f8a5000 	/System/Library/Frameworks/CoreFoundation.framework/Versions/A/CoreFoundation
0x00007fff912bf000 	/System/Library/Frameworks/Foundation.framework/Versions/C/Foundation
0x00007fff9fe11000 	/usr/lib/libobjc.A.dylib
0x00007fff94e9e000 	/System/Library/Frameworks/AppKit.framework/Versions/C/AppKit
0x00007fff94979000 	/System/Library/Frameworks/CoreData.framework/Versions/A/CoreData
0x00007fff8f67e000 	/System/Library/PrivateFrameworks/RemoteViewServices.framework/Versions/A/RemoteViewServices
0x00007fff8f4ff000 	/System/Library/PrivateFrameworks/UIFoundation.framework/Versions/A/UIFoundation
0x00007fff94171000 	/usr/lib/libScreenReader.dylib
0x00007fff94cce000 	/System/Library/Frameworks/Accelerate.framework/Versions/A/Accelerate
0x00007fff8e7b7000 	/System/Library/Frameworks/IOSurface.framework/Versions/A/IOSurface
0x00007fff9730b000 	/System/Library/Frameworks/AudioToolbox.framework/Versions/A/AudioToolbox
0x00007fff8f226000 	/System/Library/Frameworks/AudioUnit.framework/Versions/A/AudioUnit
0x00007fff9e242000 	/System/Library/PrivateFrameworks/DataDetectorsCore.framework/Versions/A/DataDetectorsCore
0x00007fff8bc88000 	/System/Library/PrivateFrameworks/DesktopServicesPriv.framework/Versions/A/DesktopServicesPriv
0x00007fff9bb47000 	/System/Library/Frameworks/Carbon.framework/Versions/A/Frameworks/HIToolbox.framework/Versions/A/HIToolbox
0x00007fff965a6000 	/System/Library/Frameworks/QuartzCore.framework/Versions/A/QuartzCore
0x00007fff8c1cd000 	/System/Library/Frameworks/Carbon.framework/Versions/A/Frameworks/SpeechRecognition.framework/Versions/A/SpeechRecognition
0x00007fffa0b1f000 	/usr/lib/libauto.dylib
0x00007fff8dd7e000 	/usr/lib/libicucore.A.dylib
0x00007fff9451b000 	/usr/lib/libxml2.2.dylib
0x00007fff98548000 	/System/Library/PrivateFrameworks/CoreUI.framework/Versions/A/CoreUI
0x00007fff8bf65000 	/System/Library/Frameworks/CoreAudio.framework/Versions/A/CoreAudio
0x00007fff98158000 	/System/Library/Frameworks/DiskArbitration.framework/Versions/A/DiskArbitration
0x00007fff99e76000 	/usr/lib/liblangid.dylib
0x00007fff9e1d6000 	/System/Library/PrivateFrameworks/MultitouchSupport.framework/Versions/A/MultitouchSupport
0x00007fff99546000 	/System/Library/Frameworks/IOKit.framework/Versions/A/IOKit
0x00007fff8c1cb000 	/usr/lib/libDiagnosticMessagesClient.dylib
0x00007fff9e9cd000 	/System/Library/Frameworks/CoreServices.framework/Versions/A/CoreServices
0x00007fff8b21d000 	/System/Library/PrivateFrameworks/PerformanceAnalysis.framework/Versions/A/PerformanceAnalysis
0x00007fff9ee93000 	/System/Library/PrivateFrameworks/GenerationalStorage.framework/Versions/A/GenerationalStorage
0x00007fffa0903000 	/System/Library/Frameworks/OpenGL.framework/Versions/A/OpenGL
0x00007fff90b37000 	/System/Library/PrivateFrameworks/Sharing.framework/Versions/A/Sharing
0x00007fff92676000 	/System/Library/Frameworks/CoreGraphics.framework/Versions/A/CoreGraphics
0x00007fffa0189000 	/System/Library/Frameworks/CoreImage.framework/Versions/A/CoreImage
0x00007fff98011000 	/System/Library/Frameworks/CoreText.framework/Versions/A/CoreText
0x00007fff90e69000 	/System/Library/Frameworks/ImageIO.framework/Versions/A/ImageIO
0x00007fffa0fcb000 	/System/Library/PrivateFrameworks/Backup.framework/Versions/A/Backup
0x00007fff9fdb0000 	/usr/lib/libextension.dylib
0x00007fff8c1ec000 	/usr/lib/libarchive.2.dylib
0x00007fff8d820000 	/System/Library/Frameworks/CFNetwork.framework/Versions/A/CFNetwork
0x00007fff94c47000 	/System/Library/Frameworks/SystemConfiguration.framework/Versions/A/SystemConfiguration
0x00007fff8daa8000 	/usr/lib/libCRFSuite.dylib
0x00007fff8f747000 	/usr/lib/libc++.1.dylib
0x00007fff97542000 	/usr/lib/libc++abi.dylib
0x00007fff9723b000 	/usr/lib/system/libcache.dylib
0x00007fff96e4e000 	/usr/lib/system/libcommonCrypto.dylib
0x00007fff9efa3000 	/usr/lib/system/libcompiler_rt.dylib
0x00007fff971e1000 	/usr/lib/system/libcopyfile.dylib
0x00007fff9114b000 	/usr/lib/system/libcorecrypto.dylib
0x00007fff8caff000 	/usr/lib/system/libdispatch.dylib
0x00007fff947f8000 	/usr/lib/system/libdyld.dylib
0x00007fff90733000 	/usr/lib/system/libkeymgr.dylib
0x00007fff9efab000 	/usr/lib/system/liblaunch.dylib
0x00007fff8b11b000 	/usr/lib/system/libmacho.dylib
0x00007fff9418f000 	/usr/lib/system/libquarantine.dylib
0x00007fff8bede000 	/usr/lib/system/libremovefile.dylib
0x00007fff91621000 	/usr/lib/system/libsystem_asl.dylib
0x00007fff8b0bf000 	/usr/lib/system/libsystem_blocks.dylib
0x00007fff8eacf000 	/usr/lib/system/libsystem_c.dylib
0x00007fff8caf9000 	/usr/lib/system/libsystem_configuration.dylib
0x00007fff8d785000 	/usr/lib/system/libsystem_coreservices.dylib
0x00007fff8d02a000 	/usr/lib/system/libsystem_coretls.dylib
0x00007fff8f230000 	/usr/lib/system/libsystem_dnssd.dylib
0x00007fff917e5000 	/usr/lib/system/libsystem_info.dylib
0x00007fff94cef000 	/usr/lib/system/libsystem_kernel.dylib
0x00007fff94761000 	/usr/lib/system/libsystem_m.dylib
0x00007fffa03ab000 	/usr/lib/system/libsystem_malloc.dylib
0x00007fff94791000 	/usr/lib/system/libsystem_network.dylib
0x00007fff963f6000 	/usr/lib/system/libsystem_networkextension.dylib
0x00007fff9cc10000 	/usr/lib/system/libsystem_notify.dylib
0x00007fffa03c8000 	/usr/lib/system/libsystem_platform.dylib
0x00007fff9e902000 	/usr/lib/system/libsystem_pthread.dylib
0x00007fff911c3000 	/usr/lib/system/libsystem_sandbox.dylib
0x00007fff8bee6000 	/usr/lib/system/libsystem_secinit.dylib
0x00007fff96e3c000 	/usr/lib/system/libsystem_trace.dylib
0x00007fff93abe000 	/usr/lib/system/libunc.dylib
0x00007fff8e0a2000 	/usr/lib/system/libunwind.dylib
0x00007fff8bc40000 	/usr/lib/system/libxpc.dylib
0x00007fff98547000 	/usr/lib/libenergytrace.dylib
0x00007fff98147000 	/usr/lib/libbsm.0.dylib
0x00007fff8cb7a000 	/usr/lib/system/libkxld.dylib
0x00007fff8c1aa000 	/usr/lib/libxar.1.dylib
0x00007fff9485b000 	/usr/lib/libsqlite3.dylib
0x00007fff8bc6a000 	/usr/lib/libpam.2.dylib
0x00007fff8bc3f000 	/usr/lib/libOpenScriptingUtil.dylib
0x00007fff8c1bc000 	/usr/lib/libbz2.1.0.dylib
0x00007fff971c6000 	/usr/lib/liblzma.5.dylib
0x00007fff97293000 	/System/Library/Frameworks/CoreServices.framework/Versions/A/Frameworks/FSEvents.framework/Versions/A/FSEvents
0x00007fff90b5a000 	/System/Library/Frameworks/CoreServices.framework/Versions/A/Frameworks/CarbonCore.framework/Versions/A/CarbonCore
0x00007fff9c6bd000 	/System/Library/Frameworks/CoreServices.framework/Versions/A/Frameworks/Metadata.framework/Versions/A/Metadata
0x00007fff98447000 	/System/Library/Frameworks/CoreServices.framework/Versions/A/Frameworks/OSServices.framework/Versions/A/OSServices
0x00007fff9644b000 	/System/Library/Frameworks/CoreServices.framework/Versions/A/Frameworks/SearchKit.framework/Versions/A/SearchKit
0x00007fff920c6000 	/System/Library/Frameworks/CoreServices.framework/Versions/A/Frameworks/AE.framework/Versions/A/AE
0x00007fff8bae5000 	/System/Library/Frameworks/CoreServices.framework/Versions/A/Frameworks/LaunchServices.framework/Versions/A/LaunchServices
0x00007fff99495000 	/System/Library/Frameworks/CoreServices.framework/Versions/A/Frameworks/DictionaryServices.framework/Versions/A/DictionaryServices
0x00007fff8f79b000 	/System/Library/Frameworks/CoreServices.framework/Versions/A/Frameworks/SharedFileList.framework/Versions/A/SharedFileList
0x00007fff920bd000 	/System/Library/Frameworks/NetFS.framework/Versions/A/NetFS
0x00007fff94d0e000 	/System/Library/PrivateFrameworks/NetAuth.framework/Versions/A/NetAuth
0x00007fff8ce15000 	/System/Library/PrivateFrameworks/login.framework/Versions/A/Frameworks/loginsupport.framework/Versions/A/loginsupport
0x00007fff99e78000 	/System/Library/PrivateFrameworks/TCC.framework/Versions/A/TCC
0x00007fff90734000 	/usr/lib/libmecabra.dylib
0x00007fff8cb86000 	/System/Library/Frameworks/ApplicationServices.framework/Versions/A/Frameworks/ATS.framework/Versions/A/ATS
0x00007fff9c9b6000 	/System/Library/Frameworks/ApplicationServices.framework/Versions/A/Frameworks/ColorSync.framework/Versions/A/ColorSync
0x00007fff8b0ce000 	/System/Library/Frameworks/ApplicationServices.framework/Versions/A/Frameworks/HIServices.framework/Versions/A/HIServices
0x00007fff8e956000 	/System/Library/Frameworks/ApplicationServices.framework/Versions/A/Frameworks/LangAnalysis.framework/Versions/A/LangAnalysis
0x00007fff970cb000 	/System/Library/Frameworks/ApplicationServices.framework/Versions/A/Frameworks/PrintCore.framework/Versions/A/PrintCore
0x00007fff8d7e1000 	/System/Library/Frameworks/ApplicationServices.framework/Versions/A/Frameworks/QD.framework/Versions/A/QD
0x00007fff99539000 	/System/Library/Frameworks/ApplicationServices.framework/Versions/A/Frameworks/SpeechSynthesis.framework/Versions/A/SpeechSynthesis
0x00007fffa0f79000 	/System/Library/Frameworks/Metal.framework/Versions/A/Metal
0x00007fff98fd6000 	/System/Library/Frameworks/Accelerate.framework/Versions/A/Frameworks/vImage.framework/Versions/A/vImage
0x00007fff8b121000 	/System/Library/Frameworks/Accelerate.framework/Versions/A/Frameworks/vecLib.framework/Versions/A/vecLib
0x00007fff8e624000 	/System/Library/Frameworks/Accelerate.framework/Versions/A/Frameworks/vecLib.framework/Versions/A/libvDSP.dylib
0x00007fff96c3f000 	/System/Library/Frameworks/Accelerate.framework/Versions/A/Frameworks/vecLib.framework/Versions/A/libvMisc.dylib
0x00007fff9a188000 	/System/Library/Frameworks/Accelerate.framework/Versions/A/Frameworks/vecLib.framework/Versions/A/libLAPACK.dylib
0x00007fff99f7a000 	/System/Library/Frameworks/Accelerate.framework/Versions/A/Frameworks/vecLib.framework/Versions/A/libBLAS.dylib
0x00007fff8bfe6000 	/System/Library/Frameworks/Accelerate.framework/Versions/A/Frameworks/vecLib.framework/Versions/A/libLinearAlgebra.dylib
0x00007fff99f4b000 	/System/Library/Frameworks/Accelerate.framework/Versions/A/Frameworks/vecLib.framework/Versions/A/libSparseBLAS.dylib
0x00007fff97f69000 	/System/Library/PrivateFrameworks/GPUCompiler.framework/libmetal_timestamp.dylib
0x00007fff8d81c000 	/System/Library/Frameworks/OpenGL.framework/Versions/A/Libraries/libCoreFSCache.dylib
0x00007fff98140000 	/System/Library/PrivateFrameworks/IOAccelerator.framework/Versions/A/IOAccelerator
0x00007fff98ca9000 	/System/Library/Frameworks/ApplicationServices.framework/Versions/A/Frameworks/ATS.framework/Versions/A/Resources/libFontParser.dylib
0x00007fff9e3fc000 	/System/Library/Frameworks/ApplicationServices.framework/Versions/A/Frameworks/ATS.framework/Versions/A/Resources/libFontRegistry.dylib
0x00007fff9a628000 	/System/Library/PrivateFrameworks/AppleVPA.framework/Versions/A/AppleVPA
0x00007fff909fa000 	/System/Library/PrivateFrameworks/AppleJPEG.framework/Versions/A/AppleJPEG
0x00007fff9fd5c000 	/System/Library/Frameworks/ImageIO.framework/Versions/A/Resources/libJPEG.dylib
0x00007fff911ff000 	/System/Library/Frameworks/ImageIO.framework/Versions/A/Resources/libTIFF.dylib
0x00007fff96c19000 	/System/Library/Frameworks/ImageIO.framework/Versions/A/Resources/libPng.dylib
0x00007fff9a619000 	/System/Library/Frameworks/ImageIO.framework/Versions/A/Resources/libGIF.dylib
0x00007fff98e94000 	/System/Library/Frameworks/ImageIO.framework/Versions/A/Resources/libJP2.dylib
0x00007fff9cba4000 	/System/Library/Frameworks/ImageIO.framework/Versions/A/Resources/libRadiance.dylib
0x00007fff9e1fb000 	/System/Library/Frameworks/CoreVideo.framework/Versions/A/CoreVideo
0x00007fffa04f2000 	/System/Library/Frameworks/OpenGL.framework/Versions/A/Libraries/libGLU.dylib
0x00007fff8ea20000 	/System/Library/Frameworks/OpenGL.framework/Versions/A/Libraries/libGFXShared.dylib
0x00007fffa07f7000 	/System/Library/Frameworks/OpenGL.framework/Versions/A/Libraries/libGL.dylib
0x00007fff8fd29000 	/System/Library/Frameworks/OpenGL.framework/Versions/A/Libraries/libGLImage.dylib
0x00007fff94110000 	/System/Library/Frameworks/OpenGL.framework/Versions/A/Libraries/libCVMSPluginSupport.dylib
0x00007fffa08ff000 	/System/Library/Frameworks/OpenGL.framework/Versions/A/Libraries/libCoreVMClient.dylib
0x00007fff8c090000 	/usr/lib/libcompression.dylib
0x00007fff8c0aa000 	/usr/lib/libcups.2.dylib
0x00007fff941f1000 	/System/Library/Frameworks/Kerberos.framework/Versions/A/Kerberos
0x00007fff8d67c000 	/System/Library/Frameworks/GSS.framework/Versions/A/GSS
0x00007fff96e1f000 	/usr/lib/libresolv.9.dylib
0x00007fff96d2c000 	/usr/lib/libiconv.2.dylib
0x00007fffa0a14000 	/System/Library/PrivateFrameworks/Heimdal.framework/Versions/A/Heimdal
0x00007fff94c41000 	/usr/lib/libheimdal-asn1.dylib
0x00007fff98f87000 	/System/Library/Frameworks/OpenDirectory.framework/Versions/A/OpenDirectory
0x00007fff96441000 	/System/Library/PrivateFrameworks/CommonAuth.framework/Versions/A/CommonAuth
0x00007fffa0a89000 	/System/Library/Frameworks/OpenDirectory.framework/Versions/A/Frameworks/CFOpenDirectory.framework/Versions/A/CFOpenDirectory
0x00007fff983d2000 	/System/Library/Frameworks/SecurityFoundation.framework/Versions/A/SecurityFoundation
0x00007fff90a88000 	/System/Library/PrivateFrameworks/LanguageModeling.framework/Versions/A/LanguageModeling
0x00007fffa0c02000 	/usr/lib/libmarisa.dylib
0x00007fff99f6e000 	/usr/lib/libChineseTokenizer.dylib
0x00007fff9e230000 	/usr/lib/libcmph.dylib
0x00007fff947fc000 	/System/Library/Frameworks/ServiceManagement.framework/Versions/A/ServiceManagement
0x00007fff8c5da000 	/usr/lib/libxslt.1.dylib
0x00007fff9e69d000 	/System/Library/Frameworks/Carbon.framework/Versions/A/Frameworks/Ink.framework/Versions/A/Ink
0x00007fff8b636000 	/usr/lib/libFosl_dynamic.dylib
0x00007fff9bfc8000 	/System/Library/PrivateFrameworks/FaceCore.framework/Versions/A/FaceCore
0x00007fff994cc000 	/System/Library/Frameworks/OpenCL.framework/Versions/A/OpenCL
0x00007fffa03d1000 	/System/Library/PrivateFrameworks/CrashReporterSupport.framework/Versions/A/CrashReporterSupport
0x00007fff98524000 	/System/Library/PrivateFrameworks/IconServices.framework/Versions/A/IconServices
0x00007fff944fb000 	/System/Library/PrivateFrameworks/Apple80211.framework/Versions/A/Apple80211
0x00007fff9e9ce000 	/System/Library/Frameworks/CoreWLAN.framework/Versions/A/CoreWLAN
0x00007fff98c04000 	/System/Library/Frameworks/IOBluetooth.framework/Versions/A/IOBluetooth
0x00007fff9ab69000 	/System/Library/PrivateFrameworks/CoreWiFi.framework/Versions/A/CoreWiFi
0x00007fff94cb5000 	/System/Library/Frameworks/CoreBluetooth.framework/Versions/A/CoreBluetooth
0x00007fff98fae000 	/System/Library/PrivateFrameworks/ChunkingLibrary.framework/Versions/A/ChunkingLibrary
0x00007fff96406000 	/System/Library/PrivateFrameworks/DebugSymbols.framework/Versions/A/DebugSymbols
0x00007fff91047000 	/System/Library/PrivateFrameworks/CoreSymbolication.framework/Versions/A/CoreSymbolication
0x00007fffa04a1000 	/System/Library/PrivateFrameworks/Symbolication.framework/Versions/A/Symbolication
0x00007fff91614000 	/System/Library/PrivateFrameworks/SpeechRecognitionCore.framework/Versions/A/SpeechRecognitionCore
0x000000010d6ff000 	/Library/Java/JavaVirtualMachines/jdk-11.0.2.jdk/Contents/Home/lib/server/libjvm.dylib
0x000000010e54a000 	/Library/Java/JavaVirtualMachines/jdk-11.0.2.jdk/Contents/Home/lib/libverify.dylib
0x000000010e556000 	/Library/Java/JavaVirtualMachines/jdk-11.0.2.jdk/Contents/Home/lib/libjava.dylib
0x000000010e592000 	/Library/Java/JavaVirtualMachines/jdk-11.0.2.jdk/Contents/Home/lib/libzip.dylib
0x000000010e59a000 	/Library/Java/JavaVirtualMachines/jdk-11.0.2.jdk/Contents/Home/lib/libjimage.dylib
0x000000012b1f5000 	/Library/Java/JavaVirtualMachines/jdk-11.0.2.jdk/Contents/Home/lib/libnio.dylib
0x000000012b203000 	/Library/Java/JavaVirtualMachines/jdk-11.0.2.jdk/Contents/Home/lib/./libnet.dylib
0x000000010e5f4000 	/Library/Java/JavaVirtualMachines/jdk-11.0.2.jdk/Contents/Home/lib/libmanagement.dylib
0x000000010e5f9000 	/Library/Java/JavaVirtualMachines/jdk-11.0.2.jdk/Contents/Home/lib/libmanagement_ext.dylib
0x000000012b3ae000 	/Library/Java/JavaVirtualMachines/jdk-11.0.2.jdk/Contents/Home/lib/libextnet.dylib
0x000000012b3b1000 	/Library/Java/JavaVirtualMachines/jdk-11.0.2.jdk/Contents/Home/lib/libattach.dylib
0x000000012b3b5000 	/Library/Java/JavaVirtualMachines/jdk-11.0.2.jdk/Contents/Home/lib/librmi.dylib


VM Arguments:
jvm_args: -Dspring.lsp.client-port=45556 -Dserver.port=45556 -Dsts.lsp.client=vscode -Dsts.log.file=/var/folders/4q/5cnrpjkj5db9w313741tctmc0000gn/T/vscode-spring-boot-1549444153900.log -Dlogging.file=/var/folders/4q/5cnrpjkj5db9w313741tctmc0000gn/T/vscode-spring-boot-1549444153900.log 
java_command: /Users/mac/.vscode/extensions/pivotal.vscode-spring-boot-1.3.0/jars/spring-boot-language-server-1.3.0-SNAPSHOT.jar
java_class_path (initial): /Users/mac/.vscode/extensions/pivotal.vscode-spring-boot-1.3.0/jars/spring-boot-language-server-1.3.0-SNAPSHOT.jar
Launcher Type: SUN_STANDARD

[Global flags]
     intx CICompilerCount                          = 2                                         {product} {ergonomic}
     uint ConcGCThreads                            = 1                                         {product} {ergonomic}
     uint G1ConcRefinementThreads                  = 2                                         {product} {ergonomic}
   size_t G1HeapRegionSize                         = 1048576                                   {product} {ergonomic}
    uintx GCDrainStackTargetSize                   = 64                                        {product} {ergonomic}
   size_t InitialHeapSize                          = 67108864                                  {product} {ergonomic}
   size_t MarkStackSize                            = 4194304                                   {product} {ergonomic}
   size_t MaxHeapSize                              = 1073741824                                {product} {ergonomic}
   size_t MaxNewSize                               = 643825664                                 {product} {ergonomic}
   size_t MinHeapDeltaBytes                        = 1048576                                   {product} {ergonomic}
    uintx NonNMethodCodeHeapSize                   = 5824844                                {pd product} {ergonomic}
    uintx NonProfiledCodeHeapSize                  = 122916698                              {pd product} {ergonomic}
    uintx ProfiledCodeHeapSize                     = 122916698                              {pd product} {ergonomic}
    uintx ReservedCodeCacheSize                    = 251658240                              {pd product} {ergonomic}
     bool SegmentedCodeCache                       = true                                      {product} {ergonomic}
     bool UseCompressedClassPointers               = true                                 {lp64_product} {ergonomic}
     bool UseCompressedOops                        = true                                 {lp64_product} {ergonomic}
     bool UseG1GC                                  = true                                      {product} {ergonomic}

Logging:
Log output configuration:
 #0: stdout all=warning uptime,level,tags
 #1: stderr all=off uptime,level,tags

Environment Variables:
PATH=/Users/mac/anaconda3/bin:/usr/local/bin:/usr/bin:/bin:/usr/sbin:/sbin:/Library/Frameworks/Mono.framework/Versions/Current/Commands:/Applications/Xamarin Workbooks.app/Contents/SharedSupport/path-bin
SHELL=/bin/bash

Signal Handlers:
SIGSEGV: [libjvm.dylib+0x740190], sa_mask[0]=11111111011111110111111111111111, sa_flags=SA_ONSTACK|SA_RESTART|SA_SIGINFO
SIGBUS: [libjvm.dylib+0x740190], sa_mask[0]=11111111011111110111111111111111, sa_flags=SA_RESTART|SA_SIGINFO
SIGFPE: [libjvm.dylib+0x740190], sa_mask[0]=11111111011111110111111111111111, sa_flags=SA_RESTART|SA_SIGINFO
SIGPIPE: [libjvm.dylib+0x5f2e42], sa_mask[0]=11111111011111110111111111111111, sa_flags=SA_RESTART|SA_SIGINFO
SIGXFSZ: [libjvm.dylib+0x5f2e42], sa_mask[0]=11111111011111110111111111111111, sa_flags=SA_RESTART|SA_SIGINFO
SIGILL: [libjvm.dylib+0x740190], sa_mask[0]=11111111011111110111111111111111, sa_flags=SA_RESTART|SA_SIGINFO
SIGUSR2: [libjvm.dylib+0x5f3427], sa_mask[0]=00000000000000000000000000000000, sa_flags=SA_RESTART|SA_SIGINFO
SIGHUP: [libjvm.dylib+0x5f1e83], sa_mask[0]=11111111011111110111111111111111, sa_flags=SA_RESTART|SA_SIGINFO
SIGINT: [libjvm.dylib+0x5f1e83], sa_mask[0]=11111111011111110111111111111111, sa_flags=SA_RESTART|SA_SIGINFO
SIGTERM: [libjvm.dylib+0x5f1e83], sa_mask[0]=11111111011111110111111111111111, sa_flags=SA_RESTART|SA_SIGINFO
SIGQUIT: [libjvm.dylib+0x5f1e83], sa_mask[0]=11111111011111110111111111111111, sa_flags=SA_RESTART|SA_SIGINFO


---------------  S Y S T E M  ---------------

OS:uname:Darwin 15.6.0 Darwin Kernel Version 15.6.0: Thu Jun 21 20:07:40 PDT 2018; root:xnu-3248.73.11~1/RELEASE_X86_64 x86_64
rlimit: STACK 8192k, CORE 0k, NPROC 709, NOFILE 10240, AS infinity, DATA infinity, FSIZE infinity
load average:16.80 9.67 7.86

CPU:total 2 (initial active 2) (2 cores per cpu, 1 threads per core) family 6 model 23 stepping 10, cmov, cx8, fxsr, mmx, sse, sse2, sse3, ssse3, sse4.1, tsc

Memory: 4k page, physical 4194304k(18176k free)

vm_info: Java HotSpot(TM) 64-Bit Server VM (11.0.2+9-LTS) for bsd-amd64 JRE (11.0.2+9-LTS), built on Jan 18 2019 08:16:46 by "mach5one" with gcc 4.2.1 Compatible Apple LLVM 9.1.0 (clang-902.0.39.2)

END.
