#
# A fatal error has been detected by the Java Runtime Environment:
#
#  SIGSEGV (0xb) at pc=0x00000001046ce439, pid=8604, tid=13827
#
# JRE version: Java(TM) SE Runtime Environment (11.0.2+9) (build 11.0.2+9-LTS)
# Java VM: Java HotSpot(TM) 64-Bit Server VM (11.0.2+9-LTS, mixed mode, tiered, compressed oops, g1 gc, bsd-amd64)
# Problematic frame:
# V  [libjvm.dylib+0x32c439]  _ZN19G1RebuildRemSetTask32G1RebuildRemSetHeapRegionClosure19scan_for_referencesEP7oopDesc9MemRegion+0x59
#
# No core dump will be written. Core dumps have been disabled. To enable core dumping, try "ulimit -c unlimited" before starting Java again
#
# If you would like to submit a bug report, please visit:
#   http://bugreport.java.com/bugreport/crash.jsp
#

---------------  S U M M A R Y ------------

Command Line: -Dcom.sun.management.jmxremote -Dcom.sun.management.jmxremote.port=50352 -Dcom.sun.management.jmxremote.authenticate=false -Dcom.sun.management.jmxremote.ssl=false -Djava.rmi.server.hostname=localhost -Dspring.application.admin.enabled=true -Dfile.encoding=UTF-8 com.IsaApplication

Host: Macmini3,1 x86_64 2530 MHz, 2 cores, 4G, Darwin 15.6.0
Time: Wed Jan 30 23:16:36 2019 CET elapsed time: 5288 seconds (0d 1h 28m 8s)

---------------  T H R E A D  ---------------

Current thread (0x00007fc173833000):  ConcurrentGCThread "G1 Conc#0" [stack: 0x0000700000320000,0x0000700000420000] [id=13827]

Stack: [0x0000700000320000,0x0000700000420000],  sp=0x000070000041fbf0,  free space=1022k
Native frames: (J=compiled Java code, A=aot compiled Java code, j=interpreted, Vv=VM code, C=native code)
V  [libjvm.dylib+0x32c439]  _ZN19G1RebuildRemSetTask32G1RebuildRemSetHeapRegionClosure19scan_for_referencesEP7oopDesc9MemRegion+0x59
V  [libjvm.dylib+0x32c0e5]  _ZN19G1RebuildRemSetTask32G1RebuildRemSetHeapRegionClosure25rebuild_rem_set_in_regionEPK10G1CMBitMapP8HeapWordS5_P10HeapRegion9MemRegion+0xa5
V  [libjvm.dylib+0x32be78]  _ZN19G1RebuildRemSetTask32G1RebuildRemSetHeapRegionClosure14do_heap_regionEP10HeapRegion+0x118
V  [libjvm.dylib+0x3759f2]  _ZNK17HeapRegionManager11par_iterateEP17HeapRegionClosureP17HeapRegionClaimerj+0x76
V  [libjvm.dylib+0x32bd52]  _ZN19G1RebuildRemSetTask4workEj+0x64
V  [libjvm.dylib+0x7663cb]  _ZN10GangWorker4loopEv+0x43
V  [libjvm.dylib+0x5f0da3]  _ZL19thread_native_entryP6Thread+0x135
C  [libsystem_pthread.dylib+0x399d]  _pthread_body+0x83
C  [libsystem_pthread.dylib+0x391a]  _pthread_body+0x0
C  [libsystem_pthread.dylib+0x1351]  thread_start+0xd


siginfo: si_signo: 11 (SIGSEGV), si_code: 1 (SEGV_MAPERR), si_addr: 0x0000002000000111

Register to memory mapping:

RAX=0x0000002000000001 is an unknown value
RBX=0x0000000104ce91f1: UseCompressedClassPointers+0 in /Library/Java/JavaVirtualMachines/jdk-11.0.2.jdk/Contents/Home/lib/server/libjvm.dylib at 0x00000001043a2000
RCX=0x0 is NULL
RDX=0x000070000041fc01 points into unknown readable memory: 00 9c c1 07 00 00 00
RSP=0x000070000041fbf0 points into unknown readable memory: 10 fc 41 00 00 70 00 00
RBP=0x000070000041fc40 points into unknown readable memory: 00 fd 41 00 00 70 00 00
RSI=0x00000007c19cdf68 is an oop: 
[error occurred during error reporting (printing register info), id 0xb, SIGSEGV (0xb) at pc=0x0000000104986cb1]

Registers:
RAX=0x0000002000000001, RBX=0x0000000104ce91f1, RCX=0x0000000000000000, RDX=0x000070000041fc01
RSP=0x000070000041fbf0, RBP=0x000070000041fc40, RSI=0x00000007c19cdf68, RDI=0x000000080001b57c
R8 =0x00000007c0000000, R9 =0x0000000000000000, R10=0x000000011d343000, R11=0x000000000000cfff
R12=0x00000007c19cdf68, R13=0x0000000000000002, R14=0x000070000041fe18, R15=0x000070000041fc90
RIP=0x00000001046ce439, EFLAGS=0x0000000000010246, ERR=0x0000000000000004
  TRAPNO=0x000000000000000e

Top of Stack: (sp=0x000070000041fbf0)
0x000070000041fbf0:   000070000041fc10 0000000104713271
0x000070000041fc00:   00000007c19c0000 00007fc173417730
0x000070000041fc10:   000070000041fc40 0000000104713148
0x000070000041fc20:   00000000000015f6 00000007c19ffff8
0x000070000041fc30:   00000007c19cdf68 000070000041fd20
0x000070000041fc40:   000070000041fd00 00000001046ce0e5
0x000070000041fc50:   00000007c0000000 00000000000102df
0x000070000041fc60:   0000000000000000 0000000000000000
0x000070000041fc70:   00000007c00c0000 0000000000008000
0x000070000041fc80:   00000007c19c0000 0000000000007fff
0x000070000041fc90:   00000007c19c0000 0000000000007fff
0x000070000041fca0:   0000000000000000 00007fc17382d818
0x000070000041fcb0:   00000007c19ffff8 00000007c19c0000
0x000070000041fcc0:   0000000000007fff 00000007c19cdf68
0x000070000041fcd0:   000070000041fe18 000070000041fe18
0x000070000041fce0:   00007fc173417730 00000007c19ffff8
0x000070000041fcf0:   000004cf4157bd9c 0000000000000001
0x000070000041fd00:   000070000041fdc0 00000001046cde78
0x000070000041fd10:   000070000041fd40 000000010497cbbf
0x000070000041fd20:   00000007c19c0000 0000000000007fff
0x000070000041fd30:   00000007c1900000 000000000001ffff
0x000070000041fd40:   00000007c19c0000 0000000000008000
0x000070000041fd50:   00000007c19c0000 0000000000007fff
0x000070000041fd60:   00000007c19c0000 000000000003d900
0x000070000041fd70:   0000000000000000 0000000000008000
0x000070000041fd80:   0000000000040000 00000007c19ffff8
0x000070000041fd90:   0000000000000019 00000000000000cd
0x000070000041fda0:   0000000000000000 00007fc173806898
0x000070000041fdb0:   000070000031cc98 0000000000000019
0x000070000041fdc0:   000070000041fe00 00000001047179f2
0x000070000041fdd0:   000070000041fe18 000070000031cc80
0x000070000041fde0:   0000000000000000 0000000000003603 

Instructions: (pc=0x00000001046ce439)
0x00000001046ce419:   38 eb 05 49 8b 7c 24 08 8b 47 08 85 c0 7e 09 a8
0x00000001046ce429:   01 75 07 c1 e8 03 eb 46 78 0e 48 8b 07 4c 89 e6
0x00000001046ce439:   ff 90 10 01 00 00 eb 36 31 c9 84 d2 0f 94 c1 49
0x00000001046ce449:   63 54 8c 0c 89 c1 48 d3 e2 c1 e8 10 0f b6 c8 48 

Stack slot to memory mapping:
stack at sp + 0 slots: 0x000070000041fc10 points into unknown readable memory: 40 fc 41 00 00 70 00 00
stack at sp + 1 slots: 0x0000000104713271: _ZNK10HeapRegion10block_sizeEPK8HeapWord+0x25 in /Library/Java/JavaVirtualMachines/jdk-11.0.2.jdk/Contents/Home/lib/server/libjvm.dylib at 0x00000001043a2000
stack at sp + 2 slots: 0x00000007c19c0000 is an oop: java.util.concurrent.ConcurrentHashMap$Node 
{0x00000007c19c0000} - klass: 'java/util/concurrent/ConcurrentHashMap$Node'
stack at sp + 3 slots: 0x00007fc173417730 points into unknown readable memory: 10 e5 c7 04 01 00 00 00
stack at sp + 4 slots: 0x000070000041fc40 points into unknown readable memory: 00 fd 41 00 00 70 00 00
stack at sp + 5 slots: 0x0000000104713148: _ZN17G1ContiguousSpace11block_startEPKv+0xd8 in /Library/Java/JavaVirtualMachines/jdk-11.0.2.jdk/Contents/Home/lib/server/libjvm.dylib at 0x00000001043a2000
stack at sp + 6 slots: 0x00000000000015f6 is an unknown value
stack at sp + 7 slots: 0x00000007c19ffff8 is an unallocated location in the heap


---------------  P R O C E S S  ---------------

Threads class SMR info:
_java_thread_list=0x00007fc177a887e0, length=37, elements={
0x00007fc17402f000, 0x00007fc173892000, 0x00007fc1738a8800, 0x00007fc174045800,
0x00007fc174046000, 0x00007fc174079800, 0x00007fc1740c2000, 0x00007fc1740cb000,
0x00007fc1740cc800, 0x00007fc173b88800, 0x00007fc173c34800, 0x00007fc174254000,
0x00007fc17483f800, 0x00007fc17483d000, 0x00007fc1758cf000, 0x00007fc176ae3800,
0x00007fc174239800, 0x00007fc175c55000, 0x00007fc174667000, 0x00007fc17410e000,
0x00007fc174825800, 0x00007fc173d61000, 0x00007fc17599e000, 0x00007fc17608a000,
0x00007fc17485f000, 0x00007fc173bc8800, 0x00007fc173ae1800, 0x00007fc173a83800,
0x00007fc1739eb800, 0x00007fc1739da000, 0x00007fc175ca7000, 0x00007fc173dfa800,
0x00007fc175c67800, 0x00007fc173a80000, 0x00007fc173df7000, 0x00007fc17598d000,
0x00007fc1760a0000
}

Java Threads: ( => current thread )
  0x00007fc17402f000 JavaThread "Reference Handler" daemon [_thread_blocked, id=16131, stack(0x000070000072c000,0x000070000082c000)]
  0x00007fc173892000 JavaThread "Finalizer" daemon [_thread_blocked, id=16899, stack(0x000070000082f000,0x000070000092f000)]
  0x00007fc1738a8800 JavaThread "Signal Dispatcher" daemon [_thread_blocked, id=20503, stack(0x0000700000a38000,0x0000700000b38000)]
  0x00007fc174045800 JavaThread "C2 CompilerThread0" daemon [_thread_blocked, id=21507, stack(0x0000700000b3b000,0x0000700000c3b000)]
  0x00007fc174046000 JavaThread "C1 CompilerThread0" daemon [_thread_blocked, id=22275, stack(0x0000700000c3e000,0x0000700000d3e000)]
  0x00007fc174079800 JavaThread "Sweeper thread" daemon [_thread_blocked, id=23043, stack(0x0000700000d41000,0x0000700000e41000)]
  0x00007fc1740c2000 JavaThread "Common-Cleaner" daemon [_thread_blocked, id=23811, stack(0x0000700000e44000,0x0000700000f44000)]
  0x00007fc1740cb000 JavaThread "Service Thread" daemon [_thread_blocked, id=24579, stack(0x0000700000f47000,0x0000700001047000)]
  0x00007fc1740cc800 JavaThread "RMI TCP Accept-0" daemon [_thread_in_native, id=27139, stack(0x000070000114d000,0x000070000124d000)]
  0x00007fc173b88800 JavaThread "RMI TCP Accept-50352" daemon [_thread_in_native, id=27907, stack(0x0000700001250000,0x0000700001350000)]
  0x00007fc173c34800 JavaThread "RMI TCP Accept-0" daemon [_thread_in_native, id=28675, stack(0x0000700001353000,0x0000700001453000)]
  0x00007fc174254000 JavaThread "Attach Listener" daemon [_thread_blocked, id=29955, stack(0x0000700001559000,0x0000700001659000)]
  0x00007fc17483f800 JavaThread "RMI Scheduler(0)" daemon [_thread_blocked, id=33795, stack(0x0000700001a68000,0x0000700001b68000)]
  0x00007fc17483d000 JavaThread "JMX server connection timeout 21" daemon [_thread_blocked, id=34563, stack(0x0000700001b6b000,0x0000700001c6b000)]
  0x00007fc1758cf000 JavaThread "Abandoned connection cleanup thread" daemon [_thread_blocked, id=18439, stack(0x0000700000932000,0x0000700000a32000)]
  0x00007fc176ae3800 JavaThread "Live Reload Server" daemon [_thread_in_native, id=37127, stack(0x0000700001f77000,0x0000700002077000)]
  0x00007fc174239800 JavaThread "DestroyJavaVM" [_thread_blocked, id=7683, stack(0x00000001050ef000,0x00000001051ef000)]
  0x00007fc175c55000 JavaThread "HikariPool-13 housekeeper" daemon [_thread_blocked, id=36163, stack(0x0000700001965000,0x0000700001a65000)]
  0x00007fc174667000 JavaThread "ContainerBackgroundProcessor[StandardEngine[Tomcat]]" daemon [_thread_blocked, id=37691, stack(0x0000700001d71000,0x0000700001e71000)]
  0x00007fc17410e000 JavaThread "container-0" [_thread_blocked, id=40243, stack(0x0000700001e74000,0x0000700001f74000)]
  0x00007fc174825800 JavaThread "File Watcher" daemon [_thread_blocked, id=42035, stack(0x000070000207a000,0x000070000217a000)]
  0x00007fc173d61000 JavaThread "NioBlockingSelector.BlockPoller-13" daemon [_thread_in_native, id=42807, stack(0x000070000217d000,0x000070000227d000)]
  0x00007fc17599e000 JavaThread "http-nio-8080-exec-1" daemon [_thread_blocked, id=42559, stack(0x0000700002280000,0x0000700002380000)]
  0x00007fc17608a000 JavaThread "http-nio-8080-exec-2" daemon [_thread_blocked, id=38203, stack(0x0000700002383000,0x0000700002483000)]
  0x00007fc17485f000 JavaThread "http-nio-8080-exec-3" daemon [_thread_blocked, id=26167, stack(0x0000700002486000,0x0000700002586000)]
  0x00007fc173bc8800 JavaThread "http-nio-8080-exec-4" daemon [_thread_blocked, id=36411, stack(0x0000700002589000,0x0000700002689000)]
  0x00007fc173ae1800 JavaThread "http-nio-8080-exec-5" daemon [_thread_blocked, id=44855, stack(0x000070000268c000,0x000070000278c000)]
  0x00007fc173a83800 JavaThread "http-nio-8080-exec-6" daemon [_thread_blocked, id=43839, stack(0x000070000278f000,0x000070000288f000)]
  0x00007fc1739eb800 JavaThread "http-nio-8080-exec-7" daemon [_thread_blocked, id=40499, stack(0x0000700002892000,0x0000700002992000)]
  0x00007fc1739da000 JavaThread "http-nio-8080-exec-8" daemon [_thread_blocked, id=42295, stack(0x0000700002995000,0x0000700002a95000)]
  0x00007fc175ca7000 JavaThread "http-nio-8080-exec-9" daemon [_thread_blocked, id=31291, stack(0x0000700002a98000,0x0000700002b98000)]
  0x00007fc173dfa800 JavaThread "http-nio-8080-exec-10" daemon [_thread_blocked, id=18203, stack(0x0000700002b9b000,0x0000700002c9b000)]
  0x00007fc175c67800 JavaThread "http-nio-8080-ClientPoller-0" daemon [_thread_in_native, id=35399, stack(0x0000700002c9e000,0x0000700002d9e000)]
  0x00007fc173a80000 JavaThread "http-nio-8080-ClientPoller-1" daemon [_thread_in_native, id=41275, stack(0x0000700002da1000,0x0000700002ea1000)]
  0x00007fc173df7000 JavaThread "http-nio-8080-Acceptor-0" daemon [_thread_in_native, id=44095, stack(0x0000700002ea4000,0x0000700002fa4000)]
  0x00007fc17598d000 JavaThread "http-nio-8080-AsyncTimeout" daemon [_thread_blocked, id=33075, stack(0x0000700002fa7000,0x00007000030a7000)]
  0x00007fc1760a0000 JavaThread "RMI TCP Connection(5)-127.0.0.1" daemon [_thread_in_native, id=35147, stack(0x000070000175f000,0x000070000185f000)]

Other Threads:
  0x00007fc173891800 VMThread "VM Thread" [stack: 0x0000700000629000,0x0000700000729000] [id=15363]
  0x00007fc174242800 WatcherThread [stack: 0x0000700001456000,0x0000700001556000] [id=29187]
  0x00007fc173819000 GCTaskThread "GC Thread#0" [stack: 0x000070000011a000,0x000070000021a000] [id=12291]
  0x00007fc174031000 GCTaskThread "GC Thread#1" [stack: 0x000070000104a000,0x000070000114a000] [id=25091]
  0x00007fc173832000 ConcurrentGCThread "G1 Main Marker" [stack: 0x000070000021d000,0x000070000031d000] [id=12803]
=>0x00007fc173833000 ConcurrentGCThread "G1 Conc#0" [stack: 0x0000700000320000,0x0000700000420000] [id=13827]
  0x00007fc17385b800 ConcurrentGCThread "G1 Refine#0" [stack: 0x0000700000423000,0x0000700000523000] [id=14339]
  0x00007fc17385c800 ConcurrentGCThread "G1 Young RemSet Sampling" [stack: 0x0000700000526000,0x0000700000626000] [id=14851]

Threads with active compile tasks:

VM state:not at safepoint (normal execution)

VM Mutex/Monitor currently owned by a thread: None

OutOfMemory and StackOverflow Exception counts:
StackOverflowErrors=23
LinkageErrors=74

Heap address: 0x00000007c0000000, size: 1024 MB, Compressed Oops mode: Zero based, Oop shift amount: 3
Narrow klass base: 0x0000000800000000, Narrow klass shift: 0
Compressed class space size: 1073741824 Address: 0x0000000800000000

Heap:
 garbage-first heap   total 209920K, used 139513K [0x00000007c0000000, 0x0000000800000000)
  region size 1024K, 3 young (3072K), 1 survivors (1024K)
 Metaspace       used 92598K, capacity 95067K, committed 96000K, reserved 1134592K
  class space    used 10729K, capacity 11534K, committed 11776K, reserved 1048576K
Heap Regions: E=young(eden), S=young(survivor), O=old, HS=humongous(starts), HC=humongous(continues), CS=collection set, F=free, A=archive, TAMS=top-at-mark-start (previous, next)
|   0|0x00000007c0000000, 0x00000007c0100000, 0x00000007c0100000|100%|HS|  |TAMS 0x00000007c0100000, 0x00000007c0000000| Complete 
|   1|0x00000007c0100000, 0x00000007c01e5cc8, 0x00000007c0200000| 89%| O|  |TAMS 0x00000007c01e5cc8, 0x00000007c0100000| Updating 
|   2|0x00000007c0200000, 0x00000007c02e2e60, 0x00000007c0300000| 88%| O|  |TAMS 0x00000007c02e2e60, 0x00000007c0200000| Updating 
|   3|0x00000007c0300000, 0x00000007c0400000, 0x00000007c0400000|100%| O|  |TAMS 0x00000007c0400000, 0x00000007c0300000| Updating 
|   4|0x00000007c0400000, 0x00000007c04fffe8, 0x00000007c0500000| 99%| O|  |TAMS 0x00000007c04fffe8, 0x00000007c0400000| Updating 
|   5|0x00000007c0500000, 0x00000007c05ffff0, 0x00000007c0600000| 99%| O|  |TAMS 0x00000007c05ffff0, 0x00000007c0500000| Updating 
|   6|0x00000007c0600000, 0x00000007c06ffff0, 0x00000007c0700000| 99%| O|  |TAMS 0x00000007c06ffff0, 0x00000007c0600000| Updating 
|   7|0x00000007c0700000, 0x00000007c07fff88, 0x00000007c0800000| 99%| O|  |TAMS 0x00000007c07fff88, 0x00000007c0700000| Updating 
|   8|0x00000007c0800000, 0x00000007c08fffd0, 0x00000007c0900000| 99%| O|  |TAMS 0x00000007c08fffd0, 0x00000007c0800000| Updating 
|   9|0x00000007c0900000, 0x00000007c09ffff8, 0x00000007c0a00000| 99%| O|  |TAMS 0x00000007c09ffff8, 0x00000007c0900000| Updating 
|  10|0x00000007c0a00000, 0x00000007c0afffe8, 0x00000007c0b00000| 99%| O|  |TAMS 0x00000007c0afffe8, 0x00000007c0a00000| Updating 
|  11|0x00000007c0b00000, 0x00000007c0bffff0, 0x00000007c0c00000| 99%| O|  |TAMS 0x00000007c0bffff0, 0x00000007c0b00000| Updating 
|  12|0x00000007c0c00000, 0x00000007c0cffff0, 0x00000007c0d00000| 99%| O|  |TAMS 0x00000007c0cffff0, 0x00000007c0c00000| Updating 
|  13|0x00000007c0d00000, 0x00000007c0dffff0, 0x00000007c0e00000| 99%| O|  |TAMS 0x00000007c0dffff0, 0x00000007c0d00000| Updating 
|  14|0x00000007c0e00000, 0x00000007c0efffe8, 0x00000007c0f00000| 99%| O|  |TAMS 0x00000007c0efffe8, 0x00000007c0e00000| Updating 
|  15|0x00000007c0f00000, 0x00000007c0ffffb8, 0x00000007c1000000| 99%| O|  |TAMS 0x00000007c0ffffb8, 0x00000007c0f00000| Updating 
|  16|0x00000007c1000000, 0x00000007c10ffff8, 0x00000007c1100000| 99%| O|  |TAMS 0x00000007c10ffff8, 0x00000007c1000000| Updating 
|  17|0x00000007c1100000, 0x00000007c11ffed0, 0x00000007c1200000| 99%| O|  |TAMS 0x00000007c11ffed0, 0x00000007c1100000| Updating 
|  18|0x00000007c1200000, 0x00000007c12ffff0, 0x00000007c1300000| 99%| O|  |TAMS 0x00000007c12ffff0, 0x00000007c1200000| Updating 
|  19|0x00000007c1300000, 0x00000007c1400000, 0x00000007c1400000|100%| O|  |TAMS 0x00000007c1400000, 0x00000007c1300000| Updating 
|  20|0x00000007c1400000, 0x00000007c1500000, 0x00000007c1500000|100%| O|  |TAMS 0x00000007c1500000, 0x00000007c1400000| Updating 
|  21|0x00000007c1500000, 0x00000007c15fffe8, 0x00000007c1600000| 99%| O|  |TAMS 0x00000007c15fffe8, 0x00000007c1500000| Updating 
|  22|0x00000007c1600000, 0x00000007c16ffff8, 0x00000007c1700000| 99%| O|  |TAMS 0x00000007c16ffff8, 0x00000007c1600000| Updating 
|  23|0x00000007c1700000, 0x00000007c17ffff0, 0x00000007c1800000| 99%| O|  |TAMS 0x00000007c17ffff0, 0x00000007c1700000| Updating 
|  24|0x00000007c1800000, 0x00000007c18ffff8, 0x00000007c1900000| 99%| O|  |TAMS 0x00000007c18ffff8, 0x00000007c1800000| Updating 
|  25|0x00000007c1900000, 0x00000007c19ffff8, 0x00000007c1a00000| 99%| O|  |TAMS 0x00000007c19ffff8, 0x00000007c1900000| Updating 
|  26|0x00000007c1a00000, 0x00000007c1aff9f8, 0x00000007c1b00000| 99%| O|  |TAMS 0x00000007c1aff9f8, 0x00000007c1a00000| Updating 
|  27|0x00000007c1b00000, 0x00000007c1bffef0, 0x00000007c1c00000| 99%| O|  |TAMS 0x00000007c1bffef0, 0x00000007c1b00000| Updating 
|  28|0x00000007c1c00000, 0x00000007c1d00000, 0x00000007c1d00000|100%| O|  |TAMS 0x00000007c1d00000, 0x00000007c1c00000| Updating 
|  29|0x00000007c1d00000, 0x00000007c1dffff8, 0x00000007c1e00000| 99%| O|  |TAMS 0x00000007c1dffff8, 0x00000007c1d00000| Updating 
|  30|0x00000007c1e00000, 0x00000007c1effff8, 0x00000007c1f00000| 99%| O|  |TAMS 0x00000007c1effff8, 0x00000007c1e00000| Updating 
|  31|0x00000007c1f00000, 0x00000007c1ffffc0, 0x00000007c2000000| 99%| O|  |TAMS 0x00000007c1ffffc0, 0x00000007c1f00000| Updating 
|  32|0x00000007c2000000, 0x00000007c20ffff0, 0x00000007c2100000| 99%| O|  |TAMS 0x00000007c20ffff0, 0x00000007c2000000| Updating 
|  33|0x00000007c2100000, 0x00000007c2200000, 0x00000007c2200000|100%| O|  |TAMS 0x00000007c2200000, 0x00000007c2100000| Updating 
|  34|0x00000007c2200000, 0x00000007c2300000, 0x00000007c2300000|100%| O|  |TAMS 0x00000007c2300000, 0x00000007c2200000| Updating 
|  35|0x00000007c2300000, 0x00000007c23fffe8, 0x00000007c2400000| 99%| O|  |TAMS 0x00000007c23fffe8, 0x00000007c2300000| Updating 
|  36|0x00000007c2400000, 0x00000007c24ffff0, 0x00000007c2500000| 99%| O|  |TAMS 0x00000007c24ffff0, 0x00000007c2400000| Updating 
|  37|0x00000007c2500000, 0x00000007c25ffff8, 0x00000007c2600000| 99%| O|  |TAMS 0x00000007c25ffff8, 0x00000007c2500000| Updating 
|  38|0x00000007c2600000, 0x00000007c26fffe0, 0x00000007c2700000| 99%| O|  |TAMS 0x00000007c26fffe0, 0x00000007c2600000| Updating 
|  39|0x00000007c2700000, 0x00000007c27fffd0, 0x00000007c2800000| 99%| O|  |TAMS 0x00000007c27fffd0, 0x00000007c2700000| Updating 
|  40|0x00000007c2800000, 0x00000007c28fffb0, 0x00000007c2900000| 99%| O|  |TAMS 0x00000007c28fffb0, 0x00000007c2800000| Updating 
|  41|0x00000007c2900000, 0x00000007c2a00000, 0x00000007c2a00000|100%| O|  |TAMS 0x00000007c2a00000, 0x00000007c2900000| Updating 
|  42|0x00000007c2a00000, 0x00000007c2b00000, 0x00000007c2b00000|100%| O|  |TAMS 0x00000007c2b00000, 0x00000007c2a00000| Updating 
|  43|0x00000007c2b00000, 0x00000007c2c00000, 0x00000007c2c00000|100%| O|  |TAMS 0x00000007c2c00000, 0x00000007c2b00000| Updating 
|  44|0x00000007c2c00000, 0x00000007c2d00000, 0x00000007c2d00000|100%| O|  |TAMS 0x00000007c2d00000, 0x00000007c2c00000| Updating 
|  45|0x00000007c2d00000, 0x00000007c2e00000, 0x00000007c2e00000|100%| O|  |TAMS 0x00000007c2e00000, 0x00000007c2d00000| Updating 
|  46|0x00000007c2e00000, 0x00000007c2f00000, 0x00000007c2f00000|100%| O|  |TAMS 0x00000007c2f00000, 0x00000007c2e00000| Updating 
|  47|0x00000007c2f00000, 0x00000007c2ffffd8, 0x00000007c3000000| 99%| O|  |TAMS 0x00000007c2ffffd8, 0x00000007c2f00000| Updating 
|  48|0x00000007c3000000, 0x00000007c30fffb8, 0x00000007c3100000| 99%| O|  |TAMS 0x00000007c30fffb8, 0x00000007c3000000| Updating 
|  49|0x00000007c3100000, 0x00000007c31fffd0, 0x00000007c3200000| 99%| O|  |TAMS 0x00000007c31fffd0, 0x00000007c3100000| Updating 
|  50|0x00000007c3200000, 0x00000007c32fffd0, 0x00000007c3300000| 99%| O|  |TAMS 0x00000007c32fffd0, 0x00000007c3200000| Updating 
|  51|0x00000007c3300000, 0x00000007c33ffff8, 0x00000007c3400000| 99%| O|  |TAMS 0x00000007c33ffff8, 0x00000007c3300000| Updating 
|  52|0x00000007c3400000, 0x00000007c3500000, 0x00000007c3500000|100%| O|  |TAMS 0x00000007c3500000, 0x00000007c3400000| Updating 
|  53|0x00000007c3500000, 0x00000007c3600000, 0x00000007c3600000|100%| O|  |TAMS 0x00000007c3600000, 0x00000007c3500000| Updating 
|  54|0x00000007c3600000, 0x00000007c36fffe0, 0x00000007c3700000| 99%| O|  |TAMS 0x00000007c36fffe0, 0x00000007c3600000| Updating 
|  55|0x00000007c3700000, 0x00000007c37ffff8, 0x00000007c3800000| 99%| O|  |TAMS 0x00000007c37ffff8, 0x00000007c3700000| Updating 
|  56|0x00000007c3800000, 0x00000007c38fffb0, 0x00000007c3900000| 99%| O|  |TAMS 0x00000007c38fffb0, 0x00000007c3800000| Updating 
|  57|0x00000007c3900000, 0x00000007c39fffe8, 0x00000007c3a00000| 99%| O|  |TAMS 0x00000007c39fffe8, 0x00000007c3900000| Updating 
|  58|0x00000007c3a00000, 0x00000007c3afffd8, 0x00000007c3b00000| 99%| O|  |TAMS 0x00000007c3afffd8, 0x00000007c3a00000| Updating 
|  59|0x00000007c3b00000, 0x00000007c3bffff0, 0x00000007c3c00000| 99%| O|  |TAMS 0x00000007c3bffff0, 0x00000007c3b00000| Updating 
|  60|0x00000007c3c00000, 0x00000007c3cfffe0, 0x00000007c3d00000| 99%| O|  |TAMS 0x00000007c3cfffe0, 0x00000007c3c00000| Updating 
|  61|0x00000007c3d00000, 0x00000007c3e00000, 0x00000007c3e00000|100%| O|  |TAMS 0x00000007c3e00000, 0x00000007c3d00000| Updating 
|  62|0x00000007c3e00000, 0x00000007c3efffe8, 0x00000007c3f00000| 99%| O|  |TAMS 0x00000007c3efffe8, 0x00000007c3e00000| Updating 
|  63|0x00000007c3f00000, 0x00000007c3fffff8, 0x00000007c4000000| 99%| O|  |TAMS 0x00000007c3fffff8, 0x00000007c3f00000| Updating 
|  64|0x00000007c4000000, 0x00000007c40ffff8, 0x00000007c4100000| 99%| O|  |TAMS 0x00000007c40ffff8, 0x00000007c4000000| Updating 
|  65|0x00000007c4100000, 0x00000007c41ffff8, 0x00000007c4200000| 99%| O|  |TAMS 0x00000007c41ffff8, 0x00000007c4100000| Updating 
|  66|0x00000007c4200000, 0x00000007c42fffe8, 0x00000007c4300000| 99%| O|  |TAMS 0x00000007c42fffe8, 0x00000007c4200000| Updating 
|  67|0x00000007c4300000, 0x00000007c4400000, 0x00000007c4400000|100%| O|  |TAMS 0x00000007c4400000, 0x00000007c4300000| Updating 
|  68|0x00000007c4400000, 0x00000007c44fffb8, 0x00000007c4500000| 99%| O|  |TAMS 0x00000007c44fffb8, 0x00000007c4400000| Updating 
|  69|0x00000007c4500000, 0x00000007c45fffe8, 0x00000007c4600000| 99%| O|  |TAMS 0x00000007c45fffe8, 0x00000007c4500000| Updating 
|  70|0x00000007c4600000, 0x00000007c46ffff0, 0x00000007c4700000| 99%| O|  |TAMS 0x00000007c46ffff0, 0x00000007c4600000| Updating 
|  71|0x00000007c4700000, 0x00000007c47fffd8, 0x00000007c4800000| 99%| O|  |TAMS 0x00000007c47fffd8, 0x00000007c4700000| Updating 
|  72|0x00000007c4800000, 0x00000007c4900000, 0x00000007c4900000|100%| O|  |TAMS 0x00000007c4900000, 0x00000007c4800000| Updating 
|  73|0x00000007c4900000, 0x00000007c49ffa60, 0x00000007c4a00000| 99%| O|  |TAMS 0x00000007c49ffa60, 0x00000007c4900000| Updating 
|  74|0x00000007c4a00000, 0x00000007c4afffe8, 0x00000007c4b00000| 99%| O|  |TAMS 0x00000007c4afffe8, 0x00000007c4a00000| Updating 
|  75|0x00000007c4b00000, 0x00000007c4bfffe8, 0x00000007c4c00000| 99%| O|  |TAMS 0x00000007c4bfffe8, 0x00000007c4b00000| Updating 
|  76|0x00000007c4c00000, 0x00000007c4d00000, 0x00000007c4d00000|100%| O|  |TAMS 0x00000007c4d00000, 0x00000007c4c00000| Updating 
|  77|0x00000007c4d00000, 0x00000007c4dfffc0, 0x00000007c4e00000| 99%| O|  |TAMS 0x00000007c4dfffc0, 0x00000007c4d00000| Updating 
|  78|0x00000007c4e00000, 0x00000007c4effff0, 0x00000007c4f00000| 99%| O|  |TAMS 0x00000007c4effff0, 0x00000007c4e00000| Updating 
|  79|0x00000007c4f00000, 0x00000007c4fffff0, 0x00000007c5000000| 99%| O|  |TAMS 0x00000007c4fffff0, 0x00000007c4f00000| Updating 
|  80|0x00000007c5000000, 0x00000007c50ffc40, 0x00000007c5100000| 99%| O|  |TAMS 0x00000007c50ffc40, 0x00000007c5000000| Updating 
|  81|0x00000007c5100000, 0x00000007c51ffff8, 0x00000007c5200000| 99%| O|  |TAMS 0x00000007c51ffff8, 0x00000007c5100000| Updating 
|  82|0x00000007c5200000, 0x00000007c52fffd0, 0x00000007c5300000| 99%| O|  |TAMS 0x00000007c52fffd0, 0x00000007c5200000| Updating 
|  83|0x00000007c5300000, 0x00000007c5400000, 0x00000007c5400000|100%| O|  |TAMS 0x00000007c5400000, 0x00000007c5300000| Updating 
|  84|0x00000007c5400000, 0x00000007c5500000, 0x00000007c5500000|100%| O|  |TAMS 0x00000007c5500000, 0x00000007c5400000| Updating 
|  85|0x00000007c5500000, 0x00000007c55fffe8, 0x00000007c5600000| 99%| O|  |TAMS 0x00000007c55fffe8, 0x00000007c5500000| Updating 
|  86|0x00000007c5600000, 0x00000007c5700000, 0x00000007c5700000|100%| O|  |TAMS 0x00000007c5700000, 0x00000007c5600000| Updating 
|  87|0x00000007c5700000, 0x00000007c5800000, 0x00000007c5800000|100%| O|  |TAMS 0x00000007c5800000, 0x00000007c5700000| Updating 
|  88|0x00000007c5800000, 0x00000007c58fff88, 0x00000007c5900000| 99%| O|  |TAMS 0x00000007c58fff88, 0x00000007c5800000| Updating 
|  89|0x00000007c5900000, 0x00000007c5a00000, 0x00000007c5a00000|100%| O|  |TAMS 0x00000007c5a00000, 0x00000007c5900000| Updating 
|  90|0x00000007c5a00000, 0x00000007c5affff8, 0x00000007c5b00000| 99%| O|  |TAMS 0x00000007c5affff8, 0x00000007c5a00000| Updating 
|  91|0x00000007c5b00000, 0x00000007c5bfffe8, 0x00000007c5c00000| 99%| O|  |TAMS 0x00000007c5bfffe8, 0x00000007c5b00000| Updating 
|  92|0x00000007c5c00000, 0x00000007c5cffff8, 0x00000007c5d00000| 99%| O|  |TAMS 0x00000007c5cffff8, 0x00000007c5c00000| Updating 
|  93|0x00000007c5d00000, 0x00000007c5e00000, 0x00000007c5e00000|100%| O|  |TAMS 0x00000007c5e00000, 0x00000007c5d00000| Updating 
|  94|0x00000007c5e00000, 0x00000007c5effff8, 0x00000007c5f00000| 99%| O|  |TAMS 0x00000007c5effff8, 0x00000007c5e00000| Updating 
|  95|0x00000007c5f00000, 0x00000007c5fffff0, 0x00000007c6000000| 99%| O|  |TAMS 0x00000007c5fffff0, 0x00000007c5f00000| Updating 
|  96|0x00000007c6000000, 0x00000007c60ffff8, 0x00000007c6100000| 99%| O|  |TAMS 0x00000007c60ffff8, 0x00000007c6000000| Updating 
|  97|0x00000007c6100000, 0x00000007c61fffe8, 0x00000007c6200000| 99%| O|  |TAMS 0x00000007c61fffe8, 0x00000007c6100000| Updating 
|  98|0x00000007c6200000, 0x00000007c62fffe8, 0x00000007c6300000| 99%| O|  |TAMS 0x00000007c62fffe8, 0x00000007c6200000| Updating 
|  99|0x00000007c6300000, 0x00000007c63fffe8, 0x00000007c6400000| 99%| O|  |TAMS 0x00000007c63fffe8, 0x00000007c6300000| Updating 
| 100|0x00000007c6400000, 0x00000007c64fffd0, 0x00000007c6500000| 99%| O|  |TAMS 0x00000007c64fffd0, 0x00000007c6400000| Updating 
| 101|0x00000007c6500000, 0x00000007c65fffe8, 0x00000007c6600000| 99%| O|  |TAMS 0x00000007c65fffe8, 0x00000007c6500000| Updating 
| 102|0x00000007c6600000, 0x00000007c6700000, 0x00000007c6700000|100%| O|  |TAMS 0x00000007c6700000, 0x00000007c6600000| Updating 
| 103|0x00000007c6700000, 0x00000007c6800000, 0x00000007c6800000|100%| O|  |TAMS 0x00000007c6800000, 0x00000007c6700000| Updating 
| 104|0x00000007c6800000, 0x00000007c68ffff0, 0x00000007c6900000| 99%| O|  |TAMS 0x00000007c68ffff0, 0x00000007c6800000| Updating 
| 105|0x00000007c6900000, 0x00000007c69fffe0, 0x00000007c6a00000| 99%| O|  |TAMS 0x00000007c69fffe0, 0x00000007c6900000| Updating 
| 106|0x00000007c6a00000, 0x00000007c6afffe0, 0x00000007c6b00000| 99%| O|  |TAMS 0x00000007c6afffe0, 0x00000007c6a00000| Updating 
| 107|0x00000007c6b00000, 0x00000007c6c00000, 0x00000007c6c00000|100%| O|  |TAMS 0x00000007c6c00000, 0x00000007c6b00000| Updating 
| 108|0x00000007c6c00000, 0x00000007c6cfffe8, 0x00000007c6d00000| 99%| O|  |TAMS 0x00000007c6cfffe8, 0x00000007c6c00000| Updating 
| 109|0x00000007c6d00000, 0x00000007c6e00000, 0x00000007c6e00000|100%| O|  |TAMS 0x00000007c6e00000, 0x00000007c6d00000| Updating 
| 110|0x00000007c6e00000, 0x00000007c6f00000, 0x00000007c6f00000|100%| O|  |TAMS 0x00000007c6f00000, 0x00000007c6e00000| Updating 
| 111|0x00000007c6f00000, 0x00000007c6ffffe8, 0x00000007c7000000| 99%| O|  |TAMS 0x00000007c6ffffe8, 0x00000007c6f00000| Updating 
| 112|0x00000007c7000000, 0x00000007c70fff90, 0x00000007c7100000| 99%| O|  |TAMS 0x00000007c70fff90, 0x00000007c7000000| Updating 
| 113|0x00000007c7100000, 0x00000007c71ffff8, 0x00000007c7200000| 99%| O|  |TAMS 0x00000007c71ffff8, 0x00000007c7100000| Updating 
| 114|0x00000007c7200000, 0x00000007c7300000, 0x00000007c7300000|100%| O|  |TAMS 0x00000007c7300000, 0x00000007c7200000| Updating 
| 115|0x00000007c7300000, 0x00000007c73ffff0, 0x00000007c7400000| 99%| O|  |TAMS 0x00000007c73ffff0, 0x00000007c7300000| Updating 
| 116|0x00000007c7400000, 0x00000007c74fffc8, 0x00000007c7500000| 99%| O|  |TAMS 0x00000007c74fffc8, 0x00000007c7400000| Updating 
| 117|0x00000007c7500000, 0x00000007c75ffff0, 0x00000007c7600000| 99%| O|  |TAMS 0x00000007c75ffff0, 0x00000007c7500000| Updating 
| 118|0x00000007c7600000, 0x00000007c76ffff8, 0x00000007c7700000| 99%| O|  |TAMS 0x00000007c76ffff8, 0x00000007c7600000| Updating 
| 119|0x00000007c7700000, 0x00000007c77ffff0, 0x00000007c7800000| 99%| O|  |TAMS 0x00000007c77ffff0, 0x00000007c7700000| Updating 
| 120|0x00000007c7800000, 0x00000007c78fffe0, 0x00000007c7900000| 99%| O|  |TAMS 0x00000007c78fffe0, 0x00000007c7800000| Updating 
| 121|0x00000007c7900000, 0x00000007c79bc740, 0x00000007c7a00000| 73%| O|  |TAMS 0x00000007c79bc740, 0x00000007c7900000| Updating 
| 122|0x00000007c7a00000, 0x00000007c7acaf38, 0x00000007c7b00000| 79%| O|  |TAMS 0x00000007c7acaf38, 0x00000007c7a00000| Updating 
| 123|0x00000007c7b00000, 0x00000007c7c00000, 0x00000007c7c00000|100%| O|  |TAMS 0x00000007c7c00000, 0x00000007c7b00000| Updating 
| 124|0x00000007c7c00000, 0x00000007c7d00000, 0x00000007c7d00000|100%| O|  |TAMS 0x00000007c7d00000, 0x00000007c7c00000| Updating 
| 125|0x00000007c7d00000, 0x00000007c7e00000, 0x00000007c7e00000|100%| O|  |TAMS 0x00000007c7e00000, 0x00000007c7d00000| Updating 
| 126|0x00000007c7e00000, 0x00000007c7f00000, 0x00000007c7f00000|100%| O|  |TAMS 0x00000007c7f00000, 0x00000007c7e00000| Updating 
| 127|0x00000007c7f00000, 0x00000007c8000000, 0x00000007c8000000|100%| O|  |TAMS 0x00000007c8000000, 0x00000007c7f00000| Updating 
| 128|0x00000007c8000000, 0x00000007c8100000, 0x00000007c8100000|100%| O|  |TAMS 0x00000007c8100000, 0x00000007c8000000| Updating 
| 129|0x00000007c8100000, 0x00000007c8200000, 0x00000007c8200000|100%| O|  |TAMS 0x00000007c8200000, 0x00000007c8100000| Updating 
| 130|0x00000007c8200000, 0x00000007c8300000, 0x00000007c8300000|100%| O|  |TAMS 0x00000007c8300000, 0x00000007c8200000| Updating 
| 131|0x00000007c8300000, 0x00000007c8400000, 0x00000007c8400000|100%| O|  |TAMS 0x00000007c8400000, 0x00000007c8300000| Updating 
| 132|0x00000007c8400000, 0x00000007c8500000, 0x00000007c8500000|100%| O|  |TAMS 0x00000007c8500000, 0x00000007c8400000| Updating 
| 133|0x00000007c8500000, 0x00000007c8600000, 0x00000007c8600000|100%| O|  |TAMS 0x00000007c8600000, 0x00000007c8500000| Updating 
| 134|0x00000007c8600000, 0x00000007c8700000, 0x00000007c8700000|100%| O|  |TAMS 0x00000007c8700000, 0x00000007c8600000| Updating 
| 135|0x00000007c8700000, 0x00000007c8753400, 0x00000007c8800000| 32%| O|  |TAMS 0x00000007c8753400, 0x00000007c8700000| Updating 
| 136|0x00000007c8800000, 0x00000007c8800000, 0x00000007c8900000|  0%| F|  |TAMS 0x00000007c8800000, 0x00000007c8800000| Untracked 
| 137|0x00000007c8900000, 0x00000007c8900000, 0x00000007c8a00000|  0%| F|  |TAMS 0x00000007c8900000, 0x00000007c8900000| Untracked 
| 138|0x00000007c8a00000, 0x00000007c8a00000, 0x00000007c8b00000|  0%| F|  |TAMS 0x00000007c8a00000, 0x00000007c8a00000| Untracked 
| 139|0x00000007c8b00000, 0x00000007c8b00000, 0x00000007c8c00000|  0%| F|  |TAMS 0x00000007c8b00000, 0x00000007c8b00000| Untracked 
| 140|0x00000007c8c00000, 0x00000007c8c00000, 0x00000007c8d00000|  0%| F|  |TAMS 0x00000007c8c00000, 0x00000007c8c00000| Untracked 
| 141|0x00000007c8d00000, 0x00000007c8d00000, 0x00000007c8e00000|  0%| F|  |TAMS 0x00000007c8d00000, 0x00000007c8d00000| Untracked 
| 142|0x00000007c8e00000, 0x00000007c8e00000, 0x00000007c8f00000|  0%| F|  |TAMS 0x00000007c8e00000, 0x00000007c8e00000| Untracked 
| 143|0x00000007c8f00000, 0x00000007c8f00000, 0x00000007c9000000|  0%| F|  |TAMS 0x00000007c8f00000, 0x00000007c8f00000| Untracked 
| 144|0x00000007c9000000, 0x00000007c9000000, 0x00000007c9100000|  0%| F|  |TAMS 0x00000007c9000000, 0x00000007c9000000| Untracked 
| 145|0x00000007c9100000, 0x00000007c9100000, 0x00000007c9200000|  0%| F|  |TAMS 0x00000007c9100000, 0x00000007c9100000| Untracked 
| 146|0x00000007c9200000, 0x00000007c9200000, 0x00000007c9300000|  0%| F|  |TAMS 0x00000007c9200000, 0x00000007c9200000| Untracked 
| 147|0x00000007c9300000, 0x00000007c9300000, 0x00000007c9400000|  0%| F|  |TAMS 0x00000007c9300000, 0x00000007c9300000| Untracked 
| 148|0x00000007c9400000, 0x00000007c9400000, 0x00000007c9500000|  0%| F|  |TAMS 0x00000007c9400000, 0x00000007c9400000| Untracked 
| 149|0x00000007c9500000, 0x00000007c9500000, 0x00000007c9600000|  0%| F|  |TAMS 0x00000007c9500000, 0x00000007c9500000| Untracked 
| 150|0x00000007c9600000, 0x00000007c9600000, 0x00000007c9700000|  0%| F|  |TAMS 0x00000007c9600000, 0x00000007c9600000| Untracked 
| 151|0x00000007c9700000, 0x00000007c9700000, 0x00000007c9800000|  0%| F|  |TAMS 0x00000007c9700000, 0x00000007c9700000| Untracked 
| 152|0x00000007c9800000, 0x00000007c9800000, 0x00000007c9900000|  0%| F|  |TAMS 0x00000007c9800000, 0x00000007c9800000| Untracked 
| 153|0x00000007c9900000, 0x00000007c9900000, 0x00000007c9a00000|  0%| F|  |TAMS 0x00000007c9900000, 0x00000007c9900000| Untracked 
| 154|0x00000007c9a00000, 0x00000007c9a00000, 0x00000007c9b00000|  0%| F|  |TAMS 0x00000007c9a00000, 0x00000007c9a00000| Untracked 
| 155|0x00000007c9b00000, 0x00000007c9b00000, 0x00000007c9c00000|  0%| F|  |TAMS 0x00000007c9b00000, 0x00000007c9b00000| Untracked 
| 156|0x00000007c9c00000, 0x00000007c9c00000, 0x00000007c9d00000|  0%| F|  |TAMS 0x00000007c9c00000, 0x00000007c9c00000| Untracked 
| 157|0x00000007c9d00000, 0x00000007c9d00000, 0x00000007c9e00000|  0%| F|  |TAMS 0x00000007c9d00000, 0x00000007c9d00000| Untracked 
| 158|0x00000007c9e00000, 0x00000007c9e00000, 0x00000007c9f00000|  0%| F|  |TAMS 0x00000007c9e00000, 0x00000007c9e00000| Untracked 
| 159|0x00000007c9f00000, 0x00000007c9f00000, 0x00000007ca000000|  0%| F|  |TAMS 0x00000007c9f00000, 0x00000007c9f00000| Untracked 
| 160|0x00000007ca000000, 0x00000007ca000000, 0x00000007ca100000|  0%| F|  |TAMS 0x00000007ca000000, 0x00000007ca000000| Untracked 
| 161|0x00000007ca100000, 0x00000007ca19c980, 0x00000007ca200000| 61%| S|CS|TAMS 0x00000007ca100000, 0x00000007ca100000| Complete 
| 162|0x00000007ca200000, 0x00000007ca200000, 0x00000007ca300000|  0%| F|  |TAMS 0x00000007ca200000, 0x00000007ca200000| Untracked 
| 163|0x00000007ca300000, 0x00000007ca300000, 0x00000007ca400000|  0%| F|  |TAMS 0x00000007ca300000, 0x00000007ca300000| Untracked 
| 164|0x00000007ca400000, 0x00000007ca400000, 0x00000007ca500000|  0%| F|  |TAMS 0x00000007ca400000, 0x00000007ca400000| Untracked 
| 165|0x00000007ca500000, 0x00000007ca500000, 0x00000007ca600000|  0%| F|  |TAMS 0x00000007ca500000, 0x00000007ca500000| Untracked 
| 166|0x00000007ca600000, 0x00000007ca600000, 0x00000007ca700000|  0%| F|  |TAMS 0x00000007ca600000, 0x00000007ca600000| Untracked 
| 167|0x00000007ca700000, 0x00000007ca700000, 0x00000007ca800000|  0%| F|  |TAMS 0x00000007ca700000, 0x00000007ca700000| Untracked 
| 168|0x00000007ca800000, 0x00000007ca800000, 0x00000007ca900000|  0%| F|  |TAMS 0x00000007ca800000, 0x00000007ca800000| Untracked 
| 169|0x00000007ca900000, 0x00000007ca900000, 0x00000007caa00000|  0%| F|  |TAMS 0x00000007ca900000, 0x00000007ca900000| Untracked 
| 170|0x00000007caa00000, 0x00000007caa00000, 0x00000007cab00000|  0%| F|  |TAMS 0x00000007caa00000, 0x00000007caa00000| Untracked 
| 171|0x00000007cab00000, 0x00000007cab00000, 0x00000007cac00000|  0%| F|  |TAMS 0x00000007cab00000, 0x00000007cab00000| Untracked 
| 172|0x00000007cac00000, 0x00000007cac00000, 0x00000007cad00000|  0%| F|  |TAMS 0x00000007cac00000, 0x00000007cac00000| Untracked 
| 173|0x00000007cad00000, 0x00000007cad00000, 0x00000007cae00000|  0%| F|  |TAMS 0x00000007cad00000, 0x00000007cad00000| Untracked 
| 174|0x00000007cae00000, 0x00000007cae00000, 0x00000007caf00000|  0%| F|  |TAMS 0x00000007cae00000, 0x00000007cae00000| Untracked 
| 175|0x00000007caf00000, 0x00000007caf00000, 0x00000007cb000000|  0%| F|  |TAMS 0x00000007caf00000, 0x00000007caf00000| Untracked 
| 176|0x00000007cb000000, 0x00000007cb000000, 0x00000007cb100000|  0%| F|  |TAMS 0x00000007cb000000, 0x00000007cb000000| Untracked 
| 177|0x00000007cb100000, 0x00000007cb100000, 0x00000007cb200000|  0%| F|  |TAMS 0x00000007cb100000, 0x00000007cb100000| Untracked 
| 178|0x00000007cb200000, 0x00000007cb200000, 0x00000007cb300000|  0%| F|  |TAMS 0x00000007cb200000, 0x00000007cb200000| Untracked 
| 179|0x00000007cb300000, 0x00000007cb300000, 0x00000007cb400000|  0%| F|  |TAMS 0x00000007cb300000, 0x00000007cb300000| Untracked 
| 180|0x00000007cb400000, 0x00000007cb400000, 0x00000007cb500000|  0%| F|  |TAMS 0x00000007cb400000, 0x00000007cb400000| Untracked 
| 181|0x00000007cb500000, 0x00000007cb500000, 0x00000007cb600000|  0%| F|  |TAMS 0x00000007cb500000, 0x00000007cb500000| Untracked 
| 182|0x00000007cb600000, 0x00000007cb600000, 0x00000007cb700000|  0%| F|  |TAMS 0x00000007cb600000, 0x00000007cb600000| Untracked 
| 183|0x00000007cb700000, 0x00000007cb700000, 0x00000007cb800000|  0%| F|  |TAMS 0x00000007cb700000, 0x00000007cb700000| Untracked 
| 184|0x00000007cb800000, 0x00000007cb800000, 0x00000007cb900000|  0%| F|  |TAMS 0x00000007cb800000, 0x00000007cb800000| Untracked 
| 185|0x00000007cb900000, 0x00000007cb900000, 0x00000007cba00000|  0%| F|  |TAMS 0x00000007cb900000, 0x00000007cb900000| Untracked 
| 186|0x00000007cba00000, 0x00000007cba00000, 0x00000007cbb00000|  0%| F|  |TAMS 0x00000007cba00000, 0x00000007cba00000| Untracked 
| 187|0x00000007cbb00000, 0x00000007cbb00000, 0x00000007cbc00000|  0%| F|  |TAMS 0x00000007cbb00000, 0x00000007cbb00000| Untracked 
| 188|0x00000007cbc00000, 0x00000007cbc00000, 0x00000007cbd00000|  0%| F|  |TAMS 0x00000007cbc00000, 0x00000007cbc00000| Untracked 
| 189|0x00000007cbd00000, 0x00000007cbd00000, 0x00000007cbe00000|  0%| F|  |TAMS 0x00000007cbd00000, 0x00000007cbd00000| Untracked 
| 190|0x00000007cbe00000, 0x00000007cbe00000, 0x00000007cbf00000|  0%| F|  |TAMS 0x00000007cbe00000, 0x00000007cbe00000| Untracked 
| 191|0x00000007cbf00000, 0x00000007cbf00000, 0x00000007cc000000|  0%| F|  |TAMS 0x00000007cbf00000, 0x00000007cbf00000| Untracked 
| 192|0x00000007cc000000, 0x00000007cc000000, 0x00000007cc100000|  0%| F|  |TAMS 0x00000007cc000000, 0x00000007cc000000| Untracked 
| 193|0x00000007cc100000, 0x00000007cc100000, 0x00000007cc200000|  0%| F|  |TAMS 0x00000007cc100000, 0x00000007cc100000| Untracked 
| 194|0x00000007cc200000, 0x00000007cc200000, 0x00000007cc300000|  0%| F|  |TAMS 0x00000007cc200000, 0x00000007cc200000| Untracked 
| 195|0x00000007cc300000, 0x00000007cc300000, 0x00000007cc400000|  0%| F|  |TAMS 0x00000007cc300000, 0x00000007cc300000| Untracked 
| 196|0x00000007cc400000, 0x00000007cc400000, 0x00000007cc500000|  0%| F|  |TAMS 0x00000007cc400000, 0x00000007cc400000| Untracked 
| 197|0x00000007cc500000, 0x00000007cc500000, 0x00000007cc600000|  0%| F|  |TAMS 0x00000007cc500000, 0x00000007cc500000| Untracked 
| 198|0x00000007cc600000, 0x00000007cc600000, 0x00000007cc700000|  0%| F|  |TAMS 0x00000007cc600000, 0x00000007cc600000| Untracked 
| 199|0x00000007cc700000, 0x00000007cc700000, 0x00000007cc800000|  0%| F|  |TAMS 0x00000007cc700000, 0x00000007cc700000| Untracked 
| 200|0x00000007cc800000, 0x00000007cc800000, 0x00000007cc900000|  0%| F|  |TAMS 0x00000007cc800000, 0x00000007cc800000| Untracked 
| 201|0x00000007cc900000, 0x00000007cc900000, 0x00000007cca00000|  0%| F|  |TAMS 0x00000007cc900000, 0x00000007cc900000| Untracked 
| 202|0x00000007cca00000, 0x00000007cca00000, 0x00000007ccb00000|  0%| F|  |TAMS 0x00000007cca00000, 0x00000007cca00000| Untracked 
| 203|0x00000007ccb00000, 0x00000007ccb1c380, 0x00000007ccc00000| 11%| E|  |TAMS 0x00000007ccb00000, 0x00000007ccb00000| Complete 
| 204|0x00000007ccc00000, 0x00000007ccd00000, 0x00000007ccd00000|100%| E|CS|TAMS 0x00000007ccc00000, 0x00000007ccc00000| Complete 

Card table byte_map: [0x000000011cf43000,0x000000011d143000] _byte_map_base: 0x0000000119143000

Marking Bits (Prev, Next): (CMBitMap*) 0x00007fc17382d818, (CMBitMap*) 0x00007fc17382d850
 Prev Bits: [0x000000011d343000, 0x000000011e343000)
 Next Bits: [0x000000011e343000, 0x000000011f343000)

Polling page: 0x00000001051fe000

Metaspace:

Usage:
  Non-class:     81.58 MB capacity,    79.95 MB ( 98%) used,     1.37 MB (  2%) free+waste,   258.81 KB ( <1%) overhead. 
      Class:     11.26 MB capacity,    10.48 MB ( 93%) used,   695.07 KB (  6%) free+waste,   109.00 KB ( <1%) overhead. 
       Both:     92.84 MB capacity,    90.43 MB ( 97%) used,     2.05 MB (  2%) free+waste,   367.81 KB ( <1%) overhead. 

Virtual space:
  Non-class space:       84.00 MB reserved,      82.25 MB ( 98%) committed 
      Class space:        1.00 GB reserved,      11.50 MB (  1%) committed 
             Both:        1.08 GB reserved,      93.75 MB (  8%) committed 

Chunk freelists:
   Non-Class:  76.88 KB
       Class:  18.25 KB
        Both:  95.12 KB

CodeHeap 'non-profiled nmethods': size=120036Kb used=9735Kb max_used=9735Kb free=110300Kb
 bounds [0x0000000115427000, 0x0000000115db7000, 0x000000011c960000]
CodeHeap 'profiled nmethods': size=120032Kb used=27050Kb max_used=27050Kb free=92981Kb
 bounds [0x000000010deef000, 0x000000010f98f000, 0x0000000115427000]
CodeHeap 'non-nmethods': size=5692Kb used=1255Kb max_used=1305Kb free=4436Kb
 bounds [0x000000010d960000, 0x000000010dbd0000, 0x000000010deef000]
 total_blobs=21160 nmethods=13750 adapters=558
 compilation: enabled
              stopped_count=0, restarted_count=0
 full_count=0

Compilation events (10 events):
Event: 4969.033 Thread 0x00007fc174046000 17556       3       java.nio.charset.CharsetEncoder::<init> (105 bytes)
Event: 4969.043 Thread 0x00007fc174046000 nmethod 17556 0x000000010f97fb90 code [0x000000010f97fdc0, 0x000000010f980538]
Event: 4988.244 Thread 0x00007fc174046000 17557 % !   3       sun.rmi.transport.tcp.TCPTransport::handleMessages @ 23 (300 bytes)
Event: 4988.327 Thread 0x00007fc174046000 nmethod 17557% 0x000000010f980710 code [0x000000010f980d40, 0x000000010f985928]
Event: 5099.767 Thread 0x00007fc174046000 17558   !   3       sun.rmi.transport.tcp.TCPTransport::handleMessages (300 bytes)
Event: 5099.810 Thread 0x00007fc174046000 nmethod 17558 0x000000010f987a10 code [0x000000010f988040, 0x000000010f98c028]
Event: 5196.523 Thread 0x00007fc174045800 17559       4       java.util.concurrent.locks.ReentrantLock::unlock (10 bytes)
Event: 5196.528 Thread 0x00007fc174045800 nmethod 17559 0x0000000115daac90 code [0x0000000115daae60, 0x0000000115dab148]
Event: 5266.141 Thread 0x00007fc174045800 17560       4       java.util.Collections$SetFromMap::iterator (10 bytes)
Event: 5266.171 Thread 0x00007fc174045800 nmethod 17560 0x0000000115dab290 code [0x0000000115dab440, 0x0000000115dab918]

GC Heap History (10 events):
Event: 4722.043 GC heap before
{Heap before GC invocations=216 (full 12):
 garbage-first heap   total 209920K, used 183101K [0x00000007c0000000, 0x0000000800000000)
  region size 1024K, 48 young (49152K), 3 survivors (3072K)
 Metaspace       used 92602K, capacity 95085K, committed 96000K, reserved 1134592K
  class space    used 10731K, capacity 11537K, committed 11776K, reserved 1048576K
}
Event: 4722.175 GC heap after
{Heap after GC invocations=217 (full 12):
 garbage-first heap   total 209920K, used 138432K [0x00000007c0000000, 0x0000000800000000)
  region size 1024K, 2 young (2048K), 2 survivors (2048K)
 Metaspace       used 92602K, capacity 95085K, committed 96000K, reserved 1134592K
  class space    used 10731K, capacity 11537K, committed 11776K, reserved 1048576K
}
Event: 4860.119 GC heap before
{Heap before GC invocations=218 (full 12):
 garbage-first heap   total 209920K, used 182464K [0x00000007c0000000, 0x0000000800000000)
  region size 1024K, 46 young (47104K), 2 survivors (2048K)
 Metaspace       used 92605K, capacity 95085K, committed 96000K, reserved 1134592K
  class space    used 10731K, capacity 11537K, committed 11776K, reserved 1048576K
}
Event: 4860.205 GC heap after
{Heap after GC invocations=219 (full 12):
 garbage-first heap   total 209920K, used 138447K [0x00000007c0000000, 0x0000000800000000)
  region size 1024K, 1 young (1024K), 1 survivors (1024K)
 Metaspace       used 92605K, capacity 95085K, committed 96000K, reserved 1134592K
  class space    used 10731K, capacity 11537K, committed 11776K, reserved 1048576K
}
Event: 4996.324 GC heap before
{Heap before GC invocations=219 (full 12):
 garbage-first heap   total 209920K, used 183503K [0x00000007c0000000, 0x0000000800000000)
  region size 1024K, 45 young (46080K), 1 survivors (1024K)
 Metaspace       used 92609K, capacity 95085K, committed 96000K, reserved 1134592K
  class space    used 10731K, capacity 11537K, committed 11776K, reserved 1048576K
}
Event: 4997.001 GC heap after
{Heap after GC invocations=220 (full 12):
 garbage-first heap   total 209920K, used 138467K [0x00000007c0000000, 0x0000000800000000)
  region size 1024K, 1 young (1024K), 1 survivors (1024K)
 Metaspace       used 92609K, capacity 95085K, committed 96000K, reserved 1134592K
  class space    used 10731K, capacity 11537K, committed 11776K, reserved 1048576K
}
Event: 5155.133 GC heap before
{Heap before GC invocations=221 (full 12):
 garbage-first heap   total 209920K, used 183523K [0x00000007c0000000, 0x0000000800000000)
  region size 1024K, 45 young (46080K), 1 survivors (1024K)
 Metaspace       used 92598K, capacity 95067K, committed 96000K, reserved 1134592K
  class space    used 10729K, capacity 11534K, committed 11776K, reserved 1048576K
}
Event: 5155.194 GC heap after
{Heap after GC invocations=222 (full 12):
 garbage-first heap   total 209920K, used 138520K [0x00000007c0000000, 0x0000000800000000)
  region size 1024K, 1 young (1024K), 1 survivors (1024K)
 Metaspace       used 92598K, capacity 95067K, committed 96000K, reserved 1134592K
  class space    used 10729K, capacity 11534K, committed 11776K, reserved 1048576K
}
Event: 5286.885 GC heap before
{Heap before GC invocations=222 (full 12):
 garbage-first heap   total 209920K, used 182552K [0x00000007c0000000, 0x0000000800000000)
  region size 1024K, 44 young (45056K), 1 survivors (1024K)
 Metaspace       used 92598K, capacity 95067K, committed 96000K, reserved 1134592K
  class space    used 10729K, capacity 11534K, committed 11776K, reserved 1048576K
}
Event: 5286.920 GC heap after
{Heap after GC invocations=223 (full 12):
 garbage-first heap   total 209920K, used 138489K [0x00000007c0000000, 0x0000000800000000)
  region size 1024K, 1 young (1024K), 1 survivors (1024K)
 Metaspace       used 92598K, capacity 95067K, committed 96000K, reserved 1134592K
  class space    used 10729K, capacity 11534K, committed 11776K, reserved 1048576K
}

Deoptimization events (10 events):
Event: 2866.903 Thread 0x00007fc17608a000 Uncommon trap: reason=unstable_if action=reinterpret pc=0x0000000115a63158 method=org.apache.commons.logging.LogAdapter$Log4jLog.log(Lorg/apache/logging/log4j/Level;Ljava/lang/Object;Ljava/lang/Throwable;)V @ 8 c2
Event: 2892.007 Thread 0x00007fc173bc8800 Uncommon trap: reason=unstable_if action=reinterpret pc=0x000000011569130c method=java.lang.ref.SoftReference.get()Ljava/lang/Object; @ 6 c2
Event: 2902.575 Thread 0x00007fc173ae1800 Uncommon trap: reason=class_check action=maybe_recompile pc=0x00000001159c85ac method=org.springframework.core.io.AbstractFileResolvingResource.isReadable()Z @ 1 c2
Event: 2902.575 Thread 0x00007fc173ae1800 Uncommon trap: reason=null_check action=make_not_entrant pc=0x0000000115992b70 method=jdk.internal.loader.BuiltinClassLoader.findMiscResource(Ljava/lang/String;)Ljava/util/List; @ 55 c2
Event: 2902.577 Thread 0x00007fc173ae1800 Uncommon trap: reason=class_check action=maybe_recompile pc=0x00000001159c85ac method=org.springframework.core.io.AbstractFileResolvingResource.isReadable()Z @ 1 c2
Event: 2902.578 Thread 0x00007fc173ae1800 Uncommon trap: reason=class_check action=maybe_recompile pc=0x00000001159c85ac method=org.springframework.core.io.AbstractFileResolvingResource.isReadable()Z @ 1 c2
Event: 2902.579 Thread 0x00007fc173ae1800 Uncommon trap: reason=class_check action=maybe_recompile pc=0x00000001159c85ac method=org.springframework.core.io.AbstractFileResolvingResource.isReadable()Z @ 1 c2
Event: 2955.860 Thread 0x00007fc1739eb800 Uncommon trap: reason=unstable_if action=reinterpret pc=0x00000001154b1014 method=com.mysql.cj.protocol.a.NativePacketPayload.readInteger(Lcom/mysql/cj/protocol/a/NativeConstants$IntegerDataType;)J @ 582 c2
Event: 2966.465 Thread 0x00007fc1739da000 Uncommon trap: reason=unstable_if action=reinterpret pc=0x0000000115853c70 method=java.lang.ref.SoftReference.get()Ljava/lang/Object; @ 6 c2
Event: 3009.036 Thread 0x00007fc17608a000 Uncommon trap: reason=unstable_if action=reinterpret pc=0x0000000115cf0c14 method=org.springframework.core.annotation.SynthesizedAnnotationInvocationHandler.invoke(Ljava/lang/Object;Ljava/lang/reflect/Method;[Ljava/lang/Object;)Ljava/lang/Object; @ 22 c2

Classes redefined (0 events):
No events

Internal exceptions (10 events):
Event: 5286.939 Thread 0x00007fc1760a0000 Exception <a 'java/security/PrivilegedActionException'{0x00000007ccc383b0}> (0x00000007ccc383b0) thrown at [/scratch/mesos/slaves/07fc96ef-bf4d-487f-b22f-a84e49f5f44a-S27799/frameworks/1735e8a2-a1db-478c-8104-60c8b0af87dd-0196/executors/23259148-f5c6-492a
Event: 5286.941 Thread 0x00007fc1760a0000 Exception <a 'java/security/PrivilegedActionException'{0x00000007ccc43f50}> (0x00000007ccc43f50) thrown at [/scratch/mesos/slaves/07fc96ef-bf4d-487f-b22f-a84e49f5f44a-S27799/frameworks/1735e8a2-a1db-478c-8104-60c8b0af87dd-0196/executors/23259148-f5c6-492a
Event: 5286.949 Thread 0x00007fc1760a0000 Exception <a 'java/security/PrivilegedActionException'{0x00000007ccc511b8}> (0x00000007ccc511b8) thrown at [/scratch/mesos/slaves/07fc96ef-bf4d-487f-b22f-a84e49f5f44a-S27799/frameworks/1735e8a2-a1db-478c-8104-60c8b0af87dd-0196/executors/23259148-f5c6-492a
Event: 5286.960 Thread 0x00007fc1760a0000 Exception <a 'java/security/PrivilegedActionException'{0x00000007ccc5cd68}> (0x00000007ccc5cd68) thrown at [/scratch/mesos/slaves/07fc96ef-bf4d-487f-b22f-a84e49f5f44a-S27799/frameworks/1735e8a2-a1db-478c-8104-60c8b0af87dd-0196/executors/23259148-f5c6-492a
Event: 5286.963 Thread 0x00007fc1760a0000 Exception <a 'java/security/PrivilegedActionException'{0x00000007ccc68928}> (0x00000007ccc68928) thrown at [/scratch/mesos/slaves/07fc96ef-bf4d-487f-b22f-a84e49f5f44a-S27799/frameworks/1735e8a2-a1db-478c-8104-60c8b0af87dd-0196/executors/23259148-f5c6-492a
Event: 5286.965 Thread 0x00007fc1760a0000 Exception <a 'java/security/PrivilegedActionException'{0x00000007ccc74480}> (0x00000007ccc74480) thrown at [/scratch/mesos/slaves/07fc96ef-bf4d-487f-b22f-a84e49f5f44a-S27799/frameworks/1735e8a2-a1db-478c-8104-60c8b0af87dd-0196/executors/23259148-f5c6-492a
Event: 5286.967 Thread 0x00007fc1760a0000 Exception <a 'java/security/PrivilegedActionException'{0x00000007ccc7ff20}> (0x00000007ccc7ff20) thrown at [/scratch/mesos/slaves/07fc96ef-bf4d-487f-b22f-a84e49f5f44a-S27799/frameworks/1735e8a2-a1db-478c-8104-60c8b0af87dd-0196/executors/23259148-f5c6-492a
Event: 5286.969 Thread 0x00007fc1760a0000 Exception <a 'java/security/PrivilegedActionException'{0x00000007ccc8c728}> (0x00000007ccc8c728) thrown at [/scratch/mesos/slaves/07fc96ef-bf4d-487f-b22f-a84e49f5f44a-S27799/frameworks/1735e8a2-a1db-478c-8104-60c8b0af87dd-0196/executors/23259148-f5c6-492a
Event: 5286.974 Thread 0x00007fc1760a0000 Exception <a 'java/security/PrivilegedActionException'{0x00000007ccc982e8}> (0x00000007ccc982e8) thrown at [/scratch/mesos/slaves/07fc96ef-bf4d-487f-b22f-a84e49f5f44a-S27799/frameworks/1735e8a2-a1db-478c-8104-60c8b0af87dd-0196/executors/23259148-f5c6-492a
Event: 5286.986 Thread 0x00007fc1760a0000 Exception <a 'java/security/PrivilegedActionException'{0x00000007ccca3e38}> (0x00000007ccca3e38) thrown at [/scratch/mesos/slaves/07fc96ef-bf4d-487f-b22f-a84e49f5f44a-S27799/frameworks/1735e8a2-a1db-478c-8104-60c8b0af87dd-0196/executors/23259148-f5c6-492a

Events (10 events):
Event: 4998.311 Executing VM operation: CGC_Operation
Event: 4999.271 Executing VM operation: CGC_Operation done
Event: 5000.545 Executing VM operation: CGC_Operation
Event: 5000.558 Executing VM operation: CGC_Operation done
Event: 5155.132 Executing VM operation: G1CollectForAllocation
Event: 5155.194 Executing VM operation: G1CollectForAllocation done
Event: 5286.884 Executing VM operation: G1CollectForAllocation
Event: 5286.920 Executing VM operation: G1CollectForAllocation done
Event: 5287.946 Executing VM operation: CGC_Operation
Event: 5288.157 Executing VM operation: CGC_Operation done


Dynamic libraries:
0x00007fff904ee000 	/System/Library/Frameworks/Cocoa.framework/Versions/A/Cocoa
0x00007fff95aad000 	/System/Library/Frameworks/Security.framework/Versions/A/Security
0x00007fff8d2d1000 	/System/Library/Frameworks/ApplicationServices.framework/Versions/A/ApplicationServices
0x00007fff9d35e000 	/usr/lib/libz.1.dylib
0x00007fff93ee3000 	/usr/lib/libSystem.B.dylib
0x00007fff8ead5000 	/System/Library/Frameworks/CoreFoundation.framework/Versions/A/CoreFoundation
0x00007fff904ef000 	/System/Library/Frameworks/Foundation.framework/Versions/C/Foundation
0x00007fff9f041000 	/usr/lib/libobjc.A.dylib
0x00007fff940ce000 	/System/Library/Frameworks/AppKit.framework/Versions/C/AppKit
0x00007fff93ba9000 	/System/Library/Frameworks/CoreData.framework/Versions/A/CoreData
0x00007fff8e8ae000 	/System/Library/PrivateFrameworks/RemoteViewServices.framework/Versions/A/RemoteViewServices
0x00007fff8e72f000 	/System/Library/PrivateFrameworks/UIFoundation.framework/Versions/A/UIFoundation
0x00007fff933a1000 	/usr/lib/libScreenReader.dylib
0x00007fff93efe000 	/System/Library/Frameworks/Accelerate.framework/Versions/A/Accelerate
0x00007fff8d9e7000 	/System/Library/Frameworks/IOSurface.framework/Versions/A/IOSurface
0x00007fff9653b000 	/System/Library/Frameworks/AudioToolbox.framework/Versions/A/AudioToolbox
0x00007fff8e456000 	/System/Library/Frameworks/AudioUnit.framework/Versions/A/AudioUnit
0x00007fff9d472000 	/System/Library/PrivateFrameworks/DataDetectorsCore.framework/Versions/A/DataDetectorsCore
0x00007fff8aeb8000 	/System/Library/PrivateFrameworks/DesktopServicesPriv.framework/Versions/A/DesktopServicesPriv
0x00007fff9ad77000 	/System/Library/Frameworks/Carbon.framework/Versions/A/Frameworks/HIToolbox.framework/Versions/A/HIToolbox
0x00007fff957d6000 	/System/Library/Frameworks/QuartzCore.framework/Versions/A/QuartzCore
0x00007fff8b3fd000 	/System/Library/Frameworks/Carbon.framework/Versions/A/Frameworks/SpeechRecognition.framework/Versions/A/SpeechRecognition
0x00007fff9fd4f000 	/usr/lib/libauto.dylib
0x00007fff8cfae000 	/usr/lib/libicucore.A.dylib
0x00007fff9374b000 	/usr/lib/libxml2.2.dylib
0x00007fff97778000 	/System/Library/PrivateFrameworks/CoreUI.framework/Versions/A/CoreUI
0x00007fff8b195000 	/System/Library/Frameworks/CoreAudio.framework/Versions/A/CoreAudio
0x00007fff97388000 	/System/Library/Frameworks/DiskArbitration.framework/Versions/A/DiskArbitration
0x00007fff990a6000 	/usr/lib/liblangid.dylib
0x00007fff9d406000 	/System/Library/PrivateFrameworks/MultitouchSupport.framework/Versions/A/MultitouchSupport
0x00007fff98776000 	/System/Library/Frameworks/IOKit.framework/Versions/A/IOKit
0x00007fff8b3fb000 	/usr/lib/libDiagnosticMessagesClient.dylib
0x00007fff9dbfd000 	/System/Library/Frameworks/CoreServices.framework/Versions/A/CoreServices
0x00007fff8a44d000 	/System/Library/PrivateFrameworks/PerformanceAnalysis.framework/Versions/A/PerformanceAnalysis
0x00007fff9e0c3000 	/System/Library/PrivateFrameworks/GenerationalStorage.framework/Versions/A/GenerationalStorage
0x00007fff9fb33000 	/System/Library/Frameworks/OpenGL.framework/Versions/A/OpenGL
0x00007fff8fd67000 	/System/Library/PrivateFrameworks/Sharing.framework/Versions/A/Sharing
0x00007fff918a6000 	/System/Library/Frameworks/CoreGraphics.framework/Versions/A/CoreGraphics
0x00007fff9f3b9000 	/System/Library/Frameworks/CoreImage.framework/Versions/A/CoreImage
0x00007fff97241000 	/System/Library/Frameworks/CoreText.framework/Versions/A/CoreText
0x00007fff90099000 	/System/Library/Frameworks/ImageIO.framework/Versions/A/ImageIO
0x00007fffa01fb000 	/System/Library/PrivateFrameworks/Backup.framework/Versions/A/Backup
0x00007fff9efe0000 	/usr/lib/libextension.dylib
0x00007fff8b41c000 	/usr/lib/libarchive.2.dylib
0x00007fff8ca50000 	/System/Library/Frameworks/CFNetwork.framework/Versions/A/CFNetwork
0x00007fff93e77000 	/System/Library/Frameworks/SystemConfiguration.framework/Versions/A/SystemConfiguration
0x00007fff8ccd8000 	/usr/lib/libCRFSuite.dylib
0x00007fff8e977000 	/usr/lib/libc++.1.dylib
0x00007fff96772000 	/usr/lib/libc++abi.dylib
0x00007fff9646b000 	/usr/lib/system/libcache.dylib
0x00007fff9607e000 	/usr/lib/system/libcommonCrypto.dylib
0x00007fff9e1d3000 	/usr/lib/system/libcompiler_rt.dylib
0x00007fff96411000 	/usr/lib/system/libcopyfile.dylib
0x00007fff9037b000 	/usr/lib/system/libcorecrypto.dylib
0x00007fff8bd2f000 	/usr/lib/system/libdispatch.dylib
0x00007fff93a28000 	/usr/lib/system/libdyld.dylib
0x00007fff8f963000 	/usr/lib/system/libkeymgr.dylib
0x00007fff9e1db000 	/usr/lib/system/liblaunch.dylib
0x00007fff8a34b000 	/usr/lib/system/libmacho.dylib
0x00007fff933bf000 	/usr/lib/system/libquarantine.dylib
0x00007fff8b10e000 	/usr/lib/system/libremovefile.dylib
0x00007fff90851000 	/usr/lib/system/libsystem_asl.dylib
0x00007fff8a2ef000 	/usr/lib/system/libsystem_blocks.dylib
0x00007fff8dcff000 	/usr/lib/system/libsystem_c.dylib
0x00007fff8bd29000 	/usr/lib/system/libsystem_configuration.dylib
0x00007fff8c9b5000 	/usr/lib/system/libsystem_coreservices.dylib
0x00007fff8c25a000 	/usr/lib/system/libsystem_coretls.dylib
0x00007fff8e460000 	/usr/lib/system/libsystem_dnssd.dylib
0x00007fff90a15000 	/usr/lib/system/libsystem_info.dylib
0x00007fff93f1f000 	/usr/lib/system/libsystem_kernel.dylib
0x00007fff93991000 	/usr/lib/system/libsystem_m.dylib
0x00007fff9f5db000 	/usr/lib/system/libsystem_malloc.dylib
0x00007fff939c1000 	/usr/lib/system/libsystem_network.dylib
0x00007fff95626000 	/usr/lib/system/libsystem_networkextension.dylib
0x00007fff9be40000 	/usr/lib/system/libsystem_notify.dylib
0x00007fff9f5f8000 	/usr/lib/system/libsystem_platform.dylib
0x00007fff9db32000 	/usr/lib/system/libsystem_pthread.dylib
0x00007fff903f3000 	/usr/lib/system/libsystem_sandbox.dylib
0x00007fff8b116000 	/usr/lib/system/libsystem_secinit.dylib
0x00007fff9606c000 	/usr/lib/system/libsystem_trace.dylib
0x00007fff92cee000 	/usr/lib/system/libunc.dylib
0x00007fff8d2d2000 	/usr/lib/system/libunwind.dylib
0x00007fff8ae70000 	/usr/lib/system/libxpc.dylib
0x00007fff97777000 	/usr/lib/libenergytrace.dylib
0x00007fff97377000 	/usr/lib/libbsm.0.dylib
0x00007fff8bdaa000 	/usr/lib/system/libkxld.dylib
0x00007fff8b3da000 	/usr/lib/libxar.1.dylib
0x00007fff93a8b000 	/usr/lib/libsqlite3.dylib
0x00007fff8ae9a000 	/usr/lib/libpam.2.dylib
0x00007fff8ae6f000 	/usr/lib/libOpenScriptingUtil.dylib
0x00007fff8b3ec000 	/usr/lib/libbz2.1.0.dylib
0x00007fff963f6000 	/usr/lib/liblzma.5.dylib
0x00007fff964c3000 	/System/Library/Frameworks/CoreServices.framework/Versions/A/Frameworks/FSEvents.framework/Versions/A/FSEvents
0x00007fff8fd8a000 	/System/Library/Frameworks/CoreServices.framework/Versions/A/Frameworks/CarbonCore.framework/Versions/A/CarbonCore
0x00007fff9b8ed000 	/System/Library/Frameworks/CoreServices.framework/Versions/A/Frameworks/Metadata.framework/Versions/A/Metadata
0x00007fff97677000 	/System/Library/Frameworks/CoreServices.framework/Versions/A/Frameworks/OSServices.framework/Versions/A/OSServices
0x00007fff9567b000 	/System/Library/Frameworks/CoreServices.framework/Versions/A/Frameworks/SearchKit.framework/Versions/A/SearchKit
0x00007fff912f6000 	/System/Library/Frameworks/CoreServices.framework/Versions/A/Frameworks/AE.framework/Versions/A/AE
0x00007fff8ad15000 	/System/Library/Frameworks/CoreServices.framework/Versions/A/Frameworks/LaunchServices.framework/Versions/A/LaunchServices
0x00007fff986c5000 	/System/Library/Frameworks/CoreServices.framework/Versions/A/Frameworks/DictionaryServices.framework/Versions/A/DictionaryServices
0x00007fff8e9cb000 	/System/Library/Frameworks/CoreServices.framework/Versions/A/Frameworks/SharedFileList.framework/Versions/A/SharedFileList
0x00007fff912ed000 	/System/Library/Frameworks/NetFS.framework/Versions/A/NetFS
0x00007fff93f3e000 	/System/Library/PrivateFrameworks/NetAuth.framework/Versions/A/NetAuth
0x00007fff8c045000 	/System/Library/PrivateFrameworks/login.framework/Versions/A/Frameworks/loginsupport.framework/Versions/A/loginsupport
0x00007fff990a8000 	/System/Library/PrivateFrameworks/TCC.framework/Versions/A/TCC
0x00007fff8f964000 	/usr/lib/libmecabra.dylib
0x00007fff8bdb6000 	/System/Library/Frameworks/ApplicationServices.framework/Versions/A/Frameworks/ATS.framework/Versions/A/ATS
0x00007fff9bbe6000 	/System/Library/Frameworks/ApplicationServices.framework/Versions/A/Frameworks/ColorSync.framework/Versions/A/ColorSync
0x00007fff8a2fe000 	/System/Library/Frameworks/ApplicationServices.framework/Versions/A/Frameworks/HIServices.framework/Versions/A/HIServices
0x00007fff8db86000 	/System/Library/Frameworks/ApplicationServices.framework/Versions/A/Frameworks/LangAnalysis.framework/Versions/A/LangAnalysis
0x00007fff962fb000 	/System/Library/Frameworks/ApplicationServices.framework/Versions/A/Frameworks/PrintCore.framework/Versions/A/PrintCore
0x00007fff8ca11000 	/System/Library/Frameworks/ApplicationServices.framework/Versions/A/Frameworks/QD.framework/Versions/A/QD
0x00007fff98769000 	/System/Library/Frameworks/ApplicationServices.framework/Versions/A/Frameworks/SpeechSynthesis.framework/Versions/A/SpeechSynthesis
0x00007fffa01a9000 	/System/Library/Frameworks/Metal.framework/Versions/A/Metal
0x00007fff98206000 	/System/Library/Frameworks/Accelerate.framework/Versions/A/Frameworks/vImage.framework/Versions/A/vImage
0x00007fff8a351000 	/System/Library/Frameworks/Accelerate.framework/Versions/A/Frameworks/vecLib.framework/Versions/A/vecLib
0x00007fff8d854000 	/System/Library/Frameworks/Accelerate.framework/Versions/A/Frameworks/vecLib.framework/Versions/A/libvDSP.dylib
0x00007fff95e6f000 	/System/Library/Frameworks/Accelerate.framework/Versions/A/Frameworks/vecLib.framework/Versions/A/libvMisc.dylib
0x00007fff993b8000 	/System/Library/Frameworks/Accelerate.framework/Versions/A/Frameworks/vecLib.framework/Versions/A/libLAPACK.dylib
0x00007fff991aa000 	/System/Library/Frameworks/Accelerate.framework/Versions/A/Frameworks/vecLib.framework/Versions/A/libBLAS.dylib
0x00007fff8b216000 	/System/Library/Frameworks/Accelerate.framework/Versions/A/Frameworks/vecLib.framework/Versions/A/libLinearAlgebra.dylib
0x00007fff9917b000 	/System/Library/Frameworks/Accelerate.framework/Versions/A/Frameworks/vecLib.framework/Versions/A/libSparseBLAS.dylib
0x00007fff97199000 	/System/Library/PrivateFrameworks/GPUCompiler.framework/libmetal_timestamp.dylib
0x00007fff8ca4c000 	/System/Library/Frameworks/OpenGL.framework/Versions/A/Libraries/libCoreFSCache.dylib
0x00007fff97370000 	/System/Library/PrivateFrameworks/IOAccelerator.framework/Versions/A/IOAccelerator
0x00007fff97ed9000 	/System/Library/Frameworks/ApplicationServices.framework/Versions/A/Frameworks/ATS.framework/Versions/A/Resources/libFontParser.dylib
0x00007fff9d62c000 	/System/Library/Frameworks/ApplicationServices.framework/Versions/A/Frameworks/ATS.framework/Versions/A/Resources/libFontRegistry.dylib
0x00007fff99858000 	/System/Library/PrivateFrameworks/AppleVPA.framework/Versions/A/AppleVPA
0x00007fff8fc2a000 	/System/Library/PrivateFrameworks/AppleJPEG.framework/Versions/A/AppleJPEG
0x00007fff9ef8c000 	/System/Library/Frameworks/ImageIO.framework/Versions/A/Resources/libJPEG.dylib
0x00007fff9042f000 	/System/Library/Frameworks/ImageIO.framework/Versions/A/Resources/libTIFF.dylib
0x00007fff95e49000 	/System/Library/Frameworks/ImageIO.framework/Versions/A/Resources/libPng.dylib
0x00007fff99849000 	/System/Library/Frameworks/ImageIO.framework/Versions/A/Resources/libGIF.dylib
0x00007fff980c4000 	/System/Library/Frameworks/ImageIO.framework/Versions/A/Resources/libJP2.dylib
0x00007fff9bdd4000 	/System/Library/Frameworks/ImageIO.framework/Versions/A/Resources/libRadiance.dylib
0x00007fff9d42b000 	/System/Library/Frameworks/CoreVideo.framework/Versions/A/CoreVideo
0x00007fff9f722000 	/System/Library/Frameworks/OpenGL.framework/Versions/A/Libraries/libGLU.dylib
0x00007fff8dc50000 	/System/Library/Frameworks/OpenGL.framework/Versions/A/Libraries/libGFXShared.dylib
0x00007fff9fa27000 	/System/Library/Frameworks/OpenGL.framework/Versions/A/Libraries/libGL.dylib
0x00007fff8ef59000 	/System/Library/Frameworks/OpenGL.framework/Versions/A/Libraries/libGLImage.dylib
0x00007fff93340000 	/System/Library/Frameworks/OpenGL.framework/Versions/A/Libraries/libCVMSPluginSupport.dylib
0x00007fff9fb2f000 	/System/Library/Frameworks/OpenGL.framework/Versions/A/Libraries/libCoreVMClient.dylib
0x00007fff8b2c0000 	/usr/lib/libcompression.dylib
0x00007fff8b2da000 	/usr/lib/libcups.2.dylib
0x00007fff93421000 	/System/Library/Frameworks/Kerberos.framework/Versions/A/Kerberos
0x00007fff8c8ac000 	/System/Library/Frameworks/GSS.framework/Versions/A/GSS
0x00007fff9604f000 	/usr/lib/libresolv.9.dylib
0x00007fff95f5c000 	/usr/lib/libiconv.2.dylib
0x00007fff9fc44000 	/System/Library/PrivateFrameworks/Heimdal.framework/Versions/A/Heimdal
0x00007fff93e71000 	/usr/lib/libheimdal-asn1.dylib
0x00007fff981b7000 	/System/Library/Frameworks/OpenDirectory.framework/Versions/A/OpenDirectory
0x00007fff95671000 	/System/Library/PrivateFrameworks/CommonAuth.framework/Versions/A/CommonAuth
0x00007fff9fcb9000 	/System/Library/Frameworks/OpenDirectory.framework/Versions/A/Frameworks/CFOpenDirectory.framework/Versions/A/CFOpenDirectory
0x00007fff97602000 	/System/Library/Frameworks/SecurityFoundation.framework/Versions/A/SecurityFoundation
0x00007fff8fcb8000 	/System/Library/PrivateFrameworks/LanguageModeling.framework/Versions/A/LanguageModeling
0x00007fff9fe32000 	/usr/lib/libmarisa.dylib
0x00007fff9919e000 	/usr/lib/libChineseTokenizer.dylib
0x00007fff9d460000 	/usr/lib/libcmph.dylib
0x00007fff93a2c000 	/System/Library/Frameworks/ServiceManagement.framework/Versions/A/ServiceManagement
0x00007fff8b80a000 	/usr/lib/libxslt.1.dylib
0x00007fff9d8cd000 	/System/Library/Frameworks/Carbon.framework/Versions/A/Frameworks/Ink.framework/Versions/A/Ink
0x00007fff8a866000 	/usr/lib/libFosl_dynamic.dylib
0x00007fff9b1f8000 	/System/Library/PrivateFrameworks/FaceCore.framework/Versions/A/FaceCore
0x00007fff986fc000 	/System/Library/Frameworks/OpenCL.framework/Versions/A/OpenCL
0x00007fff9f601000 	/System/Library/PrivateFrameworks/CrashReporterSupport.framework/Versions/A/CrashReporterSupport
0x00007fff97754000 	/System/Library/PrivateFrameworks/IconServices.framework/Versions/A/IconServices
0x00007fff9372b000 	/System/Library/PrivateFrameworks/Apple80211.framework/Versions/A/Apple80211
0x00007fff9dbfe000 	/System/Library/Frameworks/CoreWLAN.framework/Versions/A/CoreWLAN
0x00007fff97e34000 	/System/Library/Frameworks/IOBluetooth.framework/Versions/A/IOBluetooth
0x00007fff99d99000 	/System/Library/PrivateFrameworks/CoreWiFi.framework/Versions/A/CoreWiFi
0x00007fff93ee5000 	/System/Library/Frameworks/CoreBluetooth.framework/Versions/A/CoreBluetooth
0x00007fff981de000 	/System/Library/PrivateFrameworks/ChunkingLibrary.framework/Versions/A/ChunkingLibrary
0x00007fff95636000 	/System/Library/PrivateFrameworks/DebugSymbols.framework/Versions/A/DebugSymbols
0x00007fff90277000 	/System/Library/PrivateFrameworks/CoreSymbolication.framework/Versions/A/CoreSymbolication
0x00007fff9f6d1000 	/System/Library/PrivateFrameworks/Symbolication.framework/Versions/A/Symbolication
0x00007fff90844000 	/System/Library/PrivateFrameworks/SpeechRecognitionCore.framework/Versions/A/SpeechRecognitionCore
0x00000001043a2000 	/Library/Java/JavaVirtualMachines/jdk-11.0.2.jdk/Contents/Home/lib/server/libjvm.dylib
0x00000001051f1000 	/Library/Java/JavaVirtualMachines/jdk-11.0.2.jdk/Contents/Home/lib/libverify.dylib
0x0000000105600000 	/Library/Java/JavaVirtualMachines/jdk-11.0.2.jdk/Contents/Home/lib/libjava.dylib
0x0000000105635000 	/Library/Java/JavaVirtualMachines/jdk-11.0.2.jdk/Contents/Home/lib/libzip.dylib
0x000000010563d000 	/Library/Java/JavaVirtualMachines/jdk-11.0.2.jdk/Contents/Home/lib/libjimage.dylib
0x0000000121f6e000 	/Library/Java/JavaVirtualMachines/jdk-11.0.2.jdk/Contents/Home/lib/libnio.dylib
0x0000000121f7c000 	/Library/Java/JavaVirtualMachines/jdk-11.0.2.jdk/Contents/Home/lib/./libnet.dylib
0x0000000122018000 	/Library/Java/JavaVirtualMachines/jdk-11.0.2.jdk/Contents/Home/lib/libmanagement.dylib
0x000000012201d000 	/Library/Java/JavaVirtualMachines/jdk-11.0.2.jdk/Contents/Home/lib/libmanagement_ext.dylib
0x000000012232a000 	/Library/Java/JavaVirtualMachines/jdk-11.0.2.jdk/Contents/Home/lib/libextnet.dylib
0x000000012204c000 	/Library/Java/JavaVirtualMachines/jdk-11.0.2.jdk/Contents/Home/lib/libsunec.dylib


VM Arguments:
jvm_args: -Dcom.sun.management.jmxremote -Dcom.sun.management.jmxremote.port=50352 -Dcom.sun.management.jmxremote.authenticate=false -Dcom.sun.management.jmxremote.ssl=false -Djava.rmi.server.hostname=localhost -Dspring.application.admin.enabled=true -Dfile.encoding=UTF-8 
java_command: com.IsaApplication
java_class_path (initial): /Users/mac/git/ISA/target/classes:/Users/mac/.m2/repository/org/springframework/boot/spring-boot-starter-web/2.1.0.RELEASE/spring-boot-starter-web-2.1.0.RELEASE.jar:/Users/mac/.m2/repository/org/springframework/boot/spring-boot-starter/2.1.0.RELEASE/spring-boot-starter-2.1.0.RELEASE.jar:/Users/mac/.m2/repository/org/springframework/boot/spring-boot-starter-logging/2.1.0.RELEASE/spring-boot-starter-logging-2.1.0.RELEASE.jar:/Users/mac/.m2/repository/ch/qos/logback/logback-classic/1.2.3/logback-classic-1.2.3.jar:/Users/mac/.m2/repository/ch/qos/logback/logback-core/1.2.3/logback-core-1.2.3.jar:/Users/mac/.m2/repository/org/apache/logging/log4j/log4j-to-slf4j/2.11.1/log4j-to-slf4j-2.11.1.jar:/Users/mac/.m2/repository/org/apache/logging/log4j/log4j-api/2.11.1/log4j-api-2.11.1.jar:/Users/mac/.m2/repository/org/slf4j/jul-to-slf4j/1.7.25/jul-to-slf4j-1.7.25.jar:/Users/mac/.m2/repository/javax/annotation/javax.annotation-api/1.3.2/javax.annotation-api-1.3.2.jar:/Users/mac/.m2/repository/org/yaml/snakeyaml/1.23/snakeyaml-1.23.jar:/Users/mac/.m2/repository/org/springframework/boot/spring-boot-starter-json/2.1.0.RELEASE/spring-boot-starter-json-2.1.0.RELEASE.jar:/Users/mac/.m2/repository/com/fasterxml/jackson/datatype/jackson-datatype-jdk8/2.9.7/jackson-datatype-jdk8-2.9.7.jar:/Users/mac/.m2/repository/com/fasterxml/jackson/datatype/jackson-datatype-jsr310/2.9.7/jackson-datatype-jsr310-2.9.7.jar:/Users/mac/.m2/repository/com/fasterxml/jackson/module/jackson-module-parameter-names/2.9.7/jackson-module-parameter-names-2.9.7.jar:/Users/mac/.m2/repository/org/springframework/boot/spring-boot-starter-tomcat/2.1.0.RELEASE/spring-boot-starter-tomcat-2.1.0.RELEASE.jar:/Users/mac/.m2/repository/org/apache/tomcat/embed/tomcat-embed-core/9.0.12/tomcat-embed-core-9.0.12.jar:/Users/mac/.m2/repository/org/apache/tomcat/embed/tomcat-embed-el/9.0.12/tomcat-embed-el-9.0.12.jar:/Users/mac/.m2/repository/org/apache/tomcat/embed/tomcat-embed-websocket/9.0.12/tomcat-em
Launcher Type: SUN_STANDARD

[Global flags]
     intx CICompilerCount                          = 2                                         {product} {ergonomic}
     uint ConcGCThreads                            = 1                                         {product} {ergonomic}
     uint G1ConcRefinementThreads                  = 2                                         {product} {ergonomic}
   size_t G1HeapRegionSize                         = 1048576                                   {product} {ergonomic}
    uintx GCDrainStackTargetSize                   = 64                                        {product} {ergonomic}
   size_t InitialHeapSize                          = 67108864                                  {product} {ergonomic}
     bool ManagementServer                         = true                                      {product} {command line}
   size_t MarkStackSize                            = 4194304                                   {product} {ergonomic}
   size_t MaxHeapSize                              = 1073741824                                {product} {ergonomic}
   size_t MaxNewSize                               = 643825664                                 {product} {ergonomic}
   size_t MinHeapDeltaBytes                        = 1048576                                   {product} {ergonomic}
    uintx NonNMethodCodeHeapSize                   = 5824844                                {pd product} {ergonomic}
    uintx NonProfiledCodeHeapSize                  = 122916698                              {pd product} {ergonomic}
    uintx ProfiledCodeHeapSize                     = 122916698                              {pd product} {ergonomic}
    uintx ReservedCodeCacheSize                    = 251658240                              {pd product} {ergonomic}
     bool SegmentedCodeCache                       = true                                      {product} {ergonomic}
     bool UseCompressedClassPointers               = true                                 {lp64_product} {ergonomic}
     bool UseCompressedOops                        = true                                 {lp64_product} {ergonomic}
     bool UseG1GC                                  = true                                      {product} {ergonomic}

Logging:
Log output configuration:
 #0: stdout all=warning uptime,level,tags
 #1: stderr all=off uptime,level,tags

Environment Variables:
PATH=/Users/mac/anaconda3/bin:/usr/local/bin:/usr/bin:/bin:/usr/sbin:/sbin:/Library/Frameworks/Mono.framework/Versions/Current/Commands:/Applications/Xamarin Workbooks.app/Contents/SharedSupport/path-bin
SHELL=/bin/bash

Signal Handlers:
SIGSEGV: [libjvm.dylib+0x740190], sa_mask[0]=11111111011111110111111111111111, sa_flags=SA_ONSTACK|SA_RESTART|SA_SIGINFO
SIGBUS: [libjvm.dylib+0x740190], sa_mask[0]=11111111011111110111111111111111, sa_flags=SA_RESTART|SA_SIGINFO
SIGFPE: [libjvm.dylib+0x740190], sa_mask[0]=11111111011111110111111111111111, sa_flags=SA_RESTART|SA_SIGINFO
SIGPIPE: [libjvm.dylib+0x5f2e42], sa_mask[0]=11111111011111110111111111111111, sa_flags=SA_RESTART|SA_SIGINFO
SIGXFSZ: [libjvm.dylib+0x5f2e42], sa_mask[0]=11111111011111110111111111111111, sa_flags=SA_RESTART|SA_SIGINFO
SIGILL: [libjvm.dylib+0x740190], sa_mask[0]=11111111011111110111111111111111, sa_flags=SA_RESTART|SA_SIGINFO
SIGUSR2: [libjvm.dylib+0x5f3427], sa_mask[0]=00100000000000000000000000000000, sa_flags=SA_RESTART|SA_SIGINFO
SIGHUP: [libjvm.dylib+0x5f1e83], sa_mask[0]=11111111011111110111111111111111, sa_flags=SA_RESTART|SA_SIGINFO
SIGINT: [libjvm.dylib+0x5f1e83], sa_mask[0]=11111111011111110111111111111111, sa_flags=SA_RESTART|SA_SIGINFO
SIGTERM: [libjvm.dylib+0x5f1e83], sa_mask[0]=11111111011111110111111111111111, sa_flags=SA_RESTART|SA_SIGINFO
SIGQUIT: [libjvm.dylib+0x5f1e83], sa_mask[0]=11111111011111110111111111111111, sa_flags=SA_RESTART|SA_SIGINFO


---------------  S Y S T E M  ---------------

OS:uname:Darwin 15.6.0 Darwin Kernel Version 15.6.0: Thu Jun 21 20:07:40 PDT 2018; root:xnu-3248.73.11~1/RELEASE_X86_64 x86_64
rlimit: STACK 8192k, CORE 0k, NPROC 709, NOFILE 10240, AS infinity, DATA infinity, FSIZE infinity
load average:4.69 4.93 4.52

CPU:total 2 (initial active 2) (2 cores per cpu, 1 threads per core) family 6 model 23 stepping 10, cmov, cx8, fxsr, mmx, sse, sse2, sse3, ssse3, sse4.1, tsc

Memory: 4k page, physical 4194304k(16896k free)

vm_info: Java HotSpot(TM) 64-Bit Server VM (11.0.2+9-LTS) for bsd-amd64 JRE (11.0.2+9-LTS), built on Jan 18 2019 08:16:46 by "mach5one" with gcc 4.2.1 Compatible Apple LLVM 9.1.0 (clang-902.0.39.2)

END.
